[0.087s] Invoking command in '/home/intern/ros2Humble_ws/build/realsense2_camera_msgs': CMAKE_PREFIX_PATH=/opt/ros/humble /home/intern/.local/bin/cmake --build /home/intern/ros2Humble_ws/build/realsense2_camera_msgs -- -j4 -l4
[0.369s] [  1%] Built target realsense2_camera_msgs__cpp
[0.429s] [  1%] Built target ament_cmake_python_copy_realsense2_camera_msgs
[0.490s] [ 12%] Built target realsense2_camera_msgs__rosidl_typesupport_fastrtps_cpp
[0.538s] [ 23%] Built target realsense2_camera_msgs__rosidl_typesupport_introspection_cpp
[1.683s] running egg_info
[1.762s] writing realsense2_camera_msgs.egg-info/PKG-INFO
[1.762s] writing dependency_links to realsense2_camera_msgs.egg-info/dependency_links.txt
[1.762s] writing top-level names to realsense2_camera_msgs.egg-info/top_level.txt
[1.930s] reading manifest file 'realsense2_camera_msgs.egg-info/SOURCES.txt'
[1.934s] writing manifest file 'realsense2_camera_msgs.egg-info/SOURCES.txt'
[2.059s] [ 23%] Built target ament_cmake_python_build_realsense2_camera_msgs_egg
[2.097s] [ 34%] Built target realsense2_camera_msgs__rosidl_typesupport_cpp
[2.127s] [ 45%] Built target realsense2_camera_msgs__rosidl_generator_c
[2.158s] [ 56%] Built target realsense2_camera_msgs__rosidl_typesupport_fastrtps_c
[2.189s] [ 67%] Built target realsense2_camera_msgs__rosidl_typesupport_c
[2.212s] [ 78%] Built target realsense2_camera_msgs__rosidl_typesupport_introspection_c
[2.237s] [ 78%] Built target realsense2_camera_msgs
[2.268s] [ 80%] Built target realsense2_camera_msgs__py
[2.306s] [ 89%] Built target realsense2_camera_msgs__rosidl_generator_py
[2.338s] [ 92%] Built target realsense2_camera_msgs__rosidl_typesupport_fastrtps_c__pyext
[2.376s] [ 96%] Built target realsense2_camera_msgs__rosidl_typesupport_c__pyext
[2.422s] [100%] Built target realsense2_camera_msgs__rosidl_typesupport_introspection_c__pyext
[2.471s] Invoked command in '/home/intern/ros2Humble_ws/build/realsense2_camera_msgs' returned '0': CMAKE_PREFIX_PATH=/opt/ros/humble /home/intern/.local/bin/cmake --build /home/intern/ros2Humble_ws/build/realsense2_camera_msgs -- -j4 -l4
[3.059s] Invoking command in '/home/intern/ros2Humble_ws/build/realsense2_camera_msgs': CMAKE_PREFIX_PATH=/opt/ros/humble /home/intern/.local/bin/cmake --install /home/intern/ros2Humble_ws/build/realsense2_camera_msgs
[3.236s] -- Install configuration: ""
[3.241s] -- Up-to-date: /home/intern/ros2Humble_ws/install/realsense2_camera_msgs/share/ament_index/resource_index/rosidl_interfaces/realsense2_camera_msgs
[3.246s] -- Up-to-date: /home/intern/ros2Humble_ws/install/realsense2_camera_msgs/include/realsense2_camera_msgs/realsense2_camera_msgs
[3.248s] -- Up-to-date: /home/intern/ros2Humble_ws/install/realsense2_camera_msgs/include/realsense2_camera_msgs/realsense2_camera_msgs/msg
[3.250s] -- Up-to-date: /home/intern/ros2Humble_ws/install/realsense2_camera_msgs/include/realsense2_camera_msgs/realsense2_camera_msgs/msg/extrinsics.h
[3.251s] -- Up-to-date: /home/intern/ros2Humble_ws/install/realsense2_camera_msgs/include/realsense2_camera_msgs/realsense2_camera_msgs/msg/rosidl_generator_c__visibility_control.h
[3.252s] -- Up-to-date: /home/intern/ros2Humble_ws/install/realsense2_camera_msgs/include/realsense2_camera_msgs/realsense2_camera_msgs/msg/detail
[3.252s] -- Up-to-date: /home/intern/ros2Humble_ws/install/realsense2_camera_msgs/include/realsense2_camera_msgs/realsense2_camera_msgs/msg/detail/metadata__functions.c
[3.253s] -- Up-to-date: /home/intern/ros2Humble_ws/install/realsense2_camera_msgs/include/realsense2_camera_msgs/realsense2_camera_msgs/msg/detail/imu_info__functions.h
[3.253s] -- Up-to-date: /home/intern/ros2Humble_ws/install/realsense2_camera_msgs/include/realsense2_camera_msgs/realsense2_camera_msgs/msg/detail/imu_info__struct.h
[3.255s] -- Up-to-date: /home/intern/ros2Humble_ws/install/realsense2_camera_msgs/include/realsense2_camera_msgs/realsense2_camera_msgs/msg/detail/metadata__struct.h
[3.255s] -- Up-to-date: /home/intern/ros2Humble_ws/install/realsense2_camera_msgs/include/realsense2_camera_msgs/realsense2_camera_msgs/msg/detail/metadata__functions.h
[3.255s] -- Up-to-date: /home/intern/ros2Humble_ws/install/realsense2_camera_msgs/include/realsense2_camera_msgs/realsense2_camera_msgs/msg/detail/extrinsics__functions.h
[3.256s] -- Up-to-date: /home/intern/ros2Humble_ws/install/realsense2_camera_msgs/include/realsense2_camera_msgs/realsense2_camera_msgs/msg/detail/extrinsics__type_support.h
[3.256s] -- Up-to-date: /home/intern/ros2Humble_ws/install/realsense2_camera_msgs/include/realsense2_camera_msgs/realsense2_camera_msgs/msg/detail/imu_info__functions.c
[3.256s] -- Up-to-date: /home/intern/ros2Humble_ws/install/realsense2_camera_msgs/include/realsense2_camera_msgs/realsense2_camera_msgs/msg/detail/imu_info__type_support.h
[3.256s] -- Up-to-date: /home/intern/ros2Humble_ws/install/realsense2_camera_msgs/include/realsense2_camera_msgs/realsense2_camera_msgs/msg/detail/extrinsics__functions.c
[3.257s] -- Up-to-date: /home/intern/ros2Humble_ws/install/realsense2_camera_msgs/include/realsense2_camera_msgs/realsense2_camera_msgs/msg/detail/metadata__type_support.h
[3.257s] -- Up-to-date: /home/intern/ros2Humble_ws/install/realsense2_camera_msgs/include/realsense2_camera_msgs/realsense2_camera_msgs/msg/detail/extrinsics__struct.h
[3.258s] -- Up-to-date: /home/intern/ros2Humble_ws/install/realsense2_camera_msgs/include/realsense2_camera_msgs/realsense2_camera_msgs/msg/metadata.h
[3.258s] -- Up-to-date: /home/intern/ros2Humble_ws/install/realsense2_camera_msgs/include/realsense2_camera_msgs/realsense2_camera_msgs/msg/imu_info.h
[3.258s] -- Up-to-date: /home/intern/ros2Humble_ws/install/realsense2_camera_msgs/include/realsense2_camera_msgs/realsense2_camera_msgs/srv
[3.259s] -- Up-to-date: /home/intern/ros2Humble_ws/install/realsense2_camera_msgs/include/realsense2_camera_msgs/realsense2_camera_msgs/srv/device_info.h
[3.260s] -- Up-to-date: /home/intern/ros2Humble_ws/install/realsense2_camera_msgs/include/realsense2_camera_msgs/realsense2_camera_msgs/srv/detail
[3.261s] -- Up-to-date: /home/intern/ros2Humble_ws/install/realsense2_camera_msgs/include/realsense2_camera_msgs/realsense2_camera_msgs/srv/detail/device_info__struct.h
[3.261s] -- Up-to-date: /home/intern/ros2Humble_ws/install/realsense2_camera_msgs/include/realsense2_camera_msgs/realsense2_camera_msgs/srv/detail/device_info__type_support.h
[3.261s] -- Up-to-date: /home/intern/ros2Humble_ws/install/realsense2_camera_msgs/include/realsense2_camera_msgs/realsense2_camera_msgs/srv/detail/device_info__functions.h
[3.261s] -- Up-to-date: /home/intern/ros2Humble_ws/install/realsense2_camera_msgs/include/realsense2_camera_msgs/realsense2_camera_msgs/srv/detail/device_info__functions.c
[3.262s] -- Up-to-date: /home/intern/ros2Humble_ws/install/realsense2_camera_msgs/share/realsense2_camera_msgs/environment/library_path.sh
[3.262s] -- Up-to-date: /home/intern/ros2Humble_ws/install/realsense2_camera_msgs/share/realsense2_camera_msgs/environment/library_path.dsv
[3.262s] -- Up-to-date: /home/intern/ros2Humble_ws/install/realsense2_camera_msgs/lib/librealsense2_camera_msgs__rosidl_generator_c.so
[3.263s] -- Up-to-date: /home/intern/ros2Humble_ws/install/realsense2_camera_msgs/include/realsense2_camera_msgs/realsense2_camera_msgs
[3.264s] -- Up-to-date: /home/intern/ros2Humble_ws/install/realsense2_camera_msgs/include/realsense2_camera_msgs/realsense2_camera_msgs/msg
[3.264s] -- Up-to-date: /home/intern/ros2Humble_ws/install/realsense2_camera_msgs/include/realsense2_camera_msgs/realsense2_camera_msgs/msg/detail
[3.264s] -- Up-to-date: /home/intern/ros2Humble_ws/install/realsense2_camera_msgs/include/realsense2_camera_msgs/realsense2_camera_msgs/msg/detail/metadata__rosidl_typesupport_fastrtps_c.h
[3.265s] -- Up-to-date: /home/intern/ros2Humble_ws/install/realsense2_camera_msgs/include/realsense2_camera_msgs/realsense2_camera_msgs/msg/detail/imu_info__rosidl_typesupport_fastrtps_c.h
[3.265s] -- Up-to-date: /home/intern/ros2Humble_ws/install/realsense2_camera_msgs/include/realsense2_camera_msgs/realsense2_camera_msgs/msg/detail/extrinsics__rosidl_typesupport_fastrtps_c.h
[3.265s] -- Up-to-date: /home/intern/ros2Humble_ws/install/realsense2_camera_msgs/include/realsense2_camera_msgs/realsense2_camera_msgs/msg/rosidl_typesupport_fastrtps_c__visibility_control.h
[3.265s] -- Up-to-date: /home/intern/ros2Humble_ws/install/realsense2_camera_msgs/include/realsense2_camera_msgs/realsense2_camera_msgs/srv
[3.266s] -- Up-to-date: /home/intern/ros2Humble_ws/install/realsense2_camera_msgs/include/realsense2_camera_msgs/realsense2_camera_msgs/srv/detail
[3.266s] -- Up-to-date: /home/intern/ros2Humble_ws/install/realsense2_camera_msgs/include/realsense2_camera_msgs/realsense2_camera_msgs/srv/detail/device_info__rosidl_typesupport_fastrtps_c.h
[3.266s] -- Up-to-date: /home/intern/ros2Humble_ws/install/realsense2_camera_msgs/lib/librealsense2_camera_msgs__rosidl_typesupport_fastrtps_c.so
[3.267s] -- Up-to-date: /home/intern/ros2Humble_ws/install/realsense2_camera_msgs/include/realsense2_camera_msgs/realsense2_camera_msgs
[3.268s] -- Up-to-date: /home/intern/ros2Humble_ws/install/realsense2_camera_msgs/include/realsense2_camera_msgs/realsense2_camera_msgs/msg
[3.269s] -- Up-to-date: /home/intern/ros2Humble_ws/install/realsense2_camera_msgs/include/realsense2_camera_msgs/realsense2_camera_msgs/msg/rosidl_typesupport_introspection_c__visibility_control.h
[3.269s] -- Up-to-date: /home/intern/ros2Humble_ws/install/realsense2_camera_msgs/include/realsense2_camera_msgs/realsense2_camera_msgs/msg/detail
[3.269s] -- Up-to-date: /home/intern/ros2Humble_ws/install/realsense2_camera_msgs/include/realsense2_camera_msgs/realsense2_camera_msgs/msg/detail/metadata__type_support.c
[3.269s] -- Up-to-date: /home/intern/ros2Humble_ws/install/realsense2_camera_msgs/include/realsense2_camera_msgs/realsense2_camera_msgs/msg/detail/imu_info__type_support.c
[3.269s] -- Up-to-date: /home/intern/ros2Humble_ws/install/realsense2_camera_msgs/include/realsense2_camera_msgs/realsense2_camera_msgs/msg/detail/imu_info__rosidl_typesupport_introspection_c.h
[3.270s] -- Up-to-date: /home/intern/ros2Humble_ws/install/realsense2_camera_msgs/include/realsense2_camera_msgs/realsense2_camera_msgs/msg/detail/extrinsics__rosidl_typesupport_introspection_c.h
[3.270s] -- Up-to-date: /home/intern/ros2Humble_ws/install/realsense2_camera_msgs/include/realsense2_camera_msgs/realsense2_camera_msgs/msg/detail/metadata__rosidl_typesupport_introspection_c.h
[3.271s] -- Up-to-date: /home/intern/ros2Humble_ws/install/realsense2_camera_msgs/include/realsense2_camera_msgs/realsense2_camera_msgs/msg/detail/extrinsics__type_support.c
[3.271s] -- Up-to-date: /home/intern/ros2Humble_ws/install/realsense2_camera_msgs/include/realsense2_camera_msgs/realsense2_camera_msgs/srv
[3.272s] -- Up-to-date: /home/intern/ros2Humble_ws/install/realsense2_camera_msgs/include/realsense2_camera_msgs/realsense2_camera_msgs/srv/detail
[3.272s] -- Up-to-date: /home/intern/ros2Humble_ws/install/realsense2_camera_msgs/include/realsense2_camera_msgs/realsense2_camera_msgs/srv/detail/device_info__rosidl_typesupport_introspection_c.h
[3.273s] -- Up-to-date: /home/intern/ros2Humble_ws/install/realsense2_camera_msgs/include/realsense2_camera_msgs/realsense2_camera_msgs/srv/detail/device_info__type_support.c
[3.277s] -- Up-to-date: /home/intern/ros2Humble_ws/install/realsense2_camera_msgs/lib/librealsense2_camera_msgs__rosidl_typesupport_introspection_c.so
[3.277s] -- Up-to-date: /home/intern/ros2Humble_ws/install/realsense2_camera_msgs/lib/librealsense2_camera_msgs__rosidl_typesupport_c.so
[3.278s] -- Up-to-date: /home/intern/ros2Humble_ws/install/realsense2_camera_msgs/include/realsense2_camera_msgs/realsense2_camera_msgs
[3.278s] -- Up-to-date: /home/intern/ros2Humble_ws/install/realsense2_camera_msgs/include/realsense2_camera_msgs/realsense2_camera_msgs/msg
[3.278s] -- Up-to-date: /home/intern/ros2Humble_ws/install/realsense2_camera_msgs/include/realsense2_camera_msgs/realsense2_camera_msgs/msg/detail
[3.278s] -- Up-to-date: /home/intern/ros2Humble_ws/install/realsense2_camera_msgs/include/realsense2_camera_msgs/realsense2_camera_msgs/msg/detail/extrinsics__builder.hpp
[3.278s] -- Up-to-date: /home/intern/ros2Humble_ws/install/realsense2_camera_msgs/include/realsense2_camera_msgs/realsense2_camera_msgs/msg/detail/imu_info__builder.hpp
[3.278s] -- Up-to-date: /home/intern/ros2Humble_ws/install/realsense2_camera_msgs/include/realsense2_camera_msgs/realsense2_camera_msgs/msg/detail/metadata__builder.hpp
[3.279s] -- Up-to-date: /home/intern/ros2Humble_ws/install/realsense2_camera_msgs/include/realsense2_camera_msgs/realsense2_camera_msgs/msg/detail/extrinsics__traits.hpp
[3.279s] -- Up-to-date: /home/intern/ros2Humble_ws/install/realsense2_camera_msgs/include/realsense2_camera_msgs/realsense2_camera_msgs/msg/detail/imu_info__traits.hpp
[3.279s] -- Up-to-date: /home/intern/ros2Humble_ws/install/realsense2_camera_msgs/include/realsense2_camera_msgs/realsense2_camera_msgs/msg/detail/imu_info__struct.hpp
[3.279s] -- Up-to-date: /home/intern/ros2Humble_ws/install/realsense2_camera_msgs/include/realsense2_camera_msgs/realsense2_camera_msgs/msg/detail/metadata__traits.hpp
[3.279s] -- Up-to-date: /home/intern/ros2Humble_ws/install/realsense2_camera_msgs/include/realsense2_camera_msgs/realsense2_camera_msgs/msg/detail/metadata__struct.hpp
[3.280s] -- Up-to-date: /home/intern/ros2Humble_ws/install/realsense2_camera_msgs/include/realsense2_camera_msgs/realsense2_camera_msgs/msg/detail/extrinsics__struct.hpp
[3.280s] -- Up-to-date: /home/intern/ros2Humble_ws/install/realsense2_camera_msgs/include/realsense2_camera_msgs/realsense2_camera_msgs/msg/metadata.hpp
[3.280s] -- Up-to-date: /home/intern/ros2Humble_ws/install/realsense2_camera_msgs/include/realsense2_camera_msgs/realsense2_camera_msgs/msg/extrinsics.hpp
[3.280s] -- Up-to-date: /home/intern/ros2Humble_ws/install/realsense2_camera_msgs/include/realsense2_camera_msgs/realsense2_camera_msgs/msg/imu_info.hpp
[3.280s] -- Up-to-date: /home/intern/ros2Humble_ws/install/realsense2_camera_msgs/include/realsense2_camera_msgs/realsense2_camera_msgs/srv
[3.280s] -- Up-to-date: /home/intern/ros2Humble_ws/install/realsense2_camera_msgs/include/realsense2_camera_msgs/realsense2_camera_msgs/srv/detail
[3.281s] -- Up-to-date: /home/intern/ros2Humble_ws/install/realsense2_camera_msgs/include/realsense2_camera_msgs/realsense2_camera_msgs/srv/detail/device_info__builder.hpp
[3.281s] -- Up-to-date: /home/intern/ros2Humble_ws/install/realsense2_camera_msgs/include/realsense2_camera_msgs/realsense2_camera_msgs/srv/detail/device_info__struct.hpp
[3.282s] -- Up-to-date: /home/intern/ros2Humble_ws/install/realsense2_camera_msgs/include/realsense2_camera_msgs/realsense2_camera_msgs/srv/detail/device_info__traits.hpp
[3.283s] -- Up-to-date: /home/intern/ros2Humble_ws/install/realsense2_camera_msgs/include/realsense2_camera_msgs/realsense2_camera_msgs/srv/device_info.hpp
[3.285s] -- Up-to-date: /home/intern/ros2Humble_ws/install/realsense2_camera_msgs/include/realsense2_camera_msgs/realsense2_camera_msgs
[3.285s] -- Up-to-date: /home/intern/ros2Humble_ws/install/realsense2_camera_msgs/include/realsense2_camera_msgs/realsense2_camera_msgs/msg
[3.285s] -- Up-to-date: /home/intern/ros2Humble_ws/install/realsense2_camera_msgs/include/realsense2_camera_msgs/realsense2_camera_msgs/msg/detail
[3.286s] -- Up-to-date: /home/intern/ros2Humble_ws/install/realsense2_camera_msgs/include/realsense2_camera_msgs/realsense2_camera_msgs/msg/detail/dds_fastrtps
[3.286s] -- Up-to-date: /home/intern/ros2Humble_ws/install/realsense2_camera_msgs/include/realsense2_camera_msgs/realsense2_camera_msgs/msg/detail/imu_info__rosidl_typesupport_fastrtps_cpp.hpp
[3.287s] -- Up-to-date: /home/intern/ros2Humble_ws/install/realsense2_camera_msgs/include/realsense2_camera_msgs/realsense2_camera_msgs/msg/detail/extrinsics__rosidl_typesupport_fastrtps_cpp.hpp
[3.288s] -- Up-to-date: /home/intern/ros2Humble_ws/install/realsense2_camera_msgs/include/realsense2_camera_msgs/realsense2_camera_msgs/msg/detail/metadata__rosidl_typesupport_fastrtps_cpp.hpp
[3.289s] -- Up-to-date: /home/intern/ros2Humble_ws/install/realsense2_camera_msgs/include/realsense2_camera_msgs/realsense2_camera_msgs/msg/rosidl_typesupport_fastrtps_cpp__visibility_control.h
[3.289s] -- Up-to-date: /home/intern/ros2Humble_ws/install/realsense2_camera_msgs/include/realsense2_camera_msgs/realsense2_camera_msgs/srv
[3.290s] -- Up-to-date: /home/intern/ros2Humble_ws/install/realsense2_camera_msgs/include/realsense2_camera_msgs/realsense2_camera_msgs/srv/detail
[3.290s] -- Up-to-date: /home/intern/ros2Humble_ws/install/realsense2_camera_msgs/include/realsense2_camera_msgs/realsense2_camera_msgs/srv/detail/dds_fastrtps
[3.291s] -- Up-to-date: /home/intern/ros2Humble_ws/install/realsense2_camera_msgs/include/realsense2_camera_msgs/realsense2_camera_msgs/srv/detail/device_info__rosidl_typesupport_fastrtps_cpp.hpp
[3.291s] -- Up-to-date: /home/intern/ros2Humble_ws/install/realsense2_camera_msgs/lib/librealsense2_camera_msgs__rosidl_typesupport_fastrtps_cpp.so
[3.291s] -- Up-to-date: /home/intern/ros2Humble_ws/install/realsense2_camera_msgs/include/realsense2_camera_msgs/realsense2_camera_msgs
[3.291s] -- Up-to-date: /home/intern/ros2Humble_ws/install/realsense2_camera_msgs/include/realsense2_camera_msgs/realsense2_camera_msgs/msg
[3.291s] -- Up-to-date: /home/intern/ros2Humble_ws/install/realsense2_camera_msgs/include/realsense2_camera_msgs/realsense2_camera_msgs/msg/detail
[3.291s] -- Up-to-date: /home/intern/ros2Humble_ws/install/realsense2_camera_msgs/include/realsense2_camera_msgs/realsense2_camera_msgs/msg/detail/extrinsics__type_support.cpp
[3.292s] -- Up-to-date: /home/intern/ros2Humble_ws/install/realsense2_camera_msgs/include/realsense2_camera_msgs/realsense2_camera_msgs/msg/detail/extrinsics__rosidl_typesupport_introspection_cpp.hpp
[3.292s] -- Up-to-date: /home/intern/ros2Humble_ws/install/realsense2_camera_msgs/include/realsense2_camera_msgs/realsense2_camera_msgs/msg/detail/imu_info__rosidl_typesupport_introspection_cpp.hpp
[3.292s] -- Up-to-date: /home/intern/ros2Humble_ws/install/realsense2_camera_msgs/include/realsense2_camera_msgs/realsense2_camera_msgs/msg/detail/metadata__type_support.cpp
[3.292s] -- Up-to-date: /home/intern/ros2Humble_ws/install/realsense2_camera_msgs/include/realsense2_camera_msgs/realsense2_camera_msgs/msg/detail/metadata__rosidl_typesupport_introspection_cpp.hpp
[3.292s] -- Up-to-date: /home/intern/ros2Humble_ws/install/realsense2_camera_msgs/include/realsense2_camera_msgs/realsense2_camera_msgs/msg/detail/imu_info__type_support.cpp
[3.293s] -- Up-to-date: /home/intern/ros2Humble_ws/install/realsense2_camera_msgs/include/realsense2_camera_msgs/realsense2_camera_msgs/srv
[3.297s] -- Up-to-date: /home/intern/ros2Humble_ws/install/realsense2_camera_msgs/include/realsense2_camera_msgs/realsense2_camera_msgs/srv/detail
[3.298s] -- Up-to-date: /home/intern/ros2Humble_ws/install/realsense2_camera_msgs/include/realsense2_camera_msgs/realsense2_camera_msgs/srv/detail/device_info__type_support.cpp
[3.298s] -- Up-to-date: /home/intern/ros2Humble_ws/install/realsense2_camera_msgs/include/realsense2_camera_msgs/realsense2_camera_msgs/srv/detail/device_info__rosidl_typesupport_introspection_cpp.hpp
[3.299s] -- Up-to-date: /home/intern/ros2Humble_ws/install/realsense2_camera_msgs/lib/librealsense2_camera_msgs__rosidl_typesupport_introspection_cpp.so
[3.300s] -- Up-to-date: /home/intern/ros2Humble_ws/install/realsense2_camera_msgs/lib/librealsense2_camera_msgs__rosidl_typesupport_cpp.so
[3.300s] -- Up-to-date: /home/intern/ros2Humble_ws/install/realsense2_camera_msgs/share/realsense2_camera_msgs/environment/pythonpath.sh
[3.301s] -- Up-to-date: /home/intern/ros2Humble_ws/install/realsense2_camera_msgs/share/realsense2_camera_msgs/environment/pythonpath.dsv
[3.301s] -- Up-to-date: /home/intern/ros2Humble_ws/install/realsense2_camera_msgs/local/lib/python3.10/dist-packages/realsense2_camera_msgs-4.51.1-py3.10.egg-info
[3.301s] -- Installing: /home/intern/ros2Humble_ws/install/realsense2_camera_msgs/local/lib/python3.10/dist-packages/realsense2_camera_msgs-4.51.1-py3.10.egg-info/SOURCES.txt
[3.301s] -- Installing: /home/intern/ros2Humble_ws/install/realsense2_camera_msgs/local/lib/python3.10/dist-packages/realsense2_camera_msgs-4.51.1-py3.10.egg-info/top_level.txt
[3.302s] -- Installing: /home/intern/ros2Humble_ws/install/realsense2_camera_msgs/local/lib/python3.10/dist-packages/realsense2_camera_msgs-4.51.1-py3.10.egg-info/dependency_links.txt
[3.302s] -- Installing: /home/intern/ros2Humble_ws/install/realsense2_camera_msgs/local/lib/python3.10/dist-packages/realsense2_camera_msgs-4.51.1-py3.10.egg-info/PKG-INFO
[3.304s] -- Up-to-date: /home/intern/ros2Humble_ws/install/realsense2_camera_msgs/local/lib/python3.10/dist-packages/realsense2_camera_msgs
[3.304s] -- Up-to-date: /home/intern/ros2Humble_ws/install/realsense2_camera_msgs/local/lib/python3.10/dist-packages/realsense2_camera_msgs/_realsense2_camera_msgs_s.ep.rosidl_typesupport_fastrtps_c.c
[3.305s] -- Up-to-date: /home/intern/ros2Humble_ws/install/realsense2_camera_msgs/local/lib/python3.10/dist-packages/realsense2_camera_msgs/realsense2_camera_msgs_s__rosidl_typesupport_introspection_c.cpython-310-x86_64-linux-gnu.so
[3.308s] -- Up-to-date: /home/intern/ros2Humble_ws/install/realsense2_camera_msgs/local/lib/python3.10/dist-packages/realsense2_camera_msgs/msg
[3.311s] -- Up-to-date: /home/intern/ros2Humble_ws/install/realsense2_camera_msgs/local/lib/python3.10/dist-packages/realsense2_camera_msgs/msg/_imu_info.py
[3.311s] -- Up-to-date: /home/intern/ros2Humble_ws/install/realsense2_camera_msgs/local/lib/python3.10/dist-packages/realsense2_camera_msgs/msg/_extrinsics.py
[3.311s] -- Up-to-date: /home/intern/ros2Humble_ws/install/realsense2_camera_msgs/local/lib/python3.10/dist-packages/realsense2_camera_msgs/msg/__init__.py
[3.312s] -- Up-to-date: /home/intern/ros2Humble_ws/install/realsense2_camera_msgs/local/lib/python3.10/dist-packages/realsense2_camera_msgs/msg/_metadata.py
[3.312s] -- Up-to-date: /home/intern/ros2Humble_ws/install/realsense2_camera_msgs/local/lib/python3.10/dist-packages/realsense2_camera_msgs/msg/_metadata_s.c
[3.312s] -- Up-to-date: /home/intern/ros2Humble_ws/install/realsense2_camera_msgs/local/lib/python3.10/dist-packages/realsense2_camera_msgs/msg/_imu_info_s.c
[3.312s] -- Up-to-date: /home/intern/ros2Humble_ws/install/realsense2_camera_msgs/local/lib/python3.10/dist-packages/realsense2_camera_msgs/msg/_extrinsics_s.c
[3.312s] -- Up-to-date: /home/intern/ros2Humble_ws/install/realsense2_camera_msgs/local/lib/python3.10/dist-packages/realsense2_camera_msgs/__init__.py
[3.312s] -- Up-to-date: /home/intern/ros2Humble_ws/install/realsense2_camera_msgs/local/lib/python3.10/dist-packages/realsense2_camera_msgs/_realsense2_camera_msgs_s.ep.rosidl_typesupport_introspection_c.c
[3.313s] -- Up-to-date: /home/intern/ros2Humble_ws/install/realsense2_camera_msgs/local/lib/python3.10/dist-packages/realsense2_camera_msgs/_realsense2_camera_msgs_s.ep.rosidl_typesupport_c.c
[3.313s] -- Up-to-date: /home/intern/ros2Humble_ws/install/realsense2_camera_msgs/local/lib/python3.10/dist-packages/realsense2_camera_msgs/srv
[3.314s] -- Up-to-date: /home/intern/ros2Humble_ws/install/realsense2_camera_msgs/local/lib/python3.10/dist-packages/realsense2_camera_msgs/srv/__init__.py
[3.314s] -- Up-to-date: /home/intern/ros2Humble_ws/install/realsense2_camera_msgs/local/lib/python3.10/dist-packages/realsense2_camera_msgs/srv/_device_info.py
[3.315s] -- Up-to-date: /home/intern/ros2Humble_ws/install/realsense2_camera_msgs/local/lib/python3.10/dist-packages/realsense2_camera_msgs/srv/_device_info_s.c
[3.315s] -- Up-to-date: /home/intern/ros2Humble_ws/install/realsense2_camera_msgs/local/lib/python3.10/dist-packages/realsense2_camera_msgs/realsense2_camera_msgs_s__rosidl_typesupport_c.cpython-310-x86_64-linux-gnu.so
[3.315s] -- Up-to-date: /home/intern/ros2Humble_ws/install/realsense2_camera_msgs/local/lib/python3.10/dist-packages/realsense2_camera_msgs/librealsense2_camera_msgs__rosidl_generator_py.so
[3.315s] -- Up-to-date: /home/intern/ros2Humble_ws/install/realsense2_camera_msgs/local/lib/python3.10/dist-packages/realsense2_camera_msgs/realsense2_camera_msgs_s__rosidl_typesupport_fastrtps_c.cpython-310-x86_64-linux-gnu.so
[3.445s] Listing '/home/intern/ros2Humble_ws/install/realsense2_camera_msgs/local/lib/python3.10/dist-packages/realsense2_camera_msgs'...
[3.445s] Listing '/home/intern/ros2Humble_ws/install/realsense2_camera_msgs/local/lib/python3.10/dist-packages/realsense2_camera_msgs/msg'...
[3.445s] Listing '/home/intern/ros2Humble_ws/install/realsense2_camera_msgs/local/lib/python3.10/dist-packages/realsense2_camera_msgs/srv'...
[3.466s] -- Up-to-date: /home/intern/ros2Humble_ws/install/realsense2_camera_msgs/local/lib/python3.10/dist-packages/realsense2_camera_msgs/realsense2_camera_msgs_s__rosidl_typesupport_fastrtps_c.cpython-310-x86_64-linux-gnu.so
[3.467s] -- Up-to-date: /home/intern/ros2Humble_ws/install/realsense2_camera_msgs/local/lib/python3.10/dist-packages/realsense2_camera_msgs/realsense2_camera_msgs_s__rosidl_typesupport_introspection_c.cpython-310-x86_64-linux-gnu.so
[3.469s] -- Up-to-date: /home/intern/ros2Humble_ws/install/realsense2_camera_msgs/local/lib/python3.10/dist-packages/realsense2_camera_msgs/realsense2_camera_msgs_s__rosidl_typesupport_c.cpython-310-x86_64-linux-gnu.so
[3.470s] -- Up-to-date: /home/intern/ros2Humble_ws/install/realsense2_camera_msgs/lib/librealsense2_camera_msgs__rosidl_generator_py.so
[3.471s] -- Up-to-date: /home/intern/ros2Humble_ws/install/realsense2_camera_msgs/share/realsense2_camera_msgs/msg/IMUInfo.idl
[3.471s] -- Up-to-date: /home/intern/ros2Humble_ws/install/realsense2_camera_msgs/share/realsense2_camera_msgs/msg/Extrinsics.idl
[3.471s] -- Up-to-date: /home/intern/ros2Humble_ws/install/realsense2_camera_msgs/share/realsense2_camera_msgs/msg/Metadata.idl
[3.472s] -- Up-to-date: /home/intern/ros2Humble_ws/install/realsense2_camera_msgs/share/realsense2_camera_msgs/srv/DeviceInfo.idl
[3.472s] -- Up-to-date: /home/intern/ros2Humble_ws/install/realsense2_camera_msgs/share/realsense2_camera_msgs/msg/IMUInfo.msg
[3.472s] -- Up-to-date: /home/intern/ros2Humble_ws/install/realsense2_camera_msgs/share/realsense2_camera_msgs/msg/Extrinsics.msg
[3.472s] -- Up-to-date: /home/intern/ros2Humble_ws/install/realsense2_camera_msgs/share/realsense2_camera_msgs/msg/Metadata.msg
[3.473s] -- Up-to-date: /home/intern/ros2Humble_ws/install/realsense2_camera_msgs/share/realsense2_camera_msgs/srv/DeviceInfo.srv
[3.473s] -- Up-to-date: /home/intern/ros2Humble_ws/install/realsense2_camera_msgs/share/realsense2_camera_msgs/srv/DeviceInfo_Request.msg
[3.474s] -- Up-to-date: /home/intern/ros2Humble_ws/install/realsense2_camera_msgs/share/realsense2_camera_msgs/srv/DeviceInfo_Response.msg
[3.474s] -- Up-to-date: /home/intern/ros2Humble_ws/install/realsense2_camera_msgs/share/ament_index/resource_index/package_run_dependencies/realsense2_camera_msgs
[3.474s] -- Up-to-date: /home/intern/ros2Humble_ws/install/realsense2_camera_msgs/share/ament_index/resource_index/parent_prefix_path/realsense2_camera_msgs
[3.474s] -- Up-to-date: /home/intern/ros2Humble_ws/install/realsense2_camera_msgs/share/realsense2_camera_msgs/environment/ament_prefix_path.sh
[3.475s] -- Up-to-date: /home/intern/ros2Humble_ws/install/realsense2_camera_msgs/share/realsense2_camera_msgs/environment/ament_prefix_path.dsv
[3.475s] -- Up-to-date: /home/intern/ros2Humble_ws/install/realsense2_camera_msgs/share/realsense2_camera_msgs/environment/path.sh
[3.475s] -- Up-to-date: /home/intern/ros2Humble_ws/install/realsense2_camera_msgs/share/realsense2_camera_msgs/environment/path.dsv
[3.475s] -- Up-to-date: /home/intern/ros2Humble_ws/install/realsense2_camera_msgs/share/realsense2_camera_msgs/local_setup.bash
[3.475s] -- Up-to-date: /home/intern/ros2Humble_ws/install/realsense2_camera_msgs/share/realsense2_camera_msgs/local_setup.sh
[3.476s] -- Up-to-date: /home/intern/ros2Humble_ws/install/realsense2_camera_msgs/share/realsense2_camera_msgs/local_setup.zsh
[3.478s] -- Up-to-date: /home/intern/ros2Humble_ws/install/realsense2_camera_msgs/share/realsense2_camera_msgs/local_setup.dsv
[3.486s] -- Installing: /home/intern/ros2Humble_ws/install/realsense2_camera_msgs/share/realsense2_camera_msgs/package.dsv
[3.486s] -- Up-to-date: /home/intern/ros2Humble_ws/install/realsense2_camera_msgs/share/ament_index/resource_index/packages/realsense2_camera_msgs
[3.486s] -- Up-to-date: /home/intern/ros2Humble_ws/install/realsense2_camera_msgs/share/realsense2_camera_msgs/cmake/export_realsense2_camera_msgs__rosidl_generator_cExport.cmake
[3.487s] -- Up-to-date: /home/intern/ros2Humble_ws/install/realsense2_camera_msgs/share/realsense2_camera_msgs/cmake/export_realsense2_camera_msgs__rosidl_generator_cExport-noconfig.cmake
[3.504s] -- Up-to-date: /home/intern/ros2Humble_ws/install/realsense2_camera_msgs/share/realsense2_camera_msgs/cmake/export_realsense2_camera_msgs__rosidl_typesupport_fastrtps_cExport.cmake
[3.505s] -- Up-to-date: /home/intern/ros2Humble_ws/install/realsense2_camera_msgs/share/realsense2_camera_msgs/cmake/export_realsense2_camera_msgs__rosidl_typesupport_fastrtps_cExport-noconfig.cmake
[3.505s] -- Up-to-date: /home/intern/ros2Humble_ws/install/realsense2_camera_msgs/share/realsense2_camera_msgs/cmake/realsense2_camera_msgs__rosidl_typesupport_introspection_cExport.cmake
[3.505s] -- Up-to-date: /home/intern/ros2Humble_ws/install/realsense2_camera_msgs/share/realsense2_camera_msgs/cmake/realsense2_camera_msgs__rosidl_typesupport_introspection_cExport-noconfig.cmake
[3.505s] -- Up-to-date: /home/intern/ros2Humble_ws/install/realsense2_camera_msgs/share/realsense2_camera_msgs/cmake/realsense2_camera_msgs__rosidl_typesupport_cExport.cmake
[3.505s] -- Up-to-date: /home/intern/ros2Humble_ws/install/realsense2_camera_msgs/share/realsense2_camera_msgs/cmake/realsense2_camera_msgs__rosidl_typesupport_cExport-noconfig.cmake
[3.506s] -- Up-to-date: /home/intern/ros2Humble_ws/install/realsense2_camera_msgs/share/realsense2_camera_msgs/cmake/export_realsense2_camera_msgs__rosidl_generator_cppExport.cmake
[3.506s] -- Up-to-date: /home/intern/ros2Humble_ws/install/realsense2_camera_msgs/share/realsense2_camera_msgs/cmake/export_realsense2_camera_msgs__rosidl_typesupport_fastrtps_cppExport.cmake
[3.506s] -- Up-to-date: /home/intern/ros2Humble_ws/install/realsense2_camera_msgs/share/realsense2_camera_msgs/cmake/export_realsense2_camera_msgs__rosidl_typesupport_fastrtps_cppExport-noconfig.cmake
[3.506s] -- Up-to-date: /home/intern/ros2Humble_ws/install/realsense2_camera_msgs/share/realsense2_camera_msgs/cmake/realsense2_camera_msgs__rosidl_typesupport_introspection_cppExport.cmake
[3.506s] -- Up-to-date: /home/intern/ros2Humble_ws/install/realsense2_camera_msgs/share/realsense2_camera_msgs/cmake/realsense2_camera_msgs__rosidl_typesupport_introspection_cppExport-noconfig.cmake
[3.506s] -- Up-to-date: /home/intern/ros2Humble_ws/install/realsense2_camera_msgs/share/realsense2_camera_msgs/cmake/realsense2_camera_msgs__rosidl_typesupport_cppExport.cmake
[3.507s] -- Up-to-date: /home/intern/ros2Humble_ws/install/realsense2_camera_msgs/share/realsense2_camera_msgs/cmake/realsense2_camera_msgs__rosidl_typesupport_cppExport-noconfig.cmake
[3.507s] -- Up-to-date: /home/intern/ros2Humble_ws/install/realsense2_camera_msgs/share/realsense2_camera_msgs/cmake/export_realsense2_camera_msgs__rosidl_generator_pyExport.cmake
[3.507s] -- Up-to-date: /home/intern/ros2Humble_ws/install/realsense2_camera_msgs/share/realsense2_camera_msgs/cmake/export_realsense2_camera_msgs__rosidl_generator_pyExport-noconfig.cmake
[3.507s] -- Up-to-date: /home/intern/ros2Humble_ws/install/realsense2_camera_msgs/share/realsense2_camera_msgs/cmake/rosidl_cmake-extras.cmake
[3.508s] -- Up-to-date: /home/intern/ros2Humble_ws/install/realsense2_camera_msgs/share/realsense2_camera_msgs/cmake/ament_cmake_export_dependencies-extras.cmake
[3.508s] -- Up-to-date: /home/intern/ros2Humble_ws/install/realsense2_camera_msgs/share/realsense2_camera_msgs/cmake/ament_cmake_export_include_directories-extras.cmake
[3.511s] -- Up-to-date: /home/intern/ros2Humble_ws/install/realsense2_camera_msgs/share/realsense2_camera_msgs/cmake/ament_cmake_export_libraries-extras.cmake
[3.511s] -- Up-to-date: /home/intern/ros2Humble_ws/install/realsense2_camera_msgs/share/realsense2_camera_msgs/cmake/ament_cmake_export_targets-extras.cmake
[3.512s] -- Up-to-date: /home/intern/ros2Humble_ws/install/realsense2_camera_msgs/share/realsense2_camera_msgs/cmake/rosidl_cmake_export_typesupport_targets-extras.cmake
[3.512s] -- Up-to-date: /home/intern/ros2Humble_ws/install/realsense2_camera_msgs/share/realsense2_camera_msgs/cmake/rosidl_cmake_export_typesupport_libraries-extras.cmake
[3.512s] -- Up-to-date: /home/intern/ros2Humble_ws/install/realsense2_camera_msgs/share/realsense2_camera_msgs/cmake/realsense2_camera_msgsConfig.cmake
[3.513s] -- Up-to-date: /home/intern/ros2Humble_ws/install/realsense2_camera_msgs/share/realsense2_camera_msgs/cmake/realsense2_camera_msgsConfig-version.cmake
[3.513s] -- Up-to-date: /home/intern/ros2Humble_ws/install/realsense2_camera_msgs/share/realsense2_camera_msgs/package.xml
[3.577s] Invoked command in '/home/intern/ros2Humble_ws/build/realsense2_camera_msgs' returned '0': CMAKE_PREFIX_PATH=/opt/ros/humble /home/intern/.local/bin/cmake --install /home/intern/ros2Humble_ws/build/realsense2_camera_msgs
