[0.042s] Invoking command in '/home/intern/ros2Humble_ws/build/apriltag_ros': CMAKE_PREFIX_PATH=${CMAKE_PREFIX_PATH}:/home/intern/ros2Humble_ws/install/py_launch_aprilsys:/opt/ros/humble /home/intern/.local/bin/cmake --build /home/intern/ros2Humble_ws/build/apriltag_ros -- -j4 -l4
[0.120s] [ 20%] Built target tags
[0.135s] [ 60%] Built target apriltag_node
[0.162s] [100%] Built target AprilTagNode
[0.611s] Invoked command in '/home/intern/ros2Humble_ws/build/apriltag_ros' returned '0': CMAKE_PREFIX_PATH=${CMAKE_PREFIX_PATH}:/home/intern/ros2Humble_ws/install/py_launch_aprilsys:/opt/ros/humble /home/intern/.local/bin/cmake --build /home/intern/ros2Humble_ws/build/apriltag_ros -- -j4 -l4
[0.793s] Invoking command in '/home/intern/ros2Humble_ws/build/apriltag_ros': CMAKE_PREFIX_PATH=${CMAKE_PREFIX_PATH}:/home/intern/ros2Humble_ws/install/py_launch_aprilsys:/opt/ros/humble /home/intern/.local/bin/cmake --install /home/intern/ros2Humble_ws/build/apriltag_ros
[0.859s] -- Install configuration: ""
[0.859s] -- Up-to-date: /home/intern/ros2Humble_ws/install/apriltag_ros/lib/apriltag_ros/apriltag_node
[0.860s] -- Up-to-date: /home/intern/ros2Humble_ws/install/apriltag_ros/share/apriltag_ros/environment/library_path.sh
[0.860s] -- Up-to-date: /home/intern/ros2Humble_ws/install/apriltag_ros/share/apriltag_ros/environment/library_path.dsv
[0.860s] -- Up-to-date: /home/intern/ros2Humble_ws/install/apriltag_ros/lib/libAprilTagNode.so
[0.861s] -- Up-to-date: /home/intern/ros2Humble_ws/install/apriltag_ros/share/apriltag_ros/cfg
[0.861s] -- Up-to-date: /home/intern/ros2Humble_ws/install/apriltag_ros/share/apriltag_ros/cfg/tags_36h11.yaml
[0.861s] -- Up-to-date: /home/intern/ros2Humble_ws/install/apriltag_ros/share/apriltag_ros/launch
[0.861s] -- Installing: /home/intern/ros2Humble_ws/install/apriltag_ros/share/apriltag_ros/launch/apriltag.launch.py
[0.862s] -- Up-to-date: /home/intern/ros2Humble_ws/install/apriltag_ros/share/apriltag_ros/launch/__pycache__
[0.862s] -- Installing: /home/intern/ros2Humble_ws/install/apriltag_ros/share/apriltag_ros/launch/__pycache__/apriltag.launch.cpython-310.pyc
[0.862s] -- Up-to-date: /home/intern/ros2Humble_ws/install/apriltag_ros/share/apriltag_ros/launch/v4l2_36h11.launch.yml
[0.862s] -- Up-to-date: /home/intern/ros2Humble_ws/install/apriltag_ros/share/ament_index/resource_index/package_run_dependencies/apriltag_ros
[0.863s] -- Up-to-date: /home/intern/ros2Humble_ws/install/apriltag_ros/share/ament_index/resource_index/parent_prefix_path/apriltag_ros
[0.863s] -- Up-to-date: /home/intern/ros2Humble_ws/install/apriltag_ros/share/apriltag_ros/environment/ament_prefix_path.sh
[0.863s] -- Up-to-date: /home/intern/ros2Humble_ws/install/apriltag_ros/share/apriltag_ros/environment/ament_prefix_path.dsv
[0.863s] -- Up-to-date: /home/intern/ros2Humble_ws/install/apriltag_ros/share/apriltag_ros/environment/path.sh
[0.863s] -- Up-to-date: /home/intern/ros2Humble_ws/install/apriltag_ros/share/apriltag_ros/environment/path.dsv
[0.863s] -- Up-to-date: /home/intern/ros2Humble_ws/install/apriltag_ros/share/apriltag_ros/local_setup.bash
[0.864s] -- Up-to-date: /home/intern/ros2Humble_ws/install/apriltag_ros/share/apriltag_ros/local_setup.sh
[0.864s] -- Up-to-date: /home/intern/ros2Humble_ws/install/apriltag_ros/share/apriltag_ros/local_setup.zsh
[0.864s] -- Up-to-date: /home/intern/ros2Humble_ws/install/apriltag_ros/share/apriltag_ros/local_setup.dsv
[0.864s] -- Installing: /home/intern/ros2Humble_ws/install/apriltag_ros/share/apriltag_ros/package.dsv
[0.865s] -- Up-to-date: /home/intern/ros2Humble_ws/install/apriltag_ros/share/ament_index/resource_index/packages/apriltag_ros
[0.865s] -- Up-to-date: /home/intern/ros2Humble_ws/install/apriltag_ros/share/ament_index/resource_index/rclcpp_components/apriltag_ros
[0.865s] -- Up-to-date: /home/intern/ros2Humble_ws/install/apriltag_ros/share/apriltag_ros/cmake/apriltag_rosConfig.cmake
[0.865s] -- Up-to-date: /home/intern/ros2Humble_ws/install/apriltag_ros/share/apriltag_ros/cmake/apriltag_rosConfig-version.cmake
[0.865s] -- Up-to-date: /home/intern/ros2Humble_ws/install/apriltag_ros/share/apriltag_ros/package.xml
[0.885s] Invoked command in '/home/intern/ros2Humble_ws/build/apriltag_ros' returned '0': CMAKE_PREFIX_PATH=${CMAKE_PREFIX_PATH}:/home/intern/ros2Humble_ws/install/py_launch_aprilsys:/opt/ros/humble /home/intern/.local/bin/cmake --install /home/intern/ros2Humble_ws/build/apriltag_ros
