[0.020s] Invoking command in '/home/intern/recursive_ws/build/realsense2_description': CMAKE_PREFIX_PATH=/home/intern/recursive_ws/install/realsense2_camera_msgs:/home/intern/recursive_ws/install/realsense2_description:/home/intern/recursive_ws/install/realsense2_camera:/home/intern/recursive_ws/install/apriltag_ros:/home/intern/recursive_ws/install/takeImage:/home/intern/recursive_ws/install/py_launch_aprilsys:/opt/ros/humble LD_LIBRARY_PATH=/home/intern/recursive_ws/install/realsense2_camera_msgs/lib:/home/intern/recursive_ws/install/realsense2_camera/lib:/home/intern/recursive_ws/install/apriltag_ros/lib:/opt/ros/humble/opt/rviz_ogre_vendor/lib:/opt/ros/humble/lib/x86_64-linux-gnu:/opt/ros/humble/lib /usr/local/bin/cmake --build /home/intern/recursive_ws/build/realsense2_description -- -j4 -l4
[0.043s] Invoked command in '/home/intern/recursive_ws/build/realsense2_description' returned '0': CMAKE_PREFIX_PATH=/home/intern/recursive_ws/install/realsense2_camera_msgs:/home/intern/recursive_ws/install/realsense2_description:/home/intern/recursive_ws/install/realsense2_camera:/home/intern/recursive_ws/install/apriltag_ros:/home/intern/recursive_ws/install/takeImage:/home/intern/recursive_ws/install/py_launch_aprilsys:/opt/ros/humble LD_LIBRARY_PATH=/home/intern/recursive_ws/install/realsense2_camera_msgs/lib:/home/intern/recursive_ws/install/realsense2_camera/lib:/home/intern/recursive_ws/install/apriltag_ros/lib:/opt/ros/humble/opt/rviz_ogre_vendor/lib:/opt/ros/humble/lib/x86_64-linux-gnu:/opt/ros/humble/lib /usr/local/bin/cmake --build /home/intern/recursive_ws/build/realsense2_description -- -j4 -l4
[0.080s] Invoking command in '/home/intern/recursive_ws/build/realsense2_description': CMAKE_PREFIX_PATH=/home/intern/recursive_ws/install/realsense2_camera_msgs:/home/intern/recursive_ws/install/realsense2_description:/home/intern/recursive_ws/install/realsense2_camera:/home/intern/recursive_ws/install/apriltag_ros:/home/intern/recursive_ws/install/takeImage:/home/intern/recursive_ws/install/py_launch_aprilsys:/opt/ros/humble LD_LIBRARY_PATH=/home/intern/recursive_ws/install/realsense2_camera_msgs/lib:/home/intern/recursive_ws/install/realsense2_camera/lib:/home/intern/recursive_ws/install/apriltag_ros/lib:/opt/ros/humble/opt/rviz_ogre_vendor/lib:/opt/ros/humble/lib/x86_64-linux-gnu:/opt/ros/humble/lib /usr/local/bin/cmake --install /home/intern/recursive_ws/build/realsense2_description
[0.082s] -- Install configuration: ""
[0.082s] -- Up-to-date: /home/intern/recursive_ws/install/realsense2_description/share/realsense2_description/launch
[0.083s] -- Up-to-date: /home/intern/recursive_ws/install/realsense2_description/share/realsense2_description/launch/view_model.launch.py
[0.083s] -- Up-to-date: /home/intern/recursive_ws/install/realsense2_description/share/realsense2_description/launch/launch_utils.py
[0.084s] -- Up-to-date: /home/intern/recursive_ws/install/realsense2_description/share/realsense2_description/meshes
[0.084s] -- Up-to-date: /home/intern/recursive_ws/install/realsense2_description/share/realsense2_description/meshes/plug.stl
[0.085s] -- Up-to-date: /home/intern/recursive_ws/install/realsense2_description/share/realsense2_description/meshes/d435.dae
[0.085s] -- Up-to-date: /home/intern/recursive_ws/install/realsense2_description/share/realsense2_description/meshes/plug_collision.stl
[0.085s] -- Up-to-date: /home/intern/recursive_ws/install/realsense2_description/share/realsense2_description/meshes/d455.stl
[0.085s] -- Up-to-date: /home/intern/recursive_ws/install/realsense2_description/share/realsense2_description/meshes/l515.dae
[0.085s] -- Up-to-date: /home/intern/recursive_ws/install/realsense2_description/share/realsense2_description/meshes/d415.stl
[0.085s] -- Up-to-date: /home/intern/recursive_ws/install/realsense2_description/share/realsense2_description/rviz
[0.085s] -- Up-to-date: /home/intern/recursive_ws/install/realsense2_description/share/realsense2_description/rviz/urdf.rviz
[0.085s] -- Up-to-date: /home/intern/recursive_ws/install/realsense2_description/share/realsense2_description/urdf
[0.086s] -- Up-to-date: /home/intern/recursive_ws/install/realsense2_description/share/realsense2_description/urdf/_usb_plug.urdf.xacro
[0.087s] -- Up-to-date: /home/intern/recursive_ws/install/realsense2_description/share/realsense2_description/urdf/_d455.urdf.xacro
[0.087s] -- Up-to-date: /home/intern/recursive_ws/install/realsense2_description/share/realsense2_description/urdf/test_d415_camera.urdf.xacro
[0.087s] -- Up-to-date: /home/intern/recursive_ws/install/realsense2_description/share/realsense2_description/urdf/test_r430_camera.urdf.xacro
[0.087s] -- Up-to-date: /home/intern/recursive_ws/install/realsense2_description/share/realsense2_description/urdf/test_d435_multiple_cameras.urdf.xacro
[0.087s] -- Up-to-date: /home/intern/recursive_ws/install/realsense2_description/share/realsense2_description/urdf/test_d435_camera.urdf.xacro
[0.087s] -- Up-to-date: /home/intern/recursive_ws/install/realsense2_description/share/realsense2_description/urdf/_l515.urdf.xacro
[0.087s] -- Up-to-date: /home/intern/recursive_ws/install/realsense2_description/share/realsense2_description/urdf/_r430.urdf.xacro
[0.087s] -- Up-to-date: /home/intern/recursive_ws/install/realsense2_description/share/realsense2_description/urdf/test_l515_camera.urdf.xacro
[0.087s] -- Up-to-date: /home/intern/recursive_ws/install/realsense2_description/share/realsense2_description/urdf/_d435.urdf.xacro
[0.087s] -- Up-to-date: /home/intern/recursive_ws/install/realsense2_description/share/realsense2_description/urdf/_materials.urdf.xacro
[0.088s] -- Up-to-date: /home/intern/recursive_ws/install/realsense2_description/share/realsense2_description/urdf/_d435i_imu_modules.urdf.xacro
[0.088s] -- Up-to-date: /home/intern/recursive_ws/install/realsense2_description/share/realsense2_description/urdf/_d415.urdf.xacro
[0.088s] -- Up-to-date: /home/intern/recursive_ws/install/realsense2_description/share/realsense2_description/urdf/test_d455_camera.urdf.xacro
[0.088s] -- Up-to-date: /home/intern/recursive_ws/install/realsense2_description/share/realsense2_description/urdf/_d435i.urdf.xacro
[0.088s] -- Up-to-date: /home/intern/recursive_ws/install/realsense2_description/share/realsense2_description/urdf/test_r410_camera.urdf.xacro
[0.088s] -- Up-to-date: /home/intern/recursive_ws/install/realsense2_description/share/realsense2_description/urdf/_r410.urdf.xacro
[0.088s] -- Up-to-date: /home/intern/recursive_ws/install/realsense2_description/share/realsense2_description/urdf/test_d435i_camera.urdf.xacro
[0.088s] -- Up-to-date: /home/intern/recursive_ws/install/realsense2_description/share/ament_index/resource_index/package_run_dependencies/realsense2_description
[0.088s] -- Up-to-date: /home/intern/recursive_ws/install/realsense2_description/share/ament_index/resource_index/parent_prefix_path/realsense2_description
[0.088s] -- Up-to-date: /home/intern/recursive_ws/install/realsense2_description/share/realsense2_description/environment/ament_prefix_path.sh
[0.088s] -- Up-to-date: /home/intern/recursive_ws/install/realsense2_description/share/realsense2_description/environment/ament_prefix_path.dsv
[0.088s] -- Up-to-date: /home/intern/recursive_ws/install/realsense2_description/share/realsense2_description/environment/path.sh
[0.089s] -- Up-to-date: /home/intern/recursive_ws/install/realsense2_description/share/realsense2_description/environment/path.dsv
[0.089s] -- Up-to-date: /home/intern/recursive_ws/install/realsense2_description/share/realsense2_description/local_setup.bash
[0.089s] -- Up-to-date: /home/intern/recursive_ws/install/realsense2_description/share/realsense2_description/local_setup.sh
[0.089s] -- Up-to-date: /home/intern/recursive_ws/install/realsense2_description/share/realsense2_description/local_setup.zsh
[0.089s] -- Up-to-date: /home/intern/recursive_ws/install/realsense2_description/share/realsense2_description/local_setup.dsv
[0.089s] -- Up-to-date: /home/intern/recursive_ws/install/realsense2_description/share/realsense2_description/package.dsv
[0.090s] -- Up-to-date: /home/intern/recursive_ws/install/realsense2_description/share/ament_index/resource_index/packages/realsense2_description
[0.090s] -- Up-to-date: /home/intern/recursive_ws/install/realsense2_description/share/realsense2_description/cmake/realsense2_descriptionConfig.cmake
[0.090s] -- Up-to-date: /home/intern/recursive_ws/install/realsense2_description/share/realsense2_description/cmake/realsense2_descriptionConfig-version.cmake
[0.090s] -- Up-to-date: /home/intern/recursive_ws/install/realsense2_description/share/realsense2_description/package.xml
[0.096s] Invoked command in '/home/intern/recursive_ws/build/realsense2_description' returned '0': CMAKE_PREFIX_PATH=/home/intern/recursive_ws/install/realsense2_camera_msgs:/home/intern/recursive_ws/install/realsense2_description:/home/intern/recursive_ws/install/realsense2_camera:/home/intern/recursive_ws/install/apriltag_ros:/home/intern/recursive_ws/install/takeImage:/home/intern/recursive_ws/install/py_launch_aprilsys:/opt/ros/humble LD_LIBRARY_PATH=/home/intern/recursive_ws/install/realsense2_camera_msgs/lib:/home/intern/recursive_ws/install/realsense2_camera/lib:/home/intern/recursive_ws/install/apriltag_ros/lib:/opt/ros/humble/opt/rviz_ogre_vendor/lib:/opt/ros/humble/lib/x86_64-linux-gnu:/opt/ros/humble/lib /usr/local/bin/cmake --install /home/intern/recursive_ws/build/realsense2_description
