[4.127s] DEBUG:colcon:Command line arguments: ['/usr/bin/colcon', 'list', '-p', '--base-paths', '/home/intern/ros2Humble_ws']
[4.127s] DEBUG:colcon:Parsed command line arguments: Namespace(log_base=None, log_level=None, verb_name='list', build_base='build', ignore_user_meta=False, metas=['./colcon.meta'], base_paths=['/home/intern/ros2Humble_ws'], packages_ignore=None, packages_ignore_regex=None, paths=None, packages_up_to=None, packages_up_to_regex=None, packages_above=None, packages_above_and_dependencies=None, packages_above_depth=None, packages_select_by_dep=None, packages_skip_by_dep=None, packages_skip_up_to=None, packages_select_build_failed=False, packages_skip_build_finished=False, packages_select_test_failures=False, packages_skip_test_passed=False, packages_select=None, packages_skip=None, packages_select_regex=None, packages_skip_regex=None, packages_start=None, packages_end=None, allow_overriding=[], topological_order=False, names_only=False, paths_only=True, topological_graph=False, topological_graph_dot=False, topological_graph_density=False, topological_graph_legend=False, topological_graph_dot_cluster=False, topological_graph_dot_include_skipped=False, verb_parser=<colcon_defaults.argument_parser.defaults.DefaultArgumentsDecorator object at 0x7ff3ac32feb0>, verb_extension=<colcon_package_information.verb.list.ListVerb object at 0x7ff3ac32efe0>, main=<bound method ListVerb.main of <colcon_package_information.verb.list.ListVerb object at 0x7ff3ac32efe0>>)
[4.492s] Level 1:colcon.colcon_core.package_discovery:discover_packages(colcon_meta) check parameters
[4.493s] Level 1:colcon.colcon_core.package_discovery:discover_packages(recursive) check parameters
[4.493s] Level 1:colcon.colcon_core.package_discovery:discover_packages(ignore) check parameters
[4.493s] Level 1:colcon.colcon_core.package_discovery:discover_packages(path) check parameters
[4.493s] Level 1:colcon.colcon_core.package_discovery:discover_packages(recursive) discover
[4.493s] INFO:colcon.colcon_core.package_discovery:Crawling recursively for packages in '/home/intern/ros2Humble_ws'
[4.493s] Level 1:colcon.colcon_core.package_identification:_identify(/home/intern/ros2Humble_ws) by extensions ['ignore', 'ignore_ament_install']
[4.493s] Level 1:colcon.colcon_core.package_identification:_identify(/home/intern/ros2Humble_ws) by extension 'ignore'
[4.494s] Level 1:colcon.colcon_core.package_identification:_identify(/home/intern/ros2Humble_ws) by extension 'ignore_ament_install'
[4.494s] Level 1:colcon.colcon_core.package_identification:_identify(/home/intern/ros2Humble_ws) by extensions ['colcon_pkg']
[4.494s] Level 1:colcon.colcon_core.package_identification:_identify(/home/intern/ros2Humble_ws) by extension 'colcon_pkg'
[4.494s] Level 1:colcon.colcon_core.package_identification:_identify(/home/intern/ros2Humble_ws) by extensions ['colcon_meta']
[4.494s] Level 1:colcon.colcon_core.package_identification:_identify(/home/intern/ros2Humble_ws) by extension 'colcon_meta'
[4.494s] Level 1:colcon.colcon_core.package_identification:_identify(/home/intern/ros2Humble_ws) by extensions ['ros']
[4.494s] Level 1:colcon.colcon_core.package_identification:_identify(/home/intern/ros2Humble_ws) by extension 'ros'
[4.665s] Level 1:colcon.colcon_core.package_identification:_identify(/home/intern/ros2Humble_ws) by extensions ['cmake', 'python']
[4.665s] Level 1:colcon.colcon_core.package_identification:_identify(/home/intern/ros2Humble_ws) by extension 'cmake'
[4.665s] Level 1:colcon.colcon_core.package_identification:_identify(/home/intern/ros2Humble_ws) by extension 'python'
[4.666s] Level 1:colcon.colcon_core.package_identification:_identify(/home/intern/ros2Humble_ws) by extensions ['python_setup_py']
[4.666s] Level 1:colcon.colcon_core.package_identification:_identify(/home/intern/ros2Humble_ws) by extension 'python_setup_py'
[4.666s] Level 1:colcon.colcon_core.package_identification:_identify(/home/intern/ros2Humble_ws/build) by extensions ['ignore', 'ignore_ament_install']
[4.667s] Level 1:colcon.colcon_core.package_identification:_identify(/home/intern/ros2Humble_ws/build) by extension 'ignore'
[4.667s] Level 1:colcon.colcon_core.package_identification:_identify(/home/intern/ros2Humble_ws/build) ignored
[4.667s] Level 1:colcon.colcon_core.package_identification:_identify(/home/intern/ros2Humble_ws/install) by extensions ['ignore', 'ignore_ament_install']
[4.667s] Level 1:colcon.colcon_core.package_identification:_identify(/home/intern/ros2Humble_ws/install) by extension 'ignore'
[4.667s] Level 1:colcon.colcon_core.package_identification:_identify(/home/intern/ros2Humble_ws/install) ignored
[4.668s] Level 1:colcon.colcon_core.package_identification:_identify(/home/intern/ros2Humble_ws/launch) by extensions ['ignore', 'ignore_ament_install']
[4.668s] Level 1:colcon.colcon_core.package_identification:_identify(/home/intern/ros2Humble_ws/launch) by extension 'ignore'
[4.668s] Level 1:colcon.colcon_core.package_identification:_identify(/home/intern/ros2Humble_ws/launch) by extension 'ignore_ament_install'
[4.668s] Level 1:colcon.colcon_core.package_identification:_identify(/home/intern/ros2Humble_ws/launch) by extensions ['colcon_pkg']
[4.668s] Level 1:colcon.colcon_core.package_identification:_identify(/home/intern/ros2Humble_ws/launch) by extension 'colcon_pkg'
[4.668s] Level 1:colcon.colcon_core.package_identification:_identify(/home/intern/ros2Humble_ws/launch) by extensions ['colcon_meta']
[4.668s] Level 1:colcon.colcon_core.package_identification:_identify(/home/intern/ros2Humble_ws/launch) by extension 'colcon_meta'
[4.668s] Level 1:colcon.colcon_core.package_identification:_identify(/home/intern/ros2Humble_ws/launch) by extensions ['ros']
[4.668s] Level 1:colcon.colcon_core.package_identification:_identify(/home/intern/ros2Humble_ws/launch) by extension 'ros'
[4.669s] Level 1:colcon.colcon_core.package_identification:_identify(/home/intern/ros2Humble_ws/launch) by extensions ['cmake', 'python']
[4.669s] Level 1:colcon.colcon_core.package_identification:_identify(/home/intern/ros2Humble_ws/launch) by extension 'cmake'
[4.669s] Level 1:colcon.colcon_core.package_identification:_identify(/home/intern/ros2Humble_ws/launch) by extension 'python'
[4.669s] Level 1:colcon.colcon_core.package_identification:_identify(/home/intern/ros2Humble_ws/launch) by extensions ['python_setup_py']
[4.669s] Level 1:colcon.colcon_core.package_identification:_identify(/home/intern/ros2Humble_ws/launch) by extension 'python_setup_py'
[4.669s] Level 1:colcon.colcon_core.package_identification:_identify(/home/intern/ros2Humble_ws/log) by extensions ['ignore', 'ignore_ament_install']
[4.669s] Level 1:colcon.colcon_core.package_identification:_identify(/home/intern/ros2Humble_ws/log) by extension 'ignore'
[4.669s] Level 1:colcon.colcon_core.package_identification:_identify(/home/intern/ros2Humble_ws/log) ignored
[4.676s] Level 1:colcon.colcon_core.package_identification:_identify(/home/intern/ros2Humble_ws/src) by extensions ['ignore', 'ignore_ament_install']
[4.676s] Level 1:colcon.colcon_core.package_identification:_identify(/home/intern/ros2Humble_ws/src) by extension 'ignore'
[4.676s] Level 1:colcon.colcon_core.package_identification:_identify(/home/intern/ros2Humble_ws/src) by extension 'ignore_ament_install'
[4.676s] Level 1:colcon.colcon_core.package_identification:_identify(/home/intern/ros2Humble_ws/src) by extensions ['colcon_pkg']
[4.676s] Level 1:colcon.colcon_core.package_identification:_identify(/home/intern/ros2Humble_ws/src) by extension 'colcon_pkg'
[4.676s] Level 1:colcon.colcon_core.package_identification:_identify(/home/intern/ros2Humble_ws/src) by extensions ['colcon_meta']
[4.676s] Level 1:colcon.colcon_core.package_identification:_identify(/home/intern/ros2Humble_ws/src) by extension 'colcon_meta'
[4.677s] Level 1:colcon.colcon_core.package_identification:_identify(/home/intern/ros2Humble_ws/src) by extensions ['ros']
[4.677s] Level 1:colcon.colcon_core.package_identification:_identify(/home/intern/ros2Humble_ws/src) by extension 'ros'
[4.677s] Level 1:colcon.colcon_core.package_identification:_identify(/home/intern/ros2Humble_ws/src) by extensions ['cmake', 'python']
[4.677s] Level 1:colcon.colcon_core.package_identification:_identify(/home/intern/ros2Humble_ws/src) by extension 'cmake'
[4.677s] Level 1:colcon.colcon_core.package_identification:_identify(/home/intern/ros2Humble_ws/src) by extension 'python'
[4.677s] Level 1:colcon.colcon_core.package_identification:_identify(/home/intern/ros2Humble_ws/src) by extensions ['python_setup_py']
[4.677s] Level 1:colcon.colcon_core.package_identification:_identify(/home/intern/ros2Humble_ws/src) by extension 'python_setup_py'
[4.677s] Level 1:colcon.colcon_core.package_identification:_identify(/home/intern/ros2Humble_ws/src/apriltag_ros) by extensions ['ignore', 'ignore_ament_install']
[4.678s] Level 1:colcon.colcon_core.package_identification:_identify(/home/intern/ros2Humble_ws/src/apriltag_ros) by extension 'ignore'
[4.678s] Level 1:colcon.colcon_core.package_identification:_identify(/home/intern/ros2Humble_ws/src/apriltag_ros) by extension 'ignore_ament_install'
[4.678s] Level 1:colcon.colcon_core.package_identification:_identify(/home/intern/ros2Humble_ws/src/apriltag_ros) by extensions ['colcon_pkg']
[4.678s] Level 1:colcon.colcon_core.package_identification:_identify(/home/intern/ros2Humble_ws/src/apriltag_ros) by extension 'colcon_pkg'
[4.678s] Level 1:colcon.colcon_core.package_identification:_identify(/home/intern/ros2Humble_ws/src/apriltag_ros) by extensions ['colcon_meta']
[4.678s] Level 1:colcon.colcon_core.package_identification:_identify(/home/intern/ros2Humble_ws/src/apriltag_ros) by extension 'colcon_meta'
[4.678s] Level 1:colcon.colcon_core.package_identification:_identify(/home/intern/ros2Humble_ws/src/apriltag_ros) by extensions ['ros']
[4.678s] Level 1:colcon.colcon_core.package_identification:_identify(/home/intern/ros2Humble_ws/src/apriltag_ros) by extension 'ros'
[4.692s] DEBUG:colcon.colcon_core.package_identification:Package '/home/intern/ros2Humble_ws/src/apriltag_ros' with type 'ros.ament_cmake' and name 'apriltag_ros'
[4.695s] Level 1:colcon.colcon_core.package_identification:_identify(/home/intern/ros2Humble_ws/src/realsense-ros) by extensions ['ignore', 'ignore_ament_install']
[4.695s] Level 1:colcon.colcon_core.package_identification:_identify(/home/intern/ros2Humble_ws/src/realsense-ros) by extension 'ignore'
[4.695s] Level 1:colcon.colcon_core.package_identification:_identify(/home/intern/ros2Humble_ws/src/realsense-ros) by extension 'ignore_ament_install'
[4.695s] Level 1:colcon.colcon_core.package_identification:_identify(/home/intern/ros2Humble_ws/src/realsense-ros) by extensions ['colcon_pkg']
[4.695s] Level 1:colcon.colcon_core.package_identification:_identify(/home/intern/ros2Humble_ws/src/realsense-ros) by extension 'colcon_pkg'
[4.695s] Level 1:colcon.colcon_core.package_identification:_identify(/home/intern/ros2Humble_ws/src/realsense-ros) by extensions ['colcon_meta']
[4.695s] Level 1:colcon.colcon_core.package_identification:_identify(/home/intern/ros2Humble_ws/src/realsense-ros) by extension 'colcon_meta'
[4.696s] Level 1:colcon.colcon_core.package_identification:_identify(/home/intern/ros2Humble_ws/src/realsense-ros) by extensions ['ros']
[4.696s] Level 1:colcon.colcon_core.package_identification:_identify(/home/intern/ros2Humble_ws/src/realsense-ros) by extension 'ros'
[4.696s] Level 1:colcon.colcon_core.package_identification:_identify(/home/intern/ros2Humble_ws/src/realsense-ros) by extensions ['cmake', 'python']
[4.696s] Level 1:colcon.colcon_core.package_identification:_identify(/home/intern/ros2Humble_ws/src/realsense-ros) by extension 'cmake'
[4.696s] Level 1:colcon.colcon_core.package_identification:_identify(/home/intern/ros2Humble_ws/src/realsense-ros) by extension 'python'
[4.696s] Level 1:colcon.colcon_core.package_identification:_identify(/home/intern/ros2Humble_ws/src/realsense-ros) by extensions ['python_setup_py']
[4.696s] Level 1:colcon.colcon_core.package_identification:_identify(/home/intern/ros2Humble_ws/src/realsense-ros) by extension 'python_setup_py'
[4.712s] Level 1:colcon.colcon_core.package_identification:_identify(/home/intern/ros2Humble_ws/src/realsense-ros/realsense2_camera) by extensions ['ignore', 'ignore_ament_install']
[4.712s] Level 1:colcon.colcon_core.package_identification:_identify(/home/intern/ros2Humble_ws/src/realsense-ros/realsense2_camera) by extension 'ignore'
[4.712s] Level 1:colcon.colcon_core.package_identification:_identify(/home/intern/ros2Humble_ws/src/realsense-ros/realsense2_camera) by extension 'ignore_ament_install'
[4.712s] Level 1:colcon.colcon_core.package_identification:_identify(/home/intern/ros2Humble_ws/src/realsense-ros/realsense2_camera) by extensions ['colcon_pkg']
[4.712s] Level 1:colcon.colcon_core.package_identification:_identify(/home/intern/ros2Humble_ws/src/realsense-ros/realsense2_camera) by extension 'colcon_pkg'
[4.713s] Level 1:colcon.colcon_core.package_identification:_identify(/home/intern/ros2Humble_ws/src/realsense-ros/realsense2_camera) by extensions ['colcon_meta']
[4.713s] Level 1:colcon.colcon_core.package_identification:_identify(/home/intern/ros2Humble_ws/src/realsense-ros/realsense2_camera) by extension 'colcon_meta'
[4.713s] Level 1:colcon.colcon_core.package_identification:_identify(/home/intern/ros2Humble_ws/src/realsense-ros/realsense2_camera) by extensions ['ros']
[4.713s] Level 1:colcon.colcon_core.package_identification:_identify(/home/intern/ros2Humble_ws/src/realsense-ros/realsense2_camera) by extension 'ros'
[4.721s] DEBUG:colcon.colcon_core.package_identification:Package '/home/intern/ros2Humble_ws/src/realsense-ros/realsense2_camera' with type 'ros.ament_cmake' and name 'realsense2_camera'
[4.724s] Level 1:colcon.colcon_core.package_identification:_identify(/home/intern/ros2Humble_ws/src/realsense-ros/realsense2_camera_msgs) by extensions ['ignore', 'ignore_ament_install']
[4.724s] Level 1:colcon.colcon_core.package_identification:_identify(/home/intern/ros2Humble_ws/src/realsense-ros/realsense2_camera_msgs) by extension 'ignore'
[4.724s] Level 1:colcon.colcon_core.package_identification:_identify(/home/intern/ros2Humble_ws/src/realsense-ros/realsense2_camera_msgs) by extension 'ignore_ament_install'
[4.724s] Level 1:colcon.colcon_core.package_identification:_identify(/home/intern/ros2Humble_ws/src/realsense-ros/realsense2_camera_msgs) by extensions ['colcon_pkg']
[4.724s] Level 1:colcon.colcon_core.package_identification:_identify(/home/intern/ros2Humble_ws/src/realsense-ros/realsense2_camera_msgs) by extension 'colcon_pkg'
[4.725s] Level 1:colcon.colcon_core.package_identification:_identify(/home/intern/ros2Humble_ws/src/realsense-ros/realsense2_camera_msgs) by extensions ['colcon_meta']
[4.725s] Level 1:colcon.colcon_core.package_identification:_identify(/home/intern/ros2Humble_ws/src/realsense-ros/realsense2_camera_msgs) by extension 'colcon_meta'
[4.725s] Level 1:colcon.colcon_core.package_identification:_identify(/home/intern/ros2Humble_ws/src/realsense-ros/realsense2_camera_msgs) by extensions ['ros']
[4.725s] Level 1:colcon.colcon_core.package_identification:_identify(/home/intern/ros2Humble_ws/src/realsense-ros/realsense2_camera_msgs) by extension 'ros'
[4.728s] DEBUG:colcon.colcon_core.package_identification:Package '/home/intern/ros2Humble_ws/src/realsense-ros/realsense2_camera_msgs' with type 'ros.ament_cmake' and name 'realsense2_camera_msgs'
[4.729s] Level 1:colcon.colcon_core.package_identification:_identify(/home/intern/ros2Humble_ws/src/realsense-ros/realsense2_description) by extensions ['ignore', 'ignore_ament_install']
[4.730s] Level 1:colcon.colcon_core.package_identification:_identify(/home/intern/ros2Humble_ws/src/realsense-ros/realsense2_description) by extension 'ignore'
[4.730s] Level 1:colcon.colcon_core.package_identification:_identify(/home/intern/ros2Humble_ws/src/realsense-ros/realsense2_description) by extension 'ignore_ament_install'
[4.730s] Level 1:colcon.colcon_core.package_identification:_identify(/home/intern/ros2Humble_ws/src/realsense-ros/realsense2_description) by extensions ['colcon_pkg']
[4.730s] Level 1:colcon.colcon_core.package_identification:_identify(/home/intern/ros2Humble_ws/src/realsense-ros/realsense2_description) by extension 'colcon_pkg'
[4.730s] Level 1:colcon.colcon_core.package_identification:_identify(/home/intern/ros2Humble_ws/src/realsense-ros/realsense2_description) by extensions ['colcon_meta']
[4.730s] Level 1:colcon.colcon_core.package_identification:_identify(/home/intern/ros2Humble_ws/src/realsense-ros/realsense2_description) by extension 'colcon_meta'
[4.730s] Level 1:colcon.colcon_core.package_identification:_identify(/home/intern/ros2Humble_ws/src/realsense-ros/realsense2_description) by extensions ['ros']
[4.731s] Level 1:colcon.colcon_core.package_identification:_identify(/home/intern/ros2Humble_ws/src/realsense-ros/realsense2_description) by extension 'ros'
[4.733s] DEBUG:colcon.colcon_core.package_identification:Package '/home/intern/ros2Humble_ws/src/realsense-ros/realsense2_description' with type 'ros.ament_cmake' and name 'realsense2_description'
[4.737s] Level 1:colcon.colcon_core.package_identification:_identify(/home/intern/ros2Humble_ws/src/realsense-ros/scripts) by extensions ['ignore', 'ignore_ament_install']
[4.737s] Level 1:colcon.colcon_core.package_identification:_identify(/home/intern/ros2Humble_ws/src/realsense-ros/scripts) by extension 'ignore'
[4.737s] Level 1:colcon.colcon_core.package_identification:_identify(/home/intern/ros2Humble_ws/src/realsense-ros/scripts) by extension 'ignore_ament_install'
[4.737s] Level 1:colcon.colcon_core.package_identification:_identify(/home/intern/ros2Humble_ws/src/realsense-ros/scripts) by extensions ['colcon_pkg']
[4.737s] Level 1:colcon.colcon_core.package_identification:_identify(/home/intern/ros2Humble_ws/src/realsense-ros/scripts) by extension 'colcon_pkg'
[4.738s] Level 1:colcon.colcon_core.package_identification:_identify(/home/intern/ros2Humble_ws/src/realsense-ros/scripts) by extensions ['colcon_meta']
[4.738s] Level 1:colcon.colcon_core.package_identification:_identify(/home/intern/ros2Humble_ws/src/realsense-ros/scripts) by extension 'colcon_meta'
[4.738s] Level 1:colcon.colcon_core.package_identification:_identify(/home/intern/ros2Humble_ws/src/realsense-ros/scripts) by extensions ['ros']
[4.738s] Level 1:colcon.colcon_core.package_identification:_identify(/home/intern/ros2Humble_ws/src/realsense-ros/scripts) by extension 'ros'
[4.738s] Level 1:colcon.colcon_core.package_identification:_identify(/home/intern/ros2Humble_ws/src/realsense-ros/scripts) by extensions ['cmake', 'python']
[4.738s] Level 1:colcon.colcon_core.package_identification:_identify(/home/intern/ros2Humble_ws/src/realsense-ros/scripts) by extension 'cmake'
[4.738s] Level 1:colcon.colcon_core.package_identification:_identify(/home/intern/ros2Humble_ws/src/realsense-ros/scripts) by extension 'python'
[4.739s] Level 1:colcon.colcon_core.package_identification:_identify(/home/intern/ros2Humble_ws/src/realsense-ros/scripts) by extensions ['python_setup_py']
[4.739s] Level 1:colcon.colcon_core.package_identification:_identify(/home/intern/ros2Humble_ws/src/realsense-ros/scripts) by extension 'python_setup_py'
[4.739s] Level 1:colcon.colcon_core.package_discovery:discover_packages(recursive) using defaults
