[0.900s] DEBUG:colcon:Command line arguments: ['/usr/bin/colcon', 'list', '-p', '--base-paths', '/home/intern/ros2Humble_ws']
[0.900s] DEBUG:colcon:Parsed command line arguments: Namespace(log_base=None, log_level=None, verb_name='list', build_base='build', ignore_user_meta=False, metas=['./colcon.meta'], base_paths=['/home/intern/ros2Humble_ws'], packages_ignore=None, packages_ignore_regex=None, paths=None, packages_up_to=None, packages_up_to_regex=None, packages_above=None, packages_above_and_dependencies=None, packages_above_depth=None, packages_select_by_dep=None, packages_skip_by_dep=None, packages_skip_up_to=None, packages_select_build_failed=False, packages_skip_build_finished=False, packages_select_test_failures=False, packages_skip_test_passed=False, packages_select=None, packages_skip=None, packages_select_regex=None, packages_skip_regex=None, packages_start=None, packages_end=None, allow_overriding=[], topological_order=False, names_only=False, paths_only=True, topological_graph=False, topological_graph_dot=False, topological_graph_density=False, topological_graph_legend=False, topological_graph_dot_cluster=False, topological_graph_dot_include_skipped=False, verb_parser=<colcon_defaults.argument_parser.defaults.DefaultArgumentsDecorator object at 0x7f3fb8f33eb0>, verb_extension=<colcon_package_information.verb.list.ListVerb object at 0x7f3fb8f32fe0>, main=<bound method ListVerb.main of <colcon_package_information.verb.list.ListVerb object at 0x7f3fb8f32fe0>>)
[0.987s] Level 1:colcon.colcon_core.package_discovery:discover_packages(colcon_meta) check parameters
[0.987s] Level 1:colcon.colcon_core.package_discovery:discover_packages(recursive) check parameters
[0.987s] Level 1:colcon.colcon_core.package_discovery:discover_packages(ignore) check parameters
[0.987s] Level 1:colcon.colcon_core.package_discovery:discover_packages(path) check parameters
[0.987s] Level 1:colcon.colcon_core.package_discovery:discover_packages(recursive) discover
[0.987s] INFO:colcon.colcon_core.package_discovery:Crawling recursively for packages in '/home/intern/ros2Humble_ws'
[0.988s] Level 1:colcon.colcon_core.package_identification:_identify(/home/intern/ros2Humble_ws) by extensions ['ignore', 'ignore_ament_install']
[0.988s] Level 1:colcon.colcon_core.package_identification:_identify(/home/intern/ros2Humble_ws) by extension 'ignore'
[0.988s] Level 1:colcon.colcon_core.package_identification:_identify(/home/intern/ros2Humble_ws) by extension 'ignore_ament_install'
[0.988s] Level 1:colcon.colcon_core.package_identification:_identify(/home/intern/ros2Humble_ws) by extensions ['colcon_pkg']
[0.988s] Level 1:colcon.colcon_core.package_identification:_identify(/home/intern/ros2Humble_ws) by extension 'colcon_pkg'
[0.988s] Level 1:colcon.colcon_core.package_identification:_identify(/home/intern/ros2Humble_ws) by extensions ['colcon_meta']
[0.988s] Level 1:colcon.colcon_core.package_identification:_identify(/home/intern/ros2Humble_ws) by extension 'colcon_meta'
[0.989s] Level 1:colcon.colcon_core.package_identification:_identify(/home/intern/ros2Humble_ws) by extensions ['ros']
[0.989s] Level 1:colcon.colcon_core.package_identification:_identify(/home/intern/ros2Humble_ws) by extension 'ros'
[1.040s] Level 1:colcon.colcon_core.package_identification:_identify(/home/intern/ros2Humble_ws) by extensions ['cmake', 'python']
[1.040s] Level 1:colcon.colcon_core.package_identification:_identify(/home/intern/ros2Humble_ws) by extension 'cmake'
[1.040s] Level 1:colcon.colcon_core.package_identification:_identify(/home/intern/ros2Humble_ws) by extension 'python'
[1.040s] Level 1:colcon.colcon_core.package_identification:_identify(/home/intern/ros2Humble_ws) by extensions ['python_setup_py']
[1.041s] Level 1:colcon.colcon_core.package_identification:_identify(/home/intern/ros2Humble_ws) by extension 'python_setup_py'
[1.043s] Level 1:colcon.colcon_core.package_identification:_identify(/home/intern/ros2Humble_ws/build) by extensions ['ignore', 'ignore_ament_install']
[1.043s] Level 1:colcon.colcon_core.package_identification:_identify(/home/intern/ros2Humble_ws/build) by extension 'ignore'
[1.044s] Level 1:colcon.colcon_core.package_identification:_identify(/home/intern/ros2Humble_ws/build) ignored
[1.044s] Level 1:colcon.colcon_core.package_identification:_identify(/home/intern/ros2Humble_ws/install) by extensions ['ignore', 'ignore_ament_install']
[1.044s] Level 1:colcon.colcon_core.package_identification:_identify(/home/intern/ros2Humble_ws/install) by extension 'ignore'
[1.044s] Level 1:colcon.colcon_core.package_identification:_identify(/home/intern/ros2Humble_ws/install) ignored
[1.045s] Level 1:colcon.colcon_core.package_identification:_identify(/home/intern/ros2Humble_ws/launch) by extensions ['ignore', 'ignore_ament_install']
[1.050s] Level 1:colcon.colcon_core.package_identification:_identify(/home/intern/ros2Humble_ws/launch) by extension 'ignore'
[1.050s] Level 1:colcon.colcon_core.package_identification:_identify(/home/intern/ros2Humble_ws/launch) by extension 'ignore_ament_install'
[1.051s] Level 1:colcon.colcon_core.package_identification:_identify(/home/intern/ros2Humble_ws/launch) by extensions ['colcon_pkg']
[1.051s] Level 1:colcon.colcon_core.package_identification:_identify(/home/intern/ros2Humble_ws/launch) by extension 'colcon_pkg'
[1.051s] Level 1:colcon.colcon_core.package_identification:_identify(/home/intern/ros2Humble_ws/launch) by extensions ['colcon_meta']
[1.051s] Level 1:colcon.colcon_core.package_identification:_identify(/home/intern/ros2Humble_ws/launch) by extension 'colcon_meta'
[1.051s] Level 1:colcon.colcon_core.package_identification:_identify(/home/intern/ros2Humble_ws/launch) by extensions ['ros']
[1.051s] Level 1:colcon.colcon_core.package_identification:_identify(/home/intern/ros2Humble_ws/launch) by extension 'ros'
[1.051s] Level 1:colcon.colcon_core.package_identification:_identify(/home/intern/ros2Humble_ws/launch) by extensions ['cmake', 'python']
[1.051s] Level 1:colcon.colcon_core.package_identification:_identify(/home/intern/ros2Humble_ws/launch) by extension 'cmake'
[1.051s] Level 1:colcon.colcon_core.package_identification:_identify(/home/intern/ros2Humble_ws/launch) by extension 'python'
[1.052s] Level 1:colcon.colcon_core.package_identification:_identify(/home/intern/ros2Humble_ws/launch) by extensions ['python_setup_py']
[1.052s] Level 1:colcon.colcon_core.package_identification:_identify(/home/intern/ros2Humble_ws/launch) by extension 'python_setup_py'
[1.052s] Level 1:colcon.colcon_core.package_identification:_identify(/home/intern/ros2Humble_ws/log) by extensions ['ignore', 'ignore_ament_install']
[1.052s] Level 1:colcon.colcon_core.package_identification:_identify(/home/intern/ros2Humble_ws/log) by extension 'ignore'
[1.052s] Level 1:colcon.colcon_core.package_identification:_identify(/home/intern/ros2Humble_ws/log) ignored
[1.053s] Level 1:colcon.colcon_core.package_identification:_identify(/home/intern/ros2Humble_ws/src) by extensions ['ignore', 'ignore_ament_install']
[1.053s] Level 1:colcon.colcon_core.package_identification:_identify(/home/intern/ros2Humble_ws/src) by extension 'ignore'
[1.053s] Level 1:colcon.colcon_core.package_identification:_identify(/home/intern/ros2Humble_ws/src) by extension 'ignore_ament_install'
[1.053s] Level 1:colcon.colcon_core.package_identification:_identify(/home/intern/ros2Humble_ws/src) by extensions ['colcon_pkg']
[1.053s] Level 1:colcon.colcon_core.package_identification:_identify(/home/intern/ros2Humble_ws/src) by extension 'colcon_pkg'
[1.053s] Level 1:colcon.colcon_core.package_identification:_identify(/home/intern/ros2Humble_ws/src) by extensions ['colcon_meta']
[1.054s] Level 1:colcon.colcon_core.package_identification:_identify(/home/intern/ros2Humble_ws/src) by extension 'colcon_meta'
[1.054s] Level 1:colcon.colcon_core.package_identification:_identify(/home/intern/ros2Humble_ws/src) by extensions ['ros']
[1.054s] Level 1:colcon.colcon_core.package_identification:_identify(/home/intern/ros2Humble_ws/src) by extension 'ros'
[1.058s] Level 1:colcon.colcon_core.package_identification:_identify(/home/intern/ros2Humble_ws/src) by extensions ['cmake', 'python']
[1.058s] Level 1:colcon.colcon_core.package_identification:_identify(/home/intern/ros2Humble_ws/src) by extension 'cmake'
[1.059s] Level 1:colcon.colcon_core.package_identification:_identify(/home/intern/ros2Humble_ws/src) by extension 'python'
[1.059s] Level 1:colcon.colcon_core.package_identification:_identify(/home/intern/ros2Humble_ws/src) by extensions ['python_setup_py']
[1.059s] Level 1:colcon.colcon_core.package_identification:_identify(/home/intern/ros2Humble_ws/src) by extension 'python_setup_py'
[1.059s] Level 1:colcon.colcon_core.package_identification:_identify(/home/intern/ros2Humble_ws/src/apriltag_ros) by extensions ['ignore', 'ignore_ament_install']
[1.059s] Level 1:colcon.colcon_core.package_identification:_identify(/home/intern/ros2Humble_ws/src/apriltag_ros) by extension 'ignore'
[1.059s] Level 1:colcon.colcon_core.package_identification:_identify(/home/intern/ros2Humble_ws/src/apriltag_ros) by extension 'ignore_ament_install'
[1.060s] Level 1:colcon.colcon_core.package_identification:_identify(/home/intern/ros2Humble_ws/src/apriltag_ros) by extensions ['colcon_pkg']
[1.060s] Level 1:colcon.colcon_core.package_identification:_identify(/home/intern/ros2Humble_ws/src/apriltag_ros) by extension 'colcon_pkg'
[1.060s] Level 1:colcon.colcon_core.package_identification:_identify(/home/intern/ros2Humble_ws/src/apriltag_ros) by extensions ['colcon_meta']
[1.060s] Level 1:colcon.colcon_core.package_identification:_identify(/home/intern/ros2Humble_ws/src/apriltag_ros) by extension 'colcon_meta'
[1.060s] Level 1:colcon.colcon_core.package_identification:_identify(/home/intern/ros2Humble_ws/src/apriltag_ros) by extensions ['ros']
[1.060s] Level 1:colcon.colcon_core.package_identification:_identify(/home/intern/ros2Humble_ws/src/apriltag_ros) by extension 'ros'
[1.074s] DEBUG:colcon.colcon_core.package_identification:Package '/home/intern/ros2Humble_ws/src/apriltag_ros' with type 'ros.ament_cmake' and name 'apriltag_ros'
[1.074s] Level 1:colcon.colcon_core.package_identification:_identify(/home/intern/ros2Humble_ws/src/py_apriltag_test) by extensions ['ignore', 'ignore_ament_install']
[1.074s] Level 1:colcon.colcon_core.package_identification:_identify(/home/intern/ros2Humble_ws/src/py_apriltag_test) by extension 'ignore'
[1.075s] Level 1:colcon.colcon_core.package_identification:_identify(/home/intern/ros2Humble_ws/src/py_apriltag_test) by extension 'ignore_ament_install'
[1.075s] Level 1:colcon.colcon_core.package_identification:_identify(/home/intern/ros2Humble_ws/src/py_apriltag_test) by extensions ['colcon_pkg']
[1.075s] Level 1:colcon.colcon_core.package_identification:_identify(/home/intern/ros2Humble_ws/src/py_apriltag_test) by extension 'colcon_pkg'
[1.075s] Level 1:colcon.colcon_core.package_identification:_identify(/home/intern/ros2Humble_ws/src/py_apriltag_test) by extensions ['colcon_meta']
[1.075s] Level 1:colcon.colcon_core.package_identification:_identify(/home/intern/ros2Humble_ws/src/py_apriltag_test) by extension 'colcon_meta'
[1.075s] Level 1:colcon.colcon_core.package_identification:_identify(/home/intern/ros2Humble_ws/src/py_apriltag_test) by extensions ['ros']
[1.075s] Level 1:colcon.colcon_core.package_identification:_identify(/home/intern/ros2Humble_ws/src/py_apriltag_test) by extension 'ros'
[1.080s] DEBUG:colcon.colcon_core.package_identification:Package '/home/intern/ros2Humble_ws/src/py_apriltag_test' with type 'ros.ament_python' and name 'py_apriltag_test'
[1.080s] Level 1:colcon.colcon_core.package_identification:_identify(/home/intern/ros2Humble_ws/src/realsense-ros) by extensions ['ignore', 'ignore_ament_install']
[1.080s] Level 1:colcon.colcon_core.package_identification:_identify(/home/intern/ros2Humble_ws/src/realsense-ros) by extension 'ignore'
[1.081s] Level 1:colcon.colcon_core.package_identification:_identify(/home/intern/ros2Humble_ws/src/realsense-ros) by extension 'ignore_ament_install'
[1.081s] Level 1:colcon.colcon_core.package_identification:_identify(/home/intern/ros2Humble_ws/src/realsense-ros) by extensions ['colcon_pkg']
[1.081s] Level 1:colcon.colcon_core.package_identification:_identify(/home/intern/ros2Humble_ws/src/realsense-ros) by extension 'colcon_pkg'
[1.081s] Level 1:colcon.colcon_core.package_identification:_identify(/home/intern/ros2Humble_ws/src/realsense-ros) by extensions ['colcon_meta']
[1.081s] Level 1:colcon.colcon_core.package_identification:_identify(/home/intern/ros2Humble_ws/src/realsense-ros) by extension 'colcon_meta'
[1.081s] Level 1:colcon.colcon_core.package_identification:_identify(/home/intern/ros2Humble_ws/src/realsense-ros) by extensions ['ros']
[1.081s] Level 1:colcon.colcon_core.package_identification:_identify(/home/intern/ros2Humble_ws/src/realsense-ros) by extension 'ros'
[1.084s] Level 1:colcon.colcon_core.package_identification:_identify(/home/intern/ros2Humble_ws/src/realsense-ros) by extensions ['cmake', 'python']
[1.084s] Level 1:colcon.colcon_core.package_identification:_identify(/home/intern/ros2Humble_ws/src/realsense-ros) by extension 'cmake'
[1.086s] Level 1:colcon.colcon_core.package_identification:_identify(/home/intern/ros2Humble_ws/src/realsense-ros) by extension 'python'
[1.086s] Level 1:colcon.colcon_core.package_identification:_identify(/home/intern/ros2Humble_ws/src/realsense-ros) by extensions ['python_setup_py']
[1.086s] Level 1:colcon.colcon_core.package_identification:_identify(/home/intern/ros2Humble_ws/src/realsense-ros) by extension 'python_setup_py'
[1.087s] Level 1:colcon.colcon_core.package_identification:_identify(/home/intern/ros2Humble_ws/src/realsense-ros/realsense2_camera) by extensions ['ignore', 'ignore_ament_install']
[1.087s] Level 1:colcon.colcon_core.package_identification:_identify(/home/intern/ros2Humble_ws/src/realsense-ros/realsense2_camera) by extension 'ignore'
[1.087s] Level 1:colcon.colcon_core.package_identification:_identify(/home/intern/ros2Humble_ws/src/realsense-ros/realsense2_camera) by extension 'ignore_ament_install'
[1.088s] Level 1:colcon.colcon_core.package_identification:_identify(/home/intern/ros2Humble_ws/src/realsense-ros/realsense2_camera) by extensions ['colcon_pkg']
[1.088s] Level 1:colcon.colcon_core.package_identification:_identify(/home/intern/ros2Humble_ws/src/realsense-ros/realsense2_camera) by extension 'colcon_pkg'
[1.088s] Level 1:colcon.colcon_core.package_identification:_identify(/home/intern/ros2Humble_ws/src/realsense-ros/realsense2_camera) by extensions ['colcon_meta']
[1.088s] Level 1:colcon.colcon_core.package_identification:_identify(/home/intern/ros2Humble_ws/src/realsense-ros/realsense2_camera) by extension 'colcon_meta'
[1.088s] Level 1:colcon.colcon_core.package_identification:_identify(/home/intern/ros2Humble_ws/src/realsense-ros/realsense2_camera) by extensions ['ros']
[1.088s] Level 1:colcon.colcon_core.package_identification:_identify(/home/intern/ros2Humble_ws/src/realsense-ros/realsense2_camera) by extension 'ros'
[1.094s] DEBUG:colcon.colcon_core.package_identification:Package '/home/intern/ros2Humble_ws/src/realsense-ros/realsense2_camera' with type 'ros.ament_cmake' and name 'realsense2_camera'
[1.094s] Level 1:colcon.colcon_core.package_identification:_identify(/home/intern/ros2Humble_ws/src/realsense-ros/realsense2_camera_msgs) by extensions ['ignore', 'ignore_ament_install']
[1.094s] Level 1:colcon.colcon_core.package_identification:_identify(/home/intern/ros2Humble_ws/src/realsense-ros/realsense2_camera_msgs) by extension 'ignore'
[1.094s] Level 1:colcon.colcon_core.package_identification:_identify(/home/intern/ros2Humble_ws/src/realsense-ros/realsense2_camera_msgs) by extension 'ignore_ament_install'
[1.095s] Level 1:colcon.colcon_core.package_identification:_identify(/home/intern/ros2Humble_ws/src/realsense-ros/realsense2_camera_msgs) by extensions ['colcon_pkg']
[1.095s] Level 1:colcon.colcon_core.package_identification:_identify(/home/intern/ros2Humble_ws/src/realsense-ros/realsense2_camera_msgs) by extension 'colcon_pkg'
[1.095s] Level 1:colcon.colcon_core.package_identification:_identify(/home/intern/ros2Humble_ws/src/realsense-ros/realsense2_camera_msgs) by extensions ['colcon_meta']
[1.095s] Level 1:colcon.colcon_core.package_identification:_identify(/home/intern/ros2Humble_ws/src/realsense-ros/realsense2_camera_msgs) by extension 'colcon_meta'
[1.095s] Level 1:colcon.colcon_core.package_identification:_identify(/home/intern/ros2Humble_ws/src/realsense-ros/realsense2_camera_msgs) by extensions ['ros']
[1.095s] Level 1:colcon.colcon_core.package_identification:_identify(/home/intern/ros2Humble_ws/src/realsense-ros/realsense2_camera_msgs) by extension 'ros'
[1.097s] DEBUG:colcon.colcon_core.package_identification:Package '/home/intern/ros2Humble_ws/src/realsense-ros/realsense2_camera_msgs' with type 'ros.ament_cmake' and name 'realsense2_camera_msgs'
[1.097s] Level 1:colcon.colcon_core.package_identification:_identify(/home/intern/ros2Humble_ws/src/realsense-ros/realsense2_description) by extensions ['ignore', 'ignore_ament_install']
[1.097s] Level 1:colcon.colcon_core.package_identification:_identify(/home/intern/ros2Humble_ws/src/realsense-ros/realsense2_description) by extension 'ignore'
[1.097s] Level 1:colcon.colcon_core.package_identification:_identify(/home/intern/ros2Humble_ws/src/realsense-ros/realsense2_description) by extension 'ignore_ament_install'
[1.098s] Level 1:colcon.colcon_core.package_identification:_identify(/home/intern/ros2Humble_ws/src/realsense-ros/realsense2_description) by extensions ['colcon_pkg']
[1.098s] Level 1:colcon.colcon_core.package_identification:_identify(/home/intern/ros2Humble_ws/src/realsense-ros/realsense2_description) by extension 'colcon_pkg'
[1.098s] Level 1:colcon.colcon_core.package_identification:_identify(/home/intern/ros2Humble_ws/src/realsense-ros/realsense2_description) by extensions ['colcon_meta']
[1.098s] Level 1:colcon.colcon_core.package_identification:_identify(/home/intern/ros2Humble_ws/src/realsense-ros/realsense2_description) by extension 'colcon_meta'
[1.098s] Level 1:colcon.colcon_core.package_identification:_identify(/home/intern/ros2Humble_ws/src/realsense-ros/realsense2_description) by extensions ['ros']
[1.098s] Level 1:colcon.colcon_core.package_identification:_identify(/home/intern/ros2Humble_ws/src/realsense-ros/realsense2_description) by extension 'ros'
[1.101s] DEBUG:colcon.colcon_core.package_identification:Package '/home/intern/ros2Humble_ws/src/realsense-ros/realsense2_description' with type 'ros.ament_cmake' and name 'realsense2_description'
[1.101s] Level 1:colcon.colcon_core.package_identification:_identify(/home/intern/ros2Humble_ws/src/realsense-ros/scripts) by extensions ['ignore', 'ignore_ament_install']
[1.101s] Level 1:colcon.colcon_core.package_identification:_identify(/home/intern/ros2Humble_ws/src/realsense-ros/scripts) by extension 'ignore'
[1.101s] Level 1:colcon.colcon_core.package_identification:_identify(/home/intern/ros2Humble_ws/src/realsense-ros/scripts) by extension 'ignore_ament_install'
[1.102s] Level 1:colcon.colcon_core.package_identification:_identify(/home/intern/ros2Humble_ws/src/realsense-ros/scripts) by extensions ['colcon_pkg']
[1.102s] Level 1:colcon.colcon_core.package_identification:_identify(/home/intern/ros2Humble_ws/src/realsense-ros/scripts) by extension 'colcon_pkg'
[1.102s] Level 1:colcon.colcon_core.package_identification:_identify(/home/intern/ros2Humble_ws/src/realsense-ros/scripts) by extensions ['colcon_meta']
[1.102s] Level 1:colcon.colcon_core.package_identification:_identify(/home/intern/ros2Humble_ws/src/realsense-ros/scripts) by extension 'colcon_meta'
[1.102s] Level 1:colcon.colcon_core.package_identification:_identify(/home/intern/ros2Humble_ws/src/realsense-ros/scripts) by extensions ['ros']
[1.102s] Level 1:colcon.colcon_core.package_identification:_identify(/home/intern/ros2Humble_ws/src/realsense-ros/scripts) by extension 'ros'
[1.102s] Level 1:colcon.colcon_core.package_identification:_identify(/home/intern/ros2Humble_ws/src/realsense-ros/scripts) by extensions ['cmake', 'python']
[1.102s] Level 1:colcon.colcon_core.package_identification:_identify(/home/intern/ros2Humble_ws/src/realsense-ros/scripts) by extension 'cmake'
[1.103s] Level 1:colcon.colcon_core.package_identification:_identify(/home/intern/ros2Humble_ws/src/realsense-ros/scripts) by extension 'python'
[1.103s] Level 1:colcon.colcon_core.package_identification:_identify(/home/intern/ros2Humble_ws/src/realsense-ros/scripts) by extensions ['python_setup_py']
[1.103s] Level 1:colcon.colcon_core.package_identification:_identify(/home/intern/ros2Humble_ws/src/realsense-ros/scripts) by extension 'python_setup_py'
[1.103s] Level 1:colcon.colcon_core.package_discovery:discover_packages(recursive) using defaults
