[1.059s] DEBUG:colcon:Command line arguments: ['/usr/bin/colcon', 'list', '-p', '--base-paths', '/home/intern/ros2Humble_ws']
[1.059s] DEBUG:colcon:Parsed command line arguments: Namespace(log_base=None, log_level=None, verb_name='list', build_base='build', ignore_user_meta=False, metas=['./colcon.meta'], base_paths=['/home/intern/ros2Humble_ws'], packages_ignore=None, packages_ignore_regex=None, paths=None, packages_up_to=None, packages_up_to_regex=None, packages_above=None, packages_above_and_dependencies=None, packages_above_depth=None, packages_select_by_dep=None, packages_skip_by_dep=None, packages_skip_up_to=None, packages_select_build_failed=False, packages_skip_build_finished=False, packages_select_test_failures=False, packages_skip_test_passed=False, packages_select=None, packages_skip=None, packages_select_regex=None, packages_skip_regex=None, packages_start=None, packages_end=None, allow_overriding=[], topological_order=False, names_only=False, paths_only=True, topological_graph=False, topological_graph_dot=False, topological_graph_density=False, topological_graph_legend=False, topological_graph_dot_cluster=False, topological_graph_dot_include_skipped=False, verb_parser=<colcon_defaults.argument_parser.defaults.DefaultArgumentsDecorator object at 0x7f85b7c37b80>, verb_extension=<colcon_package_information.verb.list.ListVerb object at 0x7f85b7c36d40>, main=<bound method ListVerb.main of <colcon_package_information.verb.list.ListVerb object at 0x7f85b7c36d40>>)
[1.209s] Level 1:colcon.colcon_core.package_discovery:discover_packages(colcon_meta) check parameters
[1.209s] Level 1:colcon.colcon_core.package_discovery:discover_packages(recursive) check parameters
[1.210s] Level 1:colcon.colcon_core.package_discovery:discover_packages(ignore) check parameters
[1.210s] Level 1:colcon.colcon_core.package_discovery:discover_packages(path) check parameters
[1.210s] Level 1:colcon.colcon_core.package_discovery:discover_packages(recursive) discover
[1.210s] INFO:colcon.colcon_core.package_discovery:Crawling recursively for packages in '/home/intern/ros2Humble_ws'
[1.210s] Level 1:colcon.colcon_core.package_identification:_identify(/home/intern/ros2Humble_ws) by extensions ['ignore', 'ignore_ament_install']
[1.211s] Level 1:colcon.colcon_core.package_identification:_identify(/home/intern/ros2Humble_ws) by extension 'ignore'
[1.211s] Level 1:colcon.colcon_core.package_identification:_identify(/home/intern/ros2Humble_ws) by extension 'ignore_ament_install'
[1.211s] Level 1:colcon.colcon_core.package_identification:_identify(/home/intern/ros2Humble_ws) by extensions ['colcon_pkg']
[1.211s] Level 1:colcon.colcon_core.package_identification:_identify(/home/intern/ros2Humble_ws) by extension 'colcon_pkg'
[1.211s] Level 1:colcon.colcon_core.package_identification:_identify(/home/intern/ros2Humble_ws) by extensions ['colcon_meta']
[1.211s] Level 1:colcon.colcon_core.package_identification:_identify(/home/intern/ros2Humble_ws) by extension 'colcon_meta'
[1.211s] Level 1:colcon.colcon_core.package_identification:_identify(/home/intern/ros2Humble_ws) by extensions ['ros']
[1.212s] Level 1:colcon.colcon_core.package_identification:_identify(/home/intern/ros2Humble_ws) by extension 'ros'
[1.276s] Level 1:colcon.colcon_core.package_identification:_identify(/home/intern/ros2Humble_ws) by extensions ['cmake', 'python']
[1.276s] Level 1:colcon.colcon_core.package_identification:_identify(/home/intern/ros2Humble_ws) by extension 'cmake'
[1.276s] Level 1:colcon.colcon_core.package_identification:_identify(/home/intern/ros2Humble_ws) by extension 'python'
[1.276s] Level 1:colcon.colcon_core.package_identification:_identify(/home/intern/ros2Humble_ws) by extensions ['python_setup_py']
[1.277s] Level 1:colcon.colcon_core.package_identification:_identify(/home/intern/ros2Humble_ws) by extension 'python_setup_py'
[1.278s] Level 1:colcon.colcon_core.package_identification:_identify(/home/intern/ros2Humble_ws/build) by extensions ['ignore', 'ignore_ament_install']
[1.278s] Level 1:colcon.colcon_core.package_identification:_identify(/home/intern/ros2Humble_ws/build) by extension 'ignore'
[1.279s] Level 1:colcon.colcon_core.package_identification:_identify(/home/intern/ros2Humble_ws/build) ignored
[1.279s] Level 1:colcon.colcon_core.package_identification:_identify(/home/intern/ros2Humble_ws/install) by extensions ['ignore', 'ignore_ament_install']
[1.279s] Level 1:colcon.colcon_core.package_identification:_identify(/home/intern/ros2Humble_ws/install) by extension 'ignore'
[1.279s] Level 1:colcon.colcon_core.package_identification:_identify(/home/intern/ros2Humble_ws/install) ignored
[1.280s] Level 1:colcon.colcon_core.package_identification:_identify(/home/intern/ros2Humble_ws/log) by extensions ['ignore', 'ignore_ament_install']
[1.282s] Level 1:colcon.colcon_core.package_identification:_identify(/home/intern/ros2Humble_ws/log) by extension 'ignore'
[1.282s] Level 1:colcon.colcon_core.package_identification:_identify(/home/intern/ros2Humble_ws/log) ignored
[1.284s] Level 1:colcon.colcon_core.package_identification:_identify(/home/intern/ros2Humble_ws/src) by extensions ['ignore', 'ignore_ament_install']
[1.284s] Level 1:colcon.colcon_core.package_identification:_identify(/home/intern/ros2Humble_ws/src) by extension 'ignore'
[1.284s] Level 1:colcon.colcon_core.package_identification:_identify(/home/intern/ros2Humble_ws/src) by extension 'ignore_ament_install'
[1.284s] Level 1:colcon.colcon_core.package_identification:_identify(/home/intern/ros2Humble_ws/src) by extensions ['colcon_pkg']
[1.285s] Level 1:colcon.colcon_core.package_identification:_identify(/home/intern/ros2Humble_ws/src) by extension 'colcon_pkg'
[1.285s] Level 1:colcon.colcon_core.package_identification:_identify(/home/intern/ros2Humble_ws/src) by extensions ['colcon_meta']
[1.285s] Level 1:colcon.colcon_core.package_identification:_identify(/home/intern/ros2Humble_ws/src) by extension 'colcon_meta'
[1.285s] Level 1:colcon.colcon_core.package_identification:_identify(/home/intern/ros2Humble_ws/src) by extensions ['ros']
[1.285s] Level 1:colcon.colcon_core.package_identification:_identify(/home/intern/ros2Humble_ws/src) by extension 'ros'
[1.285s] Level 1:colcon.colcon_core.package_identification:_identify(/home/intern/ros2Humble_ws/src) by extensions ['cmake', 'python']
[1.285s] Level 1:colcon.colcon_core.package_identification:_identify(/home/intern/ros2Humble_ws/src) by extension 'cmake'
[1.285s] Level 1:colcon.colcon_core.package_identification:_identify(/home/intern/ros2Humble_ws/src) by extension 'python'
[1.286s] Level 1:colcon.colcon_core.package_identification:_identify(/home/intern/ros2Humble_ws/src) by extensions ['python_setup_py']
[1.286s] Level 1:colcon.colcon_core.package_identification:_identify(/home/intern/ros2Humble_ws/src) by extension 'python_setup_py'
[1.286s] Level 1:colcon.colcon_core.package_identification:_identify(/home/intern/ros2Humble_ws/src/apriltag_ros) by extensions ['ignore', 'ignore_ament_install']
[1.286s] Level 1:colcon.colcon_core.package_identification:_identify(/home/intern/ros2Humble_ws/src/apriltag_ros) by extension 'ignore'
[1.286s] Level 1:colcon.colcon_core.package_identification:_identify(/home/intern/ros2Humble_ws/src/apriltag_ros) by extension 'ignore_ament_install'
[1.286s] Level 1:colcon.colcon_core.package_identification:_identify(/home/intern/ros2Humble_ws/src/apriltag_ros) by extensions ['colcon_pkg']
[1.287s] Level 1:colcon.colcon_core.package_identification:_identify(/home/intern/ros2Humble_ws/src/apriltag_ros) by extension 'colcon_pkg'
[1.287s] Level 1:colcon.colcon_core.package_identification:_identify(/home/intern/ros2Humble_ws/src/apriltag_ros) by extensions ['colcon_meta']
[1.287s] Level 1:colcon.colcon_core.package_identification:_identify(/home/intern/ros2Humble_ws/src/apriltag_ros) by extension 'colcon_meta'
[1.287s] Level 1:colcon.colcon_core.package_identification:_identify(/home/intern/ros2Humble_ws/src/apriltag_ros) by extensions ['ros']
[1.287s] Level 1:colcon.colcon_core.package_identification:_identify(/home/intern/ros2Humble_ws/src/apriltag_ros) by extension 'ros'
[1.298s] DEBUG:colcon.colcon_core.package_identification:Package '/home/intern/ros2Humble_ws/src/apriltag_ros' with type 'ros.ament_cmake' and name 'apriltag_ros'
[1.300s] Level 1:colcon.colcon_core.package_identification:_identify(/home/intern/ros2Humble_ws/src/realsense-ros) by extensions ['ignore', 'ignore_ament_install']
[1.314s] Level 1:colcon.colcon_core.package_identification:_identify(/home/intern/ros2Humble_ws/src/realsense-ros) by extension 'ignore'
[1.314s] Level 1:colcon.colcon_core.package_identification:_identify(/home/intern/ros2Humble_ws/src/realsense-ros) by extension 'ignore_ament_install'
[1.314s] Level 1:colcon.colcon_core.package_identification:_identify(/home/intern/ros2Humble_ws/src/realsense-ros) by extensions ['colcon_pkg']
[1.315s] Level 1:colcon.colcon_core.package_identification:_identify(/home/intern/ros2Humble_ws/src/realsense-ros) by extension 'colcon_pkg'
[1.315s] Level 1:colcon.colcon_core.package_identification:_identify(/home/intern/ros2Humble_ws/src/realsense-ros) by extensions ['colcon_meta']
[1.315s] Level 1:colcon.colcon_core.package_identification:_identify(/home/intern/ros2Humble_ws/src/realsense-ros) by extension 'colcon_meta'
[1.315s] Level 1:colcon.colcon_core.package_identification:_identify(/home/intern/ros2Humble_ws/src/realsense-ros) by extensions ['ros']
[1.315s] Level 1:colcon.colcon_core.package_identification:_identify(/home/intern/ros2Humble_ws/src/realsense-ros) by extension 'ros'
[1.315s] Level 1:colcon.colcon_core.package_identification:_identify(/home/intern/ros2Humble_ws/src/realsense-ros) by extensions ['cmake', 'python']
[1.315s] Level 1:colcon.colcon_core.package_identification:_identify(/home/intern/ros2Humble_ws/src/realsense-ros) by extension 'cmake'
[1.315s] Level 1:colcon.colcon_core.package_identification:_identify(/home/intern/ros2Humble_ws/src/realsense-ros) by extension 'python'
[1.315s] Level 1:colcon.colcon_core.package_identification:_identify(/home/intern/ros2Humble_ws/src/realsense-ros) by extensions ['python_setup_py']
[1.316s] Level 1:colcon.colcon_core.package_identification:_identify(/home/intern/ros2Humble_ws/src/realsense-ros) by extension 'python_setup_py'
[1.316s] Level 1:colcon.colcon_core.package_identification:_identify(/home/intern/ros2Humble_ws/src/realsense-ros/realsense2_camera) by extensions ['ignore', 'ignore_ament_install']
[1.316s] Level 1:colcon.colcon_core.package_identification:_identify(/home/intern/ros2Humble_ws/src/realsense-ros/realsense2_camera) by extension 'ignore'
[1.316s] Level 1:colcon.colcon_core.package_identification:_identify(/home/intern/ros2Humble_ws/src/realsense-ros/realsense2_camera) by extension 'ignore_ament_install'
[1.316s] Level 1:colcon.colcon_core.package_identification:_identify(/home/intern/ros2Humble_ws/src/realsense-ros/realsense2_camera) by extensions ['colcon_pkg']
[1.316s] Level 1:colcon.colcon_core.package_identification:_identify(/home/intern/ros2Humble_ws/src/realsense-ros/realsense2_camera) by extension 'colcon_pkg'
[1.317s] Level 1:colcon.colcon_core.package_identification:_identify(/home/intern/ros2Humble_ws/src/realsense-ros/realsense2_camera) by extensions ['colcon_meta']
[1.317s] Level 1:colcon.colcon_core.package_identification:_identify(/home/intern/ros2Humble_ws/src/realsense-ros/realsense2_camera) by extension 'colcon_meta'
[1.317s] Level 1:colcon.colcon_core.package_identification:_identify(/home/intern/ros2Humble_ws/src/realsense-ros/realsense2_camera) by extensions ['ros']
[1.317s] Level 1:colcon.colcon_core.package_identification:_identify(/home/intern/ros2Humble_ws/src/realsense-ros/realsense2_camera) by extension 'ros'
[1.325s] DEBUG:colcon.colcon_core.package_identification:Package '/home/intern/ros2Humble_ws/src/realsense-ros/realsense2_camera' with type 'ros.ament_cmake' and name 'realsense2_camera'
[1.325s] Level 1:colcon.colcon_core.package_identification:_identify(/home/intern/ros2Humble_ws/src/realsense-ros/realsense2_camera_msgs) by extensions ['ignore', 'ignore_ament_install']
[1.325s] Level 1:colcon.colcon_core.package_identification:_identify(/home/intern/ros2Humble_ws/src/realsense-ros/realsense2_camera_msgs) by extension 'ignore'
[1.326s] Level 1:colcon.colcon_core.package_identification:_identify(/home/intern/ros2Humble_ws/src/realsense-ros/realsense2_camera_msgs) by extension 'ignore_ament_install'
[1.326s] Level 1:colcon.colcon_core.package_identification:_identify(/home/intern/ros2Humble_ws/src/realsense-ros/realsense2_camera_msgs) by extensions ['colcon_pkg']
[1.326s] Level 1:colcon.colcon_core.package_identification:_identify(/home/intern/ros2Humble_ws/src/realsense-ros/realsense2_camera_msgs) by extension 'colcon_pkg'
[1.326s] Level 1:colcon.colcon_core.package_identification:_identify(/home/intern/ros2Humble_ws/src/realsense-ros/realsense2_camera_msgs) by extensions ['colcon_meta']
[1.326s] Level 1:colcon.colcon_core.package_identification:_identify(/home/intern/ros2Humble_ws/src/realsense-ros/realsense2_camera_msgs) by extension 'colcon_meta'
[1.326s] Level 1:colcon.colcon_core.package_identification:_identify(/home/intern/ros2Humble_ws/src/realsense-ros/realsense2_camera_msgs) by extensions ['ros']
[1.326s] Level 1:colcon.colcon_core.package_identification:_identify(/home/intern/ros2Humble_ws/src/realsense-ros/realsense2_camera_msgs) by extension 'ros'
[1.328s] DEBUG:colcon.colcon_core.package_identification:Package '/home/intern/ros2Humble_ws/src/realsense-ros/realsense2_camera_msgs' with type 'ros.ament_cmake' and name 'realsense2_camera_msgs'
[1.329s] Level 1:colcon.colcon_core.package_identification:_identify(/home/intern/ros2Humble_ws/src/realsense-ros/realsense2_description) by extensions ['ignore', 'ignore_ament_install']
[1.329s] Level 1:colcon.colcon_core.package_identification:_identify(/home/intern/ros2Humble_ws/src/realsense-ros/realsense2_description) by extension 'ignore'
[1.329s] Level 1:colcon.colcon_core.package_identification:_identify(/home/intern/ros2Humble_ws/src/realsense-ros/realsense2_description) by extension 'ignore_ament_install'
[1.329s] Level 1:colcon.colcon_core.package_identification:_identify(/home/intern/ros2Humble_ws/src/realsense-ros/realsense2_description) by extensions ['colcon_pkg']
[1.329s] Level 1:colcon.colcon_core.package_identification:_identify(/home/intern/ros2Humble_ws/src/realsense-ros/realsense2_description) by extension 'colcon_pkg'
[1.329s] Level 1:colcon.colcon_core.package_identification:_identify(/home/intern/ros2Humble_ws/src/realsense-ros/realsense2_description) by extensions ['colcon_meta']
[1.329s] Level 1:colcon.colcon_core.package_identification:_identify(/home/intern/ros2Humble_ws/src/realsense-ros/realsense2_description) by extension 'colcon_meta'
[1.329s] Level 1:colcon.colcon_core.package_identification:_identify(/home/intern/ros2Humble_ws/src/realsense-ros/realsense2_description) by extensions ['ros']
[1.330s] Level 1:colcon.colcon_core.package_identification:_identify(/home/intern/ros2Humble_ws/src/realsense-ros/realsense2_description) by extension 'ros'
[1.332s] DEBUG:colcon.colcon_core.package_identification:Package '/home/intern/ros2Humble_ws/src/realsense-ros/realsense2_description' with type 'ros.ament_cmake' and name 'realsense2_description'
[1.332s] Level 1:colcon.colcon_core.package_identification:_identify(/home/intern/ros2Humble_ws/src/realsense-ros/scripts) by extensions ['ignore', 'ignore_ament_install']
[1.332s] Level 1:colcon.colcon_core.package_identification:_identify(/home/intern/ros2Humble_ws/src/realsense-ros/scripts) by extension 'ignore'
[1.332s] Level 1:colcon.colcon_core.package_identification:_identify(/home/intern/ros2Humble_ws/src/realsense-ros/scripts) by extension 'ignore_ament_install'
[1.333s] Level 1:colcon.colcon_core.package_identification:_identify(/home/intern/ros2Humble_ws/src/realsense-ros/scripts) by extensions ['colcon_pkg']
[1.333s] Level 1:colcon.colcon_core.package_identification:_identify(/home/intern/ros2Humble_ws/src/realsense-ros/scripts) by extension 'colcon_pkg'
[1.333s] Level 1:colcon.colcon_core.package_identification:_identify(/home/intern/ros2Humble_ws/src/realsense-ros/scripts) by extensions ['colcon_meta']
[1.333s] Level 1:colcon.colcon_core.package_identification:_identify(/home/intern/ros2Humble_ws/src/realsense-ros/scripts) by extension 'colcon_meta'
[1.333s] Level 1:colcon.colcon_core.package_identification:_identify(/home/intern/ros2Humble_ws/src/realsense-ros/scripts) by extensions ['ros']
[1.333s] Level 1:colcon.colcon_core.package_identification:_identify(/home/intern/ros2Humble_ws/src/realsense-ros/scripts) by extension 'ros'
[1.333s] Level 1:colcon.colcon_core.package_identification:_identify(/home/intern/ros2Humble_ws/src/realsense-ros/scripts) by extensions ['cmake', 'python']
[1.333s] Level 1:colcon.colcon_core.package_identification:_identify(/home/intern/ros2Humble_ws/src/realsense-ros/scripts) by extension 'cmake'
[1.333s] Level 1:colcon.colcon_core.package_identification:_identify(/home/intern/ros2Humble_ws/src/realsense-ros/scripts) by extension 'python'
[1.334s] Level 1:colcon.colcon_core.package_identification:_identify(/home/intern/ros2Humble_ws/src/realsense-ros/scripts) by extensions ['python_setup_py']
[1.334s] Level 1:colcon.colcon_core.package_identification:_identify(/home/intern/ros2Humble_ws/src/realsense-ros/scripts) by extension 'python_setup_py'
[1.334s] Level 1:colcon.colcon_core.package_discovery:discover_packages(recursive) using defaults
