[0.875s] Invoking command in '/home/intern/recursive_ws/src/takeImage': PYTHONPATH=/home/intern/recursive_ws/build/takeImage/prefix_override:/home/intern/recursive_ws/install/takeImage/lib/python3.10/site-packages:${PYTHONPATH} /usr/bin/python3 setup.py egg_info --egg-base ../../build/takeImage build --build-base /home/intern/recursive_ws/build/takeImage/build install --record /home/intern/recursive_ws/build/takeImage/install.log --single-version-externally-managed
[1.156s] running egg_info
[1.157s] writing ../../build/takeImage/takeImage.egg-info/PKG-INFO
[1.158s] writing dependency_links to ../../build/takeImage/takeImage.egg-info/dependency_links.txt
[1.158s] writing entry points to ../../build/takeImage/takeImage.egg-info/entry_points.txt
[1.158s] writing requirements to ../../build/takeImage/takeImage.egg-info/requires.txt
[1.158s] writing top-level names to ../../build/takeImage/takeImage.egg-info/top_level.txt
[1.163s] reading manifest file '../../build/takeImage/takeImage.egg-info/SOURCES.txt'
[1.165s] writing manifest file '../../build/takeImage/takeImage.egg-info/SOURCES.txt'
[1.165s] running build
[1.165s] running build_py
[1.166s] running install
[1.167s] /usr/lib/python3/dist-packages/setuptools/command/install.py:34: SetuptoolsDeprecationWarning: setup.py install is deprecated. Use build and pip and other standards-based tools.
[1.167s]   warnings.warn(
[1.167s] running install_lib
[1.175s] running install_data
[1.175s] running install_egg_info
[1.176s] removing '/home/intern/recursive_ws/install/takeImage/lib/python3.10/site-packages/takeImage-0.0.0-py3.10.egg-info' (and everything under it)
[1.176s] Copying ../../build/takeImage/takeImage.egg-info to /home/intern/recursive_ws/install/takeImage/lib/python3.10/site-packages/takeImage-0.0.0-py3.10.egg-info
[1.176s] running install_scripts
[1.201s] Installing takeImage script to /home/intern/recursive_ws/install/takeImage/lib/takeImage
[1.202s] writing list of installed files to '/home/intern/recursive_ws/build/takeImage/install.log'
[1.236s] Invoked command in '/home/intern/recursive_ws/src/takeImage' returned '0': PYTHONPATH=/home/intern/recursive_ws/build/takeImage/prefix_override:/home/intern/recursive_ws/install/takeImage/lib/python3.10/site-packages:${PYTHONPATH} /usr/bin/python3 setup.py egg_info --egg-base ../../build/takeImage build --build-base /home/intern/recursive_ws/build/takeImage/build install --record /home/intern/recursive_ws/build/takeImage/install.log --single-version-externally-managed
