[0.036s] Invoking command in '/home/intern/ros2Humble_ws/build/apriltag_ros': CMAKE_PREFIX_PATH=${CMAKE_PREFIX_PATH}:/opt/ros/humble /home/intern/.local/bin/cmake --build /home/intern/ros2Humble_ws/build/apriltag_ros -- -j4 -l4
[0.200s] [ 20%] Built target tags
[0.208s] [ 60%] Built target apriltag_node
[0.253s] [100%] Built target AprilTagNode
[0.448s] Invoked command in '/home/intern/ros2Humble_ws/build/apriltag_ros' returned '0': CMAKE_PREFIX_PATH=${CMAKE_PREFIX_PATH}:/opt/ros/humble /home/intern/.local/bin/cmake --build /home/intern/ros2Humble_ws/build/apriltag_ros -- -j4 -l4
[0.594s] Invoking command in '/home/intern/ros2Humble_ws/build/apriltag_ros': CMAKE_PREFIX_PATH=${CMAKE_PREFIX_PATH}:/opt/ros/humble /home/intern/.local/bin/cmake --install /home/intern/ros2Humble_ws/build/apriltag_ros
[0.635s] -- Install configuration: ""
[0.637s] -- Up-to-date: /home/intern/ros2Humble_ws/install/apriltag_ros/lib/apriltag_ros/apriltag_node
[0.637s] -- Up-to-date: /home/intern/ros2Humble_ws/install/apriltag_ros/share/apriltag_ros/environment/library_path.sh
[0.637s] -- Up-to-date: /home/intern/ros2Humble_ws/install/apriltag_ros/share/apriltag_ros/environment/library_path.dsv
[0.638s] -- Up-to-date: /home/intern/ros2Humble_ws/install/apriltag_ros/lib/libAprilTagNode.so
[0.638s] -- Up-to-date: /home/intern/ros2Humble_ws/install/apriltag_ros/share/apriltag_ros/cfg
[0.638s] -- Installing: /home/intern/ros2Humble_ws/install/apriltag_ros/share/apriltag_ros/cfg/tags_36h11.yaml
[0.639s] -- Up-to-date: /home/intern/ros2Humble_ws/install/apriltag_ros/share/apriltag_ros/launch
[0.639s] -- Installing: /home/intern/ros2Humble_ws/install/apriltag_ros/share/apriltag_ros/launch/apriltag.launch.py
[0.639s] -- Installing: /home/intern/ros2Humble_ws/install/apriltag_ros/share/apriltag_ros/launch/__pycache__
[0.640s] -- Installing: /home/intern/ros2Humble_ws/install/apriltag_ros/share/apriltag_ros/launch/__pycache__/apriltag.launch.cpython-310.pyc
[0.640s] -- Up-to-date: /home/intern/ros2Humble_ws/install/apriltag_ros/share/apriltag_ros/launch/v4l2_36h11.launch.yml
[0.641s] -- Up-to-date: /home/intern/ros2Humble_ws/install/apriltag_ros/share/ament_index/resource_index/package_run_dependencies/apriltag_ros
[0.641s] -- Up-to-date: /home/intern/ros2Humble_ws/install/apriltag_ros/share/ament_index/resource_index/parent_prefix_path/apriltag_ros
[0.641s] -- Up-to-date: /home/intern/ros2Humble_ws/install/apriltag_ros/share/apriltag_ros/environment/ament_prefix_path.sh
[0.642s] -- Up-to-date: /home/intern/ros2Humble_ws/install/apriltag_ros/share/apriltag_ros/environment/ament_prefix_path.dsv
[0.642s] -- Up-to-date: /home/intern/ros2Humble_ws/install/apriltag_ros/share/apriltag_ros/environment/path.sh
[0.642s] -- Up-to-date: /home/intern/ros2Humble_ws/install/apriltag_ros/share/apriltag_ros/environment/path.dsv
[0.643s] -- Up-to-date: /home/intern/ros2Humble_ws/install/apriltag_ros/share/apriltag_ros/local_setup.bash
[0.643s] -- Up-to-date: /home/intern/ros2Humble_ws/install/apriltag_ros/share/apriltag_ros/local_setup.sh
[0.643s] -- Up-to-date: /home/intern/ros2Humble_ws/install/apriltag_ros/share/apriltag_ros/local_setup.zsh
[0.644s] -- Up-to-date: /home/intern/ros2Humble_ws/install/apriltag_ros/share/apriltag_ros/local_setup.dsv
[0.644s] -- Installing: /home/intern/ros2Humble_ws/install/apriltag_ros/share/apriltag_ros/package.dsv
[0.645s] -- Up-to-date: /home/intern/ros2Humble_ws/install/apriltag_ros/share/ament_index/resource_index/packages/apriltag_ros
[0.645s] -- Up-to-date: /home/intern/ros2Humble_ws/install/apriltag_ros/share/ament_index/resource_index/rclcpp_components/apriltag_ros
[0.646s] -- Up-to-date: /home/intern/ros2Humble_ws/install/apriltag_ros/share/apriltag_ros/cmake/apriltag_rosConfig.cmake
[0.646s] -- Up-to-date: /home/intern/ros2Humble_ws/install/apriltag_ros/share/apriltag_ros/cmake/apriltag_rosConfig-version.cmake
[0.646s] -- Up-to-date: /home/intern/ros2Humble_ws/install/apriltag_ros/share/apriltag_ros/package.xml
[0.655s] Invoked command in '/home/intern/ros2Humble_ws/build/apriltag_ros' returned '0': CMAKE_PREFIX_PATH=${CMAKE_PREFIX_PATH}:/opt/ros/humble /home/intern/.local/bin/cmake --install /home/intern/ros2Humble_ws/build/apriltag_ros
