[0.047s] Invoking command in '/home/intern/ros2Humble_ws/build/realsense2_camera_msgs': CMAKE_PREFIX_PATH=${CMAKE_PREFIX_PATH}:/home/intern/ros2Humble_ws/install/py_launch_aprilsys:/opt/ros/humble /home/intern/.local/bin/cmake --build /home/intern/ros2Humble_ws/build/realsense2_camera_msgs -- -j4 -l4
[0.168s] [  1%] Built target realsense2_camera_msgs__cpp
[0.196s] [ 12%] Built target realsense2_camera_msgs__rosidl_typesupport_cpp
[0.199s] [ 12%] Built target ament_cmake_python_copy_realsense2_camera_msgs
[0.209s] [ 23%] Built target realsense2_camera_msgs__rosidl_generator_c
[0.228s] [ 34%] Built target realsense2_camera_msgs__rosidl_typesupport_fastrtps_cpp
[0.242s] [ 45%] Built target realsense2_camera_msgs__rosidl_typesupport_fastrtps_c
[0.242s] [ 56%] Built target realsense2_camera_msgs__rosidl_typesupport_introspection_cpp
[0.260s] [ 67%] Built target realsense2_camera_msgs__rosidl_typesupport_introspection_c
[0.262s] [ 78%] Built target realsense2_camera_msgs__rosidl_typesupport_c
[0.280s] [ 78%] Built target realsense2_camera_msgs
[0.299s] [ 80%] Built target realsense2_camera_msgs__py
[0.326s] [ 89%] Built target realsense2_camera_msgs__rosidl_generator_py
[0.372s] [ 92%] Built target realsense2_camera_msgs__rosidl_typesupport_fastrtps_c__pyext
[0.390s] [ 96%] Built target realsense2_camera_msgs__rosidl_typesupport_c__pyext
[0.403s] [100%] Built target realsense2_camera_msgs__rosidl_typesupport_introspection_c__pyext
[0.725s] running egg_info
[0.761s] writing realsense2_camera_msgs.egg-info/PKG-INFO
[0.763s] writing dependency_links to realsense2_camera_msgs.egg-info/dependency_links.txt
[0.765s] writing top-level names to realsense2_camera_msgs.egg-info/top_level.txt
[0.868s] reading manifest file 'realsense2_camera_msgs.egg-info/SOURCES.txt'
[0.876s] writing manifest file 'realsense2_camera_msgs.egg-info/SOURCES.txt'
[0.972s] [100%] Built target ament_cmake_python_build_realsense2_camera_msgs_egg
[0.999s] Invoked command in '/home/intern/ros2Humble_ws/build/realsense2_camera_msgs' returned '0': CMAKE_PREFIX_PATH=${CMAKE_PREFIX_PATH}:/home/intern/ros2Humble_ws/install/py_launch_aprilsys:/opt/ros/humble /home/intern/.local/bin/cmake --build /home/intern/ros2Humble_ws/build/realsense2_camera_msgs -- -j4 -l4
[1.526s] Invoking command in '/home/intern/ros2Humble_ws/build/realsense2_camera_msgs': CMAKE_PREFIX_PATH=${CMAKE_PREFIX_PATH}:/home/intern/ros2Humble_ws/install/py_launch_aprilsys:/opt/ros/humble /home/intern/.local/bin/cmake --install /home/intern/ros2Humble_ws/build/realsense2_camera_msgs
[1.570s] -- Install configuration: ""
[1.571s] -- Up-to-date: /home/intern/ros2Humble_ws/install/realsense2_camera_msgs/share/ament_index/resource_index/rosidl_interfaces/realsense2_camera_msgs
[1.571s] -- Up-to-date: /home/intern/ros2Humble_ws/install/realsense2_camera_msgs/include/realsense2_camera_msgs/realsense2_camera_msgs
[1.572s] -- Up-to-date: /home/intern/ros2Humble_ws/install/realsense2_camera_msgs/include/realsense2_camera_msgs/realsense2_camera_msgs/msg
[1.572s] -- Up-to-date: /home/intern/ros2Humble_ws/install/realsense2_camera_msgs/include/realsense2_camera_msgs/realsense2_camera_msgs/msg/extrinsics.h
[1.572s] -- Up-to-date: /home/intern/ros2Humble_ws/install/realsense2_camera_msgs/include/realsense2_camera_msgs/realsense2_camera_msgs/msg/rosidl_generator_c__visibility_control.h
[1.573s] -- Up-to-date: /home/intern/ros2Humble_ws/install/realsense2_camera_msgs/include/realsense2_camera_msgs/realsense2_camera_msgs/msg/detail
[1.573s] -- Up-to-date: /home/intern/ros2Humble_ws/install/realsense2_camera_msgs/include/realsense2_camera_msgs/realsense2_camera_msgs/msg/detail/metadata__functions.c
[1.573s] -- Up-to-date: /home/intern/ros2Humble_ws/install/realsense2_camera_msgs/include/realsense2_camera_msgs/realsense2_camera_msgs/msg/detail/imu_info__functions.h
[1.574s] -- Up-to-date: /home/intern/ros2Humble_ws/install/realsense2_camera_msgs/include/realsense2_camera_msgs/realsense2_camera_msgs/msg/detail/imu_info__struct.h
[1.574s] -- Up-to-date: /home/intern/ros2Humble_ws/install/realsense2_camera_msgs/include/realsense2_camera_msgs/realsense2_camera_msgs/msg/detail/metadata__struct.h
[1.574s] -- Up-to-date: /home/intern/ros2Humble_ws/install/realsense2_camera_msgs/include/realsense2_camera_msgs/realsense2_camera_msgs/msg/detail/metadata__functions.h
[1.574s] -- Up-to-date: /home/intern/ros2Humble_ws/install/realsense2_camera_msgs/include/realsense2_camera_msgs/realsense2_camera_msgs/msg/detail/extrinsics__functions.h
[1.575s] -- Up-to-date: /home/intern/ros2Humble_ws/install/realsense2_camera_msgs/include/realsense2_camera_msgs/realsense2_camera_msgs/msg/detail/extrinsics__type_support.h
[1.575s] -- Up-to-date: /home/intern/ros2Humble_ws/install/realsense2_camera_msgs/include/realsense2_camera_msgs/realsense2_camera_msgs/msg/detail/imu_info__functions.c
[1.575s] -- Up-to-date: /home/intern/ros2Humble_ws/install/realsense2_camera_msgs/include/realsense2_camera_msgs/realsense2_camera_msgs/msg/detail/imu_info__type_support.h
[1.575s] -- Up-to-date: /home/intern/ros2Humble_ws/install/realsense2_camera_msgs/include/realsense2_camera_msgs/realsense2_camera_msgs/msg/detail/extrinsics__functions.c
[1.576s] -- Up-to-date: /home/intern/ros2Humble_ws/install/realsense2_camera_msgs/include/realsense2_camera_msgs/realsense2_camera_msgs/msg/detail/metadata__type_support.h
[1.576s] -- Up-to-date: /home/intern/ros2Humble_ws/install/realsense2_camera_msgs/include/realsense2_camera_msgs/realsense2_camera_msgs/msg/detail/extrinsics__struct.h
[1.576s] -- Up-to-date: /home/intern/ros2Humble_ws/install/realsense2_camera_msgs/include/realsense2_camera_msgs/realsense2_camera_msgs/msg/metadata.h
[1.576s] -- Up-to-date: /home/intern/ros2Humble_ws/install/realsense2_camera_msgs/include/realsense2_camera_msgs/realsense2_camera_msgs/msg/imu_info.h
[1.576s] -- Up-to-date: /home/intern/ros2Humble_ws/install/realsense2_camera_msgs/include/realsense2_camera_msgs/realsense2_camera_msgs/srv
[1.576s] -- Up-to-date: /home/intern/ros2Humble_ws/install/realsense2_camera_msgs/include/realsense2_camera_msgs/realsense2_camera_msgs/srv/device_info.h
[1.577s] -- Up-to-date: /home/intern/ros2Humble_ws/install/realsense2_camera_msgs/include/realsense2_camera_msgs/realsense2_camera_msgs/srv/detail
[1.577s] -- Up-to-date: /home/intern/ros2Humble_ws/install/realsense2_camera_msgs/include/realsense2_camera_msgs/realsense2_camera_msgs/srv/detail/device_info__struct.h
[1.577s] -- Up-to-date: /home/intern/ros2Humble_ws/install/realsense2_camera_msgs/include/realsense2_camera_msgs/realsense2_camera_msgs/srv/detail/device_info__type_support.h
[1.577s] -- Up-to-date: /home/intern/ros2Humble_ws/install/realsense2_camera_msgs/include/realsense2_camera_msgs/realsense2_camera_msgs/srv/detail/device_info__functions.h
[1.577s] -- Up-to-date: /home/intern/ros2Humble_ws/install/realsense2_camera_msgs/include/realsense2_camera_msgs/realsense2_camera_msgs/srv/detail/device_info__functions.c
[1.577s] -- Up-to-date: /home/intern/ros2Humble_ws/install/realsense2_camera_msgs/share/realsense2_camera_msgs/environment/library_path.sh
[1.578s] -- Up-to-date: /home/intern/ros2Humble_ws/install/realsense2_camera_msgs/share/realsense2_camera_msgs/environment/library_path.dsv
[1.578s] -- Up-to-date: /home/intern/ros2Humble_ws/install/realsense2_camera_msgs/lib/librealsense2_camera_msgs__rosidl_generator_c.so
[1.578s] -- Up-to-date: /home/intern/ros2Humble_ws/install/realsense2_camera_msgs/include/realsense2_camera_msgs/realsense2_camera_msgs
[1.578s] -- Up-to-date: /home/intern/ros2Humble_ws/install/realsense2_camera_msgs/include/realsense2_camera_msgs/realsense2_camera_msgs/msg
[1.578s] -- Up-to-date: /home/intern/ros2Humble_ws/install/realsense2_camera_msgs/include/realsense2_camera_msgs/realsense2_camera_msgs/msg/detail
[1.578s] -- Up-to-date: /home/intern/ros2Humble_ws/install/realsense2_camera_msgs/include/realsense2_camera_msgs/realsense2_camera_msgs/msg/detail/metadata__rosidl_typesupport_fastrtps_c.h
[1.578s] -- Up-to-date: /home/intern/ros2Humble_ws/install/realsense2_camera_msgs/include/realsense2_camera_msgs/realsense2_camera_msgs/msg/detail/imu_info__rosidl_typesupport_fastrtps_c.h
[1.579s] -- Up-to-date: /home/intern/ros2Humble_ws/install/realsense2_camera_msgs/include/realsense2_camera_msgs/realsense2_camera_msgs/msg/detail/extrinsics__rosidl_typesupport_fastrtps_c.h
[1.579s] -- Up-to-date: /home/intern/ros2Humble_ws/install/realsense2_camera_msgs/include/realsense2_camera_msgs/realsense2_camera_msgs/msg/rosidl_typesupport_fastrtps_c__visibility_control.h
[1.579s] -- Up-to-date: /home/intern/ros2Humble_ws/install/realsense2_camera_msgs/include/realsense2_camera_msgs/realsense2_camera_msgs/srv
[1.579s] -- Up-to-date: /home/intern/ros2Humble_ws/install/realsense2_camera_msgs/include/realsense2_camera_msgs/realsense2_camera_msgs/srv/detail
[1.579s] -- Up-to-date: /home/intern/ros2Humble_ws/install/realsense2_camera_msgs/include/realsense2_camera_msgs/realsense2_camera_msgs/srv/detail/device_info__rosidl_typesupport_fastrtps_c.h
[1.579s] -- Up-to-date: /home/intern/ros2Humble_ws/install/realsense2_camera_msgs/lib/librealsense2_camera_msgs__rosidl_typesupport_fastrtps_c.so
[1.580s] -- Up-to-date: /home/intern/ros2Humble_ws/install/realsense2_camera_msgs/include/realsense2_camera_msgs/realsense2_camera_msgs
[1.580s] -- Up-to-date: /home/intern/ros2Humble_ws/install/realsense2_camera_msgs/include/realsense2_camera_msgs/realsense2_camera_msgs/msg
[1.580s] -- Up-to-date: /home/intern/ros2Humble_ws/install/realsense2_camera_msgs/include/realsense2_camera_msgs/realsense2_camera_msgs/msg/rosidl_typesupport_introspection_c__visibility_control.h
[1.580s] -- Up-to-date: /home/intern/ros2Humble_ws/install/realsense2_camera_msgs/include/realsense2_camera_msgs/realsense2_camera_msgs/msg/detail
[1.580s] -- Up-to-date: /home/intern/ros2Humble_ws/install/realsense2_camera_msgs/include/realsense2_camera_msgs/realsense2_camera_msgs/msg/detail/metadata__type_support.c
[1.580s] -- Up-to-date: /home/intern/ros2Humble_ws/install/realsense2_camera_msgs/include/realsense2_camera_msgs/realsense2_camera_msgs/msg/detail/imu_info__type_support.c
[1.581s] -- Up-to-date: /home/intern/ros2Humble_ws/install/realsense2_camera_msgs/include/realsense2_camera_msgs/realsense2_camera_msgs/msg/detail/imu_info__rosidl_typesupport_introspection_c.h
[1.581s] -- Up-to-date: /home/intern/ros2Humble_ws/install/realsense2_camera_msgs/include/realsense2_camera_msgs/realsense2_camera_msgs/msg/detail/extrinsics__rosidl_typesupport_introspection_c.h
[1.581s] -- Up-to-date: /home/intern/ros2Humble_ws/install/realsense2_camera_msgs/include/realsense2_camera_msgs/realsense2_camera_msgs/msg/detail/metadata__rosidl_typesupport_introspection_c.h
[1.582s] -- Up-to-date: /home/intern/ros2Humble_ws/install/realsense2_camera_msgs/include/realsense2_camera_msgs/realsense2_camera_msgs/msg/detail/extrinsics__type_support.c
[1.582s] -- Up-to-date: /home/intern/ros2Humble_ws/install/realsense2_camera_msgs/include/realsense2_camera_msgs/realsense2_camera_msgs/srv
[1.583s] -- Up-to-date: /home/intern/ros2Humble_ws/install/realsense2_camera_msgs/include/realsense2_camera_msgs/realsense2_camera_msgs/srv/detail
[1.583s] -- Up-to-date: /home/intern/ros2Humble_ws/install/realsense2_camera_msgs/include/realsense2_camera_msgs/realsense2_camera_msgs/srv/detail/device_info__rosidl_typesupport_introspection_c.h
[1.583s] -- Up-to-date: /home/intern/ros2Humble_ws/install/realsense2_camera_msgs/include/realsense2_camera_msgs/realsense2_camera_msgs/srv/detail/device_info__type_support.c
[1.584s] -- Up-to-date: /home/intern/ros2Humble_ws/install/realsense2_camera_msgs/lib/librealsense2_camera_msgs__rosidl_typesupport_introspection_c.so
[1.585s] -- Up-to-date: /home/intern/ros2Humble_ws/install/realsense2_camera_msgs/lib/librealsense2_camera_msgs__rosidl_typesupport_c.so
[1.585s] -- Up-to-date: /home/intern/ros2Humble_ws/install/realsense2_camera_msgs/include/realsense2_camera_msgs/realsense2_camera_msgs
[1.586s] -- Up-to-date: /home/intern/ros2Humble_ws/install/realsense2_camera_msgs/include/realsense2_camera_msgs/realsense2_camera_msgs/msg
[1.586s] -- Up-to-date: /home/intern/ros2Humble_ws/install/realsense2_camera_msgs/include/realsense2_camera_msgs/realsense2_camera_msgs/msg/detail
[1.587s] -- Up-to-date: /home/intern/ros2Humble_ws/install/realsense2_camera_msgs/include/realsense2_camera_msgs/realsense2_camera_msgs/msg/detail/extrinsics__builder.hpp
[1.588s] -- Up-to-date: /home/intern/ros2Humble_ws/install/realsense2_camera_msgs/include/realsense2_camera_msgs/realsense2_camera_msgs/msg/detail/imu_info__builder.hpp
[1.588s] -- Up-to-date: /home/intern/ros2Humble_ws/install/realsense2_camera_msgs/include/realsense2_camera_msgs/realsense2_camera_msgs/msg/detail/metadata__builder.hpp
[1.588s] -- Up-to-date: /home/intern/ros2Humble_ws/install/realsense2_camera_msgs/include/realsense2_camera_msgs/realsense2_camera_msgs/msg/detail/extrinsics__traits.hpp
[1.588s] -- Up-to-date: /home/intern/ros2Humble_ws/install/realsense2_camera_msgs/include/realsense2_camera_msgs/realsense2_camera_msgs/msg/detail/imu_info__traits.hpp
[1.588s] -- Up-to-date: /home/intern/ros2Humble_ws/install/realsense2_camera_msgs/include/realsense2_camera_msgs/realsense2_camera_msgs/msg/detail/imu_info__struct.hpp
[1.588s] -- Up-to-date: /home/intern/ros2Humble_ws/install/realsense2_camera_msgs/include/realsense2_camera_msgs/realsense2_camera_msgs/msg/detail/metadata__traits.hpp
[1.589s] -- Up-to-date: /home/intern/ros2Humble_ws/install/realsense2_camera_msgs/include/realsense2_camera_msgs/realsense2_camera_msgs/msg/detail/metadata__struct.hpp
[1.591s] -- Up-to-date: /home/intern/ros2Humble_ws/install/realsense2_camera_msgs/include/realsense2_camera_msgs/realsense2_camera_msgs/msg/detail/extrinsics__struct.hpp
[1.591s] -- Up-to-date: /home/intern/ros2Humble_ws/install/realsense2_camera_msgs/include/realsense2_camera_msgs/realsense2_camera_msgs/msg/metadata.hpp
[1.591s] -- Up-to-date: /home/intern/ros2Humble_ws/install/realsense2_camera_msgs/include/realsense2_camera_msgs/realsense2_camera_msgs/msg/extrinsics.hpp
[1.591s] -- Up-to-date: /home/intern/ros2Humble_ws/install/realsense2_camera_msgs/include/realsense2_camera_msgs/realsense2_camera_msgs/msg/imu_info.hpp
[1.592s] -- Up-to-date: /home/intern/ros2Humble_ws/install/realsense2_camera_msgs/include/realsense2_camera_msgs/realsense2_camera_msgs/srv
[1.592s] -- Up-to-date: /home/intern/ros2Humble_ws/install/realsense2_camera_msgs/include/realsense2_camera_msgs/realsense2_camera_msgs/srv/detail
[1.592s] -- Up-to-date: /home/intern/ros2Humble_ws/install/realsense2_camera_msgs/include/realsense2_camera_msgs/realsense2_camera_msgs/srv/detail/device_info__builder.hpp
[1.592s] -- Up-to-date: /home/intern/ros2Humble_ws/install/realsense2_camera_msgs/include/realsense2_camera_msgs/realsense2_camera_msgs/srv/detail/device_info__struct.hpp
[1.592s] -- Up-to-date: /home/intern/ros2Humble_ws/install/realsense2_camera_msgs/include/realsense2_camera_msgs/realsense2_camera_msgs/srv/detail/device_info__traits.hpp
[1.592s] -- Up-to-date: /home/intern/ros2Humble_ws/install/realsense2_camera_msgs/include/realsense2_camera_msgs/realsense2_camera_msgs/srv/device_info.hpp
[1.592s] -- Up-to-date: /home/intern/ros2Humble_ws/install/realsense2_camera_msgs/include/realsense2_camera_msgs/realsense2_camera_msgs
[1.593s] -- Up-to-date: /home/intern/ros2Humble_ws/install/realsense2_camera_msgs/include/realsense2_camera_msgs/realsense2_camera_msgs/msg
[1.593s] -- Up-to-date: /home/intern/ros2Humble_ws/install/realsense2_camera_msgs/include/realsense2_camera_msgs/realsense2_camera_msgs/msg/detail
[1.593s] -- Up-to-date: /home/intern/ros2Humble_ws/install/realsense2_camera_msgs/include/realsense2_camera_msgs/realsense2_camera_msgs/msg/detail/dds_fastrtps
[1.593s] -- Up-to-date: /home/intern/ros2Humble_ws/install/realsense2_camera_msgs/include/realsense2_camera_msgs/realsense2_camera_msgs/msg/detail/imu_info__rosidl_typesupport_fastrtps_cpp.hpp
[1.593s] -- Up-to-date: /home/intern/ros2Humble_ws/install/realsense2_camera_msgs/include/realsense2_camera_msgs/realsense2_camera_msgs/msg/detail/extrinsics__rosidl_typesupport_fastrtps_cpp.hpp
[1.597s] -- Up-to-date: /home/intern/ros2Humble_ws/install/realsense2_camera_msgs/include/realsense2_camera_msgs/realsense2_camera_msgs/msg/detail/metadata__rosidl_typesupport_fastrtps_cpp.hpp
[1.597s] -- Up-to-date: /home/intern/ros2Humble_ws/install/realsense2_camera_msgs/include/realsense2_camera_msgs/realsense2_camera_msgs/msg/rosidl_typesupport_fastrtps_cpp__visibility_control.h
[1.597s] -- Up-to-date: /home/intern/ros2Humble_ws/install/realsense2_camera_msgs/include/realsense2_camera_msgs/realsense2_camera_msgs/srv
[1.597s] -- Up-to-date: /home/intern/ros2Humble_ws/install/realsense2_camera_msgs/include/realsense2_camera_msgs/realsense2_camera_msgs/srv/detail
[1.598s] -- Up-to-date: /home/intern/ros2Humble_ws/install/realsense2_camera_msgs/include/realsense2_camera_msgs/realsense2_camera_msgs/srv/detail/dds_fastrtps
[1.598s] -- Up-to-date: /home/intern/ros2Humble_ws/install/realsense2_camera_msgs/include/realsense2_camera_msgs/realsense2_camera_msgs/srv/detail/device_info__rosidl_typesupport_fastrtps_cpp.hpp
[1.598s] -- Up-to-date: /home/intern/ros2Humble_ws/install/realsense2_camera_msgs/lib/librealsense2_camera_msgs__rosidl_typesupport_fastrtps_cpp.so
[1.598s] -- Up-to-date: /home/intern/ros2Humble_ws/install/realsense2_camera_msgs/include/realsense2_camera_msgs/realsense2_camera_msgs
[1.598s] -- Up-to-date: /home/intern/ros2Humble_ws/install/realsense2_camera_msgs/include/realsense2_camera_msgs/realsense2_camera_msgs/msg
[1.598s] -- Up-to-date: /home/intern/ros2Humble_ws/install/realsense2_camera_msgs/include/realsense2_camera_msgs/realsense2_camera_msgs/msg/detail
[1.599s] -- Up-to-date: /home/intern/ros2Humble_ws/install/realsense2_camera_msgs/include/realsense2_camera_msgs/realsense2_camera_msgs/msg/detail/extrinsics__type_support.cpp
[1.599s] -- Up-to-date: /home/intern/ros2Humble_ws/install/realsense2_camera_msgs/include/realsense2_camera_msgs/realsense2_camera_msgs/msg/detail/extrinsics__rosidl_typesupport_introspection_cpp.hpp
[1.599s] -- Up-to-date: /home/intern/ros2Humble_ws/install/realsense2_camera_msgs/include/realsense2_camera_msgs/realsense2_camera_msgs/msg/detail/imu_info__rosidl_typesupport_introspection_cpp.hpp
[1.599s] -- Up-to-date: /home/intern/ros2Humble_ws/install/realsense2_camera_msgs/include/realsense2_camera_msgs/realsense2_camera_msgs/msg/detail/metadata__type_support.cpp
[1.599s] -- Up-to-date: /home/intern/ros2Humble_ws/install/realsense2_camera_msgs/include/realsense2_camera_msgs/realsense2_camera_msgs/msg/detail/metadata__rosidl_typesupport_introspection_cpp.hpp
[1.599s] -- Up-to-date: /home/intern/ros2Humble_ws/install/realsense2_camera_msgs/include/realsense2_camera_msgs/realsense2_camera_msgs/msg/detail/imu_info__type_support.cpp
[1.600s] -- Up-to-date: /home/intern/ros2Humble_ws/install/realsense2_camera_msgs/include/realsense2_camera_msgs/realsense2_camera_msgs/srv
[1.600s] -- Up-to-date: /home/intern/ros2Humble_ws/install/realsense2_camera_msgs/include/realsense2_camera_msgs/realsense2_camera_msgs/srv/detail
[1.600s] -- Up-to-date: /home/intern/ros2Humble_ws/install/realsense2_camera_msgs/include/realsense2_camera_msgs/realsense2_camera_msgs/srv/detail/device_info__type_support.cpp
[1.600s] -- Up-to-date: /home/intern/ros2Humble_ws/install/realsense2_camera_msgs/include/realsense2_camera_msgs/realsense2_camera_msgs/srv/detail/device_info__rosidl_typesupport_introspection_cpp.hpp
[1.600s] -- Up-to-date: /home/intern/ros2Humble_ws/install/realsense2_camera_msgs/lib/librealsense2_camera_msgs__rosidl_typesupport_introspection_cpp.so
[1.605s] -- Up-to-date: /home/intern/ros2Humble_ws/install/realsense2_camera_msgs/lib/librealsense2_camera_msgs__rosidl_typesupport_cpp.so
[1.606s] -- Up-to-date: /home/intern/ros2Humble_ws/install/realsense2_camera_msgs/share/realsense2_camera_msgs/environment/pythonpath.sh
[1.606s] -- Up-to-date: /home/intern/ros2Humble_ws/install/realsense2_camera_msgs/share/realsense2_camera_msgs/environment/pythonpath.dsv
[1.606s] -- Up-to-date: /home/intern/ros2Humble_ws/install/realsense2_camera_msgs/local/lib/python3.10/dist-packages/realsense2_camera_msgs-4.51.1-py3.10.egg-info
[1.606s] -- Installing: /home/intern/ros2Humble_ws/install/realsense2_camera_msgs/local/lib/python3.10/dist-packages/realsense2_camera_msgs-4.51.1-py3.10.egg-info/SOURCES.txt
[1.606s] -- Installing: /home/intern/ros2Humble_ws/install/realsense2_camera_msgs/local/lib/python3.10/dist-packages/realsense2_camera_msgs-4.51.1-py3.10.egg-info/top_level.txt
[1.607s] -- Installing: /home/intern/ros2Humble_ws/install/realsense2_camera_msgs/local/lib/python3.10/dist-packages/realsense2_camera_msgs-4.51.1-py3.10.egg-info/dependency_links.txt
[1.607s] -- Installing: /home/intern/ros2Humble_ws/install/realsense2_camera_msgs/local/lib/python3.10/dist-packages/realsense2_camera_msgs-4.51.1-py3.10.egg-info/PKG-INFO
[1.607s] -- Up-to-date: /home/intern/ros2Humble_ws/install/realsense2_camera_msgs/local/lib/python3.10/dist-packages/realsense2_camera_msgs
[1.607s] -- Up-to-date: /home/intern/ros2Humble_ws/install/realsense2_camera_msgs/local/lib/python3.10/dist-packages/realsense2_camera_msgs/_realsense2_camera_msgs_s.ep.rosidl_typesupport_fastrtps_c.c
[1.607s] -- Up-to-date: /home/intern/ros2Humble_ws/install/realsense2_camera_msgs/local/lib/python3.10/dist-packages/realsense2_camera_msgs/realsense2_camera_msgs_s__rosidl_typesupport_introspection_c.cpython-310-x86_64-linux-gnu.so
[1.607s] -- Up-to-date: /home/intern/ros2Humble_ws/install/realsense2_camera_msgs/local/lib/python3.10/dist-packages/realsense2_camera_msgs/msg
[1.607s] -- Up-to-date: /home/intern/ros2Humble_ws/install/realsense2_camera_msgs/local/lib/python3.10/dist-packages/realsense2_camera_msgs/msg/_imu_info.py
[1.608s] -- Up-to-date: /home/intern/ros2Humble_ws/install/realsense2_camera_msgs/local/lib/python3.10/dist-packages/realsense2_camera_msgs/msg/_extrinsics.py
[1.608s] -- Up-to-date: /home/intern/ros2Humble_ws/install/realsense2_camera_msgs/local/lib/python3.10/dist-packages/realsense2_camera_msgs/msg/__init__.py
[1.608s] -- Up-to-date: /home/intern/ros2Humble_ws/install/realsense2_camera_msgs/local/lib/python3.10/dist-packages/realsense2_camera_msgs/msg/_metadata.py
[1.608s] -- Up-to-date: /home/intern/ros2Humble_ws/install/realsense2_camera_msgs/local/lib/python3.10/dist-packages/realsense2_camera_msgs/msg/_metadata_s.c
[1.608s] -- Up-to-date: /home/intern/ros2Humble_ws/install/realsense2_camera_msgs/local/lib/python3.10/dist-packages/realsense2_camera_msgs/msg/_imu_info_s.c
[1.608s] -- Up-to-date: /home/intern/ros2Humble_ws/install/realsense2_camera_msgs/local/lib/python3.10/dist-packages/realsense2_camera_msgs/msg/_extrinsics_s.c
[1.609s] -- Up-to-date: /home/intern/ros2Humble_ws/install/realsense2_camera_msgs/local/lib/python3.10/dist-packages/realsense2_camera_msgs/__init__.py
[1.609s] -- Up-to-date: /home/intern/ros2Humble_ws/install/realsense2_camera_msgs/local/lib/python3.10/dist-packages/realsense2_camera_msgs/_realsense2_camera_msgs_s.ep.rosidl_typesupport_introspection_c.c
[1.609s] -- Up-to-date: /home/intern/ros2Humble_ws/install/realsense2_camera_msgs/local/lib/python3.10/dist-packages/realsense2_camera_msgs/_realsense2_camera_msgs_s.ep.rosidl_typesupport_c.c
[1.609s] -- Up-to-date: /home/intern/ros2Humble_ws/install/realsense2_camera_msgs/local/lib/python3.10/dist-packages/realsense2_camera_msgs/srv
[1.610s] -- Up-to-date: /home/intern/ros2Humble_ws/install/realsense2_camera_msgs/local/lib/python3.10/dist-packages/realsense2_camera_msgs/srv/__init__.py
[1.610s] -- Up-to-date: /home/intern/ros2Humble_ws/install/realsense2_camera_msgs/local/lib/python3.10/dist-packages/realsense2_camera_msgs/srv/_device_info.py
[1.610s] -- Up-to-date: /home/intern/ros2Humble_ws/install/realsense2_camera_msgs/local/lib/python3.10/dist-packages/realsense2_camera_msgs/srv/_device_info_s.c
[1.610s] -- Up-to-date: /home/intern/ros2Humble_ws/install/realsense2_camera_msgs/local/lib/python3.10/dist-packages/realsense2_camera_msgs/realsense2_camera_msgs_s__rosidl_typesupport_c.cpython-310-x86_64-linux-gnu.so
[1.610s] -- Up-to-date: /home/intern/ros2Humble_ws/install/realsense2_camera_msgs/local/lib/python3.10/dist-packages/realsense2_camera_msgs/librealsense2_camera_msgs__rosidl_generator_py.so
[1.610s] -- Up-to-date: /home/intern/ros2Humble_ws/install/realsense2_camera_msgs/local/lib/python3.10/dist-packages/realsense2_camera_msgs/realsense2_camera_msgs_s__rosidl_typesupport_fastrtps_c.cpython-310-x86_64-linux-gnu.so
[1.682s] Listing '/home/intern/ros2Humble_ws/install/realsense2_camera_msgs/local/lib/python3.10/dist-packages/realsense2_camera_msgs'...
[1.683s] Listing '/home/intern/ros2Humble_ws/install/realsense2_camera_msgs/local/lib/python3.10/dist-packages/realsense2_camera_msgs/msg'...
[1.683s] Listing '/home/intern/ros2Humble_ws/install/realsense2_camera_msgs/local/lib/python3.10/dist-packages/realsense2_camera_msgs/srv'...
[1.694s] -- Up-to-date: /home/intern/ros2Humble_ws/install/realsense2_camera_msgs/local/lib/python3.10/dist-packages/realsense2_camera_msgs/realsense2_camera_msgs_s__rosidl_typesupport_fastrtps_c.cpython-310-x86_64-linux-gnu.so
[1.695s] -- Up-to-date: /home/intern/ros2Humble_ws/install/realsense2_camera_msgs/local/lib/python3.10/dist-packages/realsense2_camera_msgs/realsense2_camera_msgs_s__rosidl_typesupport_introspection_c.cpython-310-x86_64-linux-gnu.so
[1.696s] -- Up-to-date: /home/intern/ros2Humble_ws/install/realsense2_camera_msgs/local/lib/python3.10/dist-packages/realsense2_camera_msgs/realsense2_camera_msgs_s__rosidl_typesupport_c.cpython-310-x86_64-linux-gnu.so
[1.697s] -- Up-to-date: /home/intern/ros2Humble_ws/install/realsense2_camera_msgs/lib/librealsense2_camera_msgs__rosidl_generator_py.so
[1.698s] -- Up-to-date: /home/intern/ros2Humble_ws/install/realsense2_camera_msgs/share/realsense2_camera_msgs/msg/IMUInfo.idl
[1.698s] -- Up-to-date: /home/intern/ros2Humble_ws/install/realsense2_camera_msgs/share/realsense2_camera_msgs/msg/Extrinsics.idl
[1.699s] -- Up-to-date: /home/intern/ros2Humble_ws/install/realsense2_camera_msgs/share/realsense2_camera_msgs/msg/Metadata.idl
[1.699s] -- Up-to-date: /home/intern/ros2Humble_ws/install/realsense2_camera_msgs/share/realsense2_camera_msgs/srv/DeviceInfo.idl
[1.700s] -- Up-to-date: /home/intern/ros2Humble_ws/install/realsense2_camera_msgs/share/realsense2_camera_msgs/msg/IMUInfo.msg
[1.700s] -- Up-to-date: /home/intern/ros2Humble_ws/install/realsense2_camera_msgs/share/realsense2_camera_msgs/msg/Extrinsics.msg
[1.701s] -- Up-to-date: /home/intern/ros2Humble_ws/install/realsense2_camera_msgs/share/realsense2_camera_msgs/msg/Metadata.msg
[1.701s] -- Up-to-date: /home/intern/ros2Humble_ws/install/realsense2_camera_msgs/share/realsense2_camera_msgs/srv/DeviceInfo.srv
[1.702s] -- Up-to-date: /home/intern/ros2Humble_ws/install/realsense2_camera_msgs/share/realsense2_camera_msgs/srv/DeviceInfo_Request.msg
[1.702s] -- Up-to-date: /home/intern/ros2Humble_ws/install/realsense2_camera_msgs/share/realsense2_camera_msgs/srv/DeviceInfo_Response.msg
[1.703s] -- Up-to-date: /home/intern/ros2Humble_ws/install/realsense2_camera_msgs/share/ament_index/resource_index/package_run_dependencies/realsense2_camera_msgs
[1.703s] -- Up-to-date: /home/intern/ros2Humble_ws/install/realsense2_camera_msgs/share/ament_index/resource_index/parent_prefix_path/realsense2_camera_msgs
[1.704s] -- Up-to-date: /home/intern/ros2Humble_ws/install/realsense2_camera_msgs/share/realsense2_camera_msgs/environment/ament_prefix_path.sh
[1.704s] -- Up-to-date: /home/intern/ros2Humble_ws/install/realsense2_camera_msgs/share/realsense2_camera_msgs/environment/ament_prefix_path.dsv
[1.704s] -- Up-to-date: /home/intern/ros2Humble_ws/install/realsense2_camera_msgs/share/realsense2_camera_msgs/environment/path.sh
[1.705s] -- Up-to-date: /home/intern/ros2Humble_ws/install/realsense2_camera_msgs/share/realsense2_camera_msgs/environment/path.dsv
[1.705s] -- Up-to-date: /home/intern/ros2Humble_ws/install/realsense2_camera_msgs/share/realsense2_camera_msgs/local_setup.bash
[1.706s] -- Up-to-date: /home/intern/ros2Humble_ws/install/realsense2_camera_msgs/share/realsense2_camera_msgs/local_setup.sh
[1.706s] -- Up-to-date: /home/intern/ros2Humble_ws/install/realsense2_camera_msgs/share/realsense2_camera_msgs/local_setup.zsh
[1.707s] -- Up-to-date: /home/intern/ros2Humble_ws/install/realsense2_camera_msgs/share/realsense2_camera_msgs/local_setup.dsv
[1.707s] -- Installing: /home/intern/ros2Humble_ws/install/realsense2_camera_msgs/share/realsense2_camera_msgs/package.dsv
[1.708s] -- Up-to-date: /home/intern/ros2Humble_ws/install/realsense2_camera_msgs/share/ament_index/resource_index/packages/realsense2_camera_msgs
[1.708s] -- Up-to-date: /home/intern/ros2Humble_ws/install/realsense2_camera_msgs/share/realsense2_camera_msgs/cmake/export_realsense2_camera_msgs__rosidl_generator_cExport.cmake
[1.710s] -- Up-to-date: /home/intern/ros2Humble_ws/install/realsense2_camera_msgs/share/realsense2_camera_msgs/cmake/export_realsense2_camera_msgs__rosidl_generator_cExport-noconfig.cmake
[1.710s] -- Up-to-date: /home/intern/ros2Humble_ws/install/realsense2_camera_msgs/share/realsense2_camera_msgs/cmake/export_realsense2_camera_msgs__rosidl_typesupport_fastrtps_cExport.cmake
[1.711s] -- Up-to-date: /home/intern/ros2Humble_ws/install/realsense2_camera_msgs/share/realsense2_camera_msgs/cmake/export_realsense2_camera_msgs__rosidl_typesupport_fastrtps_cExport-noconfig.cmake
[1.712s] -- Up-to-date: /home/intern/ros2Humble_ws/install/realsense2_camera_msgs/share/realsense2_camera_msgs/cmake/realsense2_camera_msgs__rosidl_typesupport_introspection_cExport.cmake
[1.712s] -- Up-to-date: /home/intern/ros2Humble_ws/install/realsense2_camera_msgs/share/realsense2_camera_msgs/cmake/realsense2_camera_msgs__rosidl_typesupport_introspection_cExport-noconfig.cmake
[1.713s] -- Up-to-date: /home/intern/ros2Humble_ws/install/realsense2_camera_msgs/share/realsense2_camera_msgs/cmake/realsense2_camera_msgs__rosidl_typesupport_cExport.cmake
[1.713s] -- Up-to-date: /home/intern/ros2Humble_ws/install/realsense2_camera_msgs/share/realsense2_camera_msgs/cmake/realsense2_camera_msgs__rosidl_typesupport_cExport-noconfig.cmake
[1.714s] -- Up-to-date: /home/intern/ros2Humble_ws/install/realsense2_camera_msgs/share/realsense2_camera_msgs/cmake/export_realsense2_camera_msgs__rosidl_generator_cppExport.cmake
[1.714s] -- Up-to-date: /home/intern/ros2Humble_ws/install/realsense2_camera_msgs/share/realsense2_camera_msgs/cmake/export_realsense2_camera_msgs__rosidl_typesupport_fastrtps_cppExport.cmake
[1.715s] -- Up-to-date: /home/intern/ros2Humble_ws/install/realsense2_camera_msgs/share/realsense2_camera_msgs/cmake/export_realsense2_camera_msgs__rosidl_typesupport_fastrtps_cppExport-noconfig.cmake
[1.715s] -- Up-to-date: /home/intern/ros2Humble_ws/install/realsense2_camera_msgs/share/realsense2_camera_msgs/cmake/realsense2_camera_msgs__rosidl_typesupport_introspection_cppExport.cmake
[1.716s] -- Up-to-date: /home/intern/ros2Humble_ws/install/realsense2_camera_msgs/share/realsense2_camera_msgs/cmake/realsense2_camera_msgs__rosidl_typesupport_introspection_cppExport-noconfig.cmake
[1.716s] -- Up-to-date: /home/intern/ros2Humble_ws/install/realsense2_camera_msgs/share/realsense2_camera_msgs/cmake/realsense2_camera_msgs__rosidl_typesupport_cppExport.cmake
[1.717s] -- Up-to-date: /home/intern/ros2Humble_ws/install/realsense2_camera_msgs/share/realsense2_camera_msgs/cmake/realsense2_camera_msgs__rosidl_typesupport_cppExport-noconfig.cmake
[1.718s] -- Up-to-date: /home/intern/ros2Humble_ws/install/realsense2_camera_msgs/share/realsense2_camera_msgs/cmake/export_realsense2_camera_msgs__rosidl_generator_pyExport.cmake
[1.718s] -- Up-to-date: /home/intern/ros2Humble_ws/install/realsense2_camera_msgs/share/realsense2_camera_msgs/cmake/export_realsense2_camera_msgs__rosidl_generator_pyExport-noconfig.cmake
[1.718s] -- Up-to-date: /home/intern/ros2Humble_ws/install/realsense2_camera_msgs/share/realsense2_camera_msgs/cmake/rosidl_cmake-extras.cmake
[1.718s] -- Up-to-date: /home/intern/ros2Humble_ws/install/realsense2_camera_msgs/share/realsense2_camera_msgs/cmake/ament_cmake_export_dependencies-extras.cmake
[1.720s] -- Up-to-date: /home/intern/ros2Humble_ws/install/realsense2_camera_msgs/share/realsense2_camera_msgs/cmake/ament_cmake_export_include_directories-extras.cmake
[1.720s] -- Up-to-date: /home/intern/ros2Humble_ws/install/realsense2_camera_msgs/share/realsense2_camera_msgs/cmake/ament_cmake_export_libraries-extras.cmake
[1.721s] -- Up-to-date: /home/intern/ros2Humble_ws/install/realsense2_camera_msgs/share/realsense2_camera_msgs/cmake/ament_cmake_export_targets-extras.cmake
[1.721s] -- Up-to-date: /home/intern/ros2Humble_ws/install/realsense2_camera_msgs/share/realsense2_camera_msgs/cmake/rosidl_cmake_export_typesupport_targets-extras.cmake
[1.721s] -- Up-to-date: /home/intern/ros2Humble_ws/install/realsense2_camera_msgs/share/realsense2_camera_msgs/cmake/rosidl_cmake_export_typesupport_libraries-extras.cmake
[1.721s] -- Up-to-date: /home/intern/ros2Humble_ws/install/realsense2_camera_msgs/share/realsense2_camera_msgs/cmake/realsense2_camera_msgsConfig.cmake
[1.721s] -- Up-to-date: /home/intern/ros2Humble_ws/install/realsense2_camera_msgs/share/realsense2_camera_msgs/cmake/realsense2_camera_msgsConfig-version.cmake
[1.723s] -- Up-to-date: /home/intern/ros2Humble_ws/install/realsense2_camera_msgs/share/realsense2_camera_msgs/package.xml
[1.751s] Invoked command in '/home/intern/ros2Humble_ws/build/realsense2_camera_msgs' returned '0': CMAKE_PREFIX_PATH=${CMAKE_PREFIX_PATH}:/home/intern/ros2Humble_ws/install/py_launch_aprilsys:/opt/ros/humble /home/intern/.local/bin/cmake --install /home/intern/ros2Humble_ws/build/realsense2_camera_msgs
