[0.015s] Invoking command in '/home/intern/recursive_ws/build/realsense2_camera': CMAKE_PREFIX_PATH=/home/intern/recursive_ws/install/realsense2_camera_msgs:/home/intern/recursive_ws/install/realsense2_description:/home/intern/recursive_ws/install/realsense2_camera:/home/intern/recursive_ws/install/apriltag_ros:/home/intern/recursive_ws/install/takeImage:/home/intern/recursive_ws/install/py_launch_aprilsys:/opt/ros/humble LD_LIBRARY_PATH=/home/intern/recursive_ws/install/realsense2_camera_msgs/lib:/home/intern/recursive_ws/install/realsense2_camera/lib:/home/intern/recursive_ws/install/apriltag_ros/lib:/opt/ros/humble/opt/rviz_ogre_vendor/lib:/opt/ros/humble/lib/x86_64-linux-gnu:/opt/ros/humble/lib /usr/local/bin/cmake /home/intern/recursive_ws/src/realsense-ros/realsense2_camera -DCMAKE_INSTALL_PREFIX=/home/intern/recursive_ws/install/realsense2_camera
[0.076s] -- The C compiler identification is GNU 11.3.0
[0.142s] -- The CXX compiler identification is GNU 11.3.0
[0.153s] -- Detecting C compiler ABI info
[0.219s] -- Detecting C compiler ABI info - done
[0.233s] -- Check for working C compiler: /usr/bin/cc - skipped
[0.233s] -- Detecting C compile features
[0.233s] -- Detecting C compile features - done
[0.238s] -- Detecting CXX compiler ABI info
[0.337s] -- Detecting CXX compiler ABI info - done
[0.351s] -- Check for working CXX compiler: /usr/bin/c++ - skipped
[0.351s] -- Detecting CXX compile features
[0.352s] -- Detecting CXX compile features - done
[0.353s] -- Create Release Build.
[0.356s] -- Found ament_cmake: 1.3.4 (/opt/ros/humble/share/ament_cmake/cmake)
[0.814s] -- Found Python3: /usr/bin/python3.10 (found version "3.10.6") found components: Interpreter 
[0.925s] -- Found builtin_interfaces: 1.2.1 (/opt/ros/humble/share/builtin_interfaces/cmake)
[0.973s] -- Found rosidl_generator_c: 3.1.4 (/opt/ros/humble/share/rosidl_generator_c/cmake)
[0.981s] -- Found rosidl_adapter: 3.1.4 (/opt/ros/humble/share/rosidl_adapter/cmake)
[0.994s] -- Found rosidl_generator_cpp: 3.1.4 (/opt/ros/humble/share/rosidl_generator_cpp/cmake)
[1.016s] -- Using all available rosidl_typesupport_c: rosidl_typesupport_fastrtps_c;rosidl_typesupport_introspection_c
[1.046s] -- Using all available rosidl_typesupport_cpp: rosidl_typesupport_fastrtps_cpp;rosidl_typesupport_introspection_cpp
[1.073s] -- Found cv_bridge: 3.2.1 (/opt/ros/humble/share/cv_bridge/cmake)
[1.391s] -- Found image_transport: 3.1.5 (/opt/ros/humble/share/image_transport/cmake)
[1.488s] -- Found rmw_implementation_cmake: 6.1.1 (/opt/ros/humble/share/rmw_implementation_cmake/cmake)
[1.492s] -- Found rmw_fastrtps_cpp: 6.2.2 (/opt/ros/humble/share/rmw_fastrtps_cpp/cmake)
[1.611s] -- Found OpenSSL: /usr/lib/x86_64-linux-gnu/libcrypto.so (found version "3.0.2")  
[1.646s] -- Found FastRTPS: /opt/ros/humble/include  
[1.706s] -- Using RMW implementation 'rmw_fastrtps_cpp' as default
[1.718s] -- Performing Test CMAKE_HAVE_LIBC_PTHREAD
[1.788s] -- Performing Test CMAKE_HAVE_LIBC_PTHREAD - Success
[1.790s] -- Found Threads: TRUE  
[2.035s] -- Found rclcpp_components: 16.0.4 (/opt/ros/humble/share/rclcpp_components/cmake)
[2.111s] -- Found realsense2_camera_msgs: 4.51.1 (/home/intern/recursive_ws/install/realsense2_camera_msgs/share/realsense2_camera_msgs/cmake)
[2.187s] -- Found nav_msgs: 4.2.3 (/opt/ros/humble/share/nav_msgs/cmake)
[2.301s] -- Found tf2_ros: 0.25.2 (/opt/ros/humble/share/tf2_ros/cmake)
[2.645s] -- Found diagnostic_updater: 3.1.2 (/opt/ros/humble/share/diagnostic_updater/cmake)
[2.743s] -- Build for ROS2 Humble
[2.829s] -- Configuring done (2.8s)
[2.859s] -- Generating done (0.0s)
[2.862s] -- Build files have been written to: /home/intern/recursive_ws/build/realsense2_camera
[2.873s] Invoked command in '/home/intern/recursive_ws/build/realsense2_camera' returned '0': CMAKE_PREFIX_PATH=/home/intern/recursive_ws/install/realsense2_camera_msgs:/home/intern/recursive_ws/install/realsense2_description:/home/intern/recursive_ws/install/realsense2_camera:/home/intern/recursive_ws/install/apriltag_ros:/home/intern/recursive_ws/install/takeImage:/home/intern/recursive_ws/install/py_launch_aprilsys:/opt/ros/humble LD_LIBRARY_PATH=/home/intern/recursive_ws/install/realsense2_camera_msgs/lib:/home/intern/recursive_ws/install/realsense2_camera/lib:/home/intern/recursive_ws/install/apriltag_ros/lib:/opt/ros/humble/opt/rviz_ogre_vendor/lib:/opt/ros/humble/lib/x86_64-linux-gnu:/opt/ros/humble/lib /usr/local/bin/cmake /home/intern/recursive_ws/src/realsense-ros/realsense2_camera -DCMAKE_INSTALL_PREFIX=/home/intern/recursive_ws/install/realsense2_camera
[2.875s] Invoking command in '/home/intern/recursive_ws/build/realsense2_camera': CMAKE_PREFIX_PATH=/home/intern/recursive_ws/install/realsense2_camera_msgs:/home/intern/recursive_ws/install/realsense2_description:/home/intern/recursive_ws/install/realsense2_camera:/home/intern/recursive_ws/install/apriltag_ros:/home/intern/recursive_ws/install/takeImage:/home/intern/recursive_ws/install/py_launch_aprilsys:/opt/ros/humble LD_LIBRARY_PATH=/home/intern/recursive_ws/install/realsense2_camera_msgs/lib:/home/intern/recursive_ws/install/realsense2_camera/lib:/home/intern/recursive_ws/install/apriltag_ros/lib:/opt/ros/humble/opt/rviz_ogre_vendor/lib:/opt/ros/humble/lib/x86_64-linux-gnu:/opt/ros/humble/lib /usr/local/bin/cmake --build /home/intern/recursive_ws/build/realsense2_camera -- -j4 -l4
[2.900s] [  6%] [32mBuilding CXX object CMakeFiles/realsense2_camera_node.dir/rclcpp_components/node_main_realsense2_camera_node.cpp.o[0m
[2.901s] [ 12%] [32mBuilding CXX object CMakeFiles/realsense2_camera.dir/src/realsense_node_factory.cpp.o[0m
[2.901s] [ 18%] [32mBuilding CXX object CMakeFiles/realsense2_camera.dir/src/parameters.cpp.o[0m
[2.903s] [ 25%] [32mBuilding CXX object CMakeFiles/realsense2_camera.dir/src/base_realsense_node.cpp.o[0m
[8.510s] [ 31%] [32m[1mLinking CXX executable realsense2_camera_node[0m
[8.739s] [ 31%] Built target realsense2_camera_node
[8.743s] [ 37%] [32mBuilding CXX object CMakeFiles/realsense2_camera.dir/src/rs_node_setup.cpp.o[0m
[12.884s] [ 43%] [32mBuilding CXX object CMakeFiles/realsense2_camera.dir/src/ros_sensor.cpp.o[0m
[18.097s] [ 50%] [32mBuilding CXX object CMakeFiles/realsense2_camera.dir/src/ros_utils.cpp.o[0m
[20.497s] [ 56%] [32mBuilding CXX object CMakeFiles/realsense2_camera.dir/src/dynamic_params.cpp.o[0m
[21.950s] [ 62%] [32mBuilding CXX object CMakeFiles/realsense2_camera.dir/src/sensor_params.cpp.o[0m
[22.403s] [ 68%] [32mBuilding CXX object CMakeFiles/realsense2_camera.dir/src/named_filter.cpp.o[0m
[24.976s] [ 75%] [32mBuilding CXX object CMakeFiles/realsense2_camera.dir/src/profile_manager.cpp.o[0m
[27.068s] [ 81%] [32mBuilding CXX object CMakeFiles/realsense2_camera.dir/src/image_publisher.cpp.o[0m
[28.000s] [ 87%] [32mBuilding CXX object CMakeFiles/realsense2_camera.dir/src/tfs.cpp.o[0m
[31.160s] [ 93%] [32mBuilding CXX object CMakeFiles/realsense2_camera.dir/src/ros_param_backend_foxy.cpp.o[0m
[38.028s] [100%] [32m[1mLinking CXX shared library librealsense2_camera.so[0m
[38.440s] [100%] Built target realsense2_camera
[38.445s] Invoked command in '/home/intern/recursive_ws/build/realsense2_camera' returned '0': CMAKE_PREFIX_PATH=/home/intern/recursive_ws/install/realsense2_camera_msgs:/home/intern/recursive_ws/install/realsense2_description:/home/intern/recursive_ws/install/realsense2_camera:/home/intern/recursive_ws/install/apriltag_ros:/home/intern/recursive_ws/install/takeImage:/home/intern/recursive_ws/install/py_launch_aprilsys:/opt/ros/humble LD_LIBRARY_PATH=/home/intern/recursive_ws/install/realsense2_camera_msgs/lib:/home/intern/recursive_ws/install/realsense2_camera/lib:/home/intern/recursive_ws/install/apriltag_ros/lib:/opt/ros/humble/opt/rviz_ogre_vendor/lib:/opt/ros/humble/lib/x86_64-linux-gnu:/opt/ros/humble/lib /usr/local/bin/cmake --build /home/intern/recursive_ws/build/realsense2_camera -- -j4 -l4
[38.501s] Invoking command in '/home/intern/recursive_ws/build/realsense2_camera': CMAKE_PREFIX_PATH=/home/intern/recursive_ws/install/realsense2_camera_msgs:/home/intern/recursive_ws/install/realsense2_description:/home/intern/recursive_ws/install/realsense2_camera:/home/intern/recursive_ws/install/apriltag_ros:/home/intern/recursive_ws/install/takeImage:/home/intern/recursive_ws/install/py_launch_aprilsys:/opt/ros/humble LD_LIBRARY_PATH=/home/intern/recursive_ws/install/realsense2_camera_msgs/lib:/home/intern/recursive_ws/install/realsense2_camera/lib:/home/intern/recursive_ws/install/apriltag_ros/lib:/opt/ros/humble/opt/rviz_ogre_vendor/lib:/opt/ros/humble/lib/x86_64-linux-gnu:/opt/ros/humble/lib /usr/local/bin/cmake --install /home/intern/recursive_ws/build/realsense2_camera
[38.503s] -- Install configuration: "Release"
[38.503s] -- Installing: /home/intern/recursive_ws/install/realsense2_camera/lib/realsense2_camera/realsense2_camera_node
[38.504s] -- Set runtime path of "/home/intern/recursive_ws/install/realsense2_camera/lib/realsense2_camera/realsense2_camera_node" to ""
[38.504s] -- Installing: /home/intern/recursive_ws/install/realsense2_camera/lib/librealsense2_camera.so
[38.507s] -- Set runtime path of "/home/intern/recursive_ws/install/realsense2_camera/lib/librealsense2_camera.so" to ""
[38.507s] -- Installing: /home/intern/recursive_ws/install/realsense2_camera/include
[38.507s] -- Installing: /home/intern/recursive_ws/install/realsense2_camera/include/named_filter.h
[38.508s] -- Installing: /home/intern/recursive_ws/install/realsense2_camera/include/dynamic_params.h
[38.508s] -- Installing: /home/intern/recursive_ws/install/realsense2_camera/include/base_realsense_node.h
[38.508s] -- Installing: /home/intern/recursive_ws/install/realsense2_camera/include/profile_manager.h
[38.508s] -- Installing: /home/intern/recursive_ws/install/realsense2_camera/include/ros_sensor.h
[38.508s] -- Installing: /home/intern/recursive_ws/install/realsense2_camera/include/ros_param_backend.h
[38.508s] -- Installing: /home/intern/recursive_ws/install/realsense2_camera/include/sensor_params.h
[38.508s] -- Installing: /home/intern/recursive_ws/install/realsense2_camera/include/ros_utils.h
[38.508s] -- Installing: /home/intern/recursive_ws/install/realsense2_camera/include/realsense_node_factory.h
[38.508s] -- Installing: /home/intern/recursive_ws/install/realsense2_camera/include/constants.h
[38.508s] -- Installing: /home/intern/recursive_ws/install/realsense2_camera/include/image_publisher.h
[38.508s] -- Installing: /home/intern/recursive_ws/install/realsense2_camera/share/realsense2_camera/launch
[38.509s] -- Installing: /home/intern/recursive_ws/install/realsense2_camera/share/realsense2_camera/launch/rs_launch.py
[38.509s] -- Installing: /home/intern/recursive_ws/install/realsense2_camera/share/realsense2_camera/launch/rs_intra_process_demo_launch.py
[38.509s] -- Installing: /home/intern/recursive_ws/install/realsense2_camera/share/realsense2_camera/launch/rs_multi_camera_launch.py
[38.509s] -- Installing: /home/intern/recursive_ws/install/realsense2_camera/share/realsense2_camera/launch/default.rviz
[38.509s] -- Installing: /home/intern/recursive_ws/install/realsense2_camera/share/realsense2_camera/environment/library_path.sh
[38.509s] -- Installing: /home/intern/recursive_ws/install/realsense2_camera/share/realsense2_camera/environment/library_path.dsv
[38.509s] -- Installing: /home/intern/recursive_ws/install/realsense2_camera/share/ament_index/resource_index/package_run_dependencies/realsense2_camera
[38.509s] -- Installing: /home/intern/recursive_ws/install/realsense2_camera/share/ament_index/resource_index/parent_prefix_path/realsense2_camera
[38.510s] -- Installing: /home/intern/recursive_ws/install/realsense2_camera/share/realsense2_camera/environment/ament_prefix_path.sh
[38.510s] -- Installing: /home/intern/recursive_ws/install/realsense2_camera/share/realsense2_camera/environment/ament_prefix_path.dsv
[38.510s] -- Installing: /home/intern/recursive_ws/install/realsense2_camera/share/realsense2_camera/environment/path.sh
[38.510s] -- Installing: /home/intern/recursive_ws/install/realsense2_camera/share/realsense2_camera/environment/path.dsv
[38.510s] -- Installing: /home/intern/recursive_ws/install/realsense2_camera/share/realsense2_camera/local_setup.bash
[38.511s] -- Installing: /home/intern/recursive_ws/install/realsense2_camera/share/realsense2_camera/local_setup.sh
[38.511s] -- Installing: /home/intern/recursive_ws/install/realsense2_camera/share/realsense2_camera/local_setup.zsh
[38.511s] -- Installing: /home/intern/recursive_ws/install/realsense2_camera/share/realsense2_camera/local_setup.dsv
[38.511s] -- Installing: /home/intern/recursive_ws/install/realsense2_camera/share/realsense2_camera/package.dsv
[38.511s] -- Installing: /home/intern/recursive_ws/install/realsense2_camera/share/ament_index/resource_index/packages/realsense2_camera
[38.511s] -- Installing: /home/intern/recursive_ws/install/realsense2_camera/share/ament_index/resource_index/rclcpp_components/realsense2_camera
[38.511s] -- Installing: /home/intern/recursive_ws/install/realsense2_camera/share/realsense2_camera/cmake/ament_cmake_export_include_directories-extras.cmake
[38.512s] -- Installing: /home/intern/recursive_ws/install/realsense2_camera/share/realsense2_camera/cmake/ament_cmake_export_libraries-extras.cmake
[38.513s] -- Installing: /home/intern/recursive_ws/install/realsense2_camera/share/realsense2_camera/cmake/ament_cmake_export_dependencies-extras.cmake
[38.513s] -- Installing: /home/intern/recursive_ws/install/realsense2_camera/share/realsense2_camera/cmake/realsense2_cameraConfig.cmake
[38.513s] -- Installing: /home/intern/recursive_ws/install/realsense2_camera/share/realsense2_camera/cmake/realsense2_cameraConfig-version.cmake
[38.513s] -- Installing: /home/intern/recursive_ws/install/realsense2_camera/share/realsense2_camera/package.xml
[38.516s] Invoked command in '/home/intern/recursive_ws/build/realsense2_camera' returned '0': CMAKE_PREFIX_PATH=/home/intern/recursive_ws/install/realsense2_camera_msgs:/home/intern/recursive_ws/install/realsense2_description:/home/intern/recursive_ws/install/realsense2_camera:/home/intern/recursive_ws/install/apriltag_ros:/home/intern/recursive_ws/install/takeImage:/home/intern/recursive_ws/install/py_launch_aprilsys:/opt/ros/humble LD_LIBRARY_PATH=/home/intern/recursive_ws/install/realsense2_camera_msgs/lib:/home/intern/recursive_ws/install/realsense2_camera/lib:/home/intern/recursive_ws/install/apriltag_ros/lib:/opt/ros/humble/opt/rviz_ogre_vendor/lib:/opt/ros/humble/lib/x86_64-linux-gnu:/opt/ros/humble/lib /usr/local/bin/cmake --install /home/intern/recursive_ws/build/realsense2_camera
