[0.086s] Invoking command in '/home/intern/ros2Humble_ws/build/realsense2_camera': AMENT_PREFIX_PATH=/home/intern/ros2Humble_ws/install/realsense2_camera_msgs:${AMENT_PREFIX_PATH} CMAKE_PREFIX_PATH=/home/intern/ros2Humble_ws/install/realsense2_camera_msgs:/opt/ros/humble LD_LIBRARY_PATH=/home/intern/ros2Humble_ws/install/realsense2_camera_msgs/lib:${LD_LIBRARY_PATH} PYTHONPATH=/home/intern/ros2Humble_ws/install/realsense2_camera_msgs/local/lib/python3.10/dist-packages:${PYTHONPATH} /home/intern/.local/bin/cmake --build /home/intern/ros2Humble_ws/build/realsense2_camera -- -j4 -l4
[0.600s] [ 87%] Built target realsense2_camera
[0.679s] [100%] Built target realsense2_camera_node
[0.722s] Invoked command in '/home/intern/ros2Humble_ws/build/realsense2_camera' returned '0': AMENT_PREFIX_PATH=/home/intern/ros2Humble_ws/install/realsense2_camera_msgs:${AMENT_PREFIX_PATH} CMAKE_PREFIX_PATH=/home/intern/ros2Humble_ws/install/realsense2_camera_msgs:/opt/ros/humble LD_LIBRARY_PATH=/home/intern/ros2Humble_ws/install/realsense2_camera_msgs/lib:${LD_LIBRARY_PATH} PYTHONPATH=/home/intern/ros2Humble_ws/install/realsense2_camera_msgs/local/lib/python3.10/dist-packages:${PYTHONPATH} /home/intern/.local/bin/cmake --build /home/intern/ros2Humble_ws/build/realsense2_camera -- -j4 -l4
[1.197s] Invoking command in '/home/intern/ros2Humble_ws/build/realsense2_camera': AMENT_PREFIX_PATH=/home/intern/ros2Humble_ws/install/realsense2_camera_msgs:${AMENT_PREFIX_PATH} CMAKE_PREFIX_PATH=/home/intern/ros2Humble_ws/install/realsense2_camera_msgs:/opt/ros/humble LD_LIBRARY_PATH=/home/intern/ros2Humble_ws/install/realsense2_camera_msgs/lib:${LD_LIBRARY_PATH} PYTHONPATH=/home/intern/ros2Humble_ws/install/realsense2_camera_msgs/local/lib/python3.10/dist-packages:${PYTHONPATH} /home/intern/.local/bin/cmake --install /home/intern/ros2Humble_ws/build/realsense2_camera
[1.406s] -- Install configuration: "Release"
[1.406s] -- Up-to-date: /home/intern/ros2Humble_ws/install/realsense2_camera/lib/realsense2_camera/realsense2_camera_node
[1.414s] -- Up-to-date: /home/intern/ros2Humble_ws/install/realsense2_camera/lib/librealsense2_camera.so
[1.415s] -- Up-to-date: /home/intern/ros2Humble_ws/install/realsense2_camera/include
[1.415s] -- Up-to-date: /home/intern/ros2Humble_ws/install/realsense2_camera/include/base_realsense_node.h
[1.416s] -- Up-to-date: /home/intern/ros2Humble_ws/install/realsense2_camera/include/named_filter.h
[1.416s] -- Up-to-date: /home/intern/ros2Humble_ws/install/realsense2_camera/include/ros_utils.h
[1.417s] -- Up-to-date: /home/intern/ros2Humble_ws/install/realsense2_camera/include/realsense_node_factory.h
[1.417s] -- Up-to-date: /home/intern/ros2Humble_ws/install/realsense2_camera/include/profile_manager.h
[1.417s] -- Up-to-date: /home/intern/ros2Humble_ws/install/realsense2_camera/include/sensor_params.h
[1.417s] -- Up-to-date: /home/intern/ros2Humble_ws/install/realsense2_camera/include/constants.h
[1.417s] -- Up-to-date: /home/intern/ros2Humble_ws/install/realsense2_camera/include/dynamic_params.h
[1.421s] -- Up-to-date: /home/intern/ros2Humble_ws/install/realsense2_camera/include/image_publisher.h
[1.422s] -- Up-to-date: /home/intern/ros2Humble_ws/install/realsense2_camera/include/ros_sensor.h
[1.422s] -- Up-to-date: /home/intern/ros2Humble_ws/install/realsense2_camera/include/ros_param_backend.h
[1.423s] -- Up-to-date: /home/intern/ros2Humble_ws/install/realsense2_camera/share/realsense2_camera/launch
[1.423s] -- Up-to-date: /home/intern/ros2Humble_ws/install/realsense2_camera/share/realsense2_camera/launch/rs_multi_camera_launch.py
[1.423s] -- Up-to-date: /home/intern/ros2Humble_ws/install/realsense2_camera/share/realsense2_camera/launch/rs_launch.py
[1.423s] -- Up-to-date: /home/intern/ros2Humble_ws/install/realsense2_camera/share/realsense2_camera/launch/default.rviz
[1.423s] -- Up-to-date: /home/intern/ros2Humble_ws/install/realsense2_camera/share/realsense2_camera/launch/rs_intra_process_demo_launch.py
[1.430s] -- Up-to-date: /home/intern/ros2Humble_ws/install/realsense2_camera/share/realsense2_camera/environment/library_path.sh
[1.431s] -- Up-to-date: /home/intern/ros2Humble_ws/install/realsense2_camera/share/realsense2_camera/environment/library_path.dsv
[1.431s] -- Up-to-date: /home/intern/ros2Humble_ws/install/realsense2_camera/share/ament_index/resource_index/package_run_dependencies/realsense2_camera
[1.431s] -- Up-to-date: /home/intern/ros2Humble_ws/install/realsense2_camera/share/ament_index/resource_index/parent_prefix_path/realsense2_camera
[1.431s] -- Up-to-date: /home/intern/ros2Humble_ws/install/realsense2_camera/share/realsense2_camera/environment/ament_prefix_path.sh
[1.431s] -- Up-to-date: /home/intern/ros2Humble_ws/install/realsense2_camera/share/realsense2_camera/environment/ament_prefix_path.dsv
[1.431s] -- Up-to-date: /home/intern/ros2Humble_ws/install/realsense2_camera/share/realsense2_camera/environment/path.sh
[1.432s] -- Up-to-date: /home/intern/ros2Humble_ws/install/realsense2_camera/share/realsense2_camera/environment/path.dsv
[1.432s] -- Up-to-date: /home/intern/ros2Humble_ws/install/realsense2_camera/share/realsense2_camera/local_setup.bash
[1.432s] -- Up-to-date: /home/intern/ros2Humble_ws/install/realsense2_camera/share/realsense2_camera/local_setup.sh
[1.432s] -- Up-to-date: /home/intern/ros2Humble_ws/install/realsense2_camera/share/realsense2_camera/local_setup.zsh
[1.432s] -- Up-to-date: /home/intern/ros2Humble_ws/install/realsense2_camera/share/realsense2_camera/local_setup.dsv
[1.432s] -- Installing: /home/intern/ros2Humble_ws/install/realsense2_camera/share/realsense2_camera/package.dsv
[1.433s] -- Up-to-date: /home/intern/ros2Humble_ws/install/realsense2_camera/share/ament_index/resource_index/packages/realsense2_camera
[1.433s] -- Up-to-date: /home/intern/ros2Humble_ws/install/realsense2_camera/share/ament_index/resource_index/rclcpp_components/realsense2_camera
[1.433s] -- Up-to-date: /home/intern/ros2Humble_ws/install/realsense2_camera/share/realsense2_camera/cmake/ament_cmake_export_include_directories-extras.cmake
[1.433s] -- Up-to-date: /home/intern/ros2Humble_ws/install/realsense2_camera/share/realsense2_camera/cmake/ament_cmake_export_libraries-extras.cmake
[1.433s] -- Up-to-date: /home/intern/ros2Humble_ws/install/realsense2_camera/share/realsense2_camera/cmake/ament_cmake_export_dependencies-extras.cmake
[1.433s] -- Up-to-date: /home/intern/ros2Humble_ws/install/realsense2_camera/share/realsense2_camera/cmake/realsense2_cameraConfig.cmake
[1.433s] -- Up-to-date: /home/intern/ros2Humble_ws/install/realsense2_camera/share/realsense2_camera/cmake/realsense2_cameraConfig-version.cmake
[1.434s] -- Up-to-date: /home/intern/ros2Humble_ws/install/realsense2_camera/share/realsense2_camera/package.xml
[1.496s] Invoked command in '/home/intern/ros2Humble_ws/build/realsense2_camera' returned '0': AMENT_PREFIX_PATH=/home/intern/ros2Humble_ws/install/realsense2_camera_msgs:${AMENT_PREFIX_PATH} CMAKE_PREFIX_PATH=/home/intern/ros2Humble_ws/install/realsense2_camera_msgs:/opt/ros/humble LD_LIBRARY_PATH=/home/intern/ros2Humble_ws/install/realsense2_camera_msgs/lib:${LD_LIBRARY_PATH} PYTHONPATH=/home/intern/ros2Humble_ws/install/realsense2_camera_msgs/local/lib/python3.10/dist-packages:${PYTHONPATH} /home/intern/.local/bin/cmake --install /home/intern/ros2Humble_ws/build/realsense2_camera
