[0.330s] DEBUG:colcon:Command line arguments: ['/usr/bin/colcon', 'build']
[0.330s] DEBUG:colcon:Parsed command line arguments: Namespace(log_base=None, log_level=None, verb_name='build', build_base='build', install_base='install', merge_install=False, symlink_install=False, test_result_base=None, continue_on_error=False, executor='parallel', parallel_workers=4, event_handlers=None, ignore_user_meta=False, metas=['./colcon.meta'], base_paths=['.'], packages_ignore=None, packages_ignore_regex=None, paths=None, packages_up_to=None, packages_up_to_regex=None, packages_above=None, packages_above_and_dependencies=None, packages_above_depth=None, packages_select_by_dep=None, packages_skip_by_dep=None, packages_skip_up_to=None, packages_select_build_failed=False, packages_skip_build_finished=False, packages_select_test_failures=False, packages_skip_test_passed=False, packages_select=None, packages_skip=None, packages_select_regex=None, packages_skip_regex=None, packages_start=None, packages_end=None, allow_overriding=[], cmake_args=None, cmake_target=None, cmake_target_skip_unavailable=False, cmake_clean_cache=False, cmake_clean_first=False, cmake_force_configure=False, ament_cmake_args=None, catkin_cmake_args=None, catkin_skip_building_tests=False, verb_parser=<colcon_defaults.argument_parser.defaults.DefaultArgumentsDecorator object at 0x7f91d3f3a8f0>, verb_extension=<colcon_core.verb.build.BuildVerb object at 0x7f91d4084400>, main=<bound method BuildVerb.main of <colcon_core.verb.build.BuildVerb object at 0x7f91d4084400>>)
[0.369s] Level 1:colcon.colcon_core.package_discovery:discover_packages(colcon_meta) check parameters
[0.369s] Level 1:colcon.colcon_core.package_discovery:discover_packages(recursive) check parameters
[0.369s] Level 1:colcon.colcon_core.package_discovery:discover_packages(ignore) check parameters
[0.370s] Level 1:colcon.colcon_core.package_discovery:discover_packages(path) check parameters
[0.370s] Level 1:colcon.colcon_core.package_discovery:discover_packages(colcon_meta) discover
[0.370s] Level 1:colcon.colcon_core.package_discovery:discover_packages(recursive) discover
[0.370s] INFO:colcon.colcon_core.package_discovery:Crawling recursively for packages in '/home/intern/ros2Humble_ws'
[0.370s] Level 1:colcon.colcon_core.package_identification:_identify(.) by extensions ['ignore', 'ignore_ament_install']
[0.370s] Level 1:colcon.colcon_core.package_identification:_identify(.) by extension 'ignore'
[0.370s] Level 1:colcon.colcon_core.package_identification:_identify(.) by extension 'ignore_ament_install'
[0.370s] Level 1:colcon.colcon_core.package_identification:_identify(.) by extensions ['colcon_pkg']
[0.370s] Level 1:colcon.colcon_core.package_identification:_identify(.) by extension 'colcon_pkg'
[0.370s] Level 1:colcon.colcon_core.package_identification:_identify(.) by extensions ['colcon_meta']
[0.370s] Level 1:colcon.colcon_core.package_identification:_identify(.) by extension 'colcon_meta'
[0.370s] Level 1:colcon.colcon_core.package_identification:_identify(.) by extensions ['ros']
[0.370s] Level 1:colcon.colcon_core.package_identification:_identify(.) by extension 'ros'
[0.388s] Level 1:colcon.colcon_core.package_identification:_identify(.) by extensions ['cmake', 'python']
[0.389s] Level 1:colcon.colcon_core.package_identification:_identify(.) by extension 'cmake'
[0.389s] Level 1:colcon.colcon_core.package_identification:_identify(.) by extension 'python'
[0.389s] Level 1:colcon.colcon_core.package_identification:_identify(.) by extensions ['python_setup_py']
[0.389s] Level 1:colcon.colcon_core.package_identification:_identify(.) by extension 'python_setup_py'
[0.389s] Level 1:colcon.colcon_core.package_identification:_identify(build) by extensions ['ignore', 'ignore_ament_install']
[0.389s] Level 1:colcon.colcon_core.package_identification:_identify(build) by extension 'ignore'
[0.389s] Level 1:colcon.colcon_core.package_identification:_identify(build) ignored
[0.389s] Level 1:colcon.colcon_core.package_identification:_identify(install) by extensions ['ignore', 'ignore_ament_install']
[0.389s] Level 1:colcon.colcon_core.package_identification:_identify(install) by extension 'ignore'
[0.389s] Level 1:colcon.colcon_core.package_identification:_identify(install) ignored
[0.390s] Level 1:colcon.colcon_core.package_identification:_identify(log) by extensions ['ignore', 'ignore_ament_install']
[0.390s] Level 1:colcon.colcon_core.package_identification:_identify(log) by extension 'ignore'
[0.390s] Level 1:colcon.colcon_core.package_identification:_identify(log) ignored
[0.390s] Level 1:colcon.colcon_core.package_identification:_identify(src) by extensions ['ignore', 'ignore_ament_install']
[0.390s] Level 1:colcon.colcon_core.package_identification:_identify(src) by extension 'ignore'
[0.390s] Level 1:colcon.colcon_core.package_identification:_identify(src) by extension 'ignore_ament_install'
[0.390s] Level 1:colcon.colcon_core.package_identification:_identify(src) by extensions ['colcon_pkg']
[0.390s] Level 1:colcon.colcon_core.package_identification:_identify(src) by extension 'colcon_pkg'
[0.390s] Level 1:colcon.colcon_core.package_identification:_identify(src) by extensions ['colcon_meta']
[0.390s] Level 1:colcon.colcon_core.package_identification:_identify(src) by extension 'colcon_meta'
[0.390s] Level 1:colcon.colcon_core.package_identification:_identify(src) by extensions ['ros']
[0.390s] Level 1:colcon.colcon_core.package_identification:_identify(src) by extension 'ros'
[0.390s] Level 1:colcon.colcon_core.package_identification:_identify(src) by extensions ['cmake', 'python']
[0.390s] Level 1:colcon.colcon_core.package_identification:_identify(src) by extension 'cmake'
[0.390s] Level 1:colcon.colcon_core.package_identification:_identify(src) by extension 'python'
[0.391s] Level 1:colcon.colcon_core.package_identification:_identify(src) by extensions ['python_setup_py']
[0.391s] Level 1:colcon.colcon_core.package_identification:_identify(src) by extension 'python_setup_py'
[0.391s] Level 1:colcon.colcon_core.package_identification:_identify(src/realsense-ros) by extensions ['ignore', 'ignore_ament_install']
[0.391s] Level 1:colcon.colcon_core.package_identification:_identify(src/realsense-ros) by extension 'ignore'
[0.391s] Level 1:colcon.colcon_core.package_identification:_identify(src/realsense-ros) by extension 'ignore_ament_install'
[0.391s] Level 1:colcon.colcon_core.package_identification:_identify(src/realsense-ros) by extensions ['colcon_pkg']
[0.391s] Level 1:colcon.colcon_core.package_identification:_identify(src/realsense-ros) by extension 'colcon_pkg'
[0.391s] Level 1:colcon.colcon_core.package_identification:_identify(src/realsense-ros) by extensions ['colcon_meta']
[0.391s] Level 1:colcon.colcon_core.package_identification:_identify(src/realsense-ros) by extension 'colcon_meta'
[0.391s] Level 1:colcon.colcon_core.package_identification:_identify(src/realsense-ros) by extensions ['ros']
[0.391s] Level 1:colcon.colcon_core.package_identification:_identify(src/realsense-ros) by extension 'ros'
[0.391s] Level 1:colcon.colcon_core.package_identification:_identify(src/realsense-ros) by extensions ['cmake', 'python']
[0.391s] Level 1:colcon.colcon_core.package_identification:_identify(src/realsense-ros) by extension 'cmake'
[0.391s] Level 1:colcon.colcon_core.package_identification:_identify(src/realsense-ros) by extension 'python'
[0.391s] Level 1:colcon.colcon_core.package_identification:_identify(src/realsense-ros) by extensions ['python_setup_py']
[0.391s] Level 1:colcon.colcon_core.package_identification:_identify(src/realsense-ros) by extension 'python_setup_py'
[0.392s] Level 1:colcon.colcon_core.package_identification:_identify(src/realsense-ros/realsense2_camera) by extensions ['ignore', 'ignore_ament_install']
[0.392s] Level 1:colcon.colcon_core.package_identification:_identify(src/realsense-ros/realsense2_camera) by extension 'ignore'
[0.392s] Level 1:colcon.colcon_core.package_identification:_identify(src/realsense-ros/realsense2_camera) by extension 'ignore_ament_install'
[0.392s] Level 1:colcon.colcon_core.package_identification:_identify(src/realsense-ros/realsense2_camera) by extensions ['colcon_pkg']
[0.392s] Level 1:colcon.colcon_core.package_identification:_identify(src/realsense-ros/realsense2_camera) by extension 'colcon_pkg'
[0.392s] Level 1:colcon.colcon_core.package_identification:_identify(src/realsense-ros/realsense2_camera) by extensions ['colcon_meta']
[0.392s] Level 1:colcon.colcon_core.package_identification:_identify(src/realsense-ros/realsense2_camera) by extension 'colcon_meta'
[0.392s] Level 1:colcon.colcon_core.package_identification:_identify(src/realsense-ros/realsense2_camera) by extensions ['ros']
[0.392s] Level 1:colcon.colcon_core.package_identification:_identify(src/realsense-ros/realsense2_camera) by extension 'ros'
[0.396s] DEBUG:colcon.colcon_core.package_identification:Package 'src/realsense-ros/realsense2_camera' with type 'ros.ament_cmake' and name 'realsense2_camera'
[0.397s] Level 1:colcon.colcon_core.package_identification:_identify(src/realsense-ros/realsense2_camera_msgs) by extensions ['ignore', 'ignore_ament_install']
[0.397s] Level 1:colcon.colcon_core.package_identification:_identify(src/realsense-ros/realsense2_camera_msgs) by extension 'ignore'
[0.397s] Level 1:colcon.colcon_core.package_identification:_identify(src/realsense-ros/realsense2_camera_msgs) by extension 'ignore_ament_install'
[0.397s] Level 1:colcon.colcon_core.package_identification:_identify(src/realsense-ros/realsense2_camera_msgs) by extensions ['colcon_pkg']
[0.397s] Level 1:colcon.colcon_core.package_identification:_identify(src/realsense-ros/realsense2_camera_msgs) by extension 'colcon_pkg'
[0.397s] Level 1:colcon.colcon_core.package_identification:_identify(src/realsense-ros/realsense2_camera_msgs) by extensions ['colcon_meta']
[0.397s] Level 1:colcon.colcon_core.package_identification:_identify(src/realsense-ros/realsense2_camera_msgs) by extension 'colcon_meta'
[0.397s] Level 1:colcon.colcon_core.package_identification:_identify(src/realsense-ros/realsense2_camera_msgs) by extensions ['ros']
[0.397s] Level 1:colcon.colcon_core.package_identification:_identify(src/realsense-ros/realsense2_camera_msgs) by extension 'ros'
[0.398s] DEBUG:colcon.colcon_core.package_identification:Package 'src/realsense-ros/realsense2_camera_msgs' with type 'ros.ament_cmake' and name 'realsense2_camera_msgs'
[0.398s] Level 1:colcon.colcon_core.package_identification:_identify(src/realsense-ros/realsense2_description) by extensions ['ignore', 'ignore_ament_install']
[0.398s] Level 1:colcon.colcon_core.package_identification:_identify(src/realsense-ros/realsense2_description) by extension 'ignore'
[0.398s] Level 1:colcon.colcon_core.package_identification:_identify(src/realsense-ros/realsense2_description) by extension 'ignore_ament_install'
[0.398s] Level 1:colcon.colcon_core.package_identification:_identify(src/realsense-ros/realsense2_description) by extensions ['colcon_pkg']
[0.398s] Level 1:colcon.colcon_core.package_identification:_identify(src/realsense-ros/realsense2_description) by extension 'colcon_pkg'
[0.398s] Level 1:colcon.colcon_core.package_identification:_identify(src/realsense-ros/realsense2_description) by extensions ['colcon_meta']
[0.398s] Level 1:colcon.colcon_core.package_identification:_identify(src/realsense-ros/realsense2_description) by extension 'colcon_meta'
[0.399s] Level 1:colcon.colcon_core.package_identification:_identify(src/realsense-ros/realsense2_description) by extensions ['ros']
[0.399s] Level 1:colcon.colcon_core.package_identification:_identify(src/realsense-ros/realsense2_description) by extension 'ros'
[0.399s] DEBUG:colcon.colcon_core.package_identification:Package 'src/realsense-ros/realsense2_description' with type 'ros.ament_cmake' and name 'realsense2_description'
[0.400s] Level 1:colcon.colcon_core.package_identification:_identify(src/realsense-ros/scripts) by extensions ['ignore', 'ignore_ament_install']
[0.400s] Level 1:colcon.colcon_core.package_identification:_identify(src/realsense-ros/scripts) by extension 'ignore'
[0.400s] Level 1:colcon.colcon_core.package_identification:_identify(src/realsense-ros/scripts) by extension 'ignore_ament_install'
[0.400s] Level 1:colcon.colcon_core.package_identification:_identify(src/realsense-ros/scripts) by extensions ['colcon_pkg']
[0.400s] Level 1:colcon.colcon_core.package_identification:_identify(src/realsense-ros/scripts) by extension 'colcon_pkg'
[0.400s] Level 1:colcon.colcon_core.package_identification:_identify(src/realsense-ros/scripts) by extensions ['colcon_meta']
[0.400s] Level 1:colcon.colcon_core.package_identification:_identify(src/realsense-ros/scripts) by extension 'colcon_meta'
[0.400s] Level 1:colcon.colcon_core.package_identification:_identify(src/realsense-ros/scripts) by extensions ['ros']
[0.400s] Level 1:colcon.colcon_core.package_identification:_identify(src/realsense-ros/scripts) by extension 'ros'
[0.400s] Level 1:colcon.colcon_core.package_identification:_identify(src/realsense-ros/scripts) by extensions ['cmake', 'python']
[0.400s] Level 1:colcon.colcon_core.package_identification:_identify(src/realsense-ros/scripts) by extension 'cmake'
[0.400s] Level 1:colcon.colcon_core.package_identification:_identify(src/realsense-ros/scripts) by extension 'python'
[0.400s] Level 1:colcon.colcon_core.package_identification:_identify(src/realsense-ros/scripts) by extensions ['python_setup_py']
[0.400s] Level 1:colcon.colcon_core.package_identification:_identify(src/realsense-ros/scripts) by extension 'python_setup_py'
[0.400s] Level 1:colcon.colcon_core.package_discovery:discover_packages(recursive) using defaults
[0.400s] Level 1:colcon.colcon_core.package_discovery:discover_packages(ignore) discover
[0.401s] Level 1:colcon.colcon_core.package_discovery:discover_packages(ignore) using defaults
[0.401s] Level 1:colcon.colcon_core.package_discovery:discover_packages(path) discover
[0.401s] Level 1:colcon.colcon_core.package_discovery:discover_packages(path) using defaults
[0.429s] Level 1:colcon.colcon_core.package_discovery:discover_packages(prefix_path) check parameters
[0.429s] Level 1:colcon.colcon_core.package_discovery:discover_packages(prefix_path) discover
[0.433s] DEBUG:colcon.colcon_installed_package_information.package_discovery:Found 272 installed packages in /opt/ros/humble
[0.435s] Level 1:colcon.colcon_core.package_discovery:discover_packages(prefix_path) using defaults
[0.506s] Level 5:colcon.colcon_core.verb:set package 'realsense2_camera_msgs' build argument 'cmake_args' from command line to 'None'
[0.506s] Level 5:colcon.colcon_core.verb:set package 'realsense2_camera_msgs' build argument 'cmake_target' from command line to 'None'
[0.506s] Level 5:colcon.colcon_core.verb:set package 'realsense2_camera_msgs' build argument 'cmake_target_skip_unavailable' from command line to 'False'
[0.506s] Level 5:colcon.colcon_core.verb:set package 'realsense2_camera_msgs' build argument 'cmake_clean_cache' from command line to 'False'
[0.506s] Level 5:colcon.colcon_core.verb:set package 'realsense2_camera_msgs' build argument 'cmake_clean_first' from command line to 'False'
[0.506s] Level 5:colcon.colcon_core.verb:set package 'realsense2_camera_msgs' build argument 'cmake_force_configure' from command line to 'False'
[0.506s] Level 5:colcon.colcon_core.verb:set package 'realsense2_camera_msgs' build argument 'ament_cmake_args' from command line to 'None'
[0.506s] Level 5:colcon.colcon_core.verb:set package 'realsense2_camera_msgs' build argument 'catkin_cmake_args' from command line to 'None'
[0.506s] Level 5:colcon.colcon_core.verb:set package 'realsense2_camera_msgs' build argument 'catkin_skip_building_tests' from command line to 'False'
[0.506s] DEBUG:colcon.colcon_core.verb:Building package 'realsense2_camera_msgs' with the following arguments: {'ament_cmake_args': None, 'build_base': '/home/intern/ros2Humble_ws/build/realsense2_camera_msgs', 'catkin_cmake_args': None, 'catkin_skip_building_tests': False, 'cmake_args': None, 'cmake_clean_cache': False, 'cmake_clean_first': False, 'cmake_force_configure': False, 'cmake_target': None, 'cmake_target_skip_unavailable': False, 'install_base': '/home/intern/ros2Humble_ws/install/realsense2_camera_msgs', 'merge_install': False, 'path': '/home/intern/ros2Humble_ws/src/realsense-ros/realsense2_camera_msgs', 'symlink_install': False, 'test_result_base': None}
[0.508s] Level 5:colcon.colcon_core.verb:set package 'realsense2_camera' build argument 'cmake_args' from command line to 'None'
[0.508s] Level 5:colcon.colcon_core.verb:set package 'realsense2_camera' build argument 'cmake_target' from command line to 'None'
[0.508s] Level 5:colcon.colcon_core.verb:set package 'realsense2_camera' build argument 'cmake_target_skip_unavailable' from command line to 'False'
[0.508s] Level 5:colcon.colcon_core.verb:set package 'realsense2_camera' build argument 'cmake_clean_cache' from command line to 'False'
[0.508s] Level 5:colcon.colcon_core.verb:set package 'realsense2_camera' build argument 'cmake_clean_first' from command line to 'False'
[0.508s] Level 5:colcon.colcon_core.verb:set package 'realsense2_camera' build argument 'cmake_force_configure' from command line to 'False'
[0.508s] Level 5:colcon.colcon_core.verb:set package 'realsense2_camera' build argument 'ament_cmake_args' from command line to 'None'
[0.508s] Level 5:colcon.colcon_core.verb:set package 'realsense2_camera' build argument 'catkin_cmake_args' from command line to 'None'
[0.508s] Level 5:colcon.colcon_core.verb:set package 'realsense2_camera' build argument 'catkin_skip_building_tests' from command line to 'False'
[0.508s] DEBUG:colcon.colcon_core.verb:Building package 'realsense2_camera' with the following arguments: {'ament_cmake_args': None, 'build_base': '/home/intern/ros2Humble_ws/build/realsense2_camera', 'catkin_cmake_args': None, 'catkin_skip_building_tests': False, 'cmake_args': None, 'cmake_clean_cache': False, 'cmake_clean_first': False, 'cmake_force_configure': False, 'cmake_target': None, 'cmake_target_skip_unavailable': False, 'install_base': '/home/intern/ros2Humble_ws/install/realsense2_camera', 'merge_install': False, 'path': '/home/intern/ros2Humble_ws/src/realsense-ros/realsense2_camera', 'symlink_install': False, 'test_result_base': None}
[0.509s] Level 5:colcon.colcon_core.verb:set package 'realsense2_description' build argument 'cmake_args' from command line to 'None'
[0.509s] Level 5:colcon.colcon_core.verb:set package 'realsense2_description' build argument 'cmake_target' from command line to 'None'
[0.509s] Level 5:colcon.colcon_core.verb:set package 'realsense2_description' build argument 'cmake_target_skip_unavailable' from command line to 'False'
[0.509s] Level 5:colcon.colcon_core.verb:set package 'realsense2_description' build argument 'cmake_clean_cache' from command line to 'False'
[0.509s] Level 5:colcon.colcon_core.verb:set package 'realsense2_description' build argument 'cmake_clean_first' from command line to 'False'
[0.509s] Level 5:colcon.colcon_core.verb:set package 'realsense2_description' build argument 'cmake_force_configure' from command line to 'False'
[0.509s] Level 5:colcon.colcon_core.verb:set package 'realsense2_description' build argument 'ament_cmake_args' from command line to 'None'
[0.509s] Level 5:colcon.colcon_core.verb:set package 'realsense2_description' build argument 'catkin_cmake_args' from command line to 'None'
[0.509s] Level 5:colcon.colcon_core.verb:set package 'realsense2_description' build argument 'catkin_skip_building_tests' from command line to 'False'
[0.509s] DEBUG:colcon.colcon_core.verb:Building package 'realsense2_description' with the following arguments: {'ament_cmake_args': None, 'build_base': '/home/intern/ros2Humble_ws/build/realsense2_description', 'catkin_cmake_args': None, 'catkin_skip_building_tests': False, 'cmake_args': None, 'cmake_clean_cache': False, 'cmake_clean_first': False, 'cmake_force_configure': False, 'cmake_target': None, 'cmake_target_skip_unavailable': False, 'install_base': '/home/intern/ros2Humble_ws/install/realsense2_description', 'merge_install': False, 'path': '/home/intern/ros2Humble_ws/src/realsense-ros/realsense2_description', 'symlink_install': False, 'test_result_base': None}
[0.510s] INFO:colcon.colcon_core.executor:Executing jobs using 'parallel' executor
[0.514s] DEBUG:colcon.colcon_parallel_executor.executor.parallel:run_until_complete
[0.514s] INFO:colcon.colcon_ros.task.ament_cmake.build:Building ROS package in '/home/intern/ros2Humble_ws/src/realsense-ros/realsense2_camera_msgs' with build type 'ament_cmake'
[0.515s] INFO:colcon.colcon_cmake.task.cmake.build:Building CMake package in '/home/intern/ros2Humble_ws/src/realsense-ros/realsense2_camera_msgs'
[0.519s] INFO:colcon.colcon_core.plugin_system:Skipping extension 'colcon_core.shell.bat': Not used on non-Windows systems
[0.519s] INFO:colcon.colcon_core.shell:Skip shell extension 'powershell' for command environment: Not usable outside of PowerShell
[0.519s] DEBUG:colcon.colcon_core.shell:Skip shell extension 'dsv' for command environment
[0.532s] DEBUG:colcon.colcon_core.event_handler.log_command:Invoking command in '/home/intern/ros2Humble_ws/build/realsense2_camera_msgs': CMAKE_PREFIX_PATH=/opt/ros/humble /home/intern/.local/bin/cmake /home/intern/ros2Humble_ws/src/realsense-ros/realsense2_camera_msgs -DCMAKE_INSTALL_PREFIX=/home/intern/ros2Humble_ws/install/realsense2_camera_msgs
[3.374s] DEBUG:colcon.colcon_core.event_handler.log_command:Invoked command in '/home/intern/ros2Humble_ws/build/realsense2_camera_msgs' returned '0': CMAKE_PREFIX_PATH=/opt/ros/humble /home/intern/.local/bin/cmake /home/intern/ros2Humble_ws/src/realsense-ros/realsense2_camera_msgs -DCMAKE_INSTALL_PREFIX=/home/intern/ros2Humble_ws/install/realsense2_camera_msgs
[3.378s] DEBUG:colcon.colcon_core.event_handler.log_command:Invoking command in '/home/intern/ros2Humble_ws/build/realsense2_camera_msgs': CMAKE_PREFIX_PATH=/opt/ros/humble /home/intern/.local/bin/cmake --build /home/intern/ros2Humble_ws/build/realsense2_camera_msgs -- -j4 -l4
[11.418s] DEBUG:colcon.colcon_core.event_handler.log_command:Invoked command in '/home/intern/ros2Humble_ws/build/realsense2_camera_msgs' returned '0': CMAKE_PREFIX_PATH=/opt/ros/humble /home/intern/.local/bin/cmake --build /home/intern/ros2Humble_ws/build/realsense2_camera_msgs -- -j4 -l4
[11.600s] DEBUG:colcon.colcon_core.event_handler.log_command:Invoking command in '/home/intern/ros2Humble_ws/build/realsense2_camera_msgs': CMAKE_PREFIX_PATH=/opt/ros/humble /home/intern/.local/bin/cmake --install /home/intern/ros2Humble_ws/build/realsense2_camera_msgs
[11.740s] Level 1:colcon.colcon_core.environment:create_environment_scripts_only(realsense2_camera_msgs)
[11.741s] DEBUG:colcon.colcon_core.event_handler.log_command:Invoked command in '/home/intern/ros2Humble_ws/build/realsense2_camera_msgs' returned '0': CMAKE_PREFIX_PATH=/opt/ros/humble /home/intern/.local/bin/cmake --install /home/intern/ros2Humble_ws/build/realsense2_camera_msgs
[11.750s] Level 1:colcon.colcon_core.environment:checking '/home/intern/ros2Humble_ws/install/realsense2_camera_msgs' for CMake module files
[11.751s] Level 1:colcon.colcon_core.environment:checking '/home/intern/ros2Humble_ws/install/realsense2_camera_msgs' for CMake config files
[11.752s] Level 1:colcon.colcon_core.shell:create_environment_hook('realsense2_camera_msgs', 'cmake_prefix_path')
[11.753s] INFO:colcon.colcon_core.shell:Creating environment hook '/home/intern/ros2Humble_ws/install/realsense2_camera_msgs/share/realsense2_camera_msgs/hook/cmake_prefix_path.ps1'
[11.754s] INFO:colcon.colcon_core.shell:Creating environment descriptor '/home/intern/ros2Humble_ws/install/realsense2_camera_msgs/share/realsense2_camera_msgs/hook/cmake_prefix_path.dsv'
[11.755s] INFO:colcon.colcon_core.shell:Creating environment hook '/home/intern/ros2Humble_ws/install/realsense2_camera_msgs/share/realsense2_camera_msgs/hook/cmake_prefix_path.sh'
[11.756s] Level 1:colcon.colcon_core.environment:checking '/home/intern/ros2Humble_ws/install/realsense2_camera_msgs/lib'
[11.756s] Level 1:colcon.colcon_core.shell:create_environment_hook('realsense2_camera_msgs', 'ld_library_path_lib')
[11.758s] INFO:colcon.colcon_core.shell:Creating environment hook '/home/intern/ros2Humble_ws/install/realsense2_camera_msgs/share/realsense2_camera_msgs/hook/ld_library_path_lib.ps1'
[11.758s] INFO:colcon.colcon_core.shell:Creating environment descriptor '/home/intern/ros2Humble_ws/install/realsense2_camera_msgs/share/realsense2_camera_msgs/hook/ld_library_path_lib.dsv'
[11.759s] INFO:colcon.colcon_core.shell:Creating environment hook '/home/intern/ros2Humble_ws/install/realsense2_camera_msgs/share/realsense2_camera_msgs/hook/ld_library_path_lib.sh'
[11.759s] Level 1:colcon.colcon_core.environment:checking '/home/intern/ros2Humble_ws/install/realsense2_camera_msgs/bin'
[11.759s] Level 1:colcon.colcon_core.environment:checking '/home/intern/ros2Humble_ws/install/realsense2_camera_msgs/lib/pkgconfig/realsense2_camera_msgs.pc'
[11.759s] Level 1:colcon.colcon_core.environment:checking '/home/intern/ros2Humble_ws/install/realsense2_camera_msgs/lib/python3.10/site-packages'
[11.760s] Level 1:colcon.colcon_core.environment:checking '/home/intern/ros2Humble_ws/install/realsense2_camera_msgs/bin'
[11.761s] INFO:colcon.colcon_core.shell:Creating package script '/home/intern/ros2Humble_ws/install/realsense2_camera_msgs/share/realsense2_camera_msgs/package.ps1'
[11.763s] INFO:colcon.colcon_core.shell:Creating package descriptor '/home/intern/ros2Humble_ws/install/realsense2_camera_msgs/share/realsense2_camera_msgs/package.dsv'
[11.763s] INFO:colcon.colcon_core.shell:Creating package script '/home/intern/ros2Humble_ws/install/realsense2_camera_msgs/share/realsense2_camera_msgs/package.sh'
[11.764s] INFO:colcon.colcon_core.shell:Creating package script '/home/intern/ros2Humble_ws/install/realsense2_camera_msgs/share/realsense2_camera_msgs/package.bash'
[11.765s] INFO:colcon.colcon_core.shell:Creating package script '/home/intern/ros2Humble_ws/install/realsense2_camera_msgs/share/realsense2_camera_msgs/package.zsh'
[11.766s] Level 1:colcon.colcon_core.environment:create_file_with_runtime_dependencies(/home/intern/ros2Humble_ws/install/realsense2_camera_msgs/share/colcon-core/packages/realsense2_camera_msgs)
[11.911s] Level 1:colcon.colcon_core.environment:create_environment_scripts_only(realsense2_camera_msgs)
[11.913s] Level 1:colcon.colcon_core.environment:checking '/home/intern/ros2Humble_ws/install/realsense2_camera_msgs' for CMake module files
[11.914s] Level 1:colcon.colcon_core.environment:checking '/home/intern/ros2Humble_ws/install/realsense2_camera_msgs' for CMake config files
[11.915s] Level 1:colcon.colcon_core.shell:create_environment_hook('realsense2_camera_msgs', 'cmake_prefix_path')
[11.916s] INFO:colcon.colcon_core.shell:Creating environment hook '/home/intern/ros2Humble_ws/install/realsense2_camera_msgs/share/realsense2_camera_msgs/hook/cmake_prefix_path.ps1'
[11.917s] INFO:colcon.colcon_core.shell:Creating environment descriptor '/home/intern/ros2Humble_ws/install/realsense2_camera_msgs/share/realsense2_camera_msgs/hook/cmake_prefix_path.dsv'
[11.917s] INFO:colcon.colcon_core.shell:Creating environment hook '/home/intern/ros2Humble_ws/install/realsense2_camera_msgs/share/realsense2_camera_msgs/hook/cmake_prefix_path.sh'
[11.918s] Level 1:colcon.colcon_core.environment:checking '/home/intern/ros2Humble_ws/install/realsense2_camera_msgs/lib'
[11.918s] Level 1:colcon.colcon_core.shell:create_environment_hook('realsense2_camera_msgs', 'ld_library_path_lib')
[11.920s] INFO:colcon.colcon_core.shell:Creating environment hook '/home/intern/ros2Humble_ws/install/realsense2_camera_msgs/share/realsense2_camera_msgs/hook/ld_library_path_lib.ps1'
[11.920s] INFO:colcon.colcon_core.shell:Creating environment descriptor '/home/intern/ros2Humble_ws/install/realsense2_camera_msgs/share/realsense2_camera_msgs/hook/ld_library_path_lib.dsv'
[11.920s] INFO:colcon.colcon_core.shell:Creating environment hook '/home/intern/ros2Humble_ws/install/realsense2_camera_msgs/share/realsense2_camera_msgs/hook/ld_library_path_lib.sh'
[11.921s] Level 1:colcon.colcon_core.environment:checking '/home/intern/ros2Humble_ws/install/realsense2_camera_msgs/bin'
[11.921s] Level 1:colcon.colcon_core.environment:checking '/home/intern/ros2Humble_ws/install/realsense2_camera_msgs/lib/pkgconfig/realsense2_camera_msgs.pc'
[11.921s] Level 1:colcon.colcon_core.environment:checking '/home/intern/ros2Humble_ws/install/realsense2_camera_msgs/lib/python3.10/site-packages'
[11.922s] Level 1:colcon.colcon_core.environment:checking '/home/intern/ros2Humble_ws/install/realsense2_camera_msgs/bin'
[11.924s] INFO:colcon.colcon_core.shell:Creating package script '/home/intern/ros2Humble_ws/install/realsense2_camera_msgs/share/realsense2_camera_msgs/package.ps1'
[11.925s] INFO:colcon.colcon_core.shell:Creating package descriptor '/home/intern/ros2Humble_ws/install/realsense2_camera_msgs/share/realsense2_camera_msgs/package.dsv'
[11.925s] INFO:colcon.colcon_core.shell:Creating package script '/home/intern/ros2Humble_ws/install/realsense2_camera_msgs/share/realsense2_camera_msgs/package.sh'
[11.926s] INFO:colcon.colcon_core.shell:Creating package script '/home/intern/ros2Humble_ws/install/realsense2_camera_msgs/share/realsense2_camera_msgs/package.bash'
[11.926s] INFO:colcon.colcon_core.shell:Creating package script '/home/intern/ros2Humble_ws/install/realsense2_camera_msgs/share/realsense2_camera_msgs/package.zsh'
[11.927s] Level 1:colcon.colcon_core.environment:create_file_with_runtime_dependencies(/home/intern/ros2Humble_ws/install/realsense2_camera_msgs/share/colcon-core/packages/realsense2_camera_msgs)
[11.927s] INFO:colcon.colcon_ros.task.ament_cmake.build:Building ROS package in '/home/intern/ros2Humble_ws/src/realsense-ros/realsense2_camera' with build type 'ament_cmake'
[11.927s] INFO:colcon.colcon_cmake.task.cmake.build:Building CMake package in '/home/intern/ros2Humble_ws/src/realsense-ros/realsense2_camera'
[11.929s] INFO:colcon.colcon_core.shell:Skip shell extension 'powershell' for command environment: Not usable outside of PowerShell
[11.929s] DEBUG:colcon.colcon_core.shell:Skip shell extension 'dsv' for command environment
[11.933s] INFO:colcon.colcon_ros.task.ament_cmake.build:Building ROS package in '/home/intern/ros2Humble_ws/src/realsense-ros/realsense2_description' with build type 'ament_cmake'
[11.934s] INFO:colcon.colcon_cmake.task.cmake.build:Building CMake package in '/home/intern/ros2Humble_ws/src/realsense-ros/realsense2_description'
[11.935s] INFO:colcon.colcon_core.shell:Skip shell extension 'powershell' for command environment: Not usable outside of PowerShell
[11.936s] DEBUG:colcon.colcon_core.shell:Skip shell extension 'dsv' for command environment
[11.944s] DEBUG:colcon.colcon_core.event_handler.log_command:Invoking command in '/home/intern/ros2Humble_ws/build/realsense2_camera': AMENT_PREFIX_PATH=/home/intern/ros2Humble_ws/install/realsense2_camera_msgs:${AMENT_PREFIX_PATH} CMAKE_PREFIX_PATH=/home/intern/ros2Humble_ws/install/realsense2_camera_msgs:/opt/ros/humble LD_LIBRARY_PATH=/home/intern/ros2Humble_ws/install/realsense2_camera_msgs/lib:${LD_LIBRARY_PATH} PYTHONPATH=/home/intern/ros2Humble_ws/install/realsense2_camera_msgs/local/lib/python3.10/dist-packages:${PYTHONPATH} /home/intern/.local/bin/cmake /home/intern/ros2Humble_ws/src/realsense-ros/realsense2_camera -DCMAKE_INSTALL_PREFIX=/home/intern/ros2Humble_ws/install/realsense2_camera
[11.949s] DEBUG:colcon.colcon_core.event_handler.log_command:Invoking command in '/home/intern/ros2Humble_ws/build/realsense2_description': AMENT_PREFIX_PATH=/home/intern/ros2Humble_ws/install/realsense2_camera_msgs:${AMENT_PREFIX_PATH} CMAKE_PREFIX_PATH=/home/intern/ros2Humble_ws/install/realsense2_camera_msgs:/opt/ros/humble LD_LIBRARY_PATH=/home/intern/ros2Humble_ws/install/realsense2_camera_msgs/lib:${LD_LIBRARY_PATH} PYTHONPATH=/home/intern/ros2Humble_ws/install/realsense2_camera_msgs/local/lib/python3.10/dist-packages:${PYTHONPATH} /home/intern/.local/bin/cmake /home/intern/ros2Humble_ws/src/realsense-ros/realsense2_description -DCMAKE_INSTALL_PREFIX=/home/intern/ros2Humble_ws/install/realsense2_description
[13.671s] DEBUG:colcon.colcon_core.event_handler.log_command:Invoked command in '/home/intern/ros2Humble_ws/build/realsense2_description' returned '0': AMENT_PREFIX_PATH=/home/intern/ros2Humble_ws/install/realsense2_camera_msgs:${AMENT_PREFIX_PATH} CMAKE_PREFIX_PATH=/home/intern/ros2Humble_ws/install/realsense2_camera_msgs:/opt/ros/humble LD_LIBRARY_PATH=/home/intern/ros2Humble_ws/install/realsense2_camera_msgs/lib:${LD_LIBRARY_PATH} PYTHONPATH=/home/intern/ros2Humble_ws/install/realsense2_camera_msgs/local/lib/python3.10/dist-packages:${PYTHONPATH} /home/intern/.local/bin/cmake /home/intern/ros2Humble_ws/src/realsense-ros/realsense2_description -DCMAKE_INSTALL_PREFIX=/home/intern/ros2Humble_ws/install/realsense2_description
[13.674s] DEBUG:colcon.colcon_core.event_handler.log_command:Invoking command in '/home/intern/ros2Humble_ws/build/realsense2_description': AMENT_PREFIX_PATH=/home/intern/ros2Humble_ws/install/realsense2_camera_msgs:${AMENT_PREFIX_PATH} CMAKE_PREFIX_PATH=/home/intern/ros2Humble_ws/install/realsense2_camera_msgs:/opt/ros/humble LD_LIBRARY_PATH=/home/intern/ros2Humble_ws/install/realsense2_camera_msgs/lib:${LD_LIBRARY_PATH} PYTHONPATH=/home/intern/ros2Humble_ws/install/realsense2_camera_msgs/local/lib/python3.10/dist-packages:${PYTHONPATH} /home/intern/.local/bin/cmake --build /home/intern/ros2Humble_ws/build/realsense2_description -- -j4 -l4
[13.732s] DEBUG:colcon.colcon_core.event_handler.log_command:Invoked command in '/home/intern/ros2Humble_ws/build/realsense2_description' returned '0': AMENT_PREFIX_PATH=/home/intern/ros2Humble_ws/install/realsense2_camera_msgs:${AMENT_PREFIX_PATH} CMAKE_PREFIX_PATH=/home/intern/ros2Humble_ws/install/realsense2_camera_msgs:/opt/ros/humble LD_LIBRARY_PATH=/home/intern/ros2Humble_ws/install/realsense2_camera_msgs/lib:${LD_LIBRARY_PATH} PYTHONPATH=/home/intern/ros2Humble_ws/install/realsense2_camera_msgs/local/lib/python3.10/dist-packages:${PYTHONPATH} /home/intern/.local/bin/cmake --build /home/intern/ros2Humble_ws/build/realsense2_description -- -j4 -l4
[13.789s] DEBUG:colcon.colcon_core.event_handler.log_command:Invoking command in '/home/intern/ros2Humble_ws/build/realsense2_description': AMENT_PREFIX_PATH=/home/intern/ros2Humble_ws/install/realsense2_camera_msgs:${AMENT_PREFIX_PATH} CMAKE_PREFIX_PATH=/home/intern/ros2Humble_ws/install/realsense2_camera_msgs:/opt/ros/humble LD_LIBRARY_PATH=/home/intern/ros2Humble_ws/install/realsense2_camera_msgs/lib:${LD_LIBRARY_PATH} PYTHONPATH=/home/intern/ros2Humble_ws/install/realsense2_camera_msgs/local/lib/python3.10/dist-packages:${PYTHONPATH} /home/intern/.local/bin/cmake --install /home/intern/ros2Humble_ws/build/realsense2_description
[13.930s] Level 1:colcon.colcon_core.environment:create_environment_scripts_only(realsense2_description)
[13.933s] Level 1:colcon.colcon_core.environment:checking '/home/intern/ros2Humble_ws/install/realsense2_description' for CMake module files
[13.933s] DEBUG:colcon.colcon_core.event_handler.log_command:Invoked command in '/home/intern/ros2Humble_ws/build/realsense2_description' returned '0': AMENT_PREFIX_PATH=/home/intern/ros2Humble_ws/install/realsense2_camera_msgs:${AMENT_PREFIX_PATH} CMAKE_PREFIX_PATH=/home/intern/ros2Humble_ws/install/realsense2_camera_msgs:/opt/ros/humble LD_LIBRARY_PATH=/home/intern/ros2Humble_ws/install/realsense2_camera_msgs/lib:${LD_LIBRARY_PATH} PYTHONPATH=/home/intern/ros2Humble_ws/install/realsense2_camera_msgs/local/lib/python3.10/dist-packages:${PYTHONPATH} /home/intern/.local/bin/cmake --install /home/intern/ros2Humble_ws/build/realsense2_description
[13.934s] Level 1:colcon.colcon_core.environment:checking '/home/intern/ros2Humble_ws/install/realsense2_description' for CMake config files
[13.934s] Level 1:colcon.colcon_core.shell:create_environment_hook('realsense2_description', 'cmake_prefix_path')
[13.936s] INFO:colcon.colcon_core.shell:Creating environment hook '/home/intern/ros2Humble_ws/install/realsense2_description/share/realsense2_description/hook/cmake_prefix_path.ps1'
[13.936s] INFO:colcon.colcon_core.shell:Creating environment descriptor '/home/intern/ros2Humble_ws/install/realsense2_description/share/realsense2_description/hook/cmake_prefix_path.dsv'
[13.937s] INFO:colcon.colcon_core.shell:Creating environment hook '/home/intern/ros2Humble_ws/install/realsense2_description/share/realsense2_description/hook/cmake_prefix_path.sh'
[13.937s] Level 1:colcon.colcon_core.environment:checking '/home/intern/ros2Humble_ws/install/realsense2_description/bin'
[13.937s] Level 1:colcon.colcon_core.environment:checking '/home/intern/ros2Humble_ws/install/realsense2_description/lib/pkgconfig/realsense2_description.pc'
[13.938s] Level 1:colcon.colcon_core.environment:checking '/home/intern/ros2Humble_ws/install/realsense2_description/lib/python3.10/site-packages'
[13.938s] Level 1:colcon.colcon_core.environment:checking '/home/intern/ros2Humble_ws/install/realsense2_description/bin'
[13.940s] INFO:colcon.colcon_core.shell:Creating package script '/home/intern/ros2Humble_ws/install/realsense2_description/share/realsense2_description/package.ps1'
[13.940s] INFO:colcon.colcon_core.shell:Creating package descriptor '/home/intern/ros2Humble_ws/install/realsense2_description/share/realsense2_description/package.dsv'
[13.941s] INFO:colcon.colcon_core.shell:Creating package script '/home/intern/ros2Humble_ws/install/realsense2_description/share/realsense2_description/package.sh'
[13.941s] INFO:colcon.colcon_core.shell:Creating package script '/home/intern/ros2Humble_ws/install/realsense2_description/share/realsense2_description/package.bash'
[13.942s] INFO:colcon.colcon_core.shell:Creating package script '/home/intern/ros2Humble_ws/install/realsense2_description/share/realsense2_description/package.zsh'
[13.942s] Level 1:colcon.colcon_core.environment:create_file_with_runtime_dependencies(/home/intern/ros2Humble_ws/install/realsense2_description/share/colcon-core/packages/realsense2_description)
[13.999s] Level 1:colcon.colcon_core.environment:create_environment_scripts_only(realsense2_description)
[14.003s] Level 1:colcon.colcon_core.environment:checking '/home/intern/ros2Humble_ws/install/realsense2_description' for CMake module files
[14.004s] Level 1:colcon.colcon_core.environment:checking '/home/intern/ros2Humble_ws/install/realsense2_description' for CMake config files
[14.005s] Level 1:colcon.colcon_core.shell:create_environment_hook('realsense2_description', 'cmake_prefix_path')
[14.008s] INFO:colcon.colcon_core.shell:Creating environment hook '/home/intern/ros2Humble_ws/install/realsense2_description/share/realsense2_description/hook/cmake_prefix_path.ps1'
[14.009s] INFO:colcon.colcon_core.shell:Creating environment descriptor '/home/intern/ros2Humble_ws/install/realsense2_description/share/realsense2_description/hook/cmake_prefix_path.dsv'
[14.009s] INFO:colcon.colcon_core.shell:Creating environment hook '/home/intern/ros2Humble_ws/install/realsense2_description/share/realsense2_description/hook/cmake_prefix_path.sh'
[14.010s] Level 1:colcon.colcon_core.environment:checking '/home/intern/ros2Humble_ws/install/realsense2_description/bin'
[14.010s] Level 1:colcon.colcon_core.environment:checking '/home/intern/ros2Humble_ws/install/realsense2_description/lib/pkgconfig/realsense2_description.pc'
[14.011s] Level 1:colcon.colcon_core.environment:checking '/home/intern/ros2Humble_ws/install/realsense2_description/lib/python3.10/site-packages'
[14.011s] Level 1:colcon.colcon_core.environment:checking '/home/intern/ros2Humble_ws/install/realsense2_description/bin'
[14.014s] INFO:colcon.colcon_core.shell:Creating package script '/home/intern/ros2Humble_ws/install/realsense2_description/share/realsense2_description/package.ps1'
[14.015s] INFO:colcon.colcon_core.shell:Creating package descriptor '/home/intern/ros2Humble_ws/install/realsense2_description/share/realsense2_description/package.dsv'
[14.016s] INFO:colcon.colcon_core.shell:Creating package script '/home/intern/ros2Humble_ws/install/realsense2_description/share/realsense2_description/package.sh'
[14.017s] INFO:colcon.colcon_core.shell:Creating package script '/home/intern/ros2Humble_ws/install/realsense2_description/share/realsense2_description/package.bash'
[14.018s] INFO:colcon.colcon_core.shell:Creating package script '/home/intern/ros2Humble_ws/install/realsense2_description/share/realsense2_description/package.zsh'
[14.019s] Level 1:colcon.colcon_core.environment:create_file_with_runtime_dependencies(/home/intern/ros2Humble_ws/install/realsense2_description/share/colcon-core/packages/realsense2_description)
[15.835s] DEBUG:colcon.colcon_core.event_handler.log_command:Invoked command in '/home/intern/ros2Humble_ws/build/realsense2_camera' returned '0': AMENT_PREFIX_PATH=/home/intern/ros2Humble_ws/install/realsense2_camera_msgs:${AMENT_PREFIX_PATH} CMAKE_PREFIX_PATH=/home/intern/ros2Humble_ws/install/realsense2_camera_msgs:/opt/ros/humble LD_LIBRARY_PATH=/home/intern/ros2Humble_ws/install/realsense2_camera_msgs/lib:${LD_LIBRARY_PATH} PYTHONPATH=/home/intern/ros2Humble_ws/install/realsense2_camera_msgs/local/lib/python3.10/dist-packages:${PYTHONPATH} /home/intern/.local/bin/cmake /home/intern/ros2Humble_ws/src/realsense-ros/realsense2_camera -DCMAKE_INSTALL_PREFIX=/home/intern/ros2Humble_ws/install/realsense2_camera
[15.837s] DEBUG:colcon.colcon_core.event_handler.log_command:Invoking command in '/home/intern/ros2Humble_ws/build/realsense2_camera': AMENT_PREFIX_PATH=/home/intern/ros2Humble_ws/install/realsense2_camera_msgs:${AMENT_PREFIX_PATH} CMAKE_PREFIX_PATH=/home/intern/ros2Humble_ws/install/realsense2_camera_msgs:/opt/ros/humble LD_LIBRARY_PATH=/home/intern/ros2Humble_ws/install/realsense2_camera_msgs/lib:${LD_LIBRARY_PATH} PYTHONPATH=/home/intern/ros2Humble_ws/install/realsense2_camera_msgs/local/lib/python3.10/dist-packages:${PYTHONPATH} /home/intern/.local/bin/cmake --build /home/intern/ros2Humble_ws/build/realsense2_camera -- -j4 -l4
[105.936s] DEBUG:colcon.colcon_core.event_handler.log_command:Invoked command in '/home/intern/ros2Humble_ws/build/realsense2_camera' returned '0': AMENT_PREFIX_PATH=/home/intern/ros2Humble_ws/install/realsense2_camera_msgs:${AMENT_PREFIX_PATH} CMAKE_PREFIX_PATH=/home/intern/ros2Humble_ws/install/realsense2_camera_msgs:/opt/ros/humble LD_LIBRARY_PATH=/home/intern/ros2Humble_ws/install/realsense2_camera_msgs/lib:${LD_LIBRARY_PATH} PYTHONPATH=/home/intern/ros2Humble_ws/install/realsense2_camera_msgs/local/lib/python3.10/dist-packages:${PYTHONPATH} /home/intern/.local/bin/cmake --build /home/intern/ros2Humble_ws/build/realsense2_camera -- -j4 -l4
[106.077s] DEBUG:colcon.colcon_core.event_handler.log_command:Invoking command in '/home/intern/ros2Humble_ws/build/realsense2_camera': AMENT_PREFIX_PATH=/home/intern/ros2Humble_ws/install/realsense2_camera_msgs:${AMENT_PREFIX_PATH} CMAKE_PREFIX_PATH=/home/intern/ros2Humble_ws/install/realsense2_camera_msgs:/opt/ros/humble LD_LIBRARY_PATH=/home/intern/ros2Humble_ws/install/realsense2_camera_msgs/lib:${LD_LIBRARY_PATH} PYTHONPATH=/home/intern/ros2Humble_ws/install/realsense2_camera_msgs/local/lib/python3.10/dist-packages:${PYTHONPATH} /home/intern/.local/bin/cmake --install /home/intern/ros2Humble_ws/build/realsense2_camera
[106.134s] Level 1:colcon.colcon_core.environment:create_environment_scripts_only(realsense2_camera)
[106.151s] DEBUG:colcon.colcon_core.event_handler.log_command:Invoked command in '/home/intern/ros2Humble_ws/build/realsense2_camera' returned '0': AMENT_PREFIX_PATH=/home/intern/ros2Humble_ws/install/realsense2_camera_msgs:${AMENT_PREFIX_PATH} CMAKE_PREFIX_PATH=/home/intern/ros2Humble_ws/install/realsense2_camera_msgs:/opt/ros/humble LD_LIBRARY_PATH=/home/intern/ros2Humble_ws/install/realsense2_camera_msgs/lib:${LD_LIBRARY_PATH} PYTHONPATH=/home/intern/ros2Humble_ws/install/realsense2_camera_msgs/local/lib/python3.10/dist-packages:${PYTHONPATH} /home/intern/.local/bin/cmake --install /home/intern/ros2Humble_ws/build/realsense2_camera
[106.166s] Level 1:colcon.colcon_core.environment:checking '/home/intern/ros2Humble_ws/install/realsense2_camera' for CMake module files
[106.168s] Level 1:colcon.colcon_core.environment:checking '/home/intern/ros2Humble_ws/install/realsense2_camera' for CMake config files
[106.170s] Level 1:colcon.colcon_core.shell:create_environment_hook('realsense2_camera', 'cmake_prefix_path')
[106.175s] INFO:colcon.colcon_core.shell:Creating environment hook '/home/intern/ros2Humble_ws/install/realsense2_camera/share/realsense2_camera/hook/cmake_prefix_path.ps1'
[106.188s] INFO:colcon.colcon_core.shell:Creating environment descriptor '/home/intern/ros2Humble_ws/install/realsense2_camera/share/realsense2_camera/hook/cmake_prefix_path.dsv'
[106.190s] INFO:colcon.colcon_core.shell:Creating environment hook '/home/intern/ros2Humble_ws/install/realsense2_camera/share/realsense2_camera/hook/cmake_prefix_path.sh'
[106.198s] Level 1:colcon.colcon_core.environment:checking '/home/intern/ros2Humble_ws/install/realsense2_camera/lib'
[106.198s] Level 1:colcon.colcon_core.shell:create_environment_hook('realsense2_camera', 'ld_library_path_lib')
[106.200s] INFO:colcon.colcon_core.shell:Creating environment hook '/home/intern/ros2Humble_ws/install/realsense2_camera/share/realsense2_camera/hook/ld_library_path_lib.ps1'
[106.201s] INFO:colcon.colcon_core.shell:Creating environment descriptor '/home/intern/ros2Humble_ws/install/realsense2_camera/share/realsense2_camera/hook/ld_library_path_lib.dsv'
[106.202s] INFO:colcon.colcon_core.shell:Creating environment hook '/home/intern/ros2Humble_ws/install/realsense2_camera/share/realsense2_camera/hook/ld_library_path_lib.sh'
[106.202s] Level 1:colcon.colcon_core.environment:checking '/home/intern/ros2Humble_ws/install/realsense2_camera/bin'
[106.203s] Level 1:colcon.colcon_core.environment:checking '/home/intern/ros2Humble_ws/install/realsense2_camera/lib/pkgconfig/realsense2_camera.pc'
[106.208s] Level 1:colcon.colcon_core.environment:checking '/home/intern/ros2Humble_ws/install/realsense2_camera/lib/python3.10/site-packages'
[106.209s] Level 1:colcon.colcon_core.environment:checking '/home/intern/ros2Humble_ws/install/realsense2_camera/bin'
[106.211s] INFO:colcon.colcon_core.shell:Creating package script '/home/intern/ros2Humble_ws/install/realsense2_camera/share/realsense2_camera/package.ps1'
[106.213s] INFO:colcon.colcon_core.shell:Creating package descriptor '/home/intern/ros2Humble_ws/install/realsense2_camera/share/realsense2_camera/package.dsv'
[106.214s] INFO:colcon.colcon_core.shell:Creating package script '/home/intern/ros2Humble_ws/install/realsense2_camera/share/realsense2_camera/package.sh'
[106.215s] INFO:colcon.colcon_core.shell:Creating package script '/home/intern/ros2Humble_ws/install/realsense2_camera/share/realsense2_camera/package.bash'
[106.217s] INFO:colcon.colcon_core.shell:Creating package script '/home/intern/ros2Humble_ws/install/realsense2_camera/share/realsense2_camera/package.zsh'
[106.219s] Level 1:colcon.colcon_core.environment:create_file_with_runtime_dependencies(/home/intern/ros2Humble_ws/install/realsense2_camera/share/colcon-core/packages/realsense2_camera)
[106.306s] Level 1:colcon.colcon_core.environment:create_environment_scripts_only(realsense2_camera)
[106.308s] Level 1:colcon.colcon_core.environment:checking '/home/intern/ros2Humble_ws/install/realsense2_camera' for CMake module files
[106.309s] Level 1:colcon.colcon_core.environment:checking '/home/intern/ros2Humble_ws/install/realsense2_camera' for CMake config files
[106.309s] Level 1:colcon.colcon_core.shell:create_environment_hook('realsense2_camera', 'cmake_prefix_path')
[106.311s] INFO:colcon.colcon_core.shell:Creating environment hook '/home/intern/ros2Humble_ws/install/realsense2_camera/share/realsense2_camera/hook/cmake_prefix_path.ps1'
[106.312s] INFO:colcon.colcon_core.shell:Creating environment descriptor '/home/intern/ros2Humble_ws/install/realsense2_camera/share/realsense2_camera/hook/cmake_prefix_path.dsv'
[106.312s] INFO:colcon.colcon_core.shell:Creating environment hook '/home/intern/ros2Humble_ws/install/realsense2_camera/share/realsense2_camera/hook/cmake_prefix_path.sh'
[106.313s] Level 1:colcon.colcon_core.environment:checking '/home/intern/ros2Humble_ws/install/realsense2_camera/lib'
[106.313s] Level 1:colcon.colcon_core.shell:create_environment_hook('realsense2_camera', 'ld_library_path_lib')
[106.315s] INFO:colcon.colcon_core.shell:Creating environment hook '/home/intern/ros2Humble_ws/install/realsense2_camera/share/realsense2_camera/hook/ld_library_path_lib.ps1'
[106.315s] INFO:colcon.colcon_core.shell:Creating environment descriptor '/home/intern/ros2Humble_ws/install/realsense2_camera/share/realsense2_camera/hook/ld_library_path_lib.dsv'
[106.316s] INFO:colcon.colcon_core.shell:Creating environment hook '/home/intern/ros2Humble_ws/install/realsense2_camera/share/realsense2_camera/hook/ld_library_path_lib.sh'
[106.317s] Level 1:colcon.colcon_core.environment:checking '/home/intern/ros2Humble_ws/install/realsense2_camera/bin'
[106.317s] Level 1:colcon.colcon_core.environment:checking '/home/intern/ros2Humble_ws/install/realsense2_camera/lib/pkgconfig/realsense2_camera.pc'
[106.317s] Level 1:colcon.colcon_core.environment:checking '/home/intern/ros2Humble_ws/install/realsense2_camera/lib/python3.10/site-packages'
[106.318s] Level 1:colcon.colcon_core.environment:checking '/home/intern/ros2Humble_ws/install/realsense2_camera/bin'
[106.320s] INFO:colcon.colcon_core.shell:Creating package script '/home/intern/ros2Humble_ws/install/realsense2_camera/share/realsense2_camera/package.ps1'
[106.320s] INFO:colcon.colcon_core.shell:Creating package descriptor '/home/intern/ros2Humble_ws/install/realsense2_camera/share/realsense2_camera/package.dsv'
[106.321s] INFO:colcon.colcon_core.shell:Creating package script '/home/intern/ros2Humble_ws/install/realsense2_camera/share/realsense2_camera/package.sh'
[106.322s] INFO:colcon.colcon_core.shell:Creating package script '/home/intern/ros2Humble_ws/install/realsense2_camera/share/realsense2_camera/package.bash'
[106.323s] INFO:colcon.colcon_core.shell:Creating package script '/home/intern/ros2Humble_ws/install/realsense2_camera/share/realsense2_camera/package.zsh'
[106.323s] Level 1:colcon.colcon_core.environment:create_file_with_runtime_dependencies(/home/intern/ros2Humble_ws/install/realsense2_camera/share/colcon-core/packages/realsense2_camera)
[106.325s] DEBUG:colcon.colcon_parallel_executor.executor.parallel:closing loop
[106.328s] DEBUG:colcon.colcon_parallel_executor.executor.parallel:loop closed
[106.328s] DEBUG:colcon.colcon_parallel_executor.executor.parallel:run_until_complete finished with '0'
[106.329s] DEBUG:colcon.colcon_core.event_reactor:joining thread
[106.382s] INFO:colcon.colcon_core.plugin_system:Skipping extension 'colcon_notification.desktop_notification.terminal_notifier': Not used on non-Darwin systems
[106.382s] INFO:colcon.colcon_core.plugin_system:Skipping extension 'colcon_notification.desktop_notification.win32': Not used on non-Windows systems
[106.382s] INFO:colcon.colcon_notification.desktop_notification:Sending desktop notification using 'notify2'
[106.407s] DEBUG:colcon.colcon_core.event_reactor:joined thread
[106.414s] INFO:colcon.colcon_core.shell:Creating prefix script '/home/intern/ros2Humble_ws/install/local_setup.ps1'
[106.418s] INFO:colcon.colcon_core.shell:Creating prefix util module '/home/intern/ros2Humble_ws/install/_local_setup_util_ps1.py'
[106.422s] INFO:colcon.colcon_core.shell:Creating prefix chain script '/home/intern/ros2Humble_ws/install/setup.ps1'
[106.428s] INFO:colcon.colcon_core.shell:Creating prefix script '/home/intern/ros2Humble_ws/install/local_setup.sh'
[106.430s] INFO:colcon.colcon_core.shell:Creating prefix util module '/home/intern/ros2Humble_ws/install/_local_setup_util_sh.py'
[106.431s] INFO:colcon.colcon_core.shell:Creating prefix chain script '/home/intern/ros2Humble_ws/install/setup.sh'
[106.433s] INFO:colcon.colcon_core.shell:Creating prefix script '/home/intern/ros2Humble_ws/install/local_setup.bash'
[106.434s] INFO:colcon.colcon_core.shell:Creating prefix chain script '/home/intern/ros2Humble_ws/install/setup.bash'
[106.436s] INFO:colcon.colcon_core.shell:Creating prefix script '/home/intern/ros2Humble_ws/install/local_setup.zsh'
[106.436s] INFO:colcon.colcon_core.shell:Creating prefix chain script '/home/intern/ros2Humble_ws/install/setup.zsh'
