[0.015s] Invoking command in '/home/intern/ros2Humble_ws/build/realsense2_description': AMENT_PREFIX_PATH=/home/intern/ros2Humble_ws/install/realsense2_camera_msgs:${AMENT_PREFIX_PATH} CMAKE_PREFIX_PATH=/home/intern/ros2Humble_ws/install/realsense2_camera_msgs:/opt/ros/humble LD_LIBRARY_PATH=/home/intern/ros2Humble_ws/install/realsense2_camera_msgs/lib:${LD_LIBRARY_PATH} PYTHONPATH=/home/intern/ros2Humble_ws/install/realsense2_camera_msgs/local/lib/python3.10/dist-packages:${PYTHONPATH} /home/intern/.local/bin/cmake /home/intern/ros2Humble_ws/src/realsense-ros/realsense2_description -DCMAKE_INSTALL_PREFIX=/home/intern/ros2Humble_ws/install/realsense2_description
[0.114s] -- The C compiler identification is GNU 11.3.0
[0.192s] -- The CXX compiler identification is GNU 11.3.0
[0.204s] -- Detecting C compiler ABI info
[0.279s] -- Detecting C compiler ABI info - done
[0.294s] -- Check for working C compiler: /usr/bin/cc - skipped
[0.295s] -- Detecting C compile features
[0.295s] -- Detecting C compile features - done
[0.301s] -- Detecting CXX compiler ABI info
[0.396s] -- Detecting CXX compiler ABI info - done
[0.413s] -- Check for working CXX compiler: /usr/bin/c++ - skipped
[0.413s] -- Detecting CXX compile features
[0.414s] -- Detecting CXX compile features - done
[0.417s] -- Found ament_cmake: 1.3.4 (/opt/ros/humble/share/ament_cmake/cmake)
[1.507s] -- Found Python3: /usr/bin/python3.10 (found version "3.10.6") found components: Interpreter 
[1.720s] -- Configuring done (1.7s)
[1.724s] -- Generating done (0.0s)
[1.725s] -- Build files have been written to: /home/intern/ros2Humble_ws/build/realsense2_description
[1.737s] Invoked command in '/home/intern/ros2Humble_ws/build/realsense2_description' returned '0': AMENT_PREFIX_PATH=/home/intern/ros2Humble_ws/install/realsense2_camera_msgs:${AMENT_PREFIX_PATH} CMAKE_PREFIX_PATH=/home/intern/ros2Humble_ws/install/realsense2_camera_msgs:/opt/ros/humble LD_LIBRARY_PATH=/home/intern/ros2Humble_ws/install/realsense2_camera_msgs/lib:${LD_LIBRARY_PATH} PYTHONPATH=/home/intern/ros2Humble_ws/install/realsense2_camera_msgs/local/lib/python3.10/dist-packages:${PYTHONPATH} /home/intern/.local/bin/cmake /home/intern/ros2Humble_ws/src/realsense-ros/realsense2_description -DCMAKE_INSTALL_PREFIX=/home/intern/ros2Humble_ws/install/realsense2_description
[1.740s] Invoking command in '/home/intern/ros2Humble_ws/build/realsense2_description': AMENT_PREFIX_PATH=/home/intern/ros2Humble_ws/install/realsense2_camera_msgs:${AMENT_PREFIX_PATH} CMAKE_PREFIX_PATH=/home/intern/ros2Humble_ws/install/realsense2_camera_msgs:/opt/ros/humble LD_LIBRARY_PATH=/home/intern/ros2Humble_ws/install/realsense2_camera_msgs/lib:${LD_LIBRARY_PATH} PYTHONPATH=/home/intern/ros2Humble_ws/install/realsense2_camera_msgs/local/lib/python3.10/dist-packages:${PYTHONPATH} /home/intern/.local/bin/cmake --build /home/intern/ros2Humble_ws/build/realsense2_description -- -j4 -l4
[1.798s] Invoked command in '/home/intern/ros2Humble_ws/build/realsense2_description' returned '0': AMENT_PREFIX_PATH=/home/intern/ros2Humble_ws/install/realsense2_camera_msgs:${AMENT_PREFIX_PATH} CMAKE_PREFIX_PATH=/home/intern/ros2Humble_ws/install/realsense2_camera_msgs:/opt/ros/humble LD_LIBRARY_PATH=/home/intern/ros2Humble_ws/install/realsense2_camera_msgs/lib:${LD_LIBRARY_PATH} PYTHONPATH=/home/intern/ros2Humble_ws/install/realsense2_camera_msgs/local/lib/python3.10/dist-packages:${PYTHONPATH} /home/intern/.local/bin/cmake --build /home/intern/ros2Humble_ws/build/realsense2_description -- -j4 -l4
[1.855s] Invoking command in '/home/intern/ros2Humble_ws/build/realsense2_description': AMENT_PREFIX_PATH=/home/intern/ros2Humble_ws/install/realsense2_camera_msgs:${AMENT_PREFIX_PATH} CMAKE_PREFIX_PATH=/home/intern/ros2Humble_ws/install/realsense2_camera_msgs:/opt/ros/humble LD_LIBRARY_PATH=/home/intern/ros2Humble_ws/install/realsense2_camera_msgs/lib:${LD_LIBRARY_PATH} PYTHONPATH=/home/intern/ros2Humble_ws/install/realsense2_camera_msgs/local/lib/python3.10/dist-packages:${PYTHONPATH} /home/intern/.local/bin/cmake --install /home/intern/ros2Humble_ws/build/realsense2_description
[1.890s] -- Install configuration: ""
[1.890s] -- Installing: /home/intern/ros2Humble_ws/install/realsense2_description/share/realsense2_description/launch
[1.890s] -- Installing: /home/intern/ros2Humble_ws/install/realsense2_description/share/realsense2_description/launch/launch_utils.py
[1.890s] -- Installing: /home/intern/ros2Humble_ws/install/realsense2_description/share/realsense2_description/launch/view_model.launch.py
[1.891s] -- Installing: /home/intern/ros2Humble_ws/install/realsense2_description/share/realsense2_description/meshes
[1.891s] -- Installing: /home/intern/ros2Humble_ws/install/realsense2_description/share/realsense2_description/meshes/d435.dae
[1.910s] -- Installing: /home/intern/ros2Humble_ws/install/realsense2_description/share/realsense2_description/meshes/d455.stl
[1.913s] -- Installing: /home/intern/ros2Humble_ws/install/realsense2_description/share/realsense2_description/meshes/l515.dae
[1.954s] -- Installing: /home/intern/ros2Humble_ws/install/realsense2_description/share/realsense2_description/meshes/plug.stl
[1.955s] -- Installing: /home/intern/ros2Humble_ws/install/realsense2_description/share/realsense2_description/meshes/plug_collision.stl
[1.955s] -- Installing: /home/intern/ros2Humble_ws/install/realsense2_description/share/realsense2_description/meshes/d415.stl
[1.982s] -- Installing: /home/intern/ros2Humble_ws/install/realsense2_description/share/realsense2_description/rviz
[1.982s] -- Installing: /home/intern/ros2Humble_ws/install/realsense2_description/share/realsense2_description/rviz/urdf.rviz
[1.982s] -- Installing: /home/intern/ros2Humble_ws/install/realsense2_description/share/realsense2_description/urdf
[1.983s] -- Installing: /home/intern/ros2Humble_ws/install/realsense2_description/share/realsense2_description/urdf/test_l515_camera.urdf.xacro
[1.983s] -- Installing: /home/intern/ros2Humble_ws/install/realsense2_description/share/realsense2_description/urdf/test_d435_camera.urdf.xacro
[1.983s] -- Installing: /home/intern/ros2Humble_ws/install/realsense2_description/share/realsense2_description/urdf/test_d415_camera.urdf.xacro
[1.983s] -- Installing: /home/intern/ros2Humble_ws/install/realsense2_description/share/realsense2_description/urdf/test_d435i_camera.urdf.xacro
[1.983s] -- Installing: /home/intern/ros2Humble_ws/install/realsense2_description/share/realsense2_description/urdf/_materials.urdf.xacro
[1.984s] -- Installing: /home/intern/ros2Humble_ws/install/realsense2_description/share/realsense2_description/urdf/_l515.urdf.xacro
[1.984s] -- Installing: /home/intern/ros2Humble_ws/install/realsense2_description/share/realsense2_description/urdf/_r430.urdf.xacro
[1.984s] -- Installing: /home/intern/ros2Humble_ws/install/realsense2_description/share/realsense2_description/urdf/_d435i_imu_modules.urdf.xacro
[1.984s] -- Installing: /home/intern/ros2Humble_ws/install/realsense2_description/share/realsense2_description/urdf/test_d435_multiple_cameras.urdf.xacro
[1.984s] -- Installing: /home/intern/ros2Humble_ws/install/realsense2_description/share/realsense2_description/urdf/test_r410_camera.urdf.xacro
[1.985s] -- Installing: /home/intern/ros2Humble_ws/install/realsense2_description/share/realsense2_description/urdf/test_d455_camera.urdf.xacro
[1.985s] -- Installing: /home/intern/ros2Humble_ws/install/realsense2_description/share/realsense2_description/urdf/_d415.urdf.xacro
[1.985s] -- Installing: /home/intern/ros2Humble_ws/install/realsense2_description/share/realsense2_description/urdf/_d435.urdf.xacro
[1.985s] -- Installing: /home/intern/ros2Humble_ws/install/realsense2_description/share/realsense2_description/urdf/test_r430_camera.urdf.xacro
[1.985s] -- Installing: /home/intern/ros2Humble_ws/install/realsense2_description/share/realsense2_description/urdf/_r410.urdf.xacro
[1.986s] -- Installing: /home/intern/ros2Humble_ws/install/realsense2_description/share/realsense2_description/urdf/_usb_plug.urdf.xacro
[1.986s] -- Installing: /home/intern/ros2Humble_ws/install/realsense2_description/share/realsense2_description/urdf/_d435i.urdf.xacro
[1.986s] -- Installing: /home/intern/ros2Humble_ws/install/realsense2_description/share/realsense2_description/urdf/_d455.urdf.xacro
[1.986s] -- Installing: /home/intern/ros2Humble_ws/install/realsense2_description/share/ament_index/resource_index/package_run_dependencies/realsense2_description
[1.986s] -- Installing: /home/intern/ros2Humble_ws/install/realsense2_description/share/ament_index/resource_index/parent_prefix_path/realsense2_description
[1.987s] -- Installing: /home/intern/ros2Humble_ws/install/realsense2_description/share/realsense2_description/environment/ament_prefix_path.sh
[1.987s] -- Installing: /home/intern/ros2Humble_ws/install/realsense2_description/share/realsense2_description/environment/ament_prefix_path.dsv
[1.987s] -- Installing: /home/intern/ros2Humble_ws/install/realsense2_description/share/realsense2_description/environment/path.sh
[1.987s] -- Installing: /home/intern/ros2Humble_ws/install/realsense2_description/share/realsense2_description/environment/path.dsv
[1.988s] -- Installing: /home/intern/ros2Humble_ws/install/realsense2_description/share/realsense2_description/local_setup.bash
[1.988s] -- Installing: /home/intern/ros2Humble_ws/install/realsense2_description/share/realsense2_description/local_setup.sh
[1.988s] -- Installing: /home/intern/ros2Humble_ws/install/realsense2_description/share/realsense2_description/local_setup.zsh
[1.988s] -- Installing: /home/intern/ros2Humble_ws/install/realsense2_description/share/realsense2_description/local_setup.dsv
[1.989s] -- Installing: /home/intern/ros2Humble_ws/install/realsense2_description/share/realsense2_description/package.dsv
[1.989s] -- Installing: /home/intern/ros2Humble_ws/install/realsense2_description/share/ament_index/resource_index/packages/realsense2_description
[1.990s] -- Installing: /home/intern/ros2Humble_ws/install/realsense2_description/share/realsense2_description/cmake/realsense2_descriptionConfig.cmake
[1.990s] -- Installing: /home/intern/ros2Humble_ws/install/realsense2_description/share/realsense2_description/cmake/realsense2_descriptionConfig-version.cmake
[1.990s] -- Installing: /home/intern/ros2Humble_ws/install/realsense2_description/share/realsense2_description/package.xml
[1.999s] Invoked command in '/home/intern/ros2Humble_ws/build/realsense2_description' returned '0': AMENT_PREFIX_PATH=/home/intern/ros2Humble_ws/install/realsense2_camera_msgs:${AMENT_PREFIX_PATH} CMAKE_PREFIX_PATH=/home/intern/ros2Humble_ws/install/realsense2_camera_msgs:/opt/ros/humble LD_LIBRARY_PATH=/home/intern/ros2Humble_ws/install/realsense2_camera_msgs/lib:${LD_LIBRARY_PATH} PYTHONPATH=/home/intern/ros2Humble_ws/install/realsense2_camera_msgs/local/lib/python3.10/dist-packages:${PYTHONPATH} /home/intern/.local/bin/cmake --install /home/intern/ros2Humble_ws/build/realsense2_description
