running egg_info
creating ../../build/py_launch_aprilsys/py_launch_aprilsys.egg-info
writing ../../build/py_launch_aprilsys/py_launch_aprilsys.egg-info/PKG-INFO
writing dependency_links to ../../build/py_launch_aprilsys/py_launch_aprilsys.egg-info/dependency_links.txt
writing requirements to ../../build/py_launch_aprilsys/py_launch_aprilsys.egg-info/requires.txt
writing top-level names to ../../build/py_launch_aprilsys/py_launch_aprilsys.egg-info/top_level.txt
writing manifest file '../../build/py_launch_aprilsys/py_launch_aprilsys.egg-info/SOURCES.txt'
reading manifest file '../../build/py_launch_aprilsys/py_launch_aprilsys.egg-info/SOURCES.txt'
writing manifest file '../../build/py_launch_aprilsys/py_launch_aprilsys.egg-info/SOURCES.txt'
running build
running build_py
creating /home/intern/ros2Humble_ws/build/py_launch_aprilsys/build
creating /home/intern/ros2Humble_ws/build/py_launch_aprilsys/build/lib
creating /home/intern/ros2Humble_ws/build/py_launch_aprilsys/build/lib/py_launch_aprilsys
copying py_launch_aprilsys/__init__.py -> /home/intern/ros2Humble_ws/build/py_launch_aprilsys/build/lib/py_launch_aprilsys
running install
/usr/local/lib/python3.10/dist-packages/setuptools/_distutils/cmd.py:66: SetuptoolsDeprecationWarning: setup.py install is deprecated.
!!

        ********************************************************************************
        Please avoid running ``setup.py`` directly.
        Instead, use pypa/build, pypa/installer, pypa/build or
        other standards-based tools.

        See https://blog.ganssle.io/articles/2021/10/setup-py-deprecated.html for details.
        ********************************************************************************

!!
  self.initialize_options()
running install_lib
creating /home/intern/ros2Humble_ws/install/py_launch_aprilsys/lib/python3.10/site-packages/py_launch_aprilsys
copying /home/intern/ros2Humble_ws/build/py_launch_aprilsys/build/lib/py_launch_aprilsys/__init__.py -> /home/intern/ros2Humble_ws/install/py_launch_aprilsys/lib/python3.10/site-packages/py_launch_aprilsys
byte-compiling /home/intern/ros2Humble_ws/install/py_launch_aprilsys/lib/python3.10/site-packages/py_launch_aprilsys/__init__.py to __init__.cpython-310.pyc
running install_data
creating /home/intern/ros2Humble_ws/install/py_launch_aprilsys/share/ament_index
creating /home/intern/ros2Humble_ws/install/py_launch_aprilsys/share/ament_index/resource_index
creating /home/intern/ros2Humble_ws/install/py_launch_aprilsys/share/ament_index/resource_index/packages
copying resource/py_launch_aprilsys -> /home/intern/ros2Humble_ws/install/py_launch_aprilsys/share/ament_index/resource_index/packages
copying package.xml -> /home/intern/ros2Humble_ws/install/py_launch_aprilsys/share/py_launch_aprilsys
creating /home/intern/ros2Humble_ws/install/py_launch_aprilsys/share/py_launch_aprilsys/launch
copying launch/april_test.launch.py -> /home/intern/ros2Humble_ws/install/py_launch_aprilsys/share/py_launch_aprilsys/launch
running install_egg_info
Copying ../../build/py_launch_aprilsys/py_launch_aprilsys.egg-info to /home/intern/ros2Humble_ws/install/py_launch_aprilsys/lib/python3.10/site-packages/py_launch_aprilsys-0.0.0-py3.10.egg-info
running install_scripts
writing list of installed files to '/home/intern/ros2Humble_ws/build/py_launch_aprilsys/install.log'
