[0.337s] DEBUG:colcon:Command line arguments: ['/usr/bin/colcon', 'build']
[0.338s] DEBUG:colcon:Parsed command line arguments: Namespace(log_base=None, log_level=None, verb_name='build', build_base='build', install_base='install', merge_install=False, symlink_install=False, test_result_base=None, continue_on_error=False, executor='parallel', parallel_workers=4, event_handlers=None, ignore_user_meta=False, metas=['./colcon.meta'], base_paths=['.'], packages_ignore=None, packages_ignore_regex=None, paths=None, packages_up_to=None, packages_up_to_regex=None, packages_above=None, packages_above_and_dependencies=None, packages_above_depth=None, packages_select_by_dep=None, packages_skip_by_dep=None, packages_skip_up_to=None, packages_select_build_failed=False, packages_skip_build_finished=False, packages_select_test_failures=False, packages_skip_test_passed=False, packages_select=None, packages_skip=None, packages_select_regex=None, packages_skip_regex=None, packages_start=None, packages_end=None, allow_overriding=[], cmake_args=None, cmake_target=None, cmake_target_skip_unavailable=False, cmake_clean_cache=False, cmake_clean_first=False, cmake_force_configure=False, ament_cmake_args=None, catkin_cmake_args=None, catkin_skip_building_tests=False, verb_parser=<colcon_defaults.argument_parser.defaults.DefaultArgumentsDecorator object at 0x7f0e2d5332b0>, verb_extension=<colcon_core.verb.build.BuildVerb object at 0x7f0e2d684e20>, main=<bound method BuildVerb.main of <colcon_core.verb.build.BuildVerb object at 0x7f0e2d684e20>>)
[0.376s] Level 1:colcon.colcon_core.package_discovery:discover_packages(colcon_meta) check parameters
[0.376s] Level 1:colcon.colcon_core.package_discovery:discover_packages(recursive) check parameters
[0.377s] Level 1:colcon.colcon_core.package_discovery:discover_packages(ignore) check parameters
[0.377s] Level 1:colcon.colcon_core.package_discovery:discover_packages(path) check parameters
[0.377s] Level 1:colcon.colcon_core.package_discovery:discover_packages(colcon_meta) discover
[0.377s] Level 1:colcon.colcon_core.package_discovery:discover_packages(recursive) discover
[0.377s] INFO:colcon.colcon_core.package_discovery:Crawling recursively for packages in '/home/intern/ros2Humble_ws'
[0.377s] Level 1:colcon.colcon_core.package_identification:_identify(.) by extensions ['ignore', 'ignore_ament_install']
[0.377s] Level 1:colcon.colcon_core.package_identification:_identify(.) by extension 'ignore'
[0.377s] Level 1:colcon.colcon_core.package_identification:_identify(.) by extension 'ignore_ament_install'
[0.377s] Level 1:colcon.colcon_core.package_identification:_identify(.) by extensions ['colcon_pkg']
[0.378s] Level 1:colcon.colcon_core.package_identification:_identify(.) by extension 'colcon_pkg'
[0.378s] Level 1:colcon.colcon_core.package_identification:_identify(.) by extensions ['colcon_meta']
[0.378s] Level 1:colcon.colcon_core.package_identification:_identify(.) by extension 'colcon_meta'
[0.378s] Level 1:colcon.colcon_core.package_identification:_identify(.) by extensions ['ros']
[0.378s] Level 1:colcon.colcon_core.package_identification:_identify(.) by extension 'ros'
[0.396s] Level 1:colcon.colcon_core.package_identification:_identify(.) by extensions ['cmake', 'python']
[0.396s] Level 1:colcon.colcon_core.package_identification:_identify(.) by extension 'cmake'
[0.396s] Level 1:colcon.colcon_core.package_identification:_identify(.) by extension 'python'
[0.396s] Level 1:colcon.colcon_core.package_identification:_identify(.) by extensions ['python_setup_py']
[0.396s] Level 1:colcon.colcon_core.package_identification:_identify(.) by extension 'python_setup_py'
[0.396s] Level 1:colcon.colcon_core.package_identification:_identify(build) by extensions ['ignore', 'ignore_ament_install']
[0.397s] Level 1:colcon.colcon_core.package_identification:_identify(build) by extension 'ignore'
[0.397s] Level 1:colcon.colcon_core.package_identification:_identify(build) ignored
[0.397s] Level 1:colcon.colcon_core.package_identification:_identify(install) by extensions ['ignore', 'ignore_ament_install']
[0.397s] Level 1:colcon.colcon_core.package_identification:_identify(install) by extension 'ignore'
[0.397s] Level 1:colcon.colcon_core.package_identification:_identify(install) ignored
[0.397s] Level 1:colcon.colcon_core.package_identification:_identify(launch) by extensions ['ignore', 'ignore_ament_install']
[0.398s] Level 1:colcon.colcon_core.package_identification:_identify(launch) by extension 'ignore'
[0.398s] Level 1:colcon.colcon_core.package_identification:_identify(launch) by extension 'ignore_ament_install'
[0.398s] Level 1:colcon.colcon_core.package_identification:_identify(launch) by extensions ['colcon_pkg']
[0.398s] Level 1:colcon.colcon_core.package_identification:_identify(launch) by extension 'colcon_pkg'
[0.398s] Level 1:colcon.colcon_core.package_identification:_identify(launch) by extensions ['colcon_meta']
[0.398s] Level 1:colcon.colcon_core.package_identification:_identify(launch) by extension 'colcon_meta'
[0.398s] Level 1:colcon.colcon_core.package_identification:_identify(launch) by extensions ['ros']
[0.398s] Level 1:colcon.colcon_core.package_identification:_identify(launch) by extension 'ros'
[0.398s] Level 1:colcon.colcon_core.package_identification:_identify(launch) by extensions ['cmake', 'python']
[0.398s] Level 1:colcon.colcon_core.package_identification:_identify(launch) by extension 'cmake'
[0.399s] Level 1:colcon.colcon_core.package_identification:_identify(launch) by extension 'python'
[0.399s] Level 1:colcon.colcon_core.package_identification:_identify(launch) by extensions ['python_setup_py']
[0.399s] Level 1:colcon.colcon_core.package_identification:_identify(launch) by extension 'python_setup_py'
[0.399s] Level 1:colcon.colcon_core.package_identification:_identify(log) by extensions ['ignore', 'ignore_ament_install']
[0.399s] Level 1:colcon.colcon_core.package_identification:_identify(log) by extension 'ignore'
[0.399s] Level 1:colcon.colcon_core.package_identification:_identify(log) ignored
[0.399s] Level 1:colcon.colcon_core.package_identification:_identify(src) by extensions ['ignore', 'ignore_ament_install']
[0.399s] Level 1:colcon.colcon_core.package_identification:_identify(src) by extension 'ignore'
[0.400s] Level 1:colcon.colcon_core.package_identification:_identify(src) by extension 'ignore_ament_install'
[0.400s] Level 1:colcon.colcon_core.package_identification:_identify(src) by extensions ['colcon_pkg']
[0.400s] Level 1:colcon.colcon_core.package_identification:_identify(src) by extension 'colcon_pkg'
[0.400s] Level 1:colcon.colcon_core.package_identification:_identify(src) by extensions ['colcon_meta']
[0.400s] Level 1:colcon.colcon_core.package_identification:_identify(src) by extension 'colcon_meta'
[0.400s] Level 1:colcon.colcon_core.package_identification:_identify(src) by extensions ['ros']
[0.400s] Level 1:colcon.colcon_core.package_identification:_identify(src) by extension 'ros'
[0.400s] Level 1:colcon.colcon_core.package_identification:_identify(src) by extensions ['cmake', 'python']
[0.400s] Level 1:colcon.colcon_core.package_identification:_identify(src) by extension 'cmake'
[0.400s] Level 1:colcon.colcon_core.package_identification:_identify(src) by extension 'python'
[0.400s] Level 1:colcon.colcon_core.package_identification:_identify(src) by extensions ['python_setup_py']
[0.401s] Level 1:colcon.colcon_core.package_identification:_identify(src) by extension 'python_setup_py'
[0.401s] Level 1:colcon.colcon_core.package_identification:_identify(src/apriltag_ros) by extensions ['ignore', 'ignore_ament_install']
[0.401s] Level 1:colcon.colcon_core.package_identification:_identify(src/apriltag_ros) by extension 'ignore'
[0.401s] Level 1:colcon.colcon_core.package_identification:_identify(src/apriltag_ros) by extension 'ignore_ament_install'
[0.401s] Level 1:colcon.colcon_core.package_identification:_identify(src/apriltag_ros) by extensions ['colcon_pkg']
[0.401s] Level 1:colcon.colcon_core.package_identification:_identify(src/apriltag_ros) by extension 'colcon_pkg'
[0.401s] Level 1:colcon.colcon_core.package_identification:_identify(src/apriltag_ros) by extensions ['colcon_meta']
[0.401s] Level 1:colcon.colcon_core.package_identification:_identify(src/apriltag_ros) by extension 'colcon_meta'
[0.401s] Level 1:colcon.colcon_core.package_identification:_identify(src/apriltag_ros) by extensions ['ros']
[0.402s] Level 1:colcon.colcon_core.package_identification:_identify(src/apriltag_ros) by extension 'ros'
[0.405s] DEBUG:colcon.colcon_core.package_identification:Package 'src/apriltag_ros' with type 'ros.ament_cmake' and name 'apriltag_ros'
[0.405s] Level 1:colcon.colcon_core.package_identification:_identify(src/py_launch_aprilsys) by extensions ['ignore', 'ignore_ament_install']
[0.406s] Level 1:colcon.colcon_core.package_identification:_identify(src/py_launch_aprilsys) by extension 'ignore'
[0.406s] Level 1:colcon.colcon_core.package_identification:_identify(src/py_launch_aprilsys) by extension 'ignore_ament_install'
[0.406s] Level 1:colcon.colcon_core.package_identification:_identify(src/py_launch_aprilsys) by extensions ['colcon_pkg']
[0.406s] Level 1:colcon.colcon_core.package_identification:_identify(src/py_launch_aprilsys) by extension 'colcon_pkg'
[0.406s] Level 1:colcon.colcon_core.package_identification:_identify(src/py_launch_aprilsys) by extensions ['colcon_meta']
[0.406s] Level 1:colcon.colcon_core.package_identification:_identify(src/py_launch_aprilsys) by extension 'colcon_meta'
[0.406s] Level 1:colcon.colcon_core.package_identification:_identify(src/py_launch_aprilsys) by extensions ['ros']
[0.406s] Level 1:colcon.colcon_core.package_identification:_identify(src/py_launch_aprilsys) by extension 'ros'
[0.407s] DEBUG:colcon.colcon_core.package_identification:Package 'src/py_launch_aprilsys' with type 'ros.ament_python' and name 'py_launch_aprilsys'
[0.407s] Level 1:colcon.colcon_core.package_identification:_identify(src/realsense-ros) by extensions ['ignore', 'ignore_ament_install']
[0.407s] Level 1:colcon.colcon_core.package_identification:_identify(src/realsense-ros) by extension 'ignore'
[0.408s] Level 1:colcon.colcon_core.package_identification:_identify(src/realsense-ros) by extension 'ignore_ament_install'
[0.408s] Level 1:colcon.colcon_core.package_identification:_identify(src/realsense-ros) by extensions ['colcon_pkg']
[0.408s] Level 1:colcon.colcon_core.package_identification:_identify(src/realsense-ros) by extension 'colcon_pkg'
[0.408s] Level 1:colcon.colcon_core.package_identification:_identify(src/realsense-ros) by extensions ['colcon_meta']
[0.408s] Level 1:colcon.colcon_core.package_identification:_identify(src/realsense-ros) by extension 'colcon_meta'
[0.408s] Level 1:colcon.colcon_core.package_identification:_identify(src/realsense-ros) by extensions ['ros']
[0.408s] Level 1:colcon.colcon_core.package_identification:_identify(src/realsense-ros) by extension 'ros'
[0.408s] Level 1:colcon.colcon_core.package_identification:_identify(src/realsense-ros) by extensions ['cmake', 'python']
[0.408s] Level 1:colcon.colcon_core.package_identification:_identify(src/realsense-ros) by extension 'cmake'
[0.408s] Level 1:colcon.colcon_core.package_identification:_identify(src/realsense-ros) by extension 'python'
[0.408s] Level 1:colcon.colcon_core.package_identification:_identify(src/realsense-ros) by extensions ['python_setup_py']
[0.408s] Level 1:colcon.colcon_core.package_identification:_identify(src/realsense-ros) by extension 'python_setup_py'
[0.409s] Level 1:colcon.colcon_core.package_identification:_identify(src/realsense-ros/realsense2_camera) by extensions ['ignore', 'ignore_ament_install']
[0.409s] Level 1:colcon.colcon_core.package_identification:_identify(src/realsense-ros/realsense2_camera) by extension 'ignore'
[0.409s] Level 1:colcon.colcon_core.package_identification:_identify(src/realsense-ros/realsense2_camera) by extension 'ignore_ament_install'
[0.409s] Level 1:colcon.colcon_core.package_identification:_identify(src/realsense-ros/realsense2_camera) by extensions ['colcon_pkg']
[0.409s] Level 1:colcon.colcon_core.package_identification:_identify(src/realsense-ros/realsense2_camera) by extension 'colcon_pkg'
[0.409s] Level 1:colcon.colcon_core.package_identification:_identify(src/realsense-ros/realsense2_camera) by extensions ['colcon_meta']
[0.409s] Level 1:colcon.colcon_core.package_identification:_identify(src/realsense-ros/realsense2_camera) by extension 'colcon_meta'
[0.409s] Level 1:colcon.colcon_core.package_identification:_identify(src/realsense-ros/realsense2_camera) by extensions ['ros']
[0.410s] Level 1:colcon.colcon_core.package_identification:_identify(src/realsense-ros/realsense2_camera) by extension 'ros'
[0.412s] DEBUG:colcon.colcon_core.package_identification:Package 'src/realsense-ros/realsense2_camera' with type 'ros.ament_cmake' and name 'realsense2_camera'
[0.412s] Level 1:colcon.colcon_core.package_identification:_identify(src/realsense-ros/realsense2_camera_msgs) by extensions ['ignore', 'ignore_ament_install']
[0.412s] Level 1:colcon.colcon_core.package_identification:_identify(src/realsense-ros/realsense2_camera_msgs) by extension 'ignore'
[0.412s] Level 1:colcon.colcon_core.package_identification:_identify(src/realsense-ros/realsense2_camera_msgs) by extension 'ignore_ament_install'
[0.412s] Level 1:colcon.colcon_core.package_identification:_identify(src/realsense-ros/realsense2_camera_msgs) by extensions ['colcon_pkg']
[0.412s] Level 1:colcon.colcon_core.package_identification:_identify(src/realsense-ros/realsense2_camera_msgs) by extension 'colcon_pkg'
[0.413s] Level 1:colcon.colcon_core.package_identification:_identify(src/realsense-ros/realsense2_camera_msgs) by extensions ['colcon_meta']
[0.413s] Level 1:colcon.colcon_core.package_identification:_identify(src/realsense-ros/realsense2_camera_msgs) by extension 'colcon_meta'
[0.413s] Level 1:colcon.colcon_core.package_identification:_identify(src/realsense-ros/realsense2_camera_msgs) by extensions ['ros']
[0.413s] Level 1:colcon.colcon_core.package_identification:_identify(src/realsense-ros/realsense2_camera_msgs) by extension 'ros'
[0.414s] DEBUG:colcon.colcon_core.package_identification:Package 'src/realsense-ros/realsense2_camera_msgs' with type 'ros.ament_cmake' and name 'realsense2_camera_msgs'
[0.414s] Level 1:colcon.colcon_core.package_identification:_identify(src/realsense-ros/realsense2_description) by extensions ['ignore', 'ignore_ament_install']
[0.414s] Level 1:colcon.colcon_core.package_identification:_identify(src/realsense-ros/realsense2_description) by extension 'ignore'
[0.415s] Level 1:colcon.colcon_core.package_identification:_identify(src/realsense-ros/realsense2_description) by extension 'ignore_ament_install'
[0.415s] Level 1:colcon.colcon_core.package_identification:_identify(src/realsense-ros/realsense2_description) by extensions ['colcon_pkg']
[0.415s] Level 1:colcon.colcon_core.package_identification:_identify(src/realsense-ros/realsense2_description) by extension 'colcon_pkg'
[0.415s] Level 1:colcon.colcon_core.package_identification:_identify(src/realsense-ros/realsense2_description) by extensions ['colcon_meta']
[0.415s] Level 1:colcon.colcon_core.package_identification:_identify(src/realsense-ros/realsense2_description) by extension 'colcon_meta'
[0.415s] Level 1:colcon.colcon_core.package_identification:_identify(src/realsense-ros/realsense2_description) by extensions ['ros']
[0.415s] Level 1:colcon.colcon_core.package_identification:_identify(src/realsense-ros/realsense2_description) by extension 'ros'
[0.416s] DEBUG:colcon.colcon_core.package_identification:Package 'src/realsense-ros/realsense2_description' with type 'ros.ament_cmake' and name 'realsense2_description'
[0.417s] Level 1:colcon.colcon_core.package_identification:_identify(src/realsense-ros/scripts) by extensions ['ignore', 'ignore_ament_install']
[0.417s] Level 1:colcon.colcon_core.package_identification:_identify(src/realsense-ros/scripts) by extension 'ignore'
[0.417s] Level 1:colcon.colcon_core.package_identification:_identify(src/realsense-ros/scripts) by extension 'ignore_ament_install'
[0.417s] Level 1:colcon.colcon_core.package_identification:_identify(src/realsense-ros/scripts) by extensions ['colcon_pkg']
[0.417s] Level 1:colcon.colcon_core.package_identification:_identify(src/realsense-ros/scripts) by extension 'colcon_pkg'
[0.417s] Level 1:colcon.colcon_core.package_identification:_identify(src/realsense-ros/scripts) by extensions ['colcon_meta']
[0.417s] Level 1:colcon.colcon_core.package_identification:_identify(src/realsense-ros/scripts) by extension 'colcon_meta'
[0.417s] Level 1:colcon.colcon_core.package_identification:_identify(src/realsense-ros/scripts) by extensions ['ros']
[0.417s] Level 1:colcon.colcon_core.package_identification:_identify(src/realsense-ros/scripts) by extension 'ros'
[0.417s] Level 1:colcon.colcon_core.package_identification:_identify(src/realsense-ros/scripts) by extensions ['cmake', 'python']
[0.417s] Level 1:colcon.colcon_core.package_identification:_identify(src/realsense-ros/scripts) by extension 'cmake'
[0.417s] Level 1:colcon.colcon_core.package_identification:_identify(src/realsense-ros/scripts) by extension 'python'
[0.417s] Level 1:colcon.colcon_core.package_identification:_identify(src/realsense-ros/scripts) by extensions ['python_setup_py']
[0.417s] Level 1:colcon.colcon_core.package_identification:_identify(src/realsense-ros/scripts) by extension 'python_setup_py'
[0.418s] Level 1:colcon.colcon_core.package_discovery:discover_packages(recursive) using defaults
[0.418s] Level 1:colcon.colcon_core.package_discovery:discover_packages(ignore) discover
[0.418s] Level 1:colcon.colcon_core.package_discovery:discover_packages(ignore) using defaults
[0.418s] Level 1:colcon.colcon_core.package_discovery:discover_packages(path) discover
[0.418s] Level 1:colcon.colcon_core.package_discovery:discover_packages(path) using defaults
[0.449s] Level 1:colcon.colcon_core.package_discovery:discover_packages(prefix_path) check parameters
[0.449s] Level 1:colcon.colcon_core.package_discovery:discover_packages(prefix_path) discover
[0.453s] DEBUG:colcon.colcon_installed_package_information.package_discovery:Found 5 installed packages in /home/intern/ros2Humble_ws/install
[0.455s] DEBUG:colcon.colcon_installed_package_information.package_discovery:Found 278 installed packages in /opt/ros/humble
[0.457s] Level 1:colcon.colcon_core.package_discovery:discover_packages(prefix_path) using defaults
[0.531s] Level 5:colcon.colcon_core.verb:set package 'apriltag_ros' build argument 'cmake_args' from command line to 'None'
[0.531s] Level 5:colcon.colcon_core.verb:set package 'apriltag_ros' build argument 'cmake_target' from command line to 'None'
[0.531s] Level 5:colcon.colcon_core.verb:set package 'apriltag_ros' build argument 'cmake_target_skip_unavailable' from command line to 'False'
[0.531s] Level 5:colcon.colcon_core.verb:set package 'apriltag_ros' build argument 'cmake_clean_cache' from command line to 'False'
[0.532s] Level 5:colcon.colcon_core.verb:set package 'apriltag_ros' build argument 'cmake_clean_first' from command line to 'False'
[0.532s] Level 5:colcon.colcon_core.verb:set package 'apriltag_ros' build argument 'cmake_force_configure' from command line to 'False'
[0.532s] Level 5:colcon.colcon_core.verb:set package 'apriltag_ros' build argument 'ament_cmake_args' from command line to 'None'
[0.532s] Level 5:colcon.colcon_core.verb:set package 'apriltag_ros' build argument 'catkin_cmake_args' from command line to 'None'
[0.532s] Level 5:colcon.colcon_core.verb:set package 'apriltag_ros' build argument 'catkin_skip_building_tests' from command line to 'False'
[0.532s] DEBUG:colcon.colcon_core.verb:Building package 'apriltag_ros' with the following arguments: {'ament_cmake_args': None, 'build_base': '/home/intern/ros2Humble_ws/build/apriltag_ros', 'catkin_cmake_args': None, 'catkin_skip_building_tests': False, 'cmake_args': None, 'cmake_clean_cache': False, 'cmake_clean_first': False, 'cmake_force_configure': False, 'cmake_target': None, 'cmake_target_skip_unavailable': False, 'install_base': '/home/intern/ros2Humble_ws/install/apriltag_ros', 'merge_install': False, 'path': '/home/intern/ros2Humble_ws/src/apriltag_ros', 'symlink_install': False, 'test_result_base': None}
[0.533s] Level 5:colcon.colcon_core.verb:set package 'py_launch_aprilsys' build argument 'cmake_args' from command line to 'None'
[0.533s] Level 5:colcon.colcon_core.verb:set package 'py_launch_aprilsys' build argument 'cmake_target' from command line to 'None'
[0.533s] Level 5:colcon.colcon_core.verb:set package 'py_launch_aprilsys' build argument 'cmake_target_skip_unavailable' from command line to 'False'
[0.533s] Level 5:colcon.colcon_core.verb:set package 'py_launch_aprilsys' build argument 'cmake_clean_cache' from command line to 'False'
[0.533s] Level 5:colcon.colcon_core.verb:set package 'py_launch_aprilsys' build argument 'cmake_clean_first' from command line to 'False'
[0.533s] Level 5:colcon.colcon_core.verb:set package 'py_launch_aprilsys' build argument 'cmake_force_configure' from command line to 'False'
[0.533s] Level 5:colcon.colcon_core.verb:set package 'py_launch_aprilsys' build argument 'ament_cmake_args' from command line to 'None'
[0.533s] Level 5:colcon.colcon_core.verb:set package 'py_launch_aprilsys' build argument 'catkin_cmake_args' from command line to 'None'
[0.533s] Level 5:colcon.colcon_core.verb:set package 'py_launch_aprilsys' build argument 'catkin_skip_building_tests' from command line to 'False'
[0.533s] DEBUG:colcon.colcon_core.verb:Building package 'py_launch_aprilsys' with the following arguments: {'ament_cmake_args': None, 'build_base': '/home/intern/ros2Humble_ws/build/py_launch_aprilsys', 'catkin_cmake_args': None, 'catkin_skip_building_tests': False, 'cmake_args': None, 'cmake_clean_cache': False, 'cmake_clean_first': False, 'cmake_force_configure': False, 'cmake_target': None, 'cmake_target_skip_unavailable': False, 'install_base': '/home/intern/ros2Humble_ws/install/py_launch_aprilsys', 'merge_install': False, 'path': '/home/intern/ros2Humble_ws/src/py_launch_aprilsys', 'symlink_install': False, 'test_result_base': None}
[0.535s] Level 5:colcon.colcon_core.verb:set package 'realsense2_camera_msgs' build argument 'cmake_args' from command line to 'None'
[0.535s] Level 5:colcon.colcon_core.verb:set package 'realsense2_camera_msgs' build argument 'cmake_target' from command line to 'None'
[0.535s] Level 5:colcon.colcon_core.verb:set package 'realsense2_camera_msgs' build argument 'cmake_target_skip_unavailable' from command line to 'False'
[0.535s] Level 5:colcon.colcon_core.verb:set package 'realsense2_camera_msgs' build argument 'cmake_clean_cache' from command line to 'False'
[0.535s] Level 5:colcon.colcon_core.verb:set package 'realsense2_camera_msgs' build argument 'cmake_clean_first' from command line to 'False'
[0.535s] Level 5:colcon.colcon_core.verb:set package 'realsense2_camera_msgs' build argument 'cmake_force_configure' from command line to 'False'
[0.535s] Level 5:colcon.colcon_core.verb:set package 'realsense2_camera_msgs' build argument 'ament_cmake_args' from command line to 'None'
[0.535s] Level 5:colcon.colcon_core.verb:set package 'realsense2_camera_msgs' build argument 'catkin_cmake_args' from command line to 'None'
[0.535s] Level 5:colcon.colcon_core.verb:set package 'realsense2_camera_msgs' build argument 'catkin_skip_building_tests' from command line to 'False'
[0.535s] DEBUG:colcon.colcon_core.verb:Building package 'realsense2_camera_msgs' with the following arguments: {'ament_cmake_args': None, 'build_base': '/home/intern/ros2Humble_ws/build/realsense2_camera_msgs', 'catkin_cmake_args': None, 'catkin_skip_building_tests': False, 'cmake_args': None, 'cmake_clean_cache': False, 'cmake_clean_first': False, 'cmake_force_configure': False, 'cmake_target': None, 'cmake_target_skip_unavailable': False, 'install_base': '/home/intern/ros2Humble_ws/install/realsense2_camera_msgs', 'merge_install': False, 'path': '/home/intern/ros2Humble_ws/src/realsense-ros/realsense2_camera_msgs', 'symlink_install': False, 'test_result_base': None}
[0.536s] Level 5:colcon.colcon_core.verb:set package 'realsense2_camera' build argument 'cmake_args' from command line to 'None'
[0.536s] Level 5:colcon.colcon_core.verb:set package 'realsense2_camera' build argument 'cmake_target' from command line to 'None'
[0.536s] Level 5:colcon.colcon_core.verb:set package 'realsense2_camera' build argument 'cmake_target_skip_unavailable' from command line to 'False'
[0.536s] Level 5:colcon.colcon_core.verb:set package 'realsense2_camera' build argument 'cmake_clean_cache' from command line to 'False'
[0.536s] Level 5:colcon.colcon_core.verb:set package 'realsense2_camera' build argument 'cmake_clean_first' from command line to 'False'
[0.536s] Level 5:colcon.colcon_core.verb:set package 'realsense2_camera' build argument 'cmake_force_configure' from command line to 'False'
[0.536s] Level 5:colcon.colcon_core.verb:set package 'realsense2_camera' build argument 'ament_cmake_args' from command line to 'None'
[0.536s] Level 5:colcon.colcon_core.verb:set package 'realsense2_camera' build argument 'catkin_cmake_args' from command line to 'None'
[0.537s] Level 5:colcon.colcon_core.verb:set package 'realsense2_camera' build argument 'catkin_skip_building_tests' from command line to 'False'
[0.537s] DEBUG:colcon.colcon_core.verb:Building package 'realsense2_camera' with the following arguments: {'ament_cmake_args': None, 'build_base': '/home/intern/ros2Humble_ws/build/realsense2_camera', 'catkin_cmake_args': None, 'catkin_skip_building_tests': False, 'cmake_args': None, 'cmake_clean_cache': False, 'cmake_clean_first': False, 'cmake_force_configure': False, 'cmake_target': None, 'cmake_target_skip_unavailable': False, 'install_base': '/home/intern/ros2Humble_ws/install/realsense2_camera', 'merge_install': False, 'path': '/home/intern/ros2Humble_ws/src/realsense-ros/realsense2_camera', 'symlink_install': False, 'test_result_base': None}
[0.539s] Level 5:colcon.colcon_core.verb:set package 'realsense2_description' build argument 'cmake_args' from command line to 'None'
[0.539s] Level 5:colcon.colcon_core.verb:set package 'realsense2_description' build argument 'cmake_target' from command line to 'None'
[0.539s] Level 5:colcon.colcon_core.verb:set package 'realsense2_description' build argument 'cmake_target_skip_unavailable' from command line to 'False'
[0.539s] Level 5:colcon.colcon_core.verb:set package 'realsense2_description' build argument 'cmake_clean_cache' from command line to 'False'
[0.539s] Level 5:colcon.colcon_core.verb:set package 'realsense2_description' build argument 'cmake_clean_first' from command line to 'False'
[0.539s] Level 5:colcon.colcon_core.verb:set package 'realsense2_description' build argument 'cmake_force_configure' from command line to 'False'
[0.539s] Level 5:colcon.colcon_core.verb:set package 'realsense2_description' build argument 'ament_cmake_args' from command line to 'None'
[0.539s] Level 5:colcon.colcon_core.verb:set package 'realsense2_description' build argument 'catkin_cmake_args' from command line to 'None'
[0.539s] Level 5:colcon.colcon_core.verb:set package 'realsense2_description' build argument 'catkin_skip_building_tests' from command line to 'False'
[0.539s] DEBUG:colcon.colcon_core.verb:Building package 'realsense2_description' with the following arguments: {'ament_cmake_args': None, 'build_base': '/home/intern/ros2Humble_ws/build/realsense2_description', 'catkin_cmake_args': None, 'catkin_skip_building_tests': False, 'cmake_args': None, 'cmake_clean_cache': False, 'cmake_clean_first': False, 'cmake_force_configure': False, 'cmake_target': None, 'cmake_target_skip_unavailable': False, 'install_base': '/home/intern/ros2Humble_ws/install/realsense2_description', 'merge_install': False, 'path': '/home/intern/ros2Humble_ws/src/realsense-ros/realsense2_description', 'symlink_install': False, 'test_result_base': None}
[0.540s] INFO:colcon.colcon_core.executor:Executing jobs using 'parallel' executor
[0.544s] DEBUG:colcon.colcon_parallel_executor.executor.parallel:run_until_complete
[0.545s] INFO:colcon.colcon_ros.task.ament_cmake.build:Building ROS package in '/home/intern/ros2Humble_ws/src/realsense-ros/realsense2_camera_msgs' with build type 'ament_cmake'
[0.545s] INFO:colcon.colcon_cmake.task.cmake.build:Building CMake package in '/home/intern/ros2Humble_ws/src/realsense-ros/realsense2_camera_msgs'
[0.550s] INFO:colcon.colcon_core.plugin_system:Skipping extension 'colcon_core.shell.bat': Not used on non-Windows systems
[0.551s] INFO:colcon.colcon_core.shell:Skip shell extension 'powershell' for command environment: Not usable outside of PowerShell
[0.551s] DEBUG:colcon.colcon_core.shell:Skip shell extension 'dsv' for command environment
[0.557s] INFO:colcon.colcon_ros.task.ament_cmake.build:Building ROS package in '/home/intern/ros2Humble_ws/src/apriltag_ros' with build type 'ament_cmake'
[0.557s] INFO:colcon.colcon_cmake.task.cmake.build:Building CMake package in '/home/intern/ros2Humble_ws/src/apriltag_ros'
[0.559s] INFO:colcon.colcon_core.shell:Skip shell extension 'powershell' for command environment: Not usable outside of PowerShell
[0.559s] DEBUG:colcon.colcon_core.shell:Skip shell extension 'dsv' for command environment
[0.565s] INFO:colcon.colcon_ros.task.ament_python.build:Building ROS package in '/home/intern/ros2Humble_ws/src/py_launch_aprilsys' with build type 'ament_python'
[0.565s] Level 1:colcon.colcon_core.shell:create_environment_hook('py_launch_aprilsys', 'ament_prefix_path')
[0.567s] INFO:colcon.colcon_core.shell:Creating environment hook '/home/intern/ros2Humble_ws/install/py_launch_aprilsys/share/py_launch_aprilsys/hook/ament_prefix_path.ps1'
[0.568s] INFO:colcon.colcon_core.shell:Creating environment descriptor '/home/intern/ros2Humble_ws/install/py_launch_aprilsys/share/py_launch_aprilsys/hook/ament_prefix_path.dsv'
[0.569s] INFO:colcon.colcon_core.shell:Creating environment hook '/home/intern/ros2Humble_ws/install/py_launch_aprilsys/share/py_launch_aprilsys/hook/ament_prefix_path.sh'
[0.573s] INFO:colcon.colcon_core.shell:Skip shell extension 'powershell' for command environment: Not usable outside of PowerShell
[0.574s] DEBUG:colcon.colcon_core.shell:Skip shell extension 'dsv' for command environment
[0.594s] DEBUG:colcon.colcon_core.event_handler.log_command:Invoking command in '/home/intern/ros2Humble_ws/build/realsense2_camera_msgs': CMAKE_PREFIX_PATH=${CMAKE_PREFIX_PATH}:/home/intern/ros2Humble_ws/install/py_launch_aprilsys:/opt/ros/humble /home/intern/.local/bin/cmake --build /home/intern/ros2Humble_ws/build/realsense2_camera_msgs -- -j4 -l4
[0.600s] DEBUG:colcon.colcon_core.event_handler.log_command:Invoking command in '/home/intern/ros2Humble_ws/build/apriltag_ros': CMAKE_PREFIX_PATH=${CMAKE_PREFIX_PATH}:/home/intern/ros2Humble_ws/install/py_launch_aprilsys:/opt/ros/humble /home/intern/.local/bin/cmake --build /home/intern/ros2Humble_ws/build/apriltag_ros -- -j4 -l4
[1.133s] INFO:colcon.colcon_core.task.python.build:Building Python package in '/home/intern/ros2Humble_ws/src/py_launch_aprilsys'
[1.143s] INFO:colcon.colcon_core.shell:Skip shell extension 'powershell' for command environment: Not usable outside of PowerShell
[1.143s] DEBUG:colcon.colcon_core.shell:Skip shell extension 'dsv' for command environment
[1.168s] DEBUG:colcon.colcon_core.event_handler.log_command:Invoked command in '/home/intern/ros2Humble_ws/build/apriltag_ros' returned '0': CMAKE_PREFIX_PATH=${CMAKE_PREFIX_PATH}:/home/intern/ros2Humble_ws/install/py_launch_aprilsys:/opt/ros/humble /home/intern/.local/bin/cmake --build /home/intern/ros2Humble_ws/build/apriltag_ros -- -j4 -l4
[1.350s] DEBUG:colcon.colcon_core.event_handler.log_command:Invoking command in '/home/intern/ros2Humble_ws/build/apriltag_ros': CMAKE_PREFIX_PATH=${CMAKE_PREFIX_PATH}:/home/intern/ros2Humble_ws/install/py_launch_aprilsys:/opt/ros/humble /home/intern/.local/bin/cmake --install /home/intern/ros2Humble_ws/build/apriltag_ros
[1.431s] Level 1:colcon.colcon_core.environment:create_environment_scripts_only(apriltag_ros)
[1.442s] Level 1:colcon.colcon_core.environment:checking '/home/intern/ros2Humble_ws/install/apriltag_ros' for CMake module files
[1.443s] DEBUG:colcon.colcon_core.event_handler.log_command:Invoked command in '/home/intern/ros2Humble_ws/build/apriltag_ros' returned '0': CMAKE_PREFIX_PATH=${CMAKE_PREFIX_PATH}:/home/intern/ros2Humble_ws/install/py_launch_aprilsys:/opt/ros/humble /home/intern/.local/bin/cmake --install /home/intern/ros2Humble_ws/build/apriltag_ros
[1.444s] Level 1:colcon.colcon_core.environment:checking '/home/intern/ros2Humble_ws/install/apriltag_ros' for CMake config files
[1.445s] Level 1:colcon.colcon_core.shell:create_environment_hook('apriltag_ros', 'cmake_prefix_path')
[1.448s] INFO:colcon.colcon_core.shell:Creating environment hook '/home/intern/ros2Humble_ws/install/apriltag_ros/share/apriltag_ros/hook/cmake_prefix_path.ps1'
[1.450s] INFO:colcon.colcon_core.shell:Creating environment descriptor '/home/intern/ros2Humble_ws/install/apriltag_ros/share/apriltag_ros/hook/cmake_prefix_path.dsv'
[1.450s] INFO:colcon.colcon_core.shell:Creating environment hook '/home/intern/ros2Humble_ws/install/apriltag_ros/share/apriltag_ros/hook/cmake_prefix_path.sh'
[1.452s] Level 1:colcon.colcon_core.environment:checking '/home/intern/ros2Humble_ws/install/apriltag_ros/lib'
[1.452s] Level 1:colcon.colcon_core.shell:create_environment_hook('apriltag_ros', 'ld_library_path_lib')
[1.455s] INFO:colcon.colcon_core.shell:Creating environment hook '/home/intern/ros2Humble_ws/install/apriltag_ros/share/apriltag_ros/hook/ld_library_path_lib.ps1'
[1.456s] INFO:colcon.colcon_core.shell:Creating environment descriptor '/home/intern/ros2Humble_ws/install/apriltag_ros/share/apriltag_ros/hook/ld_library_path_lib.dsv'
[1.457s] INFO:colcon.colcon_core.shell:Creating environment hook '/home/intern/ros2Humble_ws/install/apriltag_ros/share/apriltag_ros/hook/ld_library_path_lib.sh'
[1.458s] Level 1:colcon.colcon_core.environment:checking '/home/intern/ros2Humble_ws/install/apriltag_ros/bin'
[1.459s] Level 1:colcon.colcon_core.environment:checking '/home/intern/ros2Humble_ws/install/apriltag_ros/lib/pkgconfig/apriltag_ros.pc'
[1.459s] Level 1:colcon.colcon_core.environment:checking '/home/intern/ros2Humble_ws/install/apriltag_ros/lib/python3.10/site-packages'
[1.460s] Level 1:colcon.colcon_core.environment:checking '/home/intern/ros2Humble_ws/install/apriltag_ros/bin'
[1.463s] INFO:colcon.colcon_core.shell:Creating package script '/home/intern/ros2Humble_ws/install/apriltag_ros/share/apriltag_ros/package.ps1'
[1.464s] INFO:colcon.colcon_core.shell:Creating package descriptor '/home/intern/ros2Humble_ws/install/apriltag_ros/share/apriltag_ros/package.dsv'
[1.466s] INFO:colcon.colcon_core.shell:Creating package script '/home/intern/ros2Humble_ws/install/apriltag_ros/share/apriltag_ros/package.sh'
[1.467s] INFO:colcon.colcon_core.shell:Creating package script '/home/intern/ros2Humble_ws/install/apriltag_ros/share/apriltag_ros/package.bash'
[1.469s] INFO:colcon.colcon_core.shell:Creating package script '/home/intern/ros2Humble_ws/install/apriltag_ros/share/apriltag_ros/package.zsh'
[1.471s] Level 1:colcon.colcon_core.environment:create_file_with_runtime_dependencies(/home/intern/ros2Humble_ws/install/apriltag_ros/share/colcon-core/packages/apriltag_ros)
[1.546s] DEBUG:colcon.colcon_core.event_handler.log_command:Invoked command in '/home/intern/ros2Humble_ws/build/realsense2_camera_msgs' returned '0': CMAKE_PREFIX_PATH=${CMAKE_PREFIX_PATH}:/home/intern/ros2Humble_ws/install/py_launch_aprilsys:/opt/ros/humble /home/intern/.local/bin/cmake --build /home/intern/ros2Humble_ws/build/realsense2_camera_msgs -- -j4 -l4
[1.805s] Level 1:colcon.colcon_core.environment:create_environment_scripts_only(apriltag_ros)
[1.812s] Level 1:colcon.colcon_core.environment:checking '/home/intern/ros2Humble_ws/install/apriltag_ros' for CMake module files
[1.813s] Level 1:colcon.colcon_core.environment:checking '/home/intern/ros2Humble_ws/install/apriltag_ros' for CMake config files
[1.814s] Level 1:colcon.colcon_core.shell:create_environment_hook('apriltag_ros', 'cmake_prefix_path')
[1.818s] INFO:colcon.colcon_core.shell:Creating environment hook '/home/intern/ros2Humble_ws/install/apriltag_ros/share/apriltag_ros/hook/cmake_prefix_path.ps1'
[1.819s] INFO:colcon.colcon_core.shell:Creating environment descriptor '/home/intern/ros2Humble_ws/install/apriltag_ros/share/apriltag_ros/hook/cmake_prefix_path.dsv'
[1.820s] INFO:colcon.colcon_core.shell:Creating environment hook '/home/intern/ros2Humble_ws/install/apriltag_ros/share/apriltag_ros/hook/cmake_prefix_path.sh'
[1.821s] Level 1:colcon.colcon_core.environment:checking '/home/intern/ros2Humble_ws/install/apriltag_ros/lib'
[1.821s] Level 1:colcon.colcon_core.shell:create_environment_hook('apriltag_ros', 'ld_library_path_lib')
[1.826s] INFO:colcon.colcon_core.shell:Creating environment hook '/home/intern/ros2Humble_ws/install/apriltag_ros/share/apriltag_ros/hook/ld_library_path_lib.ps1'
[1.827s] INFO:colcon.colcon_core.shell:Creating environment descriptor '/home/intern/ros2Humble_ws/install/apriltag_ros/share/apriltag_ros/hook/ld_library_path_lib.dsv'
[1.829s] INFO:colcon.colcon_core.shell:Creating environment hook '/home/intern/ros2Humble_ws/install/apriltag_ros/share/apriltag_ros/hook/ld_library_path_lib.sh'
[1.829s] Level 1:colcon.colcon_core.environment:checking '/home/intern/ros2Humble_ws/install/apriltag_ros/bin'
[1.830s] Level 1:colcon.colcon_core.environment:checking '/home/intern/ros2Humble_ws/install/apriltag_ros/lib/pkgconfig/apriltag_ros.pc'
[1.830s] Level 1:colcon.colcon_core.environment:checking '/home/intern/ros2Humble_ws/install/apriltag_ros/lib/python3.10/site-packages'
[1.831s] Level 1:colcon.colcon_core.environment:checking '/home/intern/ros2Humble_ws/install/apriltag_ros/bin'
[1.836s] INFO:colcon.colcon_core.shell:Creating package script '/home/intern/ros2Humble_ws/install/apriltag_ros/share/apriltag_ros/package.ps1'
[1.837s] INFO:colcon.colcon_core.shell:Creating package descriptor '/home/intern/ros2Humble_ws/install/apriltag_ros/share/apriltag_ros/package.dsv'
[1.839s] INFO:colcon.colcon_core.shell:Creating package script '/home/intern/ros2Humble_ws/install/apriltag_ros/share/apriltag_ros/package.sh'
[1.840s] INFO:colcon.colcon_core.shell:Creating package script '/home/intern/ros2Humble_ws/install/apriltag_ros/share/apriltag_ros/package.bash'
[1.841s] INFO:colcon.colcon_core.shell:Creating package script '/home/intern/ros2Humble_ws/install/apriltag_ros/share/apriltag_ros/package.zsh'
[1.842s] Level 1:colcon.colcon_core.environment:create_file_with_runtime_dependencies(/home/intern/ros2Humble_ws/install/apriltag_ros/share/colcon-core/packages/apriltag_ros)
[2.073s] DEBUG:colcon.colcon_core.event_handler.log_command:Invoking command in '/home/intern/ros2Humble_ws/build/realsense2_camera_msgs': CMAKE_PREFIX_PATH=${CMAKE_PREFIX_PATH}:/home/intern/ros2Humble_ws/install/py_launch_aprilsys:/opt/ros/humble /home/intern/.local/bin/cmake --install /home/intern/ros2Humble_ws/build/realsense2_camera_msgs
[2.285s] Level 1:colcon.colcon_core.environment:create_environment_scripts_only(realsense2_camera_msgs)
[2.289s] Level 1:colcon.colcon_core.environment:checking '/home/intern/ros2Humble_ws/install/realsense2_camera_msgs' for CMake module files
[2.292s] Level 1:colcon.colcon_core.environment:checking '/home/intern/ros2Humble_ws/install/realsense2_camera_msgs' for CMake config files
[2.294s] Level 1:colcon.colcon_core.shell:create_environment_hook('realsense2_camera_msgs', 'cmake_prefix_path')
[2.296s] INFO:colcon.colcon_core.shell:Creating environment hook '/home/intern/ros2Humble_ws/install/realsense2_camera_msgs/share/realsense2_camera_msgs/hook/cmake_prefix_path.ps1'
[2.297s] INFO:colcon.colcon_core.shell:Creating environment descriptor '/home/intern/ros2Humble_ws/install/realsense2_camera_msgs/share/realsense2_camera_msgs/hook/cmake_prefix_path.dsv'
[2.298s] DEBUG:colcon.colcon_core.event_handler.log_command:Invoked command in '/home/intern/ros2Humble_ws/build/realsense2_camera_msgs' returned '0': CMAKE_PREFIX_PATH=${CMAKE_PREFIX_PATH}:/home/intern/ros2Humble_ws/install/py_launch_aprilsys:/opt/ros/humble /home/intern/.local/bin/cmake --install /home/intern/ros2Humble_ws/build/realsense2_camera_msgs
[2.299s] INFO:colcon.colcon_core.shell:Creating environment hook '/home/intern/ros2Humble_ws/install/realsense2_camera_msgs/share/realsense2_camera_msgs/hook/cmake_prefix_path.sh'
[2.300s] Level 1:colcon.colcon_core.environment:checking '/home/intern/ros2Humble_ws/install/realsense2_camera_msgs/lib'
[2.300s] Level 1:colcon.colcon_core.shell:create_environment_hook('realsense2_camera_msgs', 'ld_library_path_lib')
[2.303s] INFO:colcon.colcon_core.shell:Creating environment hook '/home/intern/ros2Humble_ws/install/realsense2_camera_msgs/share/realsense2_camera_msgs/hook/ld_library_path_lib.ps1'
[2.304s] INFO:colcon.colcon_core.shell:Creating environment descriptor '/home/intern/ros2Humble_ws/install/realsense2_camera_msgs/share/realsense2_camera_msgs/hook/ld_library_path_lib.dsv'
[2.304s] INFO:colcon.colcon_core.shell:Creating environment hook '/home/intern/ros2Humble_ws/install/realsense2_camera_msgs/share/realsense2_camera_msgs/hook/ld_library_path_lib.sh'
[2.305s] Level 1:colcon.colcon_core.environment:checking '/home/intern/ros2Humble_ws/install/realsense2_camera_msgs/bin'
[2.305s] Level 1:colcon.colcon_core.environment:checking '/home/intern/ros2Humble_ws/install/realsense2_camera_msgs/lib/pkgconfig/realsense2_camera_msgs.pc'
[2.306s] Level 1:colcon.colcon_core.environment:checking '/home/intern/ros2Humble_ws/install/realsense2_camera_msgs/lib/python3.10/site-packages'
[2.306s] Level 1:colcon.colcon_core.environment:checking '/home/intern/ros2Humble_ws/install/realsense2_camera_msgs/bin'
[2.310s] INFO:colcon.colcon_core.shell:Creating package script '/home/intern/ros2Humble_ws/install/realsense2_camera_msgs/share/realsense2_camera_msgs/package.ps1'
[2.311s] INFO:colcon.colcon_core.shell:Creating package descriptor '/home/intern/ros2Humble_ws/install/realsense2_camera_msgs/share/realsense2_camera_msgs/package.dsv'
[2.312s] INFO:colcon.colcon_core.shell:Creating package script '/home/intern/ros2Humble_ws/install/realsense2_camera_msgs/share/realsense2_camera_msgs/package.sh'
[2.313s] INFO:colcon.colcon_core.shell:Creating package script '/home/intern/ros2Humble_ws/install/realsense2_camera_msgs/share/realsense2_camera_msgs/package.bash'
[2.313s] INFO:colcon.colcon_core.shell:Creating package script '/home/intern/ros2Humble_ws/install/realsense2_camera_msgs/share/realsense2_camera_msgs/package.zsh'
[2.314s] Level 1:colcon.colcon_core.environment:create_file_with_runtime_dependencies(/home/intern/ros2Humble_ws/install/realsense2_camera_msgs/share/colcon-core/packages/realsense2_camera_msgs)
[2.501s] DEBUG:colcon.colcon_core.event_handler.log_command:Invoking command in '/home/intern/ros2Humble_ws/src/py_launch_aprilsys': PYTHONPATH=/home/intern/ros2Humble_ws/build/py_launch_aprilsys/prefix_override:/home/intern/ros2Humble_ws/install/py_launch_aprilsys/lib/python3.10/site-packages:${PYTHONPATH} /usr/bin/python3 setup.py egg_info --egg-base ../../build/py_launch_aprilsys build --build-base /home/intern/ros2Humble_ws/build/py_launch_aprilsys/build install --record /home/intern/ros2Humble_ws/build/py_launch_aprilsys/install.log --single-version-externally-managed
[2.741s] Level 1:colcon.colcon_core.environment:create_environment_scripts_only(realsense2_camera_msgs)
[2.746s] Level 1:colcon.colcon_core.environment:checking '/home/intern/ros2Humble_ws/install/realsense2_camera_msgs' for CMake module files
[2.747s] Level 1:colcon.colcon_core.environment:checking '/home/intern/ros2Humble_ws/install/realsense2_camera_msgs' for CMake config files
[2.749s] Level 1:colcon.colcon_core.shell:create_environment_hook('realsense2_camera_msgs', 'cmake_prefix_path')
[2.756s] INFO:colcon.colcon_core.shell:Creating environment hook '/home/intern/ros2Humble_ws/install/realsense2_camera_msgs/share/realsense2_camera_msgs/hook/cmake_prefix_path.ps1'
[2.757s] INFO:colcon.colcon_core.shell:Creating environment descriptor '/home/intern/ros2Humble_ws/install/realsense2_camera_msgs/share/realsense2_camera_msgs/hook/cmake_prefix_path.dsv'
[2.758s] INFO:colcon.colcon_core.shell:Creating environment hook '/home/intern/ros2Humble_ws/install/realsense2_camera_msgs/share/realsense2_camera_msgs/hook/cmake_prefix_path.sh'
[2.759s] Level 1:colcon.colcon_core.environment:checking '/home/intern/ros2Humble_ws/install/realsense2_camera_msgs/lib'
[2.762s] Level 1:colcon.colcon_core.shell:create_environment_hook('realsense2_camera_msgs', 'ld_library_path_lib')
[2.765s] INFO:colcon.colcon_core.shell:Creating environment hook '/home/intern/ros2Humble_ws/install/realsense2_camera_msgs/share/realsense2_camera_msgs/hook/ld_library_path_lib.ps1'
[2.768s] INFO:colcon.colcon_core.shell:Creating environment descriptor '/home/intern/ros2Humble_ws/install/realsense2_camera_msgs/share/realsense2_camera_msgs/hook/ld_library_path_lib.dsv'
[2.769s] INFO:colcon.colcon_core.shell:Creating environment hook '/home/intern/ros2Humble_ws/install/realsense2_camera_msgs/share/realsense2_camera_msgs/hook/ld_library_path_lib.sh'
[2.771s] Level 1:colcon.colcon_core.environment:checking '/home/intern/ros2Humble_ws/install/realsense2_camera_msgs/bin'
[2.771s] Level 1:colcon.colcon_core.environment:checking '/home/intern/ros2Humble_ws/install/realsense2_camera_msgs/lib/pkgconfig/realsense2_camera_msgs.pc'
[2.771s] Level 1:colcon.colcon_core.environment:checking '/home/intern/ros2Humble_ws/install/realsense2_camera_msgs/lib/python3.10/site-packages'
[2.772s] Level 1:colcon.colcon_core.environment:checking '/home/intern/ros2Humble_ws/install/realsense2_camera_msgs/bin'
[2.774s] INFO:colcon.colcon_core.shell:Creating package script '/home/intern/ros2Humble_ws/install/realsense2_camera_msgs/share/realsense2_camera_msgs/package.ps1'
[2.776s] INFO:colcon.colcon_core.shell:Creating package descriptor '/home/intern/ros2Humble_ws/install/realsense2_camera_msgs/share/realsense2_camera_msgs/package.dsv'
[2.780s] INFO:colcon.colcon_core.shell:Creating package script '/home/intern/ros2Humble_ws/install/realsense2_camera_msgs/share/realsense2_camera_msgs/package.sh'
[2.781s] INFO:colcon.colcon_core.shell:Creating package script '/home/intern/ros2Humble_ws/install/realsense2_camera_msgs/share/realsense2_camera_msgs/package.bash'
[2.782s] INFO:colcon.colcon_core.shell:Creating package script '/home/intern/ros2Humble_ws/install/realsense2_camera_msgs/share/realsense2_camera_msgs/package.zsh'
[2.783s] Level 1:colcon.colcon_core.environment:create_file_with_runtime_dependencies(/home/intern/ros2Humble_ws/install/realsense2_camera_msgs/share/colcon-core/packages/realsense2_camera_msgs)
[2.784s] INFO:colcon.colcon_ros.task.ament_cmake.build:Building ROS package in '/home/intern/ros2Humble_ws/src/realsense-ros/realsense2_camera' with build type 'ament_cmake'
[2.784s] INFO:colcon.colcon_cmake.task.cmake.build:Building CMake package in '/home/intern/ros2Humble_ws/src/realsense-ros/realsense2_camera'
[2.788s] INFO:colcon.colcon_core.shell:Skip shell extension 'powershell' for command environment: Not usable outside of PowerShell
[2.789s] DEBUG:colcon.colcon_core.shell:Skip shell extension 'dsv' for command environment
[2.802s] INFO:colcon.colcon_ros.task.ament_cmake.build:Building ROS package in '/home/intern/ros2Humble_ws/src/realsense-ros/realsense2_description' with build type 'ament_cmake'
[2.802s] INFO:colcon.colcon_cmake.task.cmake.build:Building CMake package in '/home/intern/ros2Humble_ws/src/realsense-ros/realsense2_description'
[2.807s] INFO:colcon.colcon_core.shell:Skip shell extension 'powershell' for command environment: Not usable outside of PowerShell
[2.807s] DEBUG:colcon.colcon_core.shell:Skip shell extension 'dsv' for command environment
[2.842s] DEBUG:colcon.colcon_core.event_handler.log_command:Invoking command in '/home/intern/ros2Humble_ws/build/realsense2_camera': CMAKE_PREFIX_PATH=/home/intern/ros2Humble_ws/install/realsense2_camera_msgs:/home/intern/ros2Humble_ws/install/realsense2_description:/home/intern/ros2Humble_ws/install/realsense2_camera:/home/intern/ros2Humble_ws/install/apriltag_ros:/home/intern/ros2Humble_ws/install/py_launch_aprilsys:/opt/ros/humble LD_LIBRARY_PATH=/home/intern/ros2Humble_ws/install/realsense2_camera_msgs/lib:/home/intern/ros2Humble_ws/install/realsense2_camera/lib:/home/intern/ros2Humble_ws/install/apriltag_ros/lib:/opt/ros/humble/opt/rviz_ogre_vendor/lib:/opt/ros/humble/lib/x86_64-linux-gnu:/opt/ros/humble/lib /home/intern/.local/bin/cmake --build /home/intern/ros2Humble_ws/build/realsense2_camera -- -j4 -l4
[2.852s] DEBUG:colcon.colcon_core.event_handler.log_command:Invoking command in '/home/intern/ros2Humble_ws/build/realsense2_description': CMAKE_PREFIX_PATH=/home/intern/ros2Humble_ws/install/realsense2_camera_msgs:/home/intern/ros2Humble_ws/install/realsense2_description:/home/intern/ros2Humble_ws/install/realsense2_camera:/home/intern/ros2Humble_ws/install/apriltag_ros:/home/intern/ros2Humble_ws/install/py_launch_aprilsys:/opt/ros/humble LD_LIBRARY_PATH=/home/intern/ros2Humble_ws/install/realsense2_camera_msgs/lib:/home/intern/ros2Humble_ws/install/realsense2_camera/lib:/home/intern/ros2Humble_ws/install/apriltag_ros/lib:/opt/ros/humble/opt/rviz_ogre_vendor/lib:/opt/ros/humble/lib/x86_64-linux-gnu:/opt/ros/humble/lib /home/intern/.local/bin/cmake --build /home/intern/ros2Humble_ws/build/realsense2_description -- -j4 -l4
[3.064s] DEBUG:colcon.colcon_core.event_handler.log_command:Invoked command in '/home/intern/ros2Humble_ws/build/realsense2_description' returned '0': CMAKE_PREFIX_PATH=/home/intern/ros2Humble_ws/install/realsense2_camera_msgs:/home/intern/ros2Humble_ws/install/realsense2_description:/home/intern/ros2Humble_ws/install/realsense2_camera:/home/intern/ros2Humble_ws/install/apriltag_ros:/home/intern/ros2Humble_ws/install/py_launch_aprilsys:/opt/ros/humble LD_LIBRARY_PATH=/home/intern/ros2Humble_ws/install/realsense2_camera_msgs/lib:/home/intern/ros2Humble_ws/install/realsense2_camera/lib:/home/intern/ros2Humble_ws/install/apriltag_ros/lib:/opt/ros/humble/opt/rviz_ogre_vendor/lib:/opt/ros/humble/lib/x86_64-linux-gnu:/opt/ros/humble/lib /home/intern/.local/bin/cmake --build /home/intern/ros2Humble_ws/build/realsense2_description -- -j4 -l4
[3.278s] DEBUG:colcon.colcon_core.event_handler.log_command:Invoked command in '/home/intern/ros2Humble_ws/build/realsense2_camera' returned '0': CMAKE_PREFIX_PATH=/home/intern/ros2Humble_ws/install/realsense2_camera_msgs:/home/intern/ros2Humble_ws/install/realsense2_description:/home/intern/ros2Humble_ws/install/realsense2_camera:/home/intern/ros2Humble_ws/install/apriltag_ros:/home/intern/ros2Humble_ws/install/py_launch_aprilsys:/opt/ros/humble LD_LIBRARY_PATH=/home/intern/ros2Humble_ws/install/realsense2_camera_msgs/lib:/home/intern/ros2Humble_ws/install/realsense2_camera/lib:/home/intern/ros2Humble_ws/install/apriltag_ros/lib:/opt/ros/humble/opt/rviz_ogre_vendor/lib:/opt/ros/humble/lib/x86_64-linux-gnu:/opt/ros/humble/lib /home/intern/.local/bin/cmake --build /home/intern/ros2Humble_ws/build/realsense2_camera -- -j4 -l4
[3.345s] DEBUG:colcon.colcon_core.event_handler.log_command:Invoking command in '/home/intern/ros2Humble_ws/build/realsense2_description': CMAKE_PREFIX_PATH=/home/intern/ros2Humble_ws/install/realsense2_camera_msgs:/home/intern/ros2Humble_ws/install/realsense2_description:/home/intern/ros2Humble_ws/install/realsense2_camera:/home/intern/ros2Humble_ws/install/apriltag_ros:/home/intern/ros2Humble_ws/install/py_launch_aprilsys:/opt/ros/humble LD_LIBRARY_PATH=/home/intern/ros2Humble_ws/install/realsense2_camera_msgs/lib:/home/intern/ros2Humble_ws/install/realsense2_camera/lib:/home/intern/ros2Humble_ws/install/apriltag_ros/lib:/opt/ros/humble/opt/rviz_ogre_vendor/lib:/opt/ros/humble/lib/x86_64-linux-gnu:/opt/ros/humble/lib /home/intern/.local/bin/cmake --install /home/intern/ros2Humble_ws/build/realsense2_description
[3.536s] Level 1:colcon.colcon_core.environment:create_environment_scripts_only(realsense2_description)
[3.545s] Level 1:colcon.colcon_core.environment:checking '/home/intern/ros2Humble_ws/install/realsense2_description' for CMake module files
[3.546s] Level 1:colcon.colcon_core.environment:checking '/home/intern/ros2Humble_ws/install/realsense2_description' for CMake config files
[3.547s] Level 1:colcon.colcon_core.shell:create_environment_hook('realsense2_description', 'cmake_prefix_path')
[3.551s] INFO:colcon.colcon_core.shell:Creating environment hook '/home/intern/ros2Humble_ws/install/realsense2_description/share/realsense2_description/hook/cmake_prefix_path.ps1'
[3.552s] INFO:colcon.colcon_core.shell:Creating environment descriptor '/home/intern/ros2Humble_ws/install/realsense2_description/share/realsense2_description/hook/cmake_prefix_path.dsv'
[3.553s] INFO:colcon.colcon_core.shell:Creating environment hook '/home/intern/ros2Humble_ws/install/realsense2_description/share/realsense2_description/hook/cmake_prefix_path.sh'
[3.555s] DEBUG:colcon.colcon_core.event_handler.log_command:Invoked command in '/home/intern/ros2Humble_ws/build/realsense2_description' returned '0': CMAKE_PREFIX_PATH=/home/intern/ros2Humble_ws/install/realsense2_camera_msgs:/home/intern/ros2Humble_ws/install/realsense2_description:/home/intern/ros2Humble_ws/install/realsense2_camera:/home/intern/ros2Humble_ws/install/apriltag_ros:/home/intern/ros2Humble_ws/install/py_launch_aprilsys:/opt/ros/humble LD_LIBRARY_PATH=/home/intern/ros2Humble_ws/install/realsense2_camera_msgs/lib:/home/intern/ros2Humble_ws/install/realsense2_camera/lib:/home/intern/ros2Humble_ws/install/apriltag_ros/lib:/opt/ros/humble/opt/rviz_ogre_vendor/lib:/opt/ros/humble/lib/x86_64-linux-gnu:/opt/ros/humble/lib /home/intern/.local/bin/cmake --install /home/intern/ros2Humble_ws/build/realsense2_description
[3.562s] Level 1:colcon.colcon_core.environment:checking '/home/intern/ros2Humble_ws/install/realsense2_description/bin'
[3.562s] Level 1:colcon.colcon_core.environment:checking '/home/intern/ros2Humble_ws/install/realsense2_description/lib/pkgconfig/realsense2_description.pc'
[3.563s] Level 1:colcon.colcon_core.environment:checking '/home/intern/ros2Humble_ws/install/realsense2_description/lib/python3.10/site-packages'
[3.563s] Level 1:colcon.colcon_core.environment:checking '/home/intern/ros2Humble_ws/install/realsense2_description/bin'
[3.567s] INFO:colcon.colcon_core.shell:Creating package script '/home/intern/ros2Humble_ws/install/realsense2_description/share/realsense2_description/package.ps1'
[3.568s] INFO:colcon.colcon_core.shell:Creating package descriptor '/home/intern/ros2Humble_ws/install/realsense2_description/share/realsense2_description/package.dsv'
[3.569s] INFO:colcon.colcon_core.shell:Creating package script '/home/intern/ros2Humble_ws/install/realsense2_description/share/realsense2_description/package.sh'
[3.574s] INFO:colcon.colcon_core.shell:Creating package script '/home/intern/ros2Humble_ws/install/realsense2_description/share/realsense2_description/package.bash'
[3.575s] INFO:colcon.colcon_core.shell:Creating package script '/home/intern/ros2Humble_ws/install/realsense2_description/share/realsense2_description/package.zsh'
[3.575s] Level 1:colcon.colcon_core.environment:create_file_with_runtime_dependencies(/home/intern/ros2Humble_ws/install/realsense2_description/share/colcon-core/packages/realsense2_description)
[3.751s] DEBUG:colcon.colcon_core.event_handler.log_command:Invoking command in '/home/intern/ros2Humble_ws/build/realsense2_camera': CMAKE_PREFIX_PATH=/home/intern/ros2Humble_ws/install/realsense2_camera_msgs:/home/intern/ros2Humble_ws/install/realsense2_description:/home/intern/ros2Humble_ws/install/realsense2_camera:/home/intern/ros2Humble_ws/install/apriltag_ros:/home/intern/ros2Humble_ws/install/py_launch_aprilsys:/opt/ros/humble LD_LIBRARY_PATH=/home/intern/ros2Humble_ws/install/realsense2_camera_msgs/lib:/home/intern/ros2Humble_ws/install/realsense2_camera/lib:/home/intern/ros2Humble_ws/install/apriltag_ros/lib:/opt/ros/humble/opt/rviz_ogre_vendor/lib:/opt/ros/humble/lib/x86_64-linux-gnu:/opt/ros/humble/lib /home/intern/.local/bin/cmake --install /home/intern/ros2Humble_ws/build/realsense2_camera
[3.901s] Level 1:colcon.colcon_core.environment:create_environment_scripts_only(realsense2_camera)
[3.905s] Level 1:colcon.colcon_core.environment:checking '/home/intern/ros2Humble_ws/install/realsense2_camera' for CMake module files
[3.911s] Level 1:colcon.colcon_core.environment:checking '/home/intern/ros2Humble_ws/install/realsense2_camera' for CMake config files
[3.911s] Level 1:colcon.colcon_core.shell:create_environment_hook('realsense2_camera', 'cmake_prefix_path')
[3.927s] DEBUG:colcon.colcon_core.event_handler.log_command:Invoked command in '/home/intern/ros2Humble_ws/build/realsense2_camera' returned '0': CMAKE_PREFIX_PATH=/home/intern/ros2Humble_ws/install/realsense2_camera_msgs:/home/intern/ros2Humble_ws/install/realsense2_description:/home/intern/ros2Humble_ws/install/realsense2_camera:/home/intern/ros2Humble_ws/install/apriltag_ros:/home/intern/ros2Humble_ws/install/py_launch_aprilsys:/opt/ros/humble LD_LIBRARY_PATH=/home/intern/ros2Humble_ws/install/realsense2_camera_msgs/lib:/home/intern/ros2Humble_ws/install/realsense2_camera/lib:/home/intern/ros2Humble_ws/install/apriltag_ros/lib:/opt/ros/humble/opt/rviz_ogre_vendor/lib:/opt/ros/humble/lib/x86_64-linux-gnu:/opt/ros/humble/lib /home/intern/.local/bin/cmake --install /home/intern/ros2Humble_ws/build/realsense2_camera
[3.927s] INFO:colcon.colcon_core.shell:Creating environment hook '/home/intern/ros2Humble_ws/install/realsense2_camera/share/realsense2_camera/hook/cmake_prefix_path.ps1'
[3.928s] INFO:colcon.colcon_core.shell:Creating environment descriptor '/home/intern/ros2Humble_ws/install/realsense2_camera/share/realsense2_camera/hook/cmake_prefix_path.dsv'
[3.934s] INFO:colcon.colcon_core.shell:Creating environment hook '/home/intern/ros2Humble_ws/install/realsense2_camera/share/realsense2_camera/hook/cmake_prefix_path.sh'
[3.941s] Level 1:colcon.colcon_core.environment:checking '/home/intern/ros2Humble_ws/install/realsense2_camera/lib'
[3.941s] Level 1:colcon.colcon_core.shell:create_environment_hook('realsense2_camera', 'ld_library_path_lib')
[3.944s] INFO:colcon.colcon_core.shell:Creating environment hook '/home/intern/ros2Humble_ws/install/realsense2_camera/share/realsense2_camera/hook/ld_library_path_lib.ps1'
[3.945s] INFO:colcon.colcon_core.shell:Creating environment descriptor '/home/intern/ros2Humble_ws/install/realsense2_camera/share/realsense2_camera/hook/ld_library_path_lib.dsv'
[3.948s] INFO:colcon.colcon_core.shell:Creating environment hook '/home/intern/ros2Humble_ws/install/realsense2_camera/share/realsense2_camera/hook/ld_library_path_lib.sh'
[3.949s] Level 1:colcon.colcon_core.environment:checking '/home/intern/ros2Humble_ws/install/realsense2_camera/bin'
[3.950s] Level 1:colcon.colcon_core.environment:checking '/home/intern/ros2Humble_ws/install/realsense2_camera/lib/pkgconfig/realsense2_camera.pc'
[3.950s] Level 1:colcon.colcon_core.environment:checking '/home/intern/ros2Humble_ws/install/realsense2_camera/lib/python3.10/site-packages'
[3.951s] Level 1:colcon.colcon_core.environment:checking '/home/intern/ros2Humble_ws/install/realsense2_camera/bin'
[3.954s] INFO:colcon.colcon_core.shell:Creating package script '/home/intern/ros2Humble_ws/install/realsense2_camera/share/realsense2_camera/package.ps1'
[3.962s] INFO:colcon.colcon_core.shell:Creating package descriptor '/home/intern/ros2Humble_ws/install/realsense2_camera/share/realsense2_camera/package.dsv'
[3.963s] INFO:colcon.colcon_core.shell:Creating package script '/home/intern/ros2Humble_ws/install/realsense2_camera/share/realsense2_camera/package.sh'
[3.964s] INFO:colcon.colcon_core.shell:Creating package script '/home/intern/ros2Humble_ws/install/realsense2_camera/share/realsense2_camera/package.bash'
[3.964s] INFO:colcon.colcon_core.shell:Creating package script '/home/intern/ros2Humble_ws/install/realsense2_camera/share/realsense2_camera/package.zsh'
[3.965s] Level 1:colcon.colcon_core.environment:create_file_with_runtime_dependencies(/home/intern/ros2Humble_ws/install/realsense2_camera/share/colcon-core/packages/realsense2_camera)
[3.981s] Level 1:colcon.colcon_core.environment:create_environment_scripts_only(realsense2_description)
[3.991s] Level 1:colcon.colcon_core.environment:checking '/home/intern/ros2Humble_ws/install/realsense2_description' for CMake module files
[3.993s] Level 1:colcon.colcon_core.environment:checking '/home/intern/ros2Humble_ws/install/realsense2_description' for CMake config files
[3.994s] Level 1:colcon.colcon_core.shell:create_environment_hook('realsense2_description', 'cmake_prefix_path')
[3.998s] INFO:colcon.colcon_core.shell:Creating environment hook '/home/intern/ros2Humble_ws/install/realsense2_description/share/realsense2_description/hook/cmake_prefix_path.ps1'
[4.002s] INFO:colcon.colcon_core.shell:Creating environment descriptor '/home/intern/ros2Humble_ws/install/realsense2_description/share/realsense2_description/hook/cmake_prefix_path.dsv'
[4.003s] INFO:colcon.colcon_core.shell:Creating environment hook '/home/intern/ros2Humble_ws/install/realsense2_description/share/realsense2_description/hook/cmake_prefix_path.sh'
[4.005s] Level 1:colcon.colcon_core.environment:checking '/home/intern/ros2Humble_ws/install/realsense2_description/bin'
[4.005s] Level 1:colcon.colcon_core.environment:checking '/home/intern/ros2Humble_ws/install/realsense2_description/lib/pkgconfig/realsense2_description.pc'
[4.006s] Level 1:colcon.colcon_core.environment:checking '/home/intern/ros2Humble_ws/install/realsense2_description/lib/python3.10/site-packages'
[4.006s] Level 1:colcon.colcon_core.environment:checking '/home/intern/ros2Humble_ws/install/realsense2_description/bin'
[4.015s] INFO:colcon.colcon_core.shell:Creating package script '/home/intern/ros2Humble_ws/install/realsense2_description/share/realsense2_description/package.ps1'
[4.017s] INFO:colcon.colcon_core.shell:Creating package descriptor '/home/intern/ros2Humble_ws/install/realsense2_description/share/realsense2_description/package.dsv'
[4.021s] INFO:colcon.colcon_core.shell:Creating package script '/home/intern/ros2Humble_ws/install/realsense2_description/share/realsense2_description/package.sh'
[4.025s] INFO:colcon.colcon_core.shell:Creating package script '/home/intern/ros2Humble_ws/install/realsense2_description/share/realsense2_description/package.bash'
[4.027s] INFO:colcon.colcon_core.shell:Creating package script '/home/intern/ros2Humble_ws/install/realsense2_description/share/realsense2_description/package.zsh'
[4.029s] Level 1:colcon.colcon_core.environment:create_file_with_runtime_dependencies(/home/intern/ros2Humble_ws/install/realsense2_description/share/colcon-core/packages/realsense2_description)
[4.079s] Level 1:colcon.colcon_core.environment:checking '/home/intern/ros2Humble_ws/install/py_launch_aprilsys' for CMake module files
[4.090s] DEBUG:colcon.colcon_core.event_handler.log_command:Invoked command in '/home/intern/ros2Humble_ws/src/py_launch_aprilsys' returned '0': PYTHONPATH=/home/intern/ros2Humble_ws/build/py_launch_aprilsys/prefix_override:/home/intern/ros2Humble_ws/install/py_launch_aprilsys/lib/python3.10/site-packages:${PYTHONPATH} /usr/bin/python3 setup.py egg_info --egg-base ../../build/py_launch_aprilsys build --build-base /home/intern/ros2Humble_ws/build/py_launch_aprilsys/build install --record /home/intern/ros2Humble_ws/build/py_launch_aprilsys/install.log --single-version-externally-managed
[4.091s] Level 1:colcon.colcon_core.environment:checking '/home/intern/ros2Humble_ws/install/py_launch_aprilsys' for CMake config files
[4.093s] Level 1:colcon.colcon_core.environment:checking '/home/intern/ros2Humble_ws/install/py_launch_aprilsys/lib'
[4.093s] Level 1:colcon.colcon_core.environment:checking '/home/intern/ros2Humble_ws/install/py_launch_aprilsys/bin'
[4.093s] Level 1:colcon.colcon_core.environment:checking '/home/intern/ros2Humble_ws/install/py_launch_aprilsys/lib/pkgconfig/py_launch_aprilsys.pc'
[4.094s] Level 1:colcon.colcon_core.environment:checking '/home/intern/ros2Humble_ws/install/py_launch_aprilsys/lib/python3.10/site-packages'
[4.094s] Level 1:colcon.colcon_core.shell:create_environment_hook('py_launch_aprilsys', 'pythonpath')
[4.097s] INFO:colcon.colcon_core.shell:Creating environment hook '/home/intern/ros2Humble_ws/install/py_launch_aprilsys/share/py_launch_aprilsys/hook/pythonpath.ps1'
[4.099s] INFO:colcon.colcon_core.shell:Creating environment descriptor '/home/intern/ros2Humble_ws/install/py_launch_aprilsys/share/py_launch_aprilsys/hook/pythonpath.dsv'
[4.101s] INFO:colcon.colcon_core.shell:Creating environment hook '/home/intern/ros2Humble_ws/install/py_launch_aprilsys/share/py_launch_aprilsys/hook/pythonpath.sh'
[4.106s] Level 1:colcon.colcon_core.environment:checking '/home/intern/ros2Humble_ws/install/py_launch_aprilsys/bin'
[4.106s] Level 1:colcon.colcon_core.environment:create_environment_scripts_only(py_launch_aprilsys)
[4.115s] INFO:colcon.colcon_core.shell:Creating package script '/home/intern/ros2Humble_ws/install/py_launch_aprilsys/share/py_launch_aprilsys/package.ps1'
[4.116s] INFO:colcon.colcon_core.shell:Creating package descriptor '/home/intern/ros2Humble_ws/install/py_launch_aprilsys/share/py_launch_aprilsys/package.dsv'
[4.119s] INFO:colcon.colcon_core.shell:Creating package script '/home/intern/ros2Humble_ws/install/py_launch_aprilsys/share/py_launch_aprilsys/package.sh'
[4.122s] INFO:colcon.colcon_core.shell:Creating package script '/home/intern/ros2Humble_ws/install/py_launch_aprilsys/share/py_launch_aprilsys/package.bash'
[4.124s] INFO:colcon.colcon_core.shell:Creating package script '/home/intern/ros2Humble_ws/install/py_launch_aprilsys/share/py_launch_aprilsys/package.zsh'
[4.126s] Level 1:colcon.colcon_core.environment:create_file_with_runtime_dependencies(/home/intern/ros2Humble_ws/install/py_launch_aprilsys/share/colcon-core/packages/py_launch_aprilsys)
[4.251s] Level 1:colcon.colcon_core.environment:create_environment_scripts_only(realsense2_camera)
[4.256s] Level 1:colcon.colcon_core.environment:checking '/home/intern/ros2Humble_ws/install/realsense2_camera' for CMake module files
[4.261s] Level 1:colcon.colcon_core.environment:checking '/home/intern/ros2Humble_ws/install/realsense2_camera' for CMake config files
[4.262s] Level 1:colcon.colcon_core.shell:create_environment_hook('realsense2_camera', 'cmake_prefix_path')
[4.266s] INFO:colcon.colcon_core.shell:Creating environment hook '/home/intern/ros2Humble_ws/install/realsense2_camera/share/realsense2_camera/hook/cmake_prefix_path.ps1'
[4.267s] INFO:colcon.colcon_core.shell:Creating environment descriptor '/home/intern/ros2Humble_ws/install/realsense2_camera/share/realsense2_camera/hook/cmake_prefix_path.dsv'
[4.268s] INFO:colcon.colcon_core.shell:Creating environment hook '/home/intern/ros2Humble_ws/install/realsense2_camera/share/realsense2_camera/hook/cmake_prefix_path.sh'
[4.269s] Level 1:colcon.colcon_core.environment:checking '/home/intern/ros2Humble_ws/install/realsense2_camera/lib'
[4.269s] Level 1:colcon.colcon_core.shell:create_environment_hook('realsense2_camera', 'ld_library_path_lib')
[4.280s] INFO:colcon.colcon_core.shell:Creating environment hook '/home/intern/ros2Humble_ws/install/realsense2_camera/share/realsense2_camera/hook/ld_library_path_lib.ps1'
[4.281s] INFO:colcon.colcon_core.shell:Creating environment descriptor '/home/intern/ros2Humble_ws/install/realsense2_camera/share/realsense2_camera/hook/ld_library_path_lib.dsv'
[4.282s] INFO:colcon.colcon_core.shell:Creating environment hook '/home/intern/ros2Humble_ws/install/realsense2_camera/share/realsense2_camera/hook/ld_library_path_lib.sh'
[4.283s] Level 1:colcon.colcon_core.environment:checking '/home/intern/ros2Humble_ws/install/realsense2_camera/bin'
[4.283s] Level 1:colcon.colcon_core.environment:checking '/home/intern/ros2Humble_ws/install/realsense2_camera/lib/pkgconfig/realsense2_camera.pc'
[4.284s] Level 1:colcon.colcon_core.environment:checking '/home/intern/ros2Humble_ws/install/realsense2_camera/lib/python3.10/site-packages'
[4.285s] Level 1:colcon.colcon_core.environment:checking '/home/intern/ros2Humble_ws/install/realsense2_camera/bin'
[4.288s] INFO:colcon.colcon_core.shell:Creating package script '/home/intern/ros2Humble_ws/install/realsense2_camera/share/realsense2_camera/package.ps1'
[4.295s] INFO:colcon.colcon_core.shell:Creating package descriptor '/home/intern/ros2Humble_ws/install/realsense2_camera/share/realsense2_camera/package.dsv'
[4.297s] INFO:colcon.colcon_core.shell:Creating package script '/home/intern/ros2Humble_ws/install/realsense2_camera/share/realsense2_camera/package.sh'
[4.299s] INFO:colcon.colcon_core.shell:Creating package script '/home/intern/ros2Humble_ws/install/realsense2_camera/share/realsense2_camera/package.bash'
[4.300s] INFO:colcon.colcon_core.shell:Creating package script '/home/intern/ros2Humble_ws/install/realsense2_camera/share/realsense2_camera/package.zsh'
[4.301s] Level 1:colcon.colcon_core.environment:create_file_with_runtime_dependencies(/home/intern/ros2Humble_ws/install/realsense2_camera/share/colcon-core/packages/realsense2_camera)
[4.302s] DEBUG:colcon.colcon_parallel_executor.executor.parallel:closing loop
[4.305s] DEBUG:colcon.colcon_parallel_executor.executor.parallel:loop closed
[4.305s] DEBUG:colcon.colcon_parallel_executor.executor.parallel:run_until_complete finished with '0'
[4.305s] DEBUG:colcon.colcon_core.event_reactor:joining thread
[4.324s] INFO:colcon.colcon_core.plugin_system:Skipping extension 'colcon_notification.desktop_notification.terminal_notifier': Not used on non-Darwin systems
[4.324s] INFO:colcon.colcon_core.plugin_system:Skipping extension 'colcon_notification.desktop_notification.win32': Not used on non-Windows systems
[4.324s] INFO:colcon.colcon_notification.desktop_notification:Sending desktop notification using 'notify2'
[4.367s] DEBUG:colcon.colcon_core.event_reactor:joined thread
[4.371s] INFO:colcon.colcon_core.shell:Creating prefix script '/home/intern/ros2Humble_ws/install/local_setup.ps1'
[4.373s] INFO:colcon.colcon_core.shell:Creating prefix util module '/home/intern/ros2Humble_ws/install/_local_setup_util_ps1.py'
[4.379s] INFO:colcon.colcon_core.shell:Creating prefix chain script '/home/intern/ros2Humble_ws/install/setup.ps1'
[4.383s] INFO:colcon.colcon_core.shell:Creating prefix script '/home/intern/ros2Humble_ws/install/local_setup.sh'
[4.384s] INFO:colcon.colcon_core.shell:Creating prefix util module '/home/intern/ros2Humble_ws/install/_local_setup_util_sh.py'
[4.385s] INFO:colcon.colcon_core.shell:Creating prefix chain script '/home/intern/ros2Humble_ws/install/setup.sh'
[4.403s] INFO:colcon.colcon_core.shell:Creating prefix script '/home/intern/ros2Humble_ws/install/local_setup.bash'
[4.405s] INFO:colcon.colcon_core.shell:Creating prefix chain script '/home/intern/ros2Humble_ws/install/setup.bash'
[4.414s] INFO:colcon.colcon_core.shell:Creating prefix script '/home/intern/ros2Humble_ws/install/local_setup.zsh'
[4.416s] INFO:colcon.colcon_core.shell:Creating prefix chain script '/home/intern/ros2Humble_ws/install/setup.zsh'
