[0.015s] Invoking command in '/home/intern/recursive_ws/build/realsense2_description': CMAKE_PREFIX_PATH=/home/intern/recursive_ws/install/realsense2_camera_msgs:/home/intern/recursive_ws/install/realsense2_description:/home/intern/recursive_ws/install/realsense2_camera:/home/intern/recursive_ws/install/apriltag_ros:/home/intern/recursive_ws/install/takeImage:/home/intern/recursive_ws/install/py_launch_aprilsys:/opt/ros/humble LD_LIBRARY_PATH=/home/intern/recursive_ws/install/realsense2_camera_msgs/lib:/home/intern/recursive_ws/install/realsense2_camera/lib:/home/intern/recursive_ws/install/apriltag_ros/lib:/opt/ros/humble/opt/rviz_ogre_vendor/lib:/opt/ros/humble/lib/x86_64-linux-gnu:/opt/ros/humble/lib /usr/local/bin/cmake /home/intern/recursive_ws/src/realsense-ros/realsense2_description -DCMAKE_INSTALL_PREFIX=/home/intern/recursive_ws/install/realsense2_description
[0.088s] -- The C compiler identification is GNU 11.3.0
[0.155s] -- The CXX compiler identification is GNU 11.3.0
[0.166s] -- Detecting C compiler ABI info
[0.260s] -- Detecting C compiler ABI info - done
[0.277s] -- Check for working C compiler: /usr/bin/cc - skipped
[0.277s] -- Detecting C compile features
[0.278s] -- Detecting C compile features - done
[0.282s] -- Detecting CXX compiler ABI info
[0.417s] -- Detecting CXX compiler ABI info - done
[0.443s] -- Check for working CXX compiler: /usr/bin/c++ - skipped
[0.444s] -- Detecting CXX compile features
[0.445s] -- Detecting CXX compile features - done
[0.450s] -- Found ament_cmake: 1.3.4 (/opt/ros/humble/share/ament_cmake/cmake)
[0.893s] -- Found Python3: /usr/bin/python3.10 (found version "3.10.6") found components: Interpreter 
[1.077s] -- Configuring done (1.1s)
[1.082s] -- Generating done (0.0s)
[1.083s] -- Build files have been written to: /home/intern/recursive_ws/build/realsense2_description
[1.088s] Invoked command in '/home/intern/recursive_ws/build/realsense2_description' returned '0': CMAKE_PREFIX_PATH=/home/intern/recursive_ws/install/realsense2_camera_msgs:/home/intern/recursive_ws/install/realsense2_description:/home/intern/recursive_ws/install/realsense2_camera:/home/intern/recursive_ws/install/apriltag_ros:/home/intern/recursive_ws/install/takeImage:/home/intern/recursive_ws/install/py_launch_aprilsys:/opt/ros/humble LD_LIBRARY_PATH=/home/intern/recursive_ws/install/realsense2_camera_msgs/lib:/home/intern/recursive_ws/install/realsense2_camera/lib:/home/intern/recursive_ws/install/apriltag_ros/lib:/opt/ros/humble/opt/rviz_ogre_vendor/lib:/opt/ros/humble/lib/x86_64-linux-gnu:/opt/ros/humble/lib /usr/local/bin/cmake /home/intern/recursive_ws/src/realsense-ros/realsense2_description -DCMAKE_INSTALL_PREFIX=/home/intern/recursive_ws/install/realsense2_description
[1.090s] Invoking command in '/home/intern/recursive_ws/build/realsense2_description': CMAKE_PREFIX_PATH=/home/intern/recursive_ws/install/realsense2_camera_msgs:/home/intern/recursive_ws/install/realsense2_description:/home/intern/recursive_ws/install/realsense2_camera:/home/intern/recursive_ws/install/apriltag_ros:/home/intern/recursive_ws/install/takeImage:/home/intern/recursive_ws/install/py_launch_aprilsys:/opt/ros/humble LD_LIBRARY_PATH=/home/intern/recursive_ws/install/realsense2_camera_msgs/lib:/home/intern/recursive_ws/install/realsense2_camera/lib:/home/intern/recursive_ws/install/apriltag_ros/lib:/opt/ros/humble/opt/rviz_ogre_vendor/lib:/opt/ros/humble/lib/x86_64-linux-gnu:/opt/ros/humble/lib /usr/local/bin/cmake --build /home/intern/recursive_ws/build/realsense2_description -- -j4 -l4
[1.104s] Invoked command in '/home/intern/recursive_ws/build/realsense2_description' returned '0': CMAKE_PREFIX_PATH=/home/intern/recursive_ws/install/realsense2_camera_msgs:/home/intern/recursive_ws/install/realsense2_description:/home/intern/recursive_ws/install/realsense2_camera:/home/intern/recursive_ws/install/apriltag_ros:/home/intern/recursive_ws/install/takeImage:/home/intern/recursive_ws/install/py_launch_aprilsys:/opt/ros/humble LD_LIBRARY_PATH=/home/intern/recursive_ws/install/realsense2_camera_msgs/lib:/home/intern/recursive_ws/install/realsense2_camera/lib:/home/intern/recursive_ws/install/apriltag_ros/lib:/opt/ros/humble/opt/rviz_ogre_vendor/lib:/opt/ros/humble/lib/x86_64-linux-gnu:/opt/ros/humble/lib /usr/local/bin/cmake --build /home/intern/recursive_ws/build/realsense2_description -- -j4 -l4
[1.122s] Invoking command in '/home/intern/recursive_ws/build/realsense2_description': CMAKE_PREFIX_PATH=/home/intern/recursive_ws/install/realsense2_camera_msgs:/home/intern/recursive_ws/install/realsense2_description:/home/intern/recursive_ws/install/realsense2_camera:/home/intern/recursive_ws/install/apriltag_ros:/home/intern/recursive_ws/install/takeImage:/home/intern/recursive_ws/install/py_launch_aprilsys:/opt/ros/humble LD_LIBRARY_PATH=/home/intern/recursive_ws/install/realsense2_camera_msgs/lib:/home/intern/recursive_ws/install/realsense2_camera/lib:/home/intern/recursive_ws/install/apriltag_ros/lib:/opt/ros/humble/opt/rviz_ogre_vendor/lib:/opt/ros/humble/lib/x86_64-linux-gnu:/opt/ros/humble/lib /usr/local/bin/cmake --install /home/intern/recursive_ws/build/realsense2_description
[1.124s] -- Install configuration: ""
[1.124s] -- Installing: /home/intern/recursive_ws/install/realsense2_description/share/realsense2_description/launch
[1.125s] -- Installing: /home/intern/recursive_ws/install/realsense2_description/share/realsense2_description/launch/view_model.launch.py
[1.125s] -- Installing: /home/intern/recursive_ws/install/realsense2_description/share/realsense2_description/launch/launch_utils.py
[1.125s] -- Installing: /home/intern/recursive_ws/install/realsense2_description/share/realsense2_description/meshes
[1.125s] -- Installing: /home/intern/recursive_ws/install/realsense2_description/share/realsense2_description/meshes/plug.stl
[1.127s] -- Installing: /home/intern/recursive_ws/install/realsense2_description/share/realsense2_description/meshes/d435.dae
[1.159s] -- Installing: /home/intern/recursive_ws/install/realsense2_description/share/realsense2_description/meshes/plug_collision.stl
[1.163s] -- Installing: /home/intern/recursive_ws/install/realsense2_description/share/realsense2_description/meshes/d455.stl
[1.176s] -- Installing: /home/intern/recursive_ws/install/realsense2_description/share/realsense2_description/meshes/l515.dae
[1.261s] -- Installing: /home/intern/recursive_ws/install/realsense2_description/share/realsense2_description/meshes/d415.stl
[1.296s] -- Installing: /home/intern/recursive_ws/install/realsense2_description/share/realsense2_description/rviz
[1.296s] -- Installing: /home/intern/recursive_ws/install/realsense2_description/share/realsense2_description/rviz/urdf.rviz
[1.296s] -- Installing: /home/intern/recursive_ws/install/realsense2_description/share/realsense2_description/urdf
[1.297s] -- Installing: /home/intern/recursive_ws/install/realsense2_description/share/realsense2_description/urdf/_usb_plug.urdf.xacro
[1.297s] -- Installing: /home/intern/recursive_ws/install/realsense2_description/share/realsense2_description/urdf/_d455.urdf.xacro
[1.297s] -- Installing: /home/intern/recursive_ws/install/realsense2_description/share/realsense2_description/urdf/test_d415_camera.urdf.xacro
[1.297s] -- Installing: /home/intern/recursive_ws/install/realsense2_description/share/realsense2_description/urdf/test_r430_camera.urdf.xacro
[1.298s] -- Installing: /home/intern/recursive_ws/install/realsense2_description/share/realsense2_description/urdf/test_d435_multiple_cameras.urdf.xacro
[1.298s] -- Installing: /home/intern/recursive_ws/install/realsense2_description/share/realsense2_description/urdf/test_d435_camera.urdf.xacro
[1.298s] -- Installing: /home/intern/recursive_ws/install/realsense2_description/share/realsense2_description/urdf/_l515.urdf.xacro
[1.298s] -- Installing: /home/intern/recursive_ws/install/realsense2_description/share/realsense2_description/urdf/_r430.urdf.xacro
[1.299s] -- Installing: /home/intern/recursive_ws/install/realsense2_description/share/realsense2_description/urdf/test_l515_camera.urdf.xacro
[1.299s] -- Installing: /home/intern/recursive_ws/install/realsense2_description/share/realsense2_description/urdf/_d435.urdf.xacro
[1.299s] -- Installing: /home/intern/recursive_ws/install/realsense2_description/share/realsense2_description/urdf/_materials.urdf.xacro
[1.299s] -- Installing: /home/intern/recursive_ws/install/realsense2_description/share/realsense2_description/urdf/_d435i_imu_modules.urdf.xacro
[1.299s] -- Installing: /home/intern/recursive_ws/install/realsense2_description/share/realsense2_description/urdf/_d415.urdf.xacro
[1.300s] -- Installing: /home/intern/recursive_ws/install/realsense2_description/share/realsense2_description/urdf/test_d455_camera.urdf.xacro
[1.300s] -- Installing: /home/intern/recursive_ws/install/realsense2_description/share/realsense2_description/urdf/_d435i.urdf.xacro
[1.300s] -- Installing: /home/intern/recursive_ws/install/realsense2_description/share/realsense2_description/urdf/test_r410_camera.urdf.xacro
[1.300s] -- Installing: /home/intern/recursive_ws/install/realsense2_description/share/realsense2_description/urdf/_r410.urdf.xacro
[1.301s] -- Installing: /home/intern/recursive_ws/install/realsense2_description/share/realsense2_description/urdf/test_d435i_camera.urdf.xacro
[1.301s] -- Installing: /home/intern/recursive_ws/install/realsense2_description/share/ament_index/resource_index/package_run_dependencies/realsense2_description
[1.301s] -- Installing: /home/intern/recursive_ws/install/realsense2_description/share/ament_index/resource_index/parent_prefix_path/realsense2_description
[1.302s] -- Installing: /home/intern/recursive_ws/install/realsense2_description/share/realsense2_description/environment/ament_prefix_path.sh
[1.302s] -- Installing: /home/intern/recursive_ws/install/realsense2_description/share/realsense2_description/environment/ament_prefix_path.dsv
[1.302s] -- Installing: /home/intern/recursive_ws/install/realsense2_description/share/realsense2_description/environment/path.sh
[1.303s] -- Installing: /home/intern/recursive_ws/install/realsense2_description/share/realsense2_description/environment/path.dsv
[1.303s] -- Installing: /home/intern/recursive_ws/install/realsense2_description/share/realsense2_description/local_setup.bash
[1.303s] -- Installing: /home/intern/recursive_ws/install/realsense2_description/share/realsense2_description/local_setup.sh
[1.303s] -- Installing: /home/intern/recursive_ws/install/realsense2_description/share/realsense2_description/local_setup.zsh
[1.304s] -- Installing: /home/intern/recursive_ws/install/realsense2_description/share/realsense2_description/local_setup.dsv
[1.304s] -- Installing: /home/intern/recursive_ws/install/realsense2_description/share/realsense2_description/package.dsv
[1.304s] -- Installing: /home/intern/recursive_ws/install/realsense2_description/share/ament_index/resource_index/packages/realsense2_description
[1.305s] -- Installing: /home/intern/recursive_ws/install/realsense2_description/share/realsense2_description/cmake/realsense2_descriptionConfig.cmake
[1.305s] -- Installing: /home/intern/recursive_ws/install/realsense2_description/share/realsense2_description/cmake/realsense2_descriptionConfig-version.cmake
[1.305s] -- Installing: /home/intern/recursive_ws/install/realsense2_description/share/realsense2_description/package.xml
[1.316s] Invoked command in '/home/intern/recursive_ws/build/realsense2_description' returned '0': CMAKE_PREFIX_PATH=/home/intern/recursive_ws/install/realsense2_camera_msgs:/home/intern/recursive_ws/install/realsense2_description:/home/intern/recursive_ws/install/realsense2_camera:/home/intern/recursive_ws/install/apriltag_ros:/home/intern/recursive_ws/install/takeImage:/home/intern/recursive_ws/install/py_launch_aprilsys:/opt/ros/humble LD_LIBRARY_PATH=/home/intern/recursive_ws/install/realsense2_camera_msgs/lib:/home/intern/recursive_ws/install/realsense2_camera/lib:/home/intern/recursive_ws/install/apriltag_ros/lib:/opt/ros/humble/opt/rviz_ogre_vendor/lib:/opt/ros/humble/lib/x86_64-linux-gnu:/opt/ros/humble/lib /usr/local/bin/cmake --install /home/intern/recursive_ws/build/realsense2_description
