[1.127s] DEBUG:colcon:Command line arguments: ['/usr/bin/colcon', 'build']
[1.127s] DEBUG:colcon:Parsed command line arguments: Namespace(log_base=None, log_level=None, verb_name='build', build_base='build', install_base='install', merge_install=False, symlink_install=False, test_result_base=None, continue_on_error=False, executor='parallel', parallel_workers=4, event_handlers=None, ignore_user_meta=False, metas=['./colcon.meta'], base_paths=['.'], packages_ignore=None, packages_ignore_regex=None, paths=None, packages_up_to=None, packages_up_to_regex=None, packages_above=None, packages_above_and_dependencies=None, packages_above_depth=None, packages_select_by_dep=None, packages_skip_by_dep=None, packages_skip_up_to=None, packages_select_build_failed=False, packages_skip_build_finished=False, packages_select_test_failures=False, packages_skip_test_passed=False, packages_select=None, packages_skip=None, packages_select_regex=None, packages_skip_regex=None, packages_start=None, packages_end=None, allow_overriding=[], cmake_args=None, cmake_target=None, cmake_target_skip_unavailable=False, cmake_clean_cache=False, cmake_clean_first=False, cmake_force_configure=False, ament_cmake_args=None, catkin_cmake_args=None, catkin_skip_building_tests=False, verb_parser=<colcon_defaults.argument_parser.defaults.DefaultArgumentsDecorator object at 0x7f9aa533ab90>, verb_extension=<colcon_core.verb.build.BuildVerb object at 0x7f9aa5484670>, main=<bound method BuildVerb.main of <colcon_core.verb.build.BuildVerb object at 0x7f9aa5484670>>)
[1.257s] Level 1:colcon.colcon_core.package_discovery:discover_packages(colcon_meta) check parameters
[1.258s] Level 1:colcon.colcon_core.package_discovery:discover_packages(recursive) check parameters
[1.258s] Level 1:colcon.colcon_core.package_discovery:discover_packages(ignore) check parameters
[1.258s] Level 1:colcon.colcon_core.package_discovery:discover_packages(path) check parameters
[1.258s] Level 1:colcon.colcon_core.package_discovery:discover_packages(colcon_meta) discover
[1.258s] Level 1:colcon.colcon_core.package_discovery:discover_packages(recursive) discover
[1.259s] INFO:colcon.colcon_core.package_discovery:Crawling recursively for packages in '/home/intern/ros2Humble_ws'
[1.259s] Level 1:colcon.colcon_core.package_identification:_identify(.) by extensions ['ignore', 'ignore_ament_install']
[1.259s] Level 1:colcon.colcon_core.package_identification:_identify(.) by extension 'ignore'
[1.259s] Level 1:colcon.colcon_core.package_identification:_identify(.) by extension 'ignore_ament_install'
[1.259s] Level 1:colcon.colcon_core.package_identification:_identify(.) by extensions ['colcon_pkg']
[1.259s] Level 1:colcon.colcon_core.package_identification:_identify(.) by extension 'colcon_pkg'
[1.260s] Level 1:colcon.colcon_core.package_identification:_identify(.) by extensions ['colcon_meta']
[1.260s] Level 1:colcon.colcon_core.package_identification:_identify(.) by extension 'colcon_meta'
[1.260s] Level 1:colcon.colcon_core.package_identification:_identify(.) by extensions ['ros']
[1.260s] Level 1:colcon.colcon_core.package_identification:_identify(.) by extension 'ros'
[1.318s] Level 1:colcon.colcon_core.package_identification:_identify(.) by extensions ['cmake', 'python']
[1.318s] Level 1:colcon.colcon_core.package_identification:_identify(.) by extension 'cmake'
[1.318s] Level 1:colcon.colcon_core.package_identification:_identify(.) by extension 'python'
[1.318s] Level 1:colcon.colcon_core.package_identification:_identify(.) by extensions ['python_setup_py']
[1.319s] Level 1:colcon.colcon_core.package_identification:_identify(.) by extension 'python_setup_py'
[1.319s] Level 1:colcon.colcon_core.package_identification:_identify(build) by extensions ['ignore', 'ignore_ament_install']
[1.319s] Level 1:colcon.colcon_core.package_identification:_identify(build) by extension 'ignore'
[1.319s] Level 1:colcon.colcon_core.package_identification:_identify(build) ignored
[1.319s] Level 1:colcon.colcon_core.package_identification:_identify(install) by extensions ['ignore', 'ignore_ament_install']
[1.319s] Level 1:colcon.colcon_core.package_identification:_identify(install) by extension 'ignore'
[1.319s] Level 1:colcon.colcon_core.package_identification:_identify(install) ignored
[1.319s] Level 1:colcon.colcon_core.package_identification:_identify(log) by extensions ['ignore', 'ignore_ament_install']
[1.320s] Level 1:colcon.colcon_core.package_identification:_identify(log) by extension 'ignore'
[1.320s] Level 1:colcon.colcon_core.package_identification:_identify(log) ignored
[1.320s] Level 1:colcon.colcon_core.package_identification:_identify(src) by extensions ['ignore', 'ignore_ament_install']
[1.320s] Level 1:colcon.colcon_core.package_identification:_identify(src) by extension 'ignore'
[1.320s] Level 1:colcon.colcon_core.package_identification:_identify(src) by extension 'ignore_ament_install'
[1.320s] Level 1:colcon.colcon_core.package_identification:_identify(src) by extensions ['colcon_pkg']
[1.320s] Level 1:colcon.colcon_core.package_identification:_identify(src) by extension 'colcon_pkg'
[1.320s] Level 1:colcon.colcon_core.package_identification:_identify(src) by extensions ['colcon_meta']
[1.320s] Level 1:colcon.colcon_core.package_identification:_identify(src) by extension 'colcon_meta'
[1.320s] Level 1:colcon.colcon_core.package_identification:_identify(src) by extensions ['ros']
[1.320s] Level 1:colcon.colcon_core.package_identification:_identify(src) by extension 'ros'
[1.321s] Level 1:colcon.colcon_core.package_identification:_identify(src) by extensions ['cmake', 'python']
[1.321s] Level 1:colcon.colcon_core.package_identification:_identify(src) by extension 'cmake'
[1.321s] Level 1:colcon.colcon_core.package_identification:_identify(src) by extension 'python'
[1.322s] Level 1:colcon.colcon_core.package_identification:_identify(src) by extensions ['python_setup_py']
[1.322s] Level 1:colcon.colcon_core.package_identification:_identify(src) by extension 'python_setup_py'
[1.322s] Level 1:colcon.colcon_core.package_identification:_identify(src/apriltag_ros) by extensions ['ignore', 'ignore_ament_install']
[1.322s] Level 1:colcon.colcon_core.package_identification:_identify(src/apriltag_ros) by extension 'ignore'
[1.322s] Level 1:colcon.colcon_core.package_identification:_identify(src/apriltag_ros) by extension 'ignore_ament_install'
[1.323s] Level 1:colcon.colcon_core.package_identification:_identify(src/apriltag_ros) by extensions ['colcon_pkg']
[1.323s] Level 1:colcon.colcon_core.package_identification:_identify(src/apriltag_ros) by extension 'colcon_pkg'
[1.323s] Level 1:colcon.colcon_core.package_identification:_identify(src/apriltag_ros) by extensions ['colcon_meta']
[1.323s] Level 1:colcon.colcon_core.package_identification:_identify(src/apriltag_ros) by extension 'colcon_meta'
[1.323s] Level 1:colcon.colcon_core.package_identification:_identify(src/apriltag_ros) by extensions ['ros']
[1.323s] Level 1:colcon.colcon_core.package_identification:_identify(src/apriltag_ros) by extension 'ros'
[1.331s] DEBUG:colcon.colcon_core.package_identification:Package 'src/apriltag_ros' with type 'ros.ament_cmake' and name 'apriltag_ros'
[1.331s] Level 1:colcon.colcon_core.package_identification:_identify(src/realsense-ros) by extensions ['ignore', 'ignore_ament_install']
[1.332s] Level 1:colcon.colcon_core.package_identification:_identify(src/realsense-ros) by extension 'ignore'
[1.333s] Level 1:colcon.colcon_core.package_identification:_identify(src/realsense-ros) by extension 'ignore_ament_install'
[1.333s] Level 1:colcon.colcon_core.package_identification:_identify(src/realsense-ros) by extensions ['colcon_pkg']
[1.333s] Level 1:colcon.colcon_core.package_identification:_identify(src/realsense-ros) by extension 'colcon_pkg'
[1.333s] Level 1:colcon.colcon_core.package_identification:_identify(src/realsense-ros) by extensions ['colcon_meta']
[1.333s] Level 1:colcon.colcon_core.package_identification:_identify(src/realsense-ros) by extension 'colcon_meta'
[1.333s] Level 1:colcon.colcon_core.package_identification:_identify(src/realsense-ros) by extensions ['ros']
[1.333s] Level 1:colcon.colcon_core.package_identification:_identify(src/realsense-ros) by extension 'ros'
[1.334s] Level 1:colcon.colcon_core.package_identification:_identify(src/realsense-ros) by extensions ['cmake', 'python']
[1.334s] Level 1:colcon.colcon_core.package_identification:_identify(src/realsense-ros) by extension 'cmake'
[1.334s] Level 1:colcon.colcon_core.package_identification:_identify(src/realsense-ros) by extension 'python'
[1.334s] Level 1:colcon.colcon_core.package_identification:_identify(src/realsense-ros) by extensions ['python_setup_py']
[1.334s] Level 1:colcon.colcon_core.package_identification:_identify(src/realsense-ros) by extension 'python_setup_py'
[1.335s] Level 1:colcon.colcon_core.package_identification:_identify(src/realsense-ros/realsense2_camera) by extensions ['ignore', 'ignore_ament_install']
[1.336s] Level 1:colcon.colcon_core.package_identification:_identify(src/realsense-ros/realsense2_camera) by extension 'ignore'
[1.336s] Level 1:colcon.colcon_core.package_identification:_identify(src/realsense-ros/realsense2_camera) by extension 'ignore_ament_install'
[1.336s] Level 1:colcon.colcon_core.package_identification:_identify(src/realsense-ros/realsense2_camera) by extensions ['colcon_pkg']
[1.336s] Level 1:colcon.colcon_core.package_identification:_identify(src/realsense-ros/realsense2_camera) by extension 'colcon_pkg'
[1.336s] Level 1:colcon.colcon_core.package_identification:_identify(src/realsense-ros/realsense2_camera) by extensions ['colcon_meta']
[1.337s] Level 1:colcon.colcon_core.package_identification:_identify(src/realsense-ros/realsense2_camera) by extension 'colcon_meta'
[1.337s] Level 1:colcon.colcon_core.package_identification:_identify(src/realsense-ros/realsense2_camera) by extensions ['ros']
[1.337s] Level 1:colcon.colcon_core.package_identification:_identify(src/realsense-ros/realsense2_camera) by extension 'ros'
[1.342s] DEBUG:colcon.colcon_core.package_identification:Package 'src/realsense-ros/realsense2_camera' with type 'ros.ament_cmake' and name 'realsense2_camera'
[1.343s] Level 1:colcon.colcon_core.package_identification:_identify(src/realsense-ros/realsense2_camera_msgs) by extensions ['ignore', 'ignore_ament_install']
[1.346s] Level 1:colcon.colcon_core.package_identification:_identify(src/realsense-ros/realsense2_camera_msgs) by extension 'ignore'
[1.346s] Level 1:colcon.colcon_core.package_identification:_identify(src/realsense-ros/realsense2_camera_msgs) by extension 'ignore_ament_install'
[1.347s] Level 1:colcon.colcon_core.package_identification:_identify(src/realsense-ros/realsense2_camera_msgs) by extensions ['colcon_pkg']
[1.347s] Level 1:colcon.colcon_core.package_identification:_identify(src/realsense-ros/realsense2_camera_msgs) by extension 'colcon_pkg'
[1.348s] Level 1:colcon.colcon_core.package_identification:_identify(src/realsense-ros/realsense2_camera_msgs) by extensions ['colcon_meta']
[1.349s] Level 1:colcon.colcon_core.package_identification:_identify(src/realsense-ros/realsense2_camera_msgs) by extension 'colcon_meta'
[1.349s] Level 1:colcon.colcon_core.package_identification:_identify(src/realsense-ros/realsense2_camera_msgs) by extensions ['ros']
[1.351s] Level 1:colcon.colcon_core.package_identification:_identify(src/realsense-ros/realsense2_camera_msgs) by extension 'ros'
[1.355s] DEBUG:colcon.colcon_core.package_identification:Package 'src/realsense-ros/realsense2_camera_msgs' with type 'ros.ament_cmake' and name 'realsense2_camera_msgs'
[1.355s] Level 1:colcon.colcon_core.package_identification:_identify(src/realsense-ros/realsense2_description) by extensions ['ignore', 'ignore_ament_install']
[1.355s] Level 1:colcon.colcon_core.package_identification:_identify(src/realsense-ros/realsense2_description) by extension 'ignore'
[1.355s] Level 1:colcon.colcon_core.package_identification:_identify(src/realsense-ros/realsense2_description) by extension 'ignore_ament_install'
[1.355s] Level 1:colcon.colcon_core.package_identification:_identify(src/realsense-ros/realsense2_description) by extensions ['colcon_pkg']
[1.355s] Level 1:colcon.colcon_core.package_identification:_identify(src/realsense-ros/realsense2_description) by extension 'colcon_pkg'
[1.355s] Level 1:colcon.colcon_core.package_identification:_identify(src/realsense-ros/realsense2_description) by extensions ['colcon_meta']
[1.355s] Level 1:colcon.colcon_core.package_identification:_identify(src/realsense-ros/realsense2_description) by extension 'colcon_meta'
[1.355s] Level 1:colcon.colcon_core.package_identification:_identify(src/realsense-ros/realsense2_description) by extensions ['ros']
[1.355s] Level 1:colcon.colcon_core.package_identification:_identify(src/realsense-ros/realsense2_description) by extension 'ros'
[1.358s] DEBUG:colcon.colcon_core.package_identification:Package 'src/realsense-ros/realsense2_description' with type 'ros.ament_cmake' and name 'realsense2_description'
[1.358s] Level 1:colcon.colcon_core.package_identification:_identify(src/realsense-ros/scripts) by extensions ['ignore', 'ignore_ament_install']
[1.358s] Level 1:colcon.colcon_core.package_identification:_identify(src/realsense-ros/scripts) by extension 'ignore'
[1.359s] Level 1:colcon.colcon_core.package_identification:_identify(src/realsense-ros/scripts) by extension 'ignore_ament_install'
[1.359s] Level 1:colcon.colcon_core.package_identification:_identify(src/realsense-ros/scripts) by extensions ['colcon_pkg']
[1.359s] Level 1:colcon.colcon_core.package_identification:_identify(src/realsense-ros/scripts) by extension 'colcon_pkg'
[1.359s] Level 1:colcon.colcon_core.package_identification:_identify(src/realsense-ros/scripts) by extensions ['colcon_meta']
[1.359s] Level 1:colcon.colcon_core.package_identification:_identify(src/realsense-ros/scripts) by extension 'colcon_meta'
[1.359s] Level 1:colcon.colcon_core.package_identification:_identify(src/realsense-ros/scripts) by extensions ['ros']
[1.359s] Level 1:colcon.colcon_core.package_identification:_identify(src/realsense-ros/scripts) by extension 'ros'
[1.360s] Level 1:colcon.colcon_core.package_identification:_identify(src/realsense-ros/scripts) by extensions ['cmake', 'python']
[1.360s] Level 1:colcon.colcon_core.package_identification:_identify(src/realsense-ros/scripts) by extension 'cmake'
[1.360s] Level 1:colcon.colcon_core.package_identification:_identify(src/realsense-ros/scripts) by extension 'python'
[1.360s] Level 1:colcon.colcon_core.package_identification:_identify(src/realsense-ros/scripts) by extensions ['python_setup_py']
[1.360s] Level 1:colcon.colcon_core.package_identification:_identify(src/realsense-ros/scripts) by extension 'python_setup_py'
[1.360s] Level 1:colcon.colcon_core.package_discovery:discover_packages(recursive) using defaults
[1.360s] Level 1:colcon.colcon_core.package_discovery:discover_packages(ignore) discover
[1.361s] Level 1:colcon.colcon_core.package_discovery:discover_packages(ignore) using defaults
[1.361s] Level 1:colcon.colcon_core.package_discovery:discover_packages(path) discover
[1.361s] Level 1:colcon.colcon_core.package_discovery:discover_packages(path) using defaults
[1.459s] Level 1:colcon.colcon_core.package_discovery:discover_packages(prefix_path) check parameters
[1.460s] Level 1:colcon.colcon_core.package_discovery:discover_packages(prefix_path) discover
[1.469s] DEBUG:colcon.colcon_installed_package_information.package_discovery:Found 275 installed packages in /opt/ros/humble
[1.472s] Level 1:colcon.colcon_core.package_discovery:discover_packages(prefix_path) using defaults
[1.667s] Level 5:colcon.colcon_core.verb:set package 'apriltag_ros' build argument 'cmake_args' from command line to 'None'
[1.668s] Level 5:colcon.colcon_core.verb:set package 'apriltag_ros' build argument 'cmake_target' from command line to 'None'
[1.668s] Level 5:colcon.colcon_core.verb:set package 'apriltag_ros' build argument 'cmake_target_skip_unavailable' from command line to 'False'
[1.668s] Level 5:colcon.colcon_core.verb:set package 'apriltag_ros' build argument 'cmake_clean_cache' from command line to 'False'
[1.668s] Level 5:colcon.colcon_core.verb:set package 'apriltag_ros' build argument 'cmake_clean_first' from command line to 'False'
[1.668s] Level 5:colcon.colcon_core.verb:set package 'apriltag_ros' build argument 'cmake_force_configure' from command line to 'False'
[1.668s] Level 5:colcon.colcon_core.verb:set package 'apriltag_ros' build argument 'ament_cmake_args' from command line to 'None'
[1.668s] Level 5:colcon.colcon_core.verb:set package 'apriltag_ros' build argument 'catkin_cmake_args' from command line to 'None'
[1.668s] Level 5:colcon.colcon_core.verb:set package 'apriltag_ros' build argument 'catkin_skip_building_tests' from command line to 'False'
[1.668s] DEBUG:colcon.colcon_core.verb:Building package 'apriltag_ros' with the following arguments: {'ament_cmake_args': None, 'build_base': '/home/intern/ros2Humble_ws/build/apriltag_ros', 'catkin_cmake_args': None, 'catkin_skip_building_tests': False, 'cmake_args': None, 'cmake_clean_cache': False, 'cmake_clean_first': False, 'cmake_force_configure': False, 'cmake_target': None, 'cmake_target_skip_unavailable': False, 'install_base': '/home/intern/ros2Humble_ws/install/apriltag_ros', 'merge_install': False, 'path': '/home/intern/ros2Humble_ws/src/apriltag_ros', 'symlink_install': False, 'test_result_base': None}
[1.671s] Level 5:colcon.colcon_core.verb:set package 'realsense2_camera_msgs' build argument 'cmake_args' from command line to 'None'
[1.671s] Level 5:colcon.colcon_core.verb:set package 'realsense2_camera_msgs' build argument 'cmake_target' from command line to 'None'
[1.672s] Level 5:colcon.colcon_core.verb:set package 'realsense2_camera_msgs' build argument 'cmake_target_skip_unavailable' from command line to 'False'
[1.672s] Level 5:colcon.colcon_core.verb:set package 'realsense2_camera_msgs' build argument 'cmake_clean_cache' from command line to 'False'
[1.672s] Level 5:colcon.colcon_core.verb:set package 'realsense2_camera_msgs' build argument 'cmake_clean_first' from command line to 'False'
[1.672s] Level 5:colcon.colcon_core.verb:set package 'realsense2_camera_msgs' build argument 'cmake_force_configure' from command line to 'False'
[1.672s] Level 5:colcon.colcon_core.verb:set package 'realsense2_camera_msgs' build argument 'ament_cmake_args' from command line to 'None'
[1.672s] Level 5:colcon.colcon_core.verb:set package 'realsense2_camera_msgs' build argument 'catkin_cmake_args' from command line to 'None'
[1.673s] Level 5:colcon.colcon_core.verb:set package 'realsense2_camera_msgs' build argument 'catkin_skip_building_tests' from command line to 'False'
[1.673s] DEBUG:colcon.colcon_core.verb:Building package 'realsense2_camera_msgs' with the following arguments: {'ament_cmake_args': None, 'build_base': '/home/intern/ros2Humble_ws/build/realsense2_camera_msgs', 'catkin_cmake_args': None, 'catkin_skip_building_tests': False, 'cmake_args': None, 'cmake_clean_cache': False, 'cmake_clean_first': False, 'cmake_force_configure': False, 'cmake_target': None, 'cmake_target_skip_unavailable': False, 'install_base': '/home/intern/ros2Humble_ws/install/realsense2_camera_msgs', 'merge_install': False, 'path': '/home/intern/ros2Humble_ws/src/realsense-ros/realsense2_camera_msgs', 'symlink_install': False, 'test_result_base': None}
[1.678s] Level 5:colcon.colcon_core.verb:set package 'realsense2_camera' build argument 'cmake_args' from command line to 'None'
[1.680s] Level 5:colcon.colcon_core.verb:set package 'realsense2_camera' build argument 'cmake_target' from command line to 'None'
[1.681s] Level 5:colcon.colcon_core.verb:set package 'realsense2_camera' build argument 'cmake_target_skip_unavailable' from command line to 'False'
[1.681s] Level 5:colcon.colcon_core.verb:set package 'realsense2_camera' build argument 'cmake_clean_cache' from command line to 'False'
[1.681s] Level 5:colcon.colcon_core.verb:set package 'realsense2_camera' build argument 'cmake_clean_first' from command line to 'False'
[1.681s] Level 5:colcon.colcon_core.verb:set package 'realsense2_camera' build argument 'cmake_force_configure' from command line to 'False'
[1.682s] Level 5:colcon.colcon_core.verb:set package 'realsense2_camera' build argument 'ament_cmake_args' from command line to 'None'
[1.682s] Level 5:colcon.colcon_core.verb:set package 'realsense2_camera' build argument 'catkin_cmake_args' from command line to 'None'
[1.682s] Level 5:colcon.colcon_core.verb:set package 'realsense2_camera' build argument 'catkin_skip_building_tests' from command line to 'False'
[1.682s] DEBUG:colcon.colcon_core.verb:Building package 'realsense2_camera' with the following arguments: {'ament_cmake_args': None, 'build_base': '/home/intern/ros2Humble_ws/build/realsense2_camera', 'catkin_cmake_args': None, 'catkin_skip_building_tests': False, 'cmake_args': None, 'cmake_clean_cache': False, 'cmake_clean_first': False, 'cmake_force_configure': False, 'cmake_target': None, 'cmake_target_skip_unavailable': False, 'install_base': '/home/intern/ros2Humble_ws/install/realsense2_camera', 'merge_install': False, 'path': '/home/intern/ros2Humble_ws/src/realsense-ros/realsense2_camera', 'symlink_install': False, 'test_result_base': None}
[1.686s] Level 5:colcon.colcon_core.verb:set package 'realsense2_description' build argument 'cmake_args' from command line to 'None'
[1.687s] Level 5:colcon.colcon_core.verb:set package 'realsense2_description' build argument 'cmake_target' from command line to 'None'
[1.687s] Level 5:colcon.colcon_core.verb:set package 'realsense2_description' build argument 'cmake_target_skip_unavailable' from command line to 'False'
[1.687s] Level 5:colcon.colcon_core.verb:set package 'realsense2_description' build argument 'cmake_clean_cache' from command line to 'False'
[1.687s] Level 5:colcon.colcon_core.verb:set package 'realsense2_description' build argument 'cmake_clean_first' from command line to 'False'
[1.687s] Level 5:colcon.colcon_core.verb:set package 'realsense2_description' build argument 'cmake_force_configure' from command line to 'False'
[1.687s] Level 5:colcon.colcon_core.verb:set package 'realsense2_description' build argument 'ament_cmake_args' from command line to 'None'
[1.687s] Level 5:colcon.colcon_core.verb:set package 'realsense2_description' build argument 'catkin_cmake_args' from command line to 'None'
[1.687s] Level 5:colcon.colcon_core.verb:set package 'realsense2_description' build argument 'catkin_skip_building_tests' from command line to 'False'
[1.687s] DEBUG:colcon.colcon_core.verb:Building package 'realsense2_description' with the following arguments: {'ament_cmake_args': None, 'build_base': '/home/intern/ros2Humble_ws/build/realsense2_description', 'catkin_cmake_args': None, 'catkin_skip_building_tests': False, 'cmake_args': None, 'cmake_clean_cache': False, 'cmake_clean_first': False, 'cmake_force_configure': False, 'cmake_target': None, 'cmake_target_skip_unavailable': False, 'install_base': '/home/intern/ros2Humble_ws/install/realsense2_description', 'merge_install': False, 'path': '/home/intern/ros2Humble_ws/src/realsense-ros/realsense2_description', 'symlink_install': False, 'test_result_base': None}
[1.689s] INFO:colcon.colcon_core.executor:Executing jobs using 'parallel' executor
[1.695s] DEBUG:colcon.colcon_parallel_executor.executor.parallel:run_until_complete
[1.696s] INFO:colcon.colcon_ros.task.ament_cmake.build:Building ROS package in '/home/intern/ros2Humble_ws/src/realsense-ros/realsense2_camera_msgs' with build type 'ament_cmake'
[1.696s] INFO:colcon.colcon_cmake.task.cmake.build:Building CMake package in '/home/intern/ros2Humble_ws/src/realsense-ros/realsense2_camera_msgs'
[1.723s] INFO:colcon.colcon_core.plugin_system:Skipping extension 'colcon_core.shell.bat': Not used on non-Windows systems
[1.724s] INFO:colcon.colcon_core.shell:Skip shell extension 'powershell' for command environment: Not usable outside of PowerShell
[1.725s] DEBUG:colcon.colcon_core.shell:Skip shell extension 'dsv' for command environment
[1.736s] INFO:colcon.colcon_ros.task.ament_cmake.build:Building ROS package in '/home/intern/ros2Humble_ws/src/apriltag_ros' with build type 'ament_cmake'
[1.737s] INFO:colcon.colcon_cmake.task.cmake.build:Building CMake package in '/home/intern/ros2Humble_ws/src/apriltag_ros'
[1.750s] INFO:colcon.colcon_core.shell:Skip shell extension 'powershell' for command environment: Not usable outside of PowerShell
[1.750s] DEBUG:colcon.colcon_core.shell:Skip shell extension 'dsv' for command environment
[1.787s] DEBUG:colcon.colcon_core.event_handler.log_command:Invoking command in '/home/intern/ros2Humble_ws/build/realsense2_camera_msgs': CMAKE_PREFIX_PATH=/opt/ros/humble /home/intern/.local/bin/cmake --build /home/intern/ros2Humble_ws/build/realsense2_camera_msgs -- -j4 -l4
[1.805s] DEBUG:colcon.colcon_core.event_handler.log_command:Invoking command in '/home/intern/ros2Humble_ws/build/apriltag_ros': CMAKE_PREFIX_PATH=/opt/ros/humble /home/intern/.local/bin/cmake --build /home/intern/ros2Humble_ws/build/apriltag_ros -- -j4 -l4
[2.405s] DEBUG:colcon.colcon_core.event_handler.log_command:Invoked command in '/home/intern/ros2Humble_ws/build/apriltag_ros' returned '0': CMAKE_PREFIX_PATH=/opt/ros/humble /home/intern/.local/bin/cmake --build /home/intern/ros2Humble_ws/build/apriltag_ros -- -j4 -l4
[2.890s] DEBUG:colcon.colcon_core.event_handler.log_command:Invoking command in '/home/intern/ros2Humble_ws/build/apriltag_ros': CMAKE_PREFIX_PATH=/opt/ros/humble /home/intern/.local/bin/cmake --install /home/intern/ros2Humble_ws/build/apriltag_ros
[3.065s] Level 1:colcon.colcon_core.environment:create_environment_scripts_only(apriltag_ros)
[3.068s] DEBUG:colcon.colcon_core.event_handler.log_command:Invoked command in '/home/intern/ros2Humble_ws/build/apriltag_ros' returned '0': CMAKE_PREFIX_PATH=/opt/ros/humble /home/intern/.local/bin/cmake --install /home/intern/ros2Humble_ws/build/apriltag_ros
[3.101s] Level 1:colcon.colcon_core.environment:checking '/home/intern/ros2Humble_ws/install/apriltag_ros' for CMake module files
[3.104s] Level 1:colcon.colcon_core.environment:checking '/home/intern/ros2Humble_ws/install/apriltag_ros' for CMake config files
[3.107s] Level 1:colcon.colcon_core.shell:create_environment_hook('apriltag_ros', 'cmake_prefix_path')
[3.119s] INFO:colcon.colcon_core.shell:Creating environment hook '/home/intern/ros2Humble_ws/install/apriltag_ros/share/apriltag_ros/hook/cmake_prefix_path.ps1'
[3.124s] INFO:colcon.colcon_core.shell:Creating environment descriptor '/home/intern/ros2Humble_ws/install/apriltag_ros/share/apriltag_ros/hook/cmake_prefix_path.dsv'
[3.130s] INFO:colcon.colcon_core.shell:Creating environment hook '/home/intern/ros2Humble_ws/install/apriltag_ros/share/apriltag_ros/hook/cmake_prefix_path.sh'
[3.132s] Level 1:colcon.colcon_core.environment:checking '/home/intern/ros2Humble_ws/install/apriltag_ros/lib'
[3.133s] Level 1:colcon.colcon_core.shell:create_environment_hook('apriltag_ros', 'ld_library_path_lib')
[3.137s] INFO:colcon.colcon_core.shell:Creating environment hook '/home/intern/ros2Humble_ws/install/apriltag_ros/share/apriltag_ros/hook/ld_library_path_lib.ps1'
[3.138s] INFO:colcon.colcon_core.shell:Creating environment descriptor '/home/intern/ros2Humble_ws/install/apriltag_ros/share/apriltag_ros/hook/ld_library_path_lib.dsv'
[3.139s] INFO:colcon.colcon_core.shell:Creating environment hook '/home/intern/ros2Humble_ws/install/apriltag_ros/share/apriltag_ros/hook/ld_library_path_lib.sh'
[3.140s] Level 1:colcon.colcon_core.environment:checking '/home/intern/ros2Humble_ws/install/apriltag_ros/bin'
[3.141s] Level 1:colcon.colcon_core.environment:checking '/home/intern/ros2Humble_ws/install/apriltag_ros/lib/pkgconfig/apriltag_ros.pc'
[3.147s] Level 1:colcon.colcon_core.environment:checking '/home/intern/ros2Humble_ws/install/apriltag_ros/lib/python3.10/site-packages'
[3.149s] Level 1:colcon.colcon_core.environment:checking '/home/intern/ros2Humble_ws/install/apriltag_ros/bin'
[3.159s] INFO:colcon.colcon_core.shell:Creating package script '/home/intern/ros2Humble_ws/install/apriltag_ros/share/apriltag_ros/package.ps1'
[3.165s] INFO:colcon.colcon_core.shell:Creating package descriptor '/home/intern/ros2Humble_ws/install/apriltag_ros/share/apriltag_ros/package.dsv'
[3.167s] INFO:colcon.colcon_core.shell:Creating package script '/home/intern/ros2Humble_ws/install/apriltag_ros/share/apriltag_ros/package.sh'
[3.169s] INFO:colcon.colcon_core.shell:Creating package script '/home/intern/ros2Humble_ws/install/apriltag_ros/share/apriltag_ros/package.bash'
[3.174s] INFO:colcon.colcon_core.shell:Creating package script '/home/intern/ros2Humble_ws/install/apriltag_ros/share/apriltag_ros/package.zsh'
[3.187s] Level 1:colcon.colcon_core.environment:create_file_with_runtime_dependencies(/home/intern/ros2Humble_ws/install/apriltag_ros/share/colcon-core/packages/apriltag_ros)
[3.439s] Level 1:colcon.colcon_core.environment:create_environment_scripts_only(apriltag_ros)
[3.465s] Level 1:colcon.colcon_core.environment:checking '/home/intern/ros2Humble_ws/install/apriltag_ros' for CMake module files
[3.467s] Level 1:colcon.colcon_core.environment:checking '/home/intern/ros2Humble_ws/install/apriltag_ros' for CMake config files
[3.468s] Level 1:colcon.colcon_core.shell:create_environment_hook('apriltag_ros', 'cmake_prefix_path')
[3.473s] INFO:colcon.colcon_core.shell:Creating environment hook '/home/intern/ros2Humble_ws/install/apriltag_ros/share/apriltag_ros/hook/cmake_prefix_path.ps1'
[3.474s] INFO:colcon.colcon_core.shell:Creating environment descriptor '/home/intern/ros2Humble_ws/install/apriltag_ros/share/apriltag_ros/hook/cmake_prefix_path.dsv'
[3.479s] INFO:colcon.colcon_core.shell:Creating environment hook '/home/intern/ros2Humble_ws/install/apriltag_ros/share/apriltag_ros/hook/cmake_prefix_path.sh'
[3.484s] Level 1:colcon.colcon_core.environment:checking '/home/intern/ros2Humble_ws/install/apriltag_ros/lib'
[3.484s] Level 1:colcon.colcon_core.shell:create_environment_hook('apriltag_ros', 'ld_library_path_lib')
[3.496s] INFO:colcon.colcon_core.shell:Creating environment hook '/home/intern/ros2Humble_ws/install/apriltag_ros/share/apriltag_ros/hook/ld_library_path_lib.ps1'
[3.497s] INFO:colcon.colcon_core.shell:Creating environment descriptor '/home/intern/ros2Humble_ws/install/apriltag_ros/share/apriltag_ros/hook/ld_library_path_lib.dsv'
[3.498s] INFO:colcon.colcon_core.shell:Creating environment hook '/home/intern/ros2Humble_ws/install/apriltag_ros/share/apriltag_ros/hook/ld_library_path_lib.sh'
[3.498s] Level 1:colcon.colcon_core.environment:checking '/home/intern/ros2Humble_ws/install/apriltag_ros/bin'
[3.499s] Level 1:colcon.colcon_core.environment:checking '/home/intern/ros2Humble_ws/install/apriltag_ros/lib/pkgconfig/apriltag_ros.pc'
[3.499s] Level 1:colcon.colcon_core.environment:checking '/home/intern/ros2Humble_ws/install/apriltag_ros/lib/python3.10/site-packages'
[3.499s] Level 1:colcon.colcon_core.environment:checking '/home/intern/ros2Humble_ws/install/apriltag_ros/bin'
[3.503s] INFO:colcon.colcon_core.shell:Creating package script '/home/intern/ros2Humble_ws/install/apriltag_ros/share/apriltag_ros/package.ps1'
[3.509s] INFO:colcon.colcon_core.shell:Creating package descriptor '/home/intern/ros2Humble_ws/install/apriltag_ros/share/apriltag_ros/package.dsv'
[3.520s] INFO:colcon.colcon_core.shell:Creating package script '/home/intern/ros2Humble_ws/install/apriltag_ros/share/apriltag_ros/package.sh'
[3.523s] INFO:colcon.colcon_core.shell:Creating package script '/home/intern/ros2Humble_ws/install/apriltag_ros/share/apriltag_ros/package.bash'
[3.524s] INFO:colcon.colcon_core.shell:Creating package script '/home/intern/ros2Humble_ws/install/apriltag_ros/share/apriltag_ros/package.zsh'
[3.525s] Level 1:colcon.colcon_core.environment:create_file_with_runtime_dependencies(/home/intern/ros2Humble_ws/install/apriltag_ros/share/colcon-core/packages/apriltag_ros)
[4.169s] DEBUG:colcon.colcon_core.event_handler.log_command:Invoked command in '/home/intern/ros2Humble_ws/build/realsense2_camera_msgs' returned '0': CMAKE_PREFIX_PATH=/opt/ros/humble /home/intern/.local/bin/cmake --build /home/intern/ros2Humble_ws/build/realsense2_camera_msgs -- -j4 -l4
[4.757s] DEBUG:colcon.colcon_core.event_handler.log_command:Invoking command in '/home/intern/ros2Humble_ws/build/realsense2_camera_msgs': CMAKE_PREFIX_PATH=/opt/ros/humble /home/intern/.local/bin/cmake --install /home/intern/ros2Humble_ws/build/realsense2_camera_msgs
[5.252s] Level 1:colcon.colcon_core.environment:create_environment_scripts_only(realsense2_camera_msgs)
[5.265s] Level 1:colcon.colcon_core.environment:checking '/home/intern/ros2Humble_ws/install/realsense2_camera_msgs' for CMake module files
[5.273s] Level 1:colcon.colcon_core.environment:checking '/home/intern/ros2Humble_ws/install/realsense2_camera_msgs' for CMake config files
[5.275s] DEBUG:colcon.colcon_core.event_handler.log_command:Invoked command in '/home/intern/ros2Humble_ws/build/realsense2_camera_msgs' returned '0': CMAKE_PREFIX_PATH=/opt/ros/humble /home/intern/.local/bin/cmake --install /home/intern/ros2Humble_ws/build/realsense2_camera_msgs
[5.277s] Level 1:colcon.colcon_core.shell:create_environment_hook('realsense2_camera_msgs', 'cmake_prefix_path')
[5.286s] INFO:colcon.colcon_core.shell:Creating environment hook '/home/intern/ros2Humble_ws/install/realsense2_camera_msgs/share/realsense2_camera_msgs/hook/cmake_prefix_path.ps1'
[5.291s] INFO:colcon.colcon_core.shell:Creating environment descriptor '/home/intern/ros2Humble_ws/install/realsense2_camera_msgs/share/realsense2_camera_msgs/hook/cmake_prefix_path.dsv'
[5.292s] INFO:colcon.colcon_core.shell:Creating environment hook '/home/intern/ros2Humble_ws/install/realsense2_camera_msgs/share/realsense2_camera_msgs/hook/cmake_prefix_path.sh'
[5.294s] Level 1:colcon.colcon_core.environment:checking '/home/intern/ros2Humble_ws/install/realsense2_camera_msgs/lib'
[5.294s] Level 1:colcon.colcon_core.shell:create_environment_hook('realsense2_camera_msgs', 'ld_library_path_lib')
[5.300s] INFO:colcon.colcon_core.shell:Creating environment hook '/home/intern/ros2Humble_ws/install/realsense2_camera_msgs/share/realsense2_camera_msgs/hook/ld_library_path_lib.ps1'
[5.303s] INFO:colcon.colcon_core.shell:Creating environment descriptor '/home/intern/ros2Humble_ws/install/realsense2_camera_msgs/share/realsense2_camera_msgs/hook/ld_library_path_lib.dsv'
[5.305s] INFO:colcon.colcon_core.shell:Creating environment hook '/home/intern/ros2Humble_ws/install/realsense2_camera_msgs/share/realsense2_camera_msgs/hook/ld_library_path_lib.sh'
[5.307s] Level 1:colcon.colcon_core.environment:checking '/home/intern/ros2Humble_ws/install/realsense2_camera_msgs/bin'
[5.308s] Level 1:colcon.colcon_core.environment:checking '/home/intern/ros2Humble_ws/install/realsense2_camera_msgs/lib/pkgconfig/realsense2_camera_msgs.pc'
[5.308s] Level 1:colcon.colcon_core.environment:checking '/home/intern/ros2Humble_ws/install/realsense2_camera_msgs/lib/python3.10/site-packages'
[5.314s] Level 1:colcon.colcon_core.environment:checking '/home/intern/ros2Humble_ws/install/realsense2_camera_msgs/bin'
[5.320s] INFO:colcon.colcon_core.shell:Creating package script '/home/intern/ros2Humble_ws/install/realsense2_camera_msgs/share/realsense2_camera_msgs/package.ps1'
[5.321s] INFO:colcon.colcon_core.shell:Creating package descriptor '/home/intern/ros2Humble_ws/install/realsense2_camera_msgs/share/realsense2_camera_msgs/package.dsv'
[5.330s] INFO:colcon.colcon_core.shell:Creating package script '/home/intern/ros2Humble_ws/install/realsense2_camera_msgs/share/realsense2_camera_msgs/package.sh'
[5.337s] INFO:colcon.colcon_core.shell:Creating package script '/home/intern/ros2Humble_ws/install/realsense2_camera_msgs/share/realsense2_camera_msgs/package.bash'
[5.340s] INFO:colcon.colcon_core.shell:Creating package script '/home/intern/ros2Humble_ws/install/realsense2_camera_msgs/share/realsense2_camera_msgs/package.zsh'
[5.349s] Level 1:colcon.colcon_core.environment:create_file_with_runtime_dependencies(/home/intern/ros2Humble_ws/install/realsense2_camera_msgs/share/colcon-core/packages/realsense2_camera_msgs)
[6.060s] Level 1:colcon.colcon_core.environment:create_environment_scripts_only(realsense2_camera_msgs)
[6.085s] Level 1:colcon.colcon_core.environment:checking '/home/intern/ros2Humble_ws/install/realsense2_camera_msgs' for CMake module files
[6.096s] Level 1:colcon.colcon_core.environment:checking '/home/intern/ros2Humble_ws/install/realsense2_camera_msgs' for CMake config files
[6.098s] Level 1:colcon.colcon_core.shell:create_environment_hook('realsense2_camera_msgs', 'cmake_prefix_path')
[6.118s] INFO:colcon.colcon_core.shell:Creating environment hook '/home/intern/ros2Humble_ws/install/realsense2_camera_msgs/share/realsense2_camera_msgs/hook/cmake_prefix_path.ps1'
[6.128s] INFO:colcon.colcon_core.shell:Creating environment descriptor '/home/intern/ros2Humble_ws/install/realsense2_camera_msgs/share/realsense2_camera_msgs/hook/cmake_prefix_path.dsv'
[6.130s] INFO:colcon.colcon_core.shell:Creating environment hook '/home/intern/ros2Humble_ws/install/realsense2_camera_msgs/share/realsense2_camera_msgs/hook/cmake_prefix_path.sh'
[6.135s] Level 1:colcon.colcon_core.environment:checking '/home/intern/ros2Humble_ws/install/realsense2_camera_msgs/lib'
[6.136s] Level 1:colcon.colcon_core.shell:create_environment_hook('realsense2_camera_msgs', 'ld_library_path_lib')
[6.142s] INFO:colcon.colcon_core.shell:Creating environment hook '/home/intern/ros2Humble_ws/install/realsense2_camera_msgs/share/realsense2_camera_msgs/hook/ld_library_path_lib.ps1'
[6.152s] INFO:colcon.colcon_core.shell:Creating environment descriptor '/home/intern/ros2Humble_ws/install/realsense2_camera_msgs/share/realsense2_camera_msgs/hook/ld_library_path_lib.dsv'
[6.155s] INFO:colcon.colcon_core.shell:Creating environment hook '/home/intern/ros2Humble_ws/install/realsense2_camera_msgs/share/realsense2_camera_msgs/hook/ld_library_path_lib.sh'
[6.157s] Level 1:colcon.colcon_core.environment:checking '/home/intern/ros2Humble_ws/install/realsense2_camera_msgs/bin'
[6.159s] Level 1:colcon.colcon_core.environment:checking '/home/intern/ros2Humble_ws/install/realsense2_camera_msgs/lib/pkgconfig/realsense2_camera_msgs.pc'
[6.161s] Level 1:colcon.colcon_core.environment:checking '/home/intern/ros2Humble_ws/install/realsense2_camera_msgs/lib/python3.10/site-packages'
[6.163s] Level 1:colcon.colcon_core.environment:checking '/home/intern/ros2Humble_ws/install/realsense2_camera_msgs/bin'
[6.170s] INFO:colcon.colcon_core.shell:Creating package script '/home/intern/ros2Humble_ws/install/realsense2_camera_msgs/share/realsense2_camera_msgs/package.ps1'
[6.177s] INFO:colcon.colcon_core.shell:Creating package descriptor '/home/intern/ros2Humble_ws/install/realsense2_camera_msgs/share/realsense2_camera_msgs/package.dsv'
[6.182s] INFO:colcon.colcon_core.shell:Creating package script '/home/intern/ros2Humble_ws/install/realsense2_camera_msgs/share/realsense2_camera_msgs/package.sh'
[6.185s] INFO:colcon.colcon_core.shell:Creating package script '/home/intern/ros2Humble_ws/install/realsense2_camera_msgs/share/realsense2_camera_msgs/package.bash'
[6.187s] INFO:colcon.colcon_core.shell:Creating package script '/home/intern/ros2Humble_ws/install/realsense2_camera_msgs/share/realsense2_camera_msgs/package.zsh'
[6.189s] Level 1:colcon.colcon_core.environment:create_file_with_runtime_dependencies(/home/intern/ros2Humble_ws/install/realsense2_camera_msgs/share/colcon-core/packages/realsense2_camera_msgs)
[6.192s] INFO:colcon.colcon_ros.task.ament_cmake.build:Building ROS package in '/home/intern/ros2Humble_ws/src/realsense-ros/realsense2_camera' with build type 'ament_cmake'
[6.193s] INFO:colcon.colcon_cmake.task.cmake.build:Building CMake package in '/home/intern/ros2Humble_ws/src/realsense-ros/realsense2_camera'
[6.198s] INFO:colcon.colcon_core.shell:Skip shell extension 'powershell' for command environment: Not usable outside of PowerShell
[6.198s] DEBUG:colcon.colcon_core.shell:Skip shell extension 'dsv' for command environment
[6.220s] INFO:colcon.colcon_ros.task.ament_cmake.build:Building ROS package in '/home/intern/ros2Humble_ws/src/realsense-ros/realsense2_description' with build type 'ament_cmake'
[6.221s] INFO:colcon.colcon_cmake.task.cmake.build:Building CMake package in '/home/intern/ros2Humble_ws/src/realsense-ros/realsense2_description'
[6.235s] INFO:colcon.colcon_core.shell:Skip shell extension 'powershell' for command environment: Not usable outside of PowerShell
[6.235s] DEBUG:colcon.colcon_core.shell:Skip shell extension 'dsv' for command environment
[6.279s] DEBUG:colcon.colcon_core.event_handler.log_command:Invoking command in '/home/intern/ros2Humble_ws/build/realsense2_camera': AMENT_PREFIX_PATH=/home/intern/ros2Humble_ws/install/realsense2_camera_msgs:${AMENT_PREFIX_PATH} CMAKE_PREFIX_PATH=/home/intern/ros2Humble_ws/install/realsense2_camera_msgs:/opt/ros/humble LD_LIBRARY_PATH=/home/intern/ros2Humble_ws/install/realsense2_camera_msgs/lib:${LD_LIBRARY_PATH} PYTHONPATH=/home/intern/ros2Humble_ws/install/realsense2_camera_msgs/local/lib/python3.10/dist-packages:${PYTHONPATH} /home/intern/.local/bin/cmake --build /home/intern/ros2Humble_ws/build/realsense2_camera -- -j4 -l4
[6.315s] DEBUG:colcon.colcon_core.event_handler.log_command:Invoking command in '/home/intern/ros2Humble_ws/build/realsense2_description': AMENT_PREFIX_PATH=/home/intern/ros2Humble_ws/install/realsense2_camera_msgs:${AMENT_PREFIX_PATH} CMAKE_PREFIX_PATH=/home/intern/ros2Humble_ws/install/realsense2_camera_msgs:/opt/ros/humble LD_LIBRARY_PATH=/home/intern/ros2Humble_ws/install/realsense2_camera_msgs/lib:${LD_LIBRARY_PATH} PYTHONPATH=/home/intern/ros2Humble_ws/install/realsense2_camera_msgs/local/lib/python3.10/dist-packages:${PYTHONPATH} /home/intern/.local/bin/cmake --build /home/intern/ros2Humble_ws/build/realsense2_description -- -j4 -l4
[6.655s] DEBUG:colcon.colcon_core.event_handler.log_command:Invoked command in '/home/intern/ros2Humble_ws/build/realsense2_description' returned '0': AMENT_PREFIX_PATH=/home/intern/ros2Humble_ws/install/realsense2_camera_msgs:${AMENT_PREFIX_PATH} CMAKE_PREFIX_PATH=/home/intern/ros2Humble_ws/install/realsense2_camera_msgs:/opt/ros/humble LD_LIBRARY_PATH=/home/intern/ros2Humble_ws/install/realsense2_camera_msgs/lib:${LD_LIBRARY_PATH} PYTHONPATH=/home/intern/ros2Humble_ws/install/realsense2_camera_msgs/local/lib/python3.10/dist-packages:${PYTHONPATH} /home/intern/.local/bin/cmake --build /home/intern/ros2Humble_ws/build/realsense2_description -- -j4 -l4
[6.915s] DEBUG:colcon.colcon_core.event_handler.log_command:Invoked command in '/home/intern/ros2Humble_ws/build/realsense2_camera' returned '0': AMENT_PREFIX_PATH=/home/intern/ros2Humble_ws/install/realsense2_camera_msgs:${AMENT_PREFIX_PATH} CMAKE_PREFIX_PATH=/home/intern/ros2Humble_ws/install/realsense2_camera_msgs:/opt/ros/humble LD_LIBRARY_PATH=/home/intern/ros2Humble_ws/install/realsense2_camera_msgs/lib:${LD_LIBRARY_PATH} PYTHONPATH=/home/intern/ros2Humble_ws/install/realsense2_camera_msgs/local/lib/python3.10/dist-packages:${PYTHONPATH} /home/intern/.local/bin/cmake --build /home/intern/ros2Humble_ws/build/realsense2_camera -- -j4 -l4
[6.977s] DEBUG:colcon.colcon_core.event_handler.log_command:Invoking command in '/home/intern/ros2Humble_ws/build/realsense2_description': AMENT_PREFIX_PATH=/home/intern/ros2Humble_ws/install/realsense2_camera_msgs:${AMENT_PREFIX_PATH} CMAKE_PREFIX_PATH=/home/intern/ros2Humble_ws/install/realsense2_camera_msgs:/opt/ros/humble LD_LIBRARY_PATH=/home/intern/ros2Humble_ws/install/realsense2_camera_msgs/lib:${LD_LIBRARY_PATH} PYTHONPATH=/home/intern/ros2Humble_ws/install/realsense2_camera_msgs/local/lib/python3.10/dist-packages:${PYTHONPATH} /home/intern/.local/bin/cmake --install /home/intern/ros2Humble_ws/build/realsense2_description
[7.223s] Level 1:colcon.colcon_core.environment:create_environment_scripts_only(realsense2_description)
[7.233s] DEBUG:colcon.colcon_core.event_handler.log_command:Invoked command in '/home/intern/ros2Humble_ws/build/realsense2_description' returned '0': AMENT_PREFIX_PATH=/home/intern/ros2Humble_ws/install/realsense2_camera_msgs:${AMENT_PREFIX_PATH} CMAKE_PREFIX_PATH=/home/intern/ros2Humble_ws/install/realsense2_camera_msgs:/opt/ros/humble LD_LIBRARY_PATH=/home/intern/ros2Humble_ws/install/realsense2_camera_msgs/lib:${LD_LIBRARY_PATH} PYTHONPATH=/home/intern/ros2Humble_ws/install/realsense2_camera_msgs/local/lib/python3.10/dist-packages:${PYTHONPATH} /home/intern/.local/bin/cmake --install /home/intern/ros2Humble_ws/build/realsense2_description
[7.249s] Level 1:colcon.colcon_core.environment:checking '/home/intern/ros2Humble_ws/install/realsense2_description' for CMake module files
[7.254s] Level 1:colcon.colcon_core.environment:checking '/home/intern/ros2Humble_ws/install/realsense2_description' for CMake config files
[7.260s] Level 1:colcon.colcon_core.shell:create_environment_hook('realsense2_description', 'cmake_prefix_path')
[7.273s] INFO:colcon.colcon_core.shell:Creating environment hook '/home/intern/ros2Humble_ws/install/realsense2_description/share/realsense2_description/hook/cmake_prefix_path.ps1'
[7.276s] INFO:colcon.colcon_core.shell:Creating environment descriptor '/home/intern/ros2Humble_ws/install/realsense2_description/share/realsense2_description/hook/cmake_prefix_path.dsv'
[7.277s] INFO:colcon.colcon_core.shell:Creating environment hook '/home/intern/ros2Humble_ws/install/realsense2_description/share/realsense2_description/hook/cmake_prefix_path.sh'
[7.280s] Level 1:colcon.colcon_core.environment:checking '/home/intern/ros2Humble_ws/install/realsense2_description/bin'
[7.281s] Level 1:colcon.colcon_core.environment:checking '/home/intern/ros2Humble_ws/install/realsense2_description/lib/pkgconfig/realsense2_description.pc'
[7.281s] Level 1:colcon.colcon_core.environment:checking '/home/intern/ros2Humble_ws/install/realsense2_description/lib/python3.10/site-packages'
[7.286s] Level 1:colcon.colcon_core.environment:checking '/home/intern/ros2Humble_ws/install/realsense2_description/bin'
[7.292s] INFO:colcon.colcon_core.shell:Creating package script '/home/intern/ros2Humble_ws/install/realsense2_description/share/realsense2_description/package.ps1'
[7.294s] INFO:colcon.colcon_core.shell:Creating package descriptor '/home/intern/ros2Humble_ws/install/realsense2_description/share/realsense2_description/package.dsv'
[7.299s] INFO:colcon.colcon_core.shell:Creating package script '/home/intern/ros2Humble_ws/install/realsense2_description/share/realsense2_description/package.sh'
[7.303s] INFO:colcon.colcon_core.shell:Creating package script '/home/intern/ros2Humble_ws/install/realsense2_description/share/realsense2_description/package.bash'
[7.307s] INFO:colcon.colcon_core.shell:Creating package script '/home/intern/ros2Humble_ws/install/realsense2_description/share/realsense2_description/package.zsh'
[7.308s] Level 1:colcon.colcon_core.environment:create_file_with_runtime_dependencies(/home/intern/ros2Humble_ws/install/realsense2_description/share/colcon-core/packages/realsense2_description)
[7.390s] DEBUG:colcon.colcon_core.event_handler.log_command:Invoking command in '/home/intern/ros2Humble_ws/build/realsense2_camera': AMENT_PREFIX_PATH=/home/intern/ros2Humble_ws/install/realsense2_camera_msgs:${AMENT_PREFIX_PATH} CMAKE_PREFIX_PATH=/home/intern/ros2Humble_ws/install/realsense2_camera_msgs:/opt/ros/humble LD_LIBRARY_PATH=/home/intern/ros2Humble_ws/install/realsense2_camera_msgs/lib:${LD_LIBRARY_PATH} PYTHONPATH=/home/intern/ros2Humble_ws/install/realsense2_camera_msgs/local/lib/python3.10/dist-packages:${PYTHONPATH} /home/intern/.local/bin/cmake --install /home/intern/ros2Humble_ws/build/realsense2_camera
[7.569s] Level 1:colcon.colcon_core.environment:create_environment_scripts_only(realsense2_description)
[7.617s] Level 1:colcon.colcon_core.environment:checking '/home/intern/ros2Humble_ws/install/realsense2_description' for CMake module files
[7.628s] Level 1:colcon.colcon_core.environment:checking '/home/intern/ros2Humble_ws/install/realsense2_description' for CMake config files
[7.629s] Level 1:colcon.colcon_core.shell:create_environment_hook('realsense2_description', 'cmake_prefix_path')
[7.642s] INFO:colcon.colcon_core.shell:Creating environment hook '/home/intern/ros2Humble_ws/install/realsense2_description/share/realsense2_description/hook/cmake_prefix_path.ps1'
[7.643s] INFO:colcon.colcon_core.shell:Creating environment descriptor '/home/intern/ros2Humble_ws/install/realsense2_description/share/realsense2_description/hook/cmake_prefix_path.dsv'
[7.651s] INFO:colcon.colcon_core.shell:Creating environment hook '/home/intern/ros2Humble_ws/install/realsense2_description/share/realsense2_description/hook/cmake_prefix_path.sh'
[7.662s] Level 1:colcon.colcon_core.environment:checking '/home/intern/ros2Humble_ws/install/realsense2_description/bin'
[7.663s] Level 1:colcon.colcon_core.environment:checking '/home/intern/ros2Humble_ws/install/realsense2_description/lib/pkgconfig/realsense2_description.pc'
[7.664s] Level 1:colcon.colcon_core.environment:checking '/home/intern/ros2Humble_ws/install/realsense2_description/lib/python3.10/site-packages'
[7.665s] Level 1:colcon.colcon_core.environment:checking '/home/intern/ros2Humble_ws/install/realsense2_description/bin'
[7.673s] INFO:colcon.colcon_core.shell:Creating package script '/home/intern/ros2Humble_ws/install/realsense2_description/share/realsense2_description/package.ps1'
[7.675s] INFO:colcon.colcon_core.shell:Creating package descriptor '/home/intern/ros2Humble_ws/install/realsense2_description/share/realsense2_description/package.dsv'
[7.677s] INFO:colcon.colcon_core.shell:Creating package script '/home/intern/ros2Humble_ws/install/realsense2_description/share/realsense2_description/package.sh'
[7.678s] INFO:colcon.colcon_core.shell:Creating package script '/home/intern/ros2Humble_ws/install/realsense2_description/share/realsense2_description/package.bash'
[7.679s] INFO:colcon.colcon_core.shell:Creating package script '/home/intern/ros2Humble_ws/install/realsense2_description/share/realsense2_description/package.zsh'
[7.681s] Level 1:colcon.colcon_core.environment:create_file_with_runtime_dependencies(/home/intern/ros2Humble_ws/install/realsense2_description/share/colcon-core/packages/realsense2_description)
[7.687s] Level 1:colcon.colcon_core.environment:create_environment_scripts_only(realsense2_camera)
[7.688s] DEBUG:colcon.colcon_core.event_handler.log_command:Invoked command in '/home/intern/ros2Humble_ws/build/realsense2_camera' returned '0': AMENT_PREFIX_PATH=/home/intern/ros2Humble_ws/install/realsense2_camera_msgs:${AMENT_PREFIX_PATH} CMAKE_PREFIX_PATH=/home/intern/ros2Humble_ws/install/realsense2_camera_msgs:/opt/ros/humble LD_LIBRARY_PATH=/home/intern/ros2Humble_ws/install/realsense2_camera_msgs/lib:${LD_LIBRARY_PATH} PYTHONPATH=/home/intern/ros2Humble_ws/install/realsense2_camera_msgs/local/lib/python3.10/dist-packages:${PYTHONPATH} /home/intern/.local/bin/cmake --install /home/intern/ros2Humble_ws/build/realsense2_camera
[7.709s] Level 1:colcon.colcon_core.environment:checking '/home/intern/ros2Humble_ws/install/realsense2_camera' for CMake module files
[7.710s] Level 1:colcon.colcon_core.environment:checking '/home/intern/ros2Humble_ws/install/realsense2_camera' for CMake config files
[7.714s] Level 1:colcon.colcon_core.shell:create_environment_hook('realsense2_camera', 'cmake_prefix_path')
[7.724s] INFO:colcon.colcon_core.shell:Creating environment hook '/home/intern/ros2Humble_ws/install/realsense2_camera/share/realsense2_camera/hook/cmake_prefix_path.ps1'
[7.727s] INFO:colcon.colcon_core.shell:Creating environment descriptor '/home/intern/ros2Humble_ws/install/realsense2_camera/share/realsense2_camera/hook/cmake_prefix_path.dsv'
[7.729s] INFO:colcon.colcon_core.shell:Creating environment hook '/home/intern/ros2Humble_ws/install/realsense2_camera/share/realsense2_camera/hook/cmake_prefix_path.sh'
[7.733s] Level 1:colcon.colcon_core.environment:checking '/home/intern/ros2Humble_ws/install/realsense2_camera/lib'
[7.734s] Level 1:colcon.colcon_core.shell:create_environment_hook('realsense2_camera', 'ld_library_path_lib')
[7.738s] INFO:colcon.colcon_core.shell:Creating environment hook '/home/intern/ros2Humble_ws/install/realsense2_camera/share/realsense2_camera/hook/ld_library_path_lib.ps1'
[7.740s] INFO:colcon.colcon_core.shell:Creating environment descriptor '/home/intern/ros2Humble_ws/install/realsense2_camera/share/realsense2_camera/hook/ld_library_path_lib.dsv'
[7.742s] INFO:colcon.colcon_core.shell:Creating environment hook '/home/intern/ros2Humble_ws/install/realsense2_camera/share/realsense2_camera/hook/ld_library_path_lib.sh'
[7.745s] Level 1:colcon.colcon_core.environment:checking '/home/intern/ros2Humble_ws/install/realsense2_camera/bin'
[7.747s] Level 1:colcon.colcon_core.environment:checking '/home/intern/ros2Humble_ws/install/realsense2_camera/lib/pkgconfig/realsense2_camera.pc'
[7.750s] Level 1:colcon.colcon_core.environment:checking '/home/intern/ros2Humble_ws/install/realsense2_camera/lib/python3.10/site-packages'
[7.753s] Level 1:colcon.colcon_core.environment:checking '/home/intern/ros2Humble_ws/install/realsense2_camera/bin'
[7.761s] INFO:colcon.colcon_core.shell:Creating package script '/home/intern/ros2Humble_ws/install/realsense2_camera/share/realsense2_camera/package.ps1'
[7.766s] INFO:colcon.colcon_core.shell:Creating package descriptor '/home/intern/ros2Humble_ws/install/realsense2_camera/share/realsense2_camera/package.dsv'
[7.769s] INFO:colcon.colcon_core.shell:Creating package script '/home/intern/ros2Humble_ws/install/realsense2_camera/share/realsense2_camera/package.sh'
[7.770s] INFO:colcon.colcon_core.shell:Creating package script '/home/intern/ros2Humble_ws/install/realsense2_camera/share/realsense2_camera/package.bash'
[7.775s] INFO:colcon.colcon_core.shell:Creating package script '/home/intern/ros2Humble_ws/install/realsense2_camera/share/realsense2_camera/package.zsh'
[7.781s] Level 1:colcon.colcon_core.environment:create_file_with_runtime_dependencies(/home/intern/ros2Humble_ws/install/realsense2_camera/share/colcon-core/packages/realsense2_camera)
[8.128s] Level 1:colcon.colcon_core.environment:create_environment_scripts_only(realsense2_camera)
[8.141s] Level 1:colcon.colcon_core.environment:checking '/home/intern/ros2Humble_ws/install/realsense2_camera' for CMake module files
[8.142s] Level 1:colcon.colcon_core.environment:checking '/home/intern/ros2Humble_ws/install/realsense2_camera' for CMake config files
[8.142s] Level 1:colcon.colcon_core.shell:create_environment_hook('realsense2_camera', 'cmake_prefix_path')
[8.145s] INFO:colcon.colcon_core.shell:Creating environment hook '/home/intern/ros2Humble_ws/install/realsense2_camera/share/realsense2_camera/hook/cmake_prefix_path.ps1'
[8.145s] INFO:colcon.colcon_core.shell:Creating environment descriptor '/home/intern/ros2Humble_ws/install/realsense2_camera/share/realsense2_camera/hook/cmake_prefix_path.dsv'
[8.147s] INFO:colcon.colcon_core.shell:Creating environment hook '/home/intern/ros2Humble_ws/install/realsense2_camera/share/realsense2_camera/hook/cmake_prefix_path.sh'
[8.148s] Level 1:colcon.colcon_core.environment:checking '/home/intern/ros2Humble_ws/install/realsense2_camera/lib'
[8.148s] Level 1:colcon.colcon_core.shell:create_environment_hook('realsense2_camera', 'ld_library_path_lib')
[8.152s] INFO:colcon.colcon_core.shell:Creating environment hook '/home/intern/ros2Humble_ws/install/realsense2_camera/share/realsense2_camera/hook/ld_library_path_lib.ps1'
[8.154s] INFO:colcon.colcon_core.shell:Creating environment descriptor '/home/intern/ros2Humble_ws/install/realsense2_camera/share/realsense2_camera/hook/ld_library_path_lib.dsv'
[8.155s] INFO:colcon.colcon_core.shell:Creating environment hook '/home/intern/ros2Humble_ws/install/realsense2_camera/share/realsense2_camera/hook/ld_library_path_lib.sh'
[8.157s] Level 1:colcon.colcon_core.environment:checking '/home/intern/ros2Humble_ws/install/realsense2_camera/bin'
[8.157s] Level 1:colcon.colcon_core.environment:checking '/home/intern/ros2Humble_ws/install/realsense2_camera/lib/pkgconfig/realsense2_camera.pc'
[8.158s] Level 1:colcon.colcon_core.environment:checking '/home/intern/ros2Humble_ws/install/realsense2_camera/lib/python3.10/site-packages'
[8.160s] Level 1:colcon.colcon_core.environment:checking '/home/intern/ros2Humble_ws/install/realsense2_camera/bin'
[8.173s] INFO:colcon.colcon_core.shell:Creating package script '/home/intern/ros2Humble_ws/install/realsense2_camera/share/realsense2_camera/package.ps1'
[8.175s] INFO:colcon.colcon_core.shell:Creating package descriptor '/home/intern/ros2Humble_ws/install/realsense2_camera/share/realsense2_camera/package.dsv'
[8.177s] INFO:colcon.colcon_core.shell:Creating package script '/home/intern/ros2Humble_ws/install/realsense2_camera/share/realsense2_camera/package.sh'
[8.179s] INFO:colcon.colcon_core.shell:Creating package script '/home/intern/ros2Humble_ws/install/realsense2_camera/share/realsense2_camera/package.bash'
[8.181s] INFO:colcon.colcon_core.shell:Creating package script '/home/intern/ros2Humble_ws/install/realsense2_camera/share/realsense2_camera/package.zsh'
[8.183s] Level 1:colcon.colcon_core.environment:create_file_with_runtime_dependencies(/home/intern/ros2Humble_ws/install/realsense2_camera/share/colcon-core/packages/realsense2_camera)
[8.183s] DEBUG:colcon.colcon_parallel_executor.executor.parallel:closing loop
[8.184s] DEBUG:colcon.colcon_parallel_executor.executor.parallel:loop closed
[8.184s] DEBUG:colcon.colcon_parallel_executor.executor.parallel:run_until_complete finished with '0'
[8.184s] DEBUG:colcon.colcon_core.event_reactor:joining thread
[8.203s] INFO:colcon.colcon_core.plugin_system:Skipping extension 'colcon_notification.desktop_notification.terminal_notifier': Not used on non-Darwin systems
[8.203s] INFO:colcon.colcon_core.plugin_system:Skipping extension 'colcon_notification.desktop_notification.win32': Not used on non-Windows systems
[8.203s] INFO:colcon.colcon_notification.desktop_notification:Sending desktop notification using 'notify2'
[8.236s] DEBUG:colcon.colcon_core.event_reactor:joined thread
[8.242s] INFO:colcon.colcon_core.shell:Creating prefix script '/home/intern/ros2Humble_ws/install/local_setup.ps1'
[8.245s] INFO:colcon.colcon_core.shell:Creating prefix util module '/home/intern/ros2Humble_ws/install/_local_setup_util_ps1.py'
[8.252s] INFO:colcon.colcon_core.shell:Creating prefix chain script '/home/intern/ros2Humble_ws/install/setup.ps1'
[8.264s] INFO:colcon.colcon_core.shell:Creating prefix script '/home/intern/ros2Humble_ws/install/local_setup.sh'
[8.266s] INFO:colcon.colcon_core.shell:Creating prefix util module '/home/intern/ros2Humble_ws/install/_local_setup_util_sh.py'
[8.269s] INFO:colcon.colcon_core.shell:Creating prefix chain script '/home/intern/ros2Humble_ws/install/setup.sh'
[8.275s] INFO:colcon.colcon_core.shell:Creating prefix script '/home/intern/ros2Humble_ws/install/local_setup.bash'
[8.277s] INFO:colcon.colcon_core.shell:Creating prefix chain script '/home/intern/ros2Humble_ws/install/setup.bash'
[8.281s] INFO:colcon.colcon_core.shell:Creating prefix script '/home/intern/ros2Humble_ws/install/local_setup.zsh'
[8.282s] INFO:colcon.colcon_core.shell:Creating prefix chain script '/home/intern/ros2Humble_ws/install/setup.zsh'
