[0.053s] Invoking command in '/home/intern/ros2Humble_ws/build/realsense2_camera': CMAKE_PREFIX_PATH=/home/intern/ros2Humble_ws/install/realsense2_camera_msgs:/home/intern/ros2Humble_ws/install/realsense2_description:/home/intern/ros2Humble_ws/install/realsense2_camera:/home/intern/ros2Humble_ws/install/apriltag_ros:/home/intern/ros2Humble_ws/install/py_launch_aprilsys:/opt/ros/humble LD_LIBRARY_PATH=/home/intern/ros2Humble_ws/install/realsense2_camera_msgs/lib:/home/intern/ros2Humble_ws/install/realsense2_camera/lib:/home/intern/ros2Humble_ws/install/apriltag_ros/lib:/opt/ros/humble/opt/rviz_ogre_vendor/lib:/opt/ros/humble/lib/x86_64-linux-gnu:/opt/ros/humble/lib /home/intern/.local/bin/cmake --build /home/intern/ros2Humble_ws/build/realsense2_camera -- -j4 -l4
[0.369s] [ 12%] Built target realsense2_camera_node
[0.442s] [100%] Built target realsense2_camera
[0.489s] Invoked command in '/home/intern/ros2Humble_ws/build/realsense2_camera' returned '0': CMAKE_PREFIX_PATH=/home/intern/ros2Humble_ws/install/realsense2_camera_msgs:/home/intern/ros2Humble_ws/install/realsense2_description:/home/intern/ros2Humble_ws/install/realsense2_camera:/home/intern/ros2Humble_ws/install/apriltag_ros:/home/intern/ros2Humble_ws/install/py_launch_aprilsys:/opt/ros/humble LD_LIBRARY_PATH=/home/intern/ros2Humble_ws/install/realsense2_camera_msgs/lib:/home/intern/ros2Humble_ws/install/realsense2_camera/lib:/home/intern/ros2Humble_ws/install/apriltag_ros/lib:/opt/ros/humble/opt/rviz_ogre_vendor/lib:/opt/ros/humble/lib/x86_64-linux-gnu:/opt/ros/humble/lib /home/intern/.local/bin/cmake --build /home/intern/ros2Humble_ws/build/realsense2_camera -- -j4 -l4
[0.962s] Invoking command in '/home/intern/ros2Humble_ws/build/realsense2_camera': CMAKE_PREFIX_PATH=/home/intern/ros2Humble_ws/install/realsense2_camera_msgs:/home/intern/ros2Humble_ws/install/realsense2_description:/home/intern/ros2Humble_ws/install/realsense2_camera:/home/intern/ros2Humble_ws/install/apriltag_ros:/home/intern/ros2Humble_ws/install/py_launch_aprilsys:/opt/ros/humble LD_LIBRARY_PATH=/home/intern/ros2Humble_ws/install/realsense2_camera_msgs/lib:/home/intern/ros2Humble_ws/install/realsense2_camera/lib:/home/intern/ros2Humble_ws/install/apriltag_ros/lib:/opt/ros/humble/opt/rviz_ogre_vendor/lib:/opt/ros/humble/lib/x86_64-linux-gnu:/opt/ros/humble/lib /home/intern/.local/bin/cmake --install /home/intern/ros2Humble_ws/build/realsense2_camera
[1.085s] -- Install configuration: "Release"
[1.093s] -- Up-to-date: /home/intern/ros2Humble_ws/install/realsense2_camera/lib/realsense2_camera/realsense2_camera_node
[1.094s] -- Up-to-date: /home/intern/ros2Humble_ws/install/realsense2_camera/lib/librealsense2_camera.so
[1.094s] -- Up-to-date: /home/intern/ros2Humble_ws/install/realsense2_camera/include
[1.094s] -- Up-to-date: /home/intern/ros2Humble_ws/install/realsense2_camera/include/base_realsense_node.h
[1.095s] -- Up-to-date: /home/intern/ros2Humble_ws/install/realsense2_camera/include/named_filter.h
[1.095s] -- Up-to-date: /home/intern/ros2Humble_ws/install/realsense2_camera/include/ros_utils.h
[1.095s] -- Up-to-date: /home/intern/ros2Humble_ws/install/realsense2_camera/include/realsense_node_factory.h
[1.095s] -- Up-to-date: /home/intern/ros2Humble_ws/install/realsense2_camera/include/profile_manager.h
[1.098s] -- Up-to-date: /home/intern/ros2Humble_ws/install/realsense2_camera/include/sensor_params.h
[1.099s] -- Up-to-date: /home/intern/ros2Humble_ws/install/realsense2_camera/include/constants.h
[1.099s] -- Up-to-date: /home/intern/ros2Humble_ws/install/realsense2_camera/include/dynamic_params.h
[1.099s] -- Up-to-date: /home/intern/ros2Humble_ws/install/realsense2_camera/include/image_publisher.h
[1.099s] -- Up-to-date: /home/intern/ros2Humble_ws/install/realsense2_camera/include/ros_sensor.h
[1.099s] -- Up-to-date: /home/intern/ros2Humble_ws/install/realsense2_camera/include/ros_param_backend.h
[1.100s] -- Up-to-date: /home/intern/ros2Humble_ws/install/realsense2_camera/share/realsense2_camera/launch
[1.101s] -- Up-to-date: /home/intern/ros2Humble_ws/install/realsense2_camera/share/realsense2_camera/launch/rs_multi_camera_launch.py
[1.101s] -- Up-to-date: /home/intern/ros2Humble_ws/install/realsense2_camera/share/realsense2_camera/launch/rs_launch.py
[1.101s] -- Up-to-date: /home/intern/ros2Humble_ws/install/realsense2_camera/share/realsense2_camera/launch/default.rviz
[1.101s] -- Up-to-date: /home/intern/ros2Humble_ws/install/realsense2_camera/share/realsense2_camera/launch/rs_intra_process_demo_launch.py
[1.102s] -- Up-to-date: /home/intern/ros2Humble_ws/install/realsense2_camera/share/realsense2_camera/environment/library_path.sh
[1.102s] -- Up-to-date: /home/intern/ros2Humble_ws/install/realsense2_camera/share/realsense2_camera/environment/library_path.dsv
[1.102s] -- Up-to-date: /home/intern/ros2Humble_ws/install/realsense2_camera/share/ament_index/resource_index/package_run_dependencies/realsense2_camera
[1.102s] -- Up-to-date: /home/intern/ros2Humble_ws/install/realsense2_camera/share/ament_index/resource_index/parent_prefix_path/realsense2_camera
[1.102s] -- Up-to-date: /home/intern/ros2Humble_ws/install/realsense2_camera/share/realsense2_camera/environment/ament_prefix_path.sh
[1.103s] -- Up-to-date: /home/intern/ros2Humble_ws/install/realsense2_camera/share/realsense2_camera/environment/ament_prefix_path.dsv
[1.103s] -- Up-to-date: /home/intern/ros2Humble_ws/install/realsense2_camera/share/realsense2_camera/environment/path.sh
[1.133s] -- Up-to-date: /home/intern/ros2Humble_ws/install/realsense2_camera/share/realsense2_camera/environment/path.dsv
[1.133s] -- Up-to-date: /home/intern/ros2Humble_ws/install/realsense2_camera/share/realsense2_camera/local_setup.bash
[1.134s] -- Up-to-date: /home/intern/ros2Humble_ws/install/realsense2_camera/share/realsense2_camera/local_setup.sh
[1.134s] -- Up-to-date: /home/intern/ros2Humble_ws/install/realsense2_camera/share/realsense2_camera/local_setup.zsh
[1.134s] -- Up-to-date: /home/intern/ros2Humble_ws/install/realsense2_camera/share/realsense2_camera/local_setup.dsv
[1.134s] -- Installing: /home/intern/ros2Humble_ws/install/realsense2_camera/share/realsense2_camera/package.dsv
[1.134s] -- Up-to-date: /home/intern/ros2Humble_ws/install/realsense2_camera/share/ament_index/resource_index/packages/realsense2_camera
[1.134s] -- Up-to-date: /home/intern/ros2Humble_ws/install/realsense2_camera/share/ament_index/resource_index/rclcpp_components/realsense2_camera
[1.135s] -- Up-to-date: /home/intern/ros2Humble_ws/install/realsense2_camera/share/realsense2_camera/cmake/ament_cmake_export_include_directories-extras.cmake
[1.135s] -- Up-to-date: /home/intern/ros2Humble_ws/install/realsense2_camera/share/realsense2_camera/cmake/ament_cmake_export_libraries-extras.cmake
[1.135s] -- Up-to-date: /home/intern/ros2Humble_ws/install/realsense2_camera/share/realsense2_camera/cmake/ament_cmake_export_dependencies-extras.cmake
[1.135s] -- Up-to-date: /home/intern/ros2Humble_ws/install/realsense2_camera/share/realsense2_camera/cmake/realsense2_cameraConfig.cmake
[1.135s] -- Up-to-date: /home/intern/ros2Humble_ws/install/realsense2_camera/share/realsense2_camera/cmake/realsense2_cameraConfig-version.cmake
[1.136s] -- Up-to-date: /home/intern/ros2Humble_ws/install/realsense2_camera/share/realsense2_camera/package.xml
[1.136s] Invoked command in '/home/intern/ros2Humble_ws/build/realsense2_camera' returned '0': CMAKE_PREFIX_PATH=/home/intern/ros2Humble_ws/install/realsense2_camera_msgs:/home/intern/ros2Humble_ws/install/realsense2_description:/home/intern/ros2Humble_ws/install/realsense2_camera:/home/intern/ros2Humble_ws/install/apriltag_ros:/home/intern/ros2Humble_ws/install/py_launch_aprilsys:/opt/ros/humble LD_LIBRARY_PATH=/home/intern/ros2Humble_ws/install/realsense2_camera_msgs/lib:/home/intern/ros2Humble_ws/install/realsense2_camera/lib:/home/intern/ros2Humble_ws/install/apriltag_ros/lib:/opt/ros/humble/opt/rviz_ogre_vendor/lib:/opt/ros/humble/lib/x86_64-linux-gnu:/opt/ros/humble/lib /home/intern/.local/bin/cmake --install /home/intern/ros2Humble_ws/build/realsense2_camera
