[0.021s] Invoking command in '/home/intern/ros2Humble_ws/build/apriltag_ros': CMAKE_PREFIX_PATH=${CMAKE_PREFIX_PATH}:/opt/ros/humble /home/intern/.local/bin/cmake /home/intern/ros2Humble_ws/src/apriltag_ros -DCMAKE_INSTALL_PREFIX=/home/intern/ros2Humble_ws/install/apriltag_ros
[0.158s] -- The C compiler identification is GNU 11.3.0
[0.275s] -- The CXX compiler identification is GNU 11.3.0
[0.293s] -- Detecting C compiler ABI info
[0.370s] -- Detecting C compiler ABI info - done
[0.399s] -- Check for working C compiler: /usr/bin/cc - skipped
[0.399s] -- Detecting C compile features
[0.400s] -- Detecting C compile features - done
[0.408s] -- Detecting CXX compiler ABI info
[0.501s] -- Detecting CXX compiler ABI info - done
[0.518s] -- Check for working CXX compiler: /usr/bin/c++ - skipped
[0.519s] -- Detecting CXX compile features
[0.519s] -- Detecting CXX compile features - done
[0.523s] -- Found rclcpp: 16.0.4 (/opt/ros/humble/share/rclcpp/cmake)
[1.784s] -- Found Python3: /usr/bin/python3.10 (found version "3.10.6") found components: Interpreter 
[1.963s] -- Found rosidl_generator_c: 3.1.4 (/opt/ros/humble/share/rosidl_generator_c/cmake)
[1.970s] -- Found rosidl_adapter: 3.1.4 (/opt/ros/humble/share/rosidl_adapter/cmake)
[1.983s] -- Found rosidl_generator_cpp: 3.1.4 (/opt/ros/humble/share/rosidl_generator_cpp/cmake)
[2.004s] -- Using all available rosidl_typesupport_c: rosidl_typesupport_fastrtps_c;rosidl_typesupport_introspection_c
[2.036s] -- Using all available rosidl_typesupport_cpp: rosidl_typesupport_fastrtps_cpp;rosidl_typesupport_introspection_cpp
[2.148s] -- Found rmw_implementation_cmake: 6.1.1 (/opt/ros/humble/share/rmw_implementation_cmake/cmake)
[2.153s] -- Found rmw_fastrtps_cpp: 6.2.2 (/opt/ros/humble/share/rmw_fastrtps_cpp/cmake)
[2.281s] -- Found OpenSSL: /usr/lib/x86_64-linux-gnu/libcrypto.so (found version "3.0.2")  
[2.319s] -- Found FastRTPS: /opt/ros/humble/include  
[2.382s] -- Using RMW implementation 'rmw_fastrtps_cpp' as default
[2.400s] -- Performing Test CMAKE_HAVE_LIBC_PTHREAD
[2.475s] -- Performing Test CMAKE_HAVE_LIBC_PTHREAD - Success
[2.476s] -- Found Threads: TRUE  
[2.730s] -- Found rclcpp_components: 16.0.4 (/opt/ros/humble/share/rclcpp_components/cmake)
[2.834s] -- Found sensor_msgs: 4.2.3 (/opt/ros/humble/share/sensor_msgs/cmake)
[3.041s] [31mCMake Error at CMakeLists.txt:38 (find_package):
[3.041s]   By not providing "Findapriltag_msgs.cmake" in CMAKE_MODULE_PATH this
[3.041s]   project has asked CMake to find a package configuration file provided by
[3.041s]   "apriltag_msgs", but CMake did not find one.
[3.041s] 
[3.041s]   Could not find a package configuration file provided by "apriltag_msgs"
[3.041s]   with any of the following names:
[3.041s] 
[3.042s]     apriltag_msgsConfig.cmake
[3.042s]     apriltag_msgs-config.cmake
[3.042s] 
[3.042s]   Add the installation prefix of "apriltag_msgs" to CMAKE_PREFIX_PATH or set
[3.042s]   "apriltag_msgs_DIR" to a directory containing one of the above files.  If
[3.042s]   "apriltag_msgs" provides a separate development package or SDK, be sure it
[3.042s]   has been installed.
[3.042s] 
[3.042s] [0m
[3.042s] -- Configuring incomplete, errors occurred!
[3.057s] Invoked command in '/home/intern/ros2Humble_ws/build/apriltag_ros' returned '1': CMAKE_PREFIX_PATH=${CMAKE_PREFIX_PATH}:/opt/ros/humble /home/intern/.local/bin/cmake /home/intern/ros2Humble_ws/src/apriltag_ros -DCMAKE_INSTALL_PREFIX=/home/intern/ros2Humble_ws/install/apriltag_ros
