[0.020s] Invoking command in '/home/intern/recursive_ws/build/apriltag_ros': CMAKE_PREFIX_PATH=${CMAKE_PREFIX_PATH}:/home/intern/recursive_ws/install/takeImage:/home/intern/recursive_ws/install/py_launch_aprilsys:/opt/ros/humble /usr/local/bin/cmake /home/intern/recursive_ws/src/apriltag_ros -DCMAKE_INSTALL_PREFIX=/home/intern/recursive_ws/install/apriltag_ros
[0.137s] -- The C compiler identification is GNU 11.3.0
[0.221s] -- The CXX compiler identification is GNU 11.3.0
[0.232s] -- Detecting C compiler ABI info
[0.305s] -- Detecting C compiler ABI info - done
[0.311s] -- Check for working C compiler: /usr/bin/cc - skipped
[0.312s] -- Detecting C compile features
[0.313s] -- Detecting C compile features - done
[0.324s] -- Detecting CXX compiler ABI info
[0.399s] -- Detecting CXX compiler ABI info - done
[0.415s] -- Check for working CXX compiler: /usr/bin/c++ - skipped
[0.415s] -- Detecting CXX compile features
[0.416s] -- Detecting CXX compile features - done
[0.423s] -- Found rclcpp: 16.0.4 (/opt/ros/humble/share/rclcpp/cmake)
[0.845s] -- Found Python3: /usr/bin/python3.10 (found version "3.10.6") found components: Interpreter 
[1.036s] -- Found rosidl_generator_c: 3.1.4 (/opt/ros/humble/share/rosidl_generator_c/cmake)
[1.042s] -- Found rosidl_adapter: 3.1.4 (/opt/ros/humble/share/rosidl_adapter/cmake)
[1.055s] -- Found rosidl_generator_cpp: 3.1.4 (/opt/ros/humble/share/rosidl_generator_cpp/cmake)
[1.076s] -- Using all available rosidl_typesupport_c: rosidl_typesupport_fastrtps_c;rosidl_typesupport_introspection_c
[1.103s] -- Using all available rosidl_typesupport_cpp: rosidl_typesupport_fastrtps_cpp;rosidl_typesupport_introspection_cpp
[1.198s] -- Found rmw_implementation_cmake: 6.1.1 (/opt/ros/humble/share/rmw_implementation_cmake/cmake)
[1.201s] -- Found rmw_fastrtps_cpp: 6.2.2 (/opt/ros/humble/share/rmw_fastrtps_cpp/cmake)
[1.319s] -- Found OpenSSL: /usr/lib/x86_64-linux-gnu/libcrypto.so (found version "3.0.2")  
[1.354s] -- Found FastRTPS: /opt/ros/humble/include  
[1.412s] -- Using RMW implementation 'rmw_fastrtps_cpp' as default
[1.424s] -- Performing Test CMAKE_HAVE_LIBC_PTHREAD
[1.491s] -- Performing Test CMAKE_HAVE_LIBC_PTHREAD - Success
[1.493s] -- Found Threads: TRUE  
[1.705s] -- Found rclcpp_components: 16.0.4 (/opt/ros/humble/share/rclcpp_components/cmake)
[1.800s] -- Found sensor_msgs: 4.2.3 (/opt/ros/humble/share/sensor_msgs/cmake)
[1.979s] -- Found apriltag_msgs: 2.0.1 (/opt/ros/humble/share/apriltag_msgs/cmake)
[2.045s] -- Found tf2_ros: 0.25.2 (/opt/ros/humble/share/tf2_ros/cmake)
[2.470s] -- Found image_transport: 3.1.5 (/opt/ros/humble/share/image_transport/cmake)
[2.506s] -- Found cv_bridge: 3.2.1 (/opt/ros/humble/share/cv_bridge/cmake)
[2.548s] -- Found OpenCV: /usr (found version "4.5.4") 
[2.562s] -- Found ament_lint_auto: 0.12.6 (/opt/ros/humble/share/ament_lint_auto/cmake)
[2.645s] -- Added test 'clang_format' to check C / C++ code style
[2.651s] -- Added test 'cppcheck' to perform static code analysis on C / C++ code
[2.651s] -- Configured cppcheck include dirs: 
[2.651s] -- Configured cppcheck exclude dirs and/or files: 
[2.653s] -- Configuring done (2.6s)
[2.725s] -- Generating done (0.1s)
[2.734s] -- Build files have been written to: /home/intern/recursive_ws/build/apriltag_ros
[2.752s] Invoked command in '/home/intern/recursive_ws/build/apriltag_ros' returned '0': CMAKE_PREFIX_PATH=${CMAKE_PREFIX_PATH}:/home/intern/recursive_ws/install/takeImage:/home/intern/recursive_ws/install/py_launch_aprilsys:/opt/ros/humble /usr/local/bin/cmake /home/intern/recursive_ws/src/apriltag_ros -DCMAKE_INSTALL_PREFIX=/home/intern/recursive_ws/install/apriltag_ros
[2.753s] Invoking command in '/home/intern/recursive_ws/build/apriltag_ros': CMAKE_PREFIX_PATH=${CMAKE_PREFIX_PATH}:/home/intern/recursive_ws/install/takeImage:/home/intern/recursive_ws/install/py_launch_aprilsys:/opt/ros/humble /usr/local/bin/cmake --build /home/intern/recursive_ws/build/apriltag_ros -- -j4 -l4
[2.857s] [ 16%] [32mBuilding CXX object CMakeFiles/tags.dir/src/tag_functions.cpp.o[0m
[2.860s] [ 33%] [32mBuilding CXX object CMakeFiles/homography_to_pose.dir/src/homography_to_pose.cpp.o[0m
[2.903s] [ 50%] [32mBuilding CXX object CMakeFiles/apriltag_node.dir/rclcpp_components/node_main_apriltag_node.cpp.o[0m
[3.603s] [ 50%] Built target tags
[7.817s] [ 66%] [32m[1mLinking CXX executable apriltag_node[0m
[7.977s] [ 66%] Built target apriltag_node
[8.592s] [ 66%] Built target homography_to_pose
[8.602s] [ 83%] [32mBuilding CXX object CMakeFiles/AprilTagNode.dir/src/AprilTagNode.cpp.o[0m
[18.211s] [100%] [32m[1mLinking CXX shared library libAprilTagNode.so[0m
[19.241s] [100%] Built target AprilTagNode
[19.265s] Invoked command in '/home/intern/recursive_ws/build/apriltag_ros' returned '0': CMAKE_PREFIX_PATH=${CMAKE_PREFIX_PATH}:/home/intern/recursive_ws/install/takeImage:/home/intern/recursive_ws/install/py_launch_aprilsys:/opt/ros/humble /usr/local/bin/cmake --build /home/intern/recursive_ws/build/apriltag_ros -- -j4 -l4
[19.626s] Invoking command in '/home/intern/recursive_ws/build/apriltag_ros': CMAKE_PREFIX_PATH=${CMAKE_PREFIX_PATH}:/home/intern/recursive_ws/install/takeImage:/home/intern/recursive_ws/install/py_launch_aprilsys:/opt/ros/humble /usr/local/bin/cmake --install /home/intern/recursive_ws/build/apriltag_ros
[19.637s] -- Install configuration: ""
[19.637s] -- Installing: /home/intern/recursive_ws/install/apriltag_ros/lib/apriltag_ros/apriltag_node
[19.637s] -- Set runtime path of "/home/intern/recursive_ws/install/apriltag_ros/lib/apriltag_ros/apriltag_node" to ""
[19.637s] -- Installing: /home/intern/recursive_ws/install/apriltag_ros/share/apriltag_ros/environment/library_path.sh
[19.637s] -- Installing: /home/intern/recursive_ws/install/apriltag_ros/share/apriltag_ros/environment/library_path.dsv
[19.638s] -- Installing: /home/intern/recursive_ws/install/apriltag_ros/lib/libAprilTagNode.so
[19.643s] -- Set runtime path of "/home/intern/recursive_ws/install/apriltag_ros/lib/libAprilTagNode.so" to ""
[19.643s] -- Installing: /home/intern/recursive_ws/install/apriltag_ros/share/apriltag_ros/cfg
[19.643s] -- Installing: /home/intern/recursive_ws/install/apriltag_ros/share/apriltag_ros/cfg/tags_36h11.yaml
[19.644s] -- Installing: /home/intern/recursive_ws/install/apriltag_ros/share/apriltag_ros/launch
[19.650s] -- Installing: /home/intern/recursive_ws/install/apriltag_ros/share/apriltag_ros/launch/v4l2_36h11.launch.yml
[19.650s] -- Installing: /home/intern/recursive_ws/install/apriltag_ros/share/apriltag_ros/launch/apriltag.launch.py
[19.652s] -- Installing: /home/intern/recursive_ws/install/apriltag_ros/share/ament_index/resource_index/package_run_dependencies/apriltag_ros
[19.653s] -- Installing: /home/intern/recursive_ws/install/apriltag_ros/share/ament_index/resource_index/parent_prefix_path/apriltag_ros
[19.654s] -- Installing: /home/intern/recursive_ws/install/apriltag_ros/share/apriltag_ros/environment/ament_prefix_path.sh
[19.655s] -- Installing: /home/intern/recursive_ws/install/apriltag_ros/share/apriltag_ros/environment/ament_prefix_path.dsv
[19.655s] -- Installing: /home/intern/recursive_ws/install/apriltag_ros/share/apriltag_ros/environment/path.sh
[19.656s] -- Installing: /home/intern/recursive_ws/install/apriltag_ros/share/apriltag_ros/environment/path.dsv
[19.657s] -- Installing: /home/intern/recursive_ws/install/apriltag_ros/share/apriltag_ros/local_setup.bash
[19.658s] -- Installing: /home/intern/recursive_ws/install/apriltag_ros/share/apriltag_ros/local_setup.sh
[19.658s] -- Installing: /home/intern/recursive_ws/install/apriltag_ros/share/apriltag_ros/local_setup.zsh
[19.659s] -- Installing: /home/intern/recursive_ws/install/apriltag_ros/share/apriltag_ros/local_setup.dsv
[19.660s] -- Installing: /home/intern/recursive_ws/install/apriltag_ros/share/apriltag_ros/package.dsv
[19.661s] -- Installing: /home/intern/recursive_ws/install/apriltag_ros/share/ament_index/resource_index/packages/apriltag_ros
[19.661s] -- Installing: /home/intern/recursive_ws/install/apriltag_ros/share/ament_index/resource_index/rclcpp_components/apriltag_ros
[19.661s] -- Installing: /home/intern/recursive_ws/install/apriltag_ros/share/apriltag_ros/cmake/apriltag_rosConfig.cmake
[19.661s] -- Installing: /home/intern/recursive_ws/install/apriltag_ros/share/apriltag_ros/cmake/apriltag_rosConfig-version.cmake
[19.661s] -- Installing: /home/intern/recursive_ws/install/apriltag_ros/share/apriltag_ros/package.xml
[19.668s] Invoked command in '/home/intern/recursive_ws/build/apriltag_ros' returned '0': CMAKE_PREFIX_PATH=${CMAKE_PREFIX_PATH}:/home/intern/recursive_ws/install/takeImage:/home/intern/recursive_ws/install/py_launch_aprilsys:/opt/ros/humble /usr/local/bin/cmake --install /home/intern/recursive_ws/build/apriltag_ros
