[1.276s] Invoking command in '/home/intern/recursive_ws/src/py_launch_aprilsys': CMAKE_PREFIX_PATH=/home/intern/recursive_ws/install/apriltag_ros:/home/intern/recursive_ws/install/realsense2_description:/home/intern/recursive_ws/install/realsense2_camera:/home/intern/recursive_ws/install/realsense2_camera_msgs LD_LIBRARY_PATH=/home/intern/recursive_ws/install/apriltag_ros/lib:/home/intern/recursive_ws/install/realsense2_camera/lib:/home/intern/recursive_ws/install/realsense2_camera_msgs/lib:/opt/ros/humble/opt/rviz_ogre_vendor/lib:/opt/ros/humble/lib/x86_64-linux-gnu:/opt/ros/humble/lib PYTHONPATH=/home/intern/recursive_ws/build/py_launch_aprilsys/prefix_override:/home/intern/recursive_ws/install/py_launch_aprilsys/lib/python3.10/site-packages:${PYTHONPATH} /usr/bin/python3 setup.py egg_info --egg-base ../../build/py_launch_aprilsys build --build-base /home/intern/recursive_ws/build/py_launch_aprilsys/build install --record /home/intern/recursive_ws/build/py_launch_aprilsys/install.log --single-version-externally-managed
[1.872s] running egg_info
[1.873s] creating ../../build/py_launch_aprilsys/py_launch_aprilsys.egg-info
[1.874s] writing ../../build/py_launch_aprilsys/py_launch_aprilsys.egg-info/PKG-INFO
[1.874s] writing dependency_links to ../../build/py_launch_aprilsys/py_launch_aprilsys.egg-info/dependency_links.txt
[1.875s] writing entry points to ../../build/py_launch_aprilsys/py_launch_aprilsys.egg-info/entry_points.txt
[1.875s] writing requirements to ../../build/py_launch_aprilsys/py_launch_aprilsys.egg-info/requires.txt
[1.875s] writing top-level names to ../../build/py_launch_aprilsys/py_launch_aprilsys.egg-info/top_level.txt
[1.876s] writing manifest file '../../build/py_launch_aprilsys/py_launch_aprilsys.egg-info/SOURCES.txt'
[1.878s] reading manifest file '../../build/py_launch_aprilsys/py_launch_aprilsys.egg-info/SOURCES.txt'
[1.879s] writing manifest file '../../build/py_launch_aprilsys/py_launch_aprilsys.egg-info/SOURCES.txt'
[1.879s] running build
[1.879s] running build_py
[1.879s] creating /home/intern/recursive_ws/build/py_launch_aprilsys/build
[1.879s] creating /home/intern/recursive_ws/build/py_launch_aprilsys/build/lib
[1.880s] creating /home/intern/recursive_ws/build/py_launch_aprilsys/build/lib/py_launch_aprilsys
[1.880s] copying py_launch_aprilsys/__init__.py -> /home/intern/recursive_ws/build/py_launch_aprilsys/build/lib/py_launch_aprilsys
[1.880s] copying py_launch_aprilsys/SaveCSV.py -> /home/intern/recursive_ws/build/py_launch_aprilsys/build/lib/py_launch_aprilsys
[1.881s] running install
[1.881s] /usr/lib/python3/dist-packages/setuptools/command/install.py:34: SetuptoolsDeprecationWarning: setup.py install is deprecated. Use build and pip and other standards-based tools.
[1.881s]   warnings.warn(
[1.881s] running install_lib
[1.882s] creating /home/intern/recursive_ws/install/py_launch_aprilsys/lib/python3.10/site-packages/py_launch_aprilsys
[1.882s] copying /home/intern/recursive_ws/build/py_launch_aprilsys/build/lib/py_launch_aprilsys/__init__.py -> /home/intern/recursive_ws/install/py_launch_aprilsys/lib/python3.10/site-packages/py_launch_aprilsys
[1.882s] copying /home/intern/recursive_ws/build/py_launch_aprilsys/build/lib/py_launch_aprilsys/SaveCSV.py -> /home/intern/recursive_ws/install/py_launch_aprilsys/lib/python3.10/site-packages/py_launch_aprilsys
[1.883s] byte-compiling /home/intern/recursive_ws/install/py_launch_aprilsys/lib/python3.10/site-packages/py_launch_aprilsys/__init__.py to __init__.cpython-310.pyc
[1.883s] byte-compiling /home/intern/recursive_ws/install/py_launch_aprilsys/lib/python3.10/site-packages/py_launch_aprilsys/SaveCSV.py to SaveCSV.cpython-310.pyc
[1.884s] running install_data
[1.885s] creating /home/intern/recursive_ws/install/py_launch_aprilsys/share/ament_index
[1.885s] creating /home/intern/recursive_ws/install/py_launch_aprilsys/share/ament_index/resource_index
[1.885s] creating /home/intern/recursive_ws/install/py_launch_aprilsys/share/ament_index/resource_index/packages
[1.885s] copying resource/py_launch_aprilsys -> /home/intern/recursive_ws/install/py_launch_aprilsys/share/ament_index/resource_index/packages
[1.886s] copying package.xml -> /home/intern/recursive_ws/install/py_launch_aprilsys/share/py_launch_aprilsys
[1.887s] creating /home/intern/recursive_ws/install/py_launch_aprilsys/share/py_launch_aprilsys/launch
[1.887s] copying launch/april.launch.py -> /home/intern/recursive_ws/install/py_launch_aprilsys/share/py_launch_aprilsys/launch
[1.888s] copying launch/april_test.launch.py -> /home/intern/recursive_ws/install/py_launch_aprilsys/share/py_launch_aprilsys/launch
[1.889s] running install_egg_info
[1.890s] Copying ../../build/py_launch_aprilsys/py_launch_aprilsys.egg-info to /home/intern/recursive_ws/install/py_launch_aprilsys/lib/python3.10/site-packages/py_launch_aprilsys-0.0.0-py3.10.egg-info
[1.891s] running install_scripts
[1.944s] Installing saveCSV script to /home/intern/recursive_ws/install/py_launch_aprilsys/lib/py_launch_aprilsys
[1.949s] writing list of installed files to '/home/intern/recursive_ws/build/py_launch_aprilsys/install.log'
[1.999s] Invoked command in '/home/intern/recursive_ws/src/py_launch_aprilsys' returned '0': CMAKE_PREFIX_PATH=/home/intern/recursive_ws/install/apriltag_ros:/home/intern/recursive_ws/install/realsense2_description:/home/intern/recursive_ws/install/realsense2_camera:/home/intern/recursive_ws/install/realsense2_camera_msgs LD_LIBRARY_PATH=/home/intern/recursive_ws/install/apriltag_ros/lib:/home/intern/recursive_ws/install/realsense2_camera/lib:/home/intern/recursive_ws/install/realsense2_camera_msgs/lib:/opt/ros/humble/opt/rviz_ogre_vendor/lib:/opt/ros/humble/lib/x86_64-linux-gnu:/opt/ros/humble/lib PYTHONPATH=/home/intern/recursive_ws/build/py_launch_aprilsys/prefix_override:/home/intern/recursive_ws/install/py_launch_aprilsys/lib/python3.10/site-packages:${PYTHONPATH} /usr/bin/python3 setup.py egg_info --egg-base ../../build/py_launch_aprilsys build --build-base /home/intern/recursive_ws/build/py_launch_aprilsys/build install --record /home/intern/recursive_ws/build/py_launch_aprilsys/install.log --single-version-externally-managed
