[0.331s] DEBUG:colcon:Command line arguments: ['/usr/bin/colcon', 'build']
[0.331s] DEBUG:colcon:Parsed command line arguments: Namespace(log_base=None, log_level=None, verb_name='build', build_base='build', install_base='install', merge_install=False, symlink_install=False, test_result_base=None, continue_on_error=False, executor='parallel', parallel_workers=4, event_handlers=None, ignore_user_meta=False, metas=['./colcon.meta'], base_paths=['.'], packages_ignore=None, packages_ignore_regex=None, paths=None, packages_up_to=None, packages_up_to_regex=None, packages_above=None, packages_above_and_dependencies=None, packages_above_depth=None, packages_select_by_dep=None, packages_skip_by_dep=None, packages_skip_up_to=None, packages_select_build_failed=False, packages_skip_build_finished=False, packages_select_test_failures=False, packages_skip_test_passed=False, packages_select=None, packages_skip=None, packages_select_regex=None, packages_skip_regex=None, packages_start=None, packages_end=None, allow_overriding=[], cmake_args=None, cmake_target=None, cmake_target_skip_unavailable=False, cmake_clean_cache=False, cmake_clean_first=False, cmake_force_configure=False, ament_cmake_args=None, catkin_cmake_args=None, catkin_skip_building_tests=False, verb_parser=<colcon_defaults.argument_parser.defaults.DefaultArgumentsDecorator object at 0x7f26553c3010>, verb_extension=<colcon_core.verb.build.BuildVerb object at 0x7f2655590bb0>, main=<bound method BuildVerb.main of <colcon_core.verb.build.BuildVerb object at 0x7f2655590bb0>>)
[0.369s] Level 1:colcon.colcon_core.package_discovery:discover_packages(colcon_meta) check parameters
[0.369s] Level 1:colcon.colcon_core.package_discovery:discover_packages(recursive) check parameters
[0.369s] Level 1:colcon.colcon_core.package_discovery:discover_packages(ignore) check parameters
[0.369s] Level 1:colcon.colcon_core.package_discovery:discover_packages(path) check parameters
[0.369s] Level 1:colcon.colcon_core.package_discovery:discover_packages(colcon_meta) discover
[0.369s] Level 1:colcon.colcon_core.package_discovery:discover_packages(recursive) discover
[0.370s] INFO:colcon.colcon_core.package_discovery:Crawling recursively for packages in '/home/intern/ros2Humble_ws'
[0.370s] Level 1:colcon.colcon_core.package_identification:_identify(.) by extensions ['ignore', 'ignore_ament_install']
[0.370s] Level 1:colcon.colcon_core.package_identification:_identify(.) by extension 'ignore'
[0.370s] Level 1:colcon.colcon_core.package_identification:_identify(.) by extension 'ignore_ament_install'
[0.370s] Level 1:colcon.colcon_core.package_identification:_identify(.) by extensions ['colcon_pkg']
[0.370s] Level 1:colcon.colcon_core.package_identification:_identify(.) by extension 'colcon_pkg'
[0.370s] Level 1:colcon.colcon_core.package_identification:_identify(.) by extensions ['colcon_meta']
[0.370s] Level 1:colcon.colcon_core.package_identification:_identify(.) by extension 'colcon_meta'
[0.370s] Level 1:colcon.colcon_core.package_identification:_identify(.) by extensions ['ros']
[0.370s] Level 1:colcon.colcon_core.package_identification:_identify(.) by extension 'ros'
[0.388s] Level 1:colcon.colcon_core.package_identification:_identify(.) by extensions ['cmake', 'python']
[0.388s] Level 1:colcon.colcon_core.package_identification:_identify(.) by extension 'cmake'
[0.388s] Level 1:colcon.colcon_core.package_identification:_identify(.) by extension 'python'
[0.389s] Level 1:colcon.colcon_core.package_identification:_identify(.) by extensions ['python_setup_py']
[0.389s] Level 1:colcon.colcon_core.package_identification:_identify(.) by extension 'python_setup_py'
[0.389s] Level 1:colcon.colcon_core.package_identification:_identify(build) by extensions ['ignore', 'ignore_ament_install']
[0.389s] Level 1:colcon.colcon_core.package_identification:_identify(build) by extension 'ignore'
[0.389s] Level 1:colcon.colcon_core.package_identification:_identify(build) ignored
[0.389s] Level 1:colcon.colcon_core.package_identification:_identify(install) by extensions ['ignore', 'ignore_ament_install']
[0.389s] Level 1:colcon.colcon_core.package_identification:_identify(install) by extension 'ignore'
[0.389s] Level 1:colcon.colcon_core.package_identification:_identify(install) ignored
[0.389s] Level 1:colcon.colcon_core.package_identification:_identify(log) by extensions ['ignore', 'ignore_ament_install']
[0.389s] Level 1:colcon.colcon_core.package_identification:_identify(log) by extension 'ignore'
[0.389s] Level 1:colcon.colcon_core.package_identification:_identify(log) ignored
[0.390s] Level 1:colcon.colcon_core.package_identification:_identify(src) by extensions ['ignore', 'ignore_ament_install']
[0.390s] Level 1:colcon.colcon_core.package_identification:_identify(src) by extension 'ignore'
[0.390s] Level 1:colcon.colcon_core.package_identification:_identify(src) by extension 'ignore_ament_install'
[0.390s] Level 1:colcon.colcon_core.package_identification:_identify(src) by extensions ['colcon_pkg']
[0.390s] Level 1:colcon.colcon_core.package_identification:_identify(src) by extension 'colcon_pkg'
[0.390s] Level 1:colcon.colcon_core.package_identification:_identify(src) by extensions ['colcon_meta']
[0.390s] Level 1:colcon.colcon_core.package_identification:_identify(src) by extension 'colcon_meta'
[0.390s] Level 1:colcon.colcon_core.package_identification:_identify(src) by extensions ['ros']
[0.390s] Level 1:colcon.colcon_core.package_identification:_identify(src) by extension 'ros'
[0.390s] Level 1:colcon.colcon_core.package_identification:_identify(src) by extensions ['cmake', 'python']
[0.390s] Level 1:colcon.colcon_core.package_identification:_identify(src) by extension 'cmake'
[0.390s] Level 1:colcon.colcon_core.package_identification:_identify(src) by extension 'python'
[0.390s] Level 1:colcon.colcon_core.package_identification:_identify(src) by extensions ['python_setup_py']
[0.390s] Level 1:colcon.colcon_core.package_identification:_identify(src) by extension 'python_setup_py'
[0.390s] Level 1:colcon.colcon_core.package_identification:_identify(src/apriltag_ros) by extensions ['ignore', 'ignore_ament_install']
[0.391s] Level 1:colcon.colcon_core.package_identification:_identify(src/apriltag_ros) by extension 'ignore'
[0.391s] Level 1:colcon.colcon_core.package_identification:_identify(src/apriltag_ros) by extension 'ignore_ament_install'
[0.391s] Level 1:colcon.colcon_core.package_identification:_identify(src/apriltag_ros) by extensions ['colcon_pkg']
[0.391s] Level 1:colcon.colcon_core.package_identification:_identify(src/apriltag_ros) by extension 'colcon_pkg'
[0.391s] Level 1:colcon.colcon_core.package_identification:_identify(src/apriltag_ros) by extensions ['colcon_meta']
[0.391s] Level 1:colcon.colcon_core.package_identification:_identify(src/apriltag_ros) by extension 'colcon_meta'
[0.391s] Level 1:colcon.colcon_core.package_identification:_identify(src/apriltag_ros) by extensions ['ros']
[0.391s] Level 1:colcon.colcon_core.package_identification:_identify(src/apriltag_ros) by extension 'ros'
[0.395s] DEBUG:colcon.colcon_core.package_identification:Package 'src/apriltag_ros' with type 'ros.ament_cmake' and name 'apriltag_ros'
[0.395s] Level 1:colcon.colcon_core.package_identification:_identify(src/realsense-ros) by extensions ['ignore', 'ignore_ament_install']
[0.395s] Level 1:colcon.colcon_core.package_identification:_identify(src/realsense-ros) by extension 'ignore'
[0.395s] Level 1:colcon.colcon_core.package_identification:_identify(src/realsense-ros) by extension 'ignore_ament_install'
[0.395s] Level 1:colcon.colcon_core.package_identification:_identify(src/realsense-ros) by extensions ['colcon_pkg']
[0.395s] Level 1:colcon.colcon_core.package_identification:_identify(src/realsense-ros) by extension 'colcon_pkg'
[0.395s] Level 1:colcon.colcon_core.package_identification:_identify(src/realsense-ros) by extensions ['colcon_meta']
[0.395s] Level 1:colcon.colcon_core.package_identification:_identify(src/realsense-ros) by extension 'colcon_meta'
[0.395s] Level 1:colcon.colcon_core.package_identification:_identify(src/realsense-ros) by extensions ['ros']
[0.395s] Level 1:colcon.colcon_core.package_identification:_identify(src/realsense-ros) by extension 'ros'
[0.395s] Level 1:colcon.colcon_core.package_identification:_identify(src/realsense-ros) by extensions ['cmake', 'python']
[0.395s] Level 1:colcon.colcon_core.package_identification:_identify(src/realsense-ros) by extension 'cmake'
[0.396s] Level 1:colcon.colcon_core.package_identification:_identify(src/realsense-ros) by extension 'python'
[0.396s] Level 1:colcon.colcon_core.package_identification:_identify(src/realsense-ros) by extensions ['python_setup_py']
[0.396s] Level 1:colcon.colcon_core.package_identification:_identify(src/realsense-ros) by extension 'python_setup_py'
[0.396s] Level 1:colcon.colcon_core.package_identification:_identify(src/realsense-ros/realsense2_camera) by extensions ['ignore', 'ignore_ament_install']
[0.396s] Level 1:colcon.colcon_core.package_identification:_identify(src/realsense-ros/realsense2_camera) by extension 'ignore'
[0.396s] Level 1:colcon.colcon_core.package_identification:_identify(src/realsense-ros/realsense2_camera) by extension 'ignore_ament_install'
[0.396s] Level 1:colcon.colcon_core.package_identification:_identify(src/realsense-ros/realsense2_camera) by extensions ['colcon_pkg']
[0.396s] Level 1:colcon.colcon_core.package_identification:_identify(src/realsense-ros/realsense2_camera) by extension 'colcon_pkg'
[0.396s] Level 1:colcon.colcon_core.package_identification:_identify(src/realsense-ros/realsense2_camera) by extensions ['colcon_meta']
[0.396s] Level 1:colcon.colcon_core.package_identification:_identify(src/realsense-ros/realsense2_camera) by extension 'colcon_meta'
[0.396s] Level 1:colcon.colcon_core.package_identification:_identify(src/realsense-ros/realsense2_camera) by extensions ['ros']
[0.396s] Level 1:colcon.colcon_core.package_identification:_identify(src/realsense-ros/realsense2_camera) by extension 'ros'
[0.398s] DEBUG:colcon.colcon_core.package_identification:Package 'src/realsense-ros/realsense2_camera' with type 'ros.ament_cmake' and name 'realsense2_camera'
[0.398s] Level 1:colcon.colcon_core.package_identification:_identify(src/realsense-ros/realsense2_camera_msgs) by extensions ['ignore', 'ignore_ament_install']
[0.399s] Level 1:colcon.colcon_core.package_identification:_identify(src/realsense-ros/realsense2_camera_msgs) by extension 'ignore'
[0.399s] Level 1:colcon.colcon_core.package_identification:_identify(src/realsense-ros/realsense2_camera_msgs) by extension 'ignore_ament_install'
[0.399s] Level 1:colcon.colcon_core.package_identification:_identify(src/realsense-ros/realsense2_camera_msgs) by extensions ['colcon_pkg']
[0.399s] Level 1:colcon.colcon_core.package_identification:_identify(src/realsense-ros/realsense2_camera_msgs) by extension 'colcon_pkg'
[0.399s] Level 1:colcon.colcon_core.package_identification:_identify(src/realsense-ros/realsense2_camera_msgs) by extensions ['colcon_meta']
[0.399s] Level 1:colcon.colcon_core.package_identification:_identify(src/realsense-ros/realsense2_camera_msgs) by extension 'colcon_meta'
[0.399s] Level 1:colcon.colcon_core.package_identification:_identify(src/realsense-ros/realsense2_camera_msgs) by extensions ['ros']
[0.399s] Level 1:colcon.colcon_core.package_identification:_identify(src/realsense-ros/realsense2_camera_msgs) by extension 'ros'
[0.400s] DEBUG:colcon.colcon_core.package_identification:Package 'src/realsense-ros/realsense2_camera_msgs' with type 'ros.ament_cmake' and name 'realsense2_camera_msgs'
[0.400s] Level 1:colcon.colcon_core.package_identification:_identify(src/realsense-ros/realsense2_description) by extensions ['ignore', 'ignore_ament_install']
[0.400s] Level 1:colcon.colcon_core.package_identification:_identify(src/realsense-ros/realsense2_description) by extension 'ignore'
[0.400s] Level 1:colcon.colcon_core.package_identification:_identify(src/realsense-ros/realsense2_description) by extension 'ignore_ament_install'
[0.400s] Level 1:colcon.colcon_core.package_identification:_identify(src/realsense-ros/realsense2_description) by extensions ['colcon_pkg']
[0.400s] Level 1:colcon.colcon_core.package_identification:_identify(src/realsense-ros/realsense2_description) by extension 'colcon_pkg'
[0.400s] Level 1:colcon.colcon_core.package_identification:_identify(src/realsense-ros/realsense2_description) by extensions ['colcon_meta']
[0.400s] Level 1:colcon.colcon_core.package_identification:_identify(src/realsense-ros/realsense2_description) by extension 'colcon_meta'
[0.400s] Level 1:colcon.colcon_core.package_identification:_identify(src/realsense-ros/realsense2_description) by extensions ['ros']
[0.400s] Level 1:colcon.colcon_core.package_identification:_identify(src/realsense-ros/realsense2_description) by extension 'ros'
[0.401s] DEBUG:colcon.colcon_core.package_identification:Package 'src/realsense-ros/realsense2_description' with type 'ros.ament_cmake' and name 'realsense2_description'
[0.401s] Level 1:colcon.colcon_core.package_identification:_identify(src/realsense-ros/scripts) by extensions ['ignore', 'ignore_ament_install']
[0.401s] Level 1:colcon.colcon_core.package_identification:_identify(src/realsense-ros/scripts) by extension 'ignore'
[0.402s] Level 1:colcon.colcon_core.package_identification:_identify(src/realsense-ros/scripts) by extension 'ignore_ament_install'
[0.402s] Level 1:colcon.colcon_core.package_identification:_identify(src/realsense-ros/scripts) by extensions ['colcon_pkg']
[0.402s] Level 1:colcon.colcon_core.package_identification:_identify(src/realsense-ros/scripts) by extension 'colcon_pkg'
[0.402s] Level 1:colcon.colcon_core.package_identification:_identify(src/realsense-ros/scripts) by extensions ['colcon_meta']
[0.402s] Level 1:colcon.colcon_core.package_identification:_identify(src/realsense-ros/scripts) by extension 'colcon_meta'
[0.402s] Level 1:colcon.colcon_core.package_identification:_identify(src/realsense-ros/scripts) by extensions ['ros']
[0.402s] Level 1:colcon.colcon_core.package_identification:_identify(src/realsense-ros/scripts) by extension 'ros'
[0.402s] Level 1:colcon.colcon_core.package_identification:_identify(src/realsense-ros/scripts) by extensions ['cmake', 'python']
[0.402s] Level 1:colcon.colcon_core.package_identification:_identify(src/realsense-ros/scripts) by extension 'cmake'
[0.402s] Level 1:colcon.colcon_core.package_identification:_identify(src/realsense-ros/scripts) by extension 'python'
[0.402s] Level 1:colcon.colcon_core.package_identification:_identify(src/realsense-ros/scripts) by extensions ['python_setup_py']
[0.402s] Level 1:colcon.colcon_core.package_identification:_identify(src/realsense-ros/scripts) by extension 'python_setup_py'
[0.402s] Level 1:colcon.colcon_core.package_discovery:discover_packages(recursive) using defaults
[0.402s] Level 1:colcon.colcon_core.package_discovery:discover_packages(ignore) discover
[0.402s] Level 1:colcon.colcon_core.package_discovery:discover_packages(ignore) using defaults
[0.402s] Level 1:colcon.colcon_core.package_discovery:discover_packages(path) discover
[0.402s] Level 1:colcon.colcon_core.package_discovery:discover_packages(path) using defaults
[0.431s] Level 1:colcon.colcon_core.package_discovery:discover_packages(prefix_path) check parameters
[0.431s] Level 1:colcon.colcon_core.package_discovery:discover_packages(prefix_path) discover
[0.434s] DEBUG:colcon.colcon_installed_package_information.package_discovery:Found 4 installed packages in /home/intern/ros2Humble_ws/install
[0.436s] DEBUG:colcon.colcon_installed_package_information.package_discovery:Found 275 installed packages in /opt/ros/humble
[0.438s] Level 1:colcon.colcon_core.package_discovery:discover_packages(prefix_path) using defaults
[0.511s] Level 5:colcon.colcon_core.verb:set package 'apriltag_ros' build argument 'cmake_args' from command line to 'None'
[0.511s] Level 5:colcon.colcon_core.verb:set package 'apriltag_ros' build argument 'cmake_target' from command line to 'None'
[0.511s] Level 5:colcon.colcon_core.verb:set package 'apriltag_ros' build argument 'cmake_target_skip_unavailable' from command line to 'False'
[0.511s] Level 5:colcon.colcon_core.verb:set package 'apriltag_ros' build argument 'cmake_clean_cache' from command line to 'False'
[0.511s] Level 5:colcon.colcon_core.verb:set package 'apriltag_ros' build argument 'cmake_clean_first' from command line to 'False'
[0.511s] Level 5:colcon.colcon_core.verb:set package 'apriltag_ros' build argument 'cmake_force_configure' from command line to 'False'
[0.512s] Level 5:colcon.colcon_core.verb:set package 'apriltag_ros' build argument 'ament_cmake_args' from command line to 'None'
[0.512s] Level 5:colcon.colcon_core.verb:set package 'apriltag_ros' build argument 'catkin_cmake_args' from command line to 'None'
[0.512s] Level 5:colcon.colcon_core.verb:set package 'apriltag_ros' build argument 'catkin_skip_building_tests' from command line to 'False'
[0.512s] DEBUG:colcon.colcon_core.verb:Building package 'apriltag_ros' with the following arguments: {'ament_cmake_args': None, 'build_base': '/home/intern/ros2Humble_ws/build/apriltag_ros', 'catkin_cmake_args': None, 'catkin_skip_building_tests': False, 'cmake_args': None, 'cmake_clean_cache': False, 'cmake_clean_first': False, 'cmake_force_configure': False, 'cmake_target': None, 'cmake_target_skip_unavailable': False, 'install_base': '/home/intern/ros2Humble_ws/install/apriltag_ros', 'merge_install': False, 'path': '/home/intern/ros2Humble_ws/src/apriltag_ros', 'symlink_install': False, 'test_result_base': None}
[0.513s] Level 5:colcon.colcon_core.verb:set package 'realsense2_camera_msgs' build argument 'cmake_args' from command line to 'None'
[0.513s] Level 5:colcon.colcon_core.verb:set package 'realsense2_camera_msgs' build argument 'cmake_target' from command line to 'None'
[0.513s] Level 5:colcon.colcon_core.verb:set package 'realsense2_camera_msgs' build argument 'cmake_target_skip_unavailable' from command line to 'False'
[0.513s] Level 5:colcon.colcon_core.verb:set package 'realsense2_camera_msgs' build argument 'cmake_clean_cache' from command line to 'False'
[0.513s] Level 5:colcon.colcon_core.verb:set package 'realsense2_camera_msgs' build argument 'cmake_clean_first' from command line to 'False'
[0.513s] Level 5:colcon.colcon_core.verb:set package 'realsense2_camera_msgs' build argument 'cmake_force_configure' from command line to 'False'
[0.513s] Level 5:colcon.colcon_core.verb:set package 'realsense2_camera_msgs' build argument 'ament_cmake_args' from command line to 'None'
[0.513s] Level 5:colcon.colcon_core.verb:set package 'realsense2_camera_msgs' build argument 'catkin_cmake_args' from command line to 'None'
[0.513s] Level 5:colcon.colcon_core.verb:set package 'realsense2_camera_msgs' build argument 'catkin_skip_building_tests' from command line to 'False'
[0.513s] DEBUG:colcon.colcon_core.verb:Building package 'realsense2_camera_msgs' with the following arguments: {'ament_cmake_args': None, 'build_base': '/home/intern/ros2Humble_ws/build/realsense2_camera_msgs', 'catkin_cmake_args': None, 'catkin_skip_building_tests': False, 'cmake_args': None, 'cmake_clean_cache': False, 'cmake_clean_first': False, 'cmake_force_configure': False, 'cmake_target': None, 'cmake_target_skip_unavailable': False, 'install_base': '/home/intern/ros2Humble_ws/install/realsense2_camera_msgs', 'merge_install': False, 'path': '/home/intern/ros2Humble_ws/src/realsense-ros/realsense2_camera_msgs', 'symlink_install': False, 'test_result_base': None}
[0.514s] Level 5:colcon.colcon_core.verb:set package 'realsense2_camera' build argument 'cmake_args' from command line to 'None'
[0.514s] Level 5:colcon.colcon_core.verb:set package 'realsense2_camera' build argument 'cmake_target' from command line to 'None'
[0.514s] Level 5:colcon.colcon_core.verb:set package 'realsense2_camera' build argument 'cmake_target_skip_unavailable' from command line to 'False'
[0.514s] Level 5:colcon.colcon_core.verb:set package 'realsense2_camera' build argument 'cmake_clean_cache' from command line to 'False'
[0.514s] Level 5:colcon.colcon_core.verb:set package 'realsense2_camera' build argument 'cmake_clean_first' from command line to 'False'
[0.514s] Level 5:colcon.colcon_core.verb:set package 'realsense2_camera' build argument 'cmake_force_configure' from command line to 'False'
[0.514s] Level 5:colcon.colcon_core.verb:set package 'realsense2_camera' build argument 'ament_cmake_args' from command line to 'None'
[0.515s] Level 5:colcon.colcon_core.verb:set package 'realsense2_camera' build argument 'catkin_cmake_args' from command line to 'None'
[0.515s] Level 5:colcon.colcon_core.verb:set package 'realsense2_camera' build argument 'catkin_skip_building_tests' from command line to 'False'
[0.515s] DEBUG:colcon.colcon_core.verb:Building package 'realsense2_camera' with the following arguments: {'ament_cmake_args': None, 'build_base': '/home/intern/ros2Humble_ws/build/realsense2_camera', 'catkin_cmake_args': None, 'catkin_skip_building_tests': False, 'cmake_args': None, 'cmake_clean_cache': False, 'cmake_clean_first': False, 'cmake_force_configure': False, 'cmake_target': None, 'cmake_target_skip_unavailable': False, 'install_base': '/home/intern/ros2Humble_ws/install/realsense2_camera', 'merge_install': False, 'path': '/home/intern/ros2Humble_ws/src/realsense-ros/realsense2_camera', 'symlink_install': False, 'test_result_base': None}
[0.516s] Level 5:colcon.colcon_core.verb:set package 'realsense2_description' build argument 'cmake_args' from command line to 'None'
[0.516s] Level 5:colcon.colcon_core.verb:set package 'realsense2_description' build argument 'cmake_target' from command line to 'None'
[0.516s] Level 5:colcon.colcon_core.verb:set package 'realsense2_description' build argument 'cmake_target_skip_unavailable' from command line to 'False'
[0.516s] Level 5:colcon.colcon_core.verb:set package 'realsense2_description' build argument 'cmake_clean_cache' from command line to 'False'
[0.516s] Level 5:colcon.colcon_core.verb:set package 'realsense2_description' build argument 'cmake_clean_first' from command line to 'False'
[0.516s] Level 5:colcon.colcon_core.verb:set package 'realsense2_description' build argument 'cmake_force_configure' from command line to 'False'
[0.516s] Level 5:colcon.colcon_core.verb:set package 'realsense2_description' build argument 'ament_cmake_args' from command line to 'None'
[0.516s] Level 5:colcon.colcon_core.verb:set package 'realsense2_description' build argument 'catkin_cmake_args' from command line to 'None'
[0.516s] Level 5:colcon.colcon_core.verb:set package 'realsense2_description' build argument 'catkin_skip_building_tests' from command line to 'False'
[0.516s] DEBUG:colcon.colcon_core.verb:Building package 'realsense2_description' with the following arguments: {'ament_cmake_args': None, 'build_base': '/home/intern/ros2Humble_ws/build/realsense2_description', 'catkin_cmake_args': None, 'catkin_skip_building_tests': False, 'cmake_args': None, 'cmake_clean_cache': False, 'cmake_clean_first': False, 'cmake_force_configure': False, 'cmake_target': None, 'cmake_target_skip_unavailable': False, 'install_base': '/home/intern/ros2Humble_ws/install/realsense2_description', 'merge_install': False, 'path': '/home/intern/ros2Humble_ws/src/realsense-ros/realsense2_description', 'symlink_install': False, 'test_result_base': None}
[0.517s] INFO:colcon.colcon_core.executor:Executing jobs using 'parallel' executor
[0.521s] DEBUG:colcon.colcon_parallel_executor.executor.parallel:run_until_complete
[0.521s] INFO:colcon.colcon_ros.task.ament_cmake.build:Building ROS package in '/home/intern/ros2Humble_ws/src/realsense-ros/realsense2_camera_msgs' with build type 'ament_cmake'
[0.521s] INFO:colcon.colcon_cmake.task.cmake.build:Building CMake package in '/home/intern/ros2Humble_ws/src/realsense-ros/realsense2_camera_msgs'
[0.526s] INFO:colcon.colcon_core.plugin_system:Skipping extension 'colcon_core.shell.bat': Not used on non-Windows systems
[0.527s] INFO:colcon.colcon_core.shell:Skip shell extension 'powershell' for command environment: Not usable outside of PowerShell
[0.527s] DEBUG:colcon.colcon_core.shell:Skip shell extension 'dsv' for command environment
[0.532s] INFO:colcon.colcon_ros.task.ament_cmake.build:Building ROS package in '/home/intern/ros2Humble_ws/src/apriltag_ros' with build type 'ament_cmake'
[0.532s] INFO:colcon.colcon_cmake.task.cmake.build:Building CMake package in '/home/intern/ros2Humble_ws/src/apriltag_ros'
[0.534s] INFO:colcon.colcon_core.shell:Skip shell extension 'powershell' for command environment: Not usable outside of PowerShell
[0.535s] DEBUG:colcon.colcon_core.shell:Skip shell extension 'dsv' for command environment
[0.548s] DEBUG:colcon.colcon_core.event_handler.log_command:Invoking command in '/home/intern/ros2Humble_ws/build/realsense2_camera_msgs': CMAKE_PREFIX_PATH=${CMAKE_PREFIX_PATH}:/opt/ros/humble /home/intern/.local/bin/cmake --build /home/intern/ros2Humble_ws/build/realsense2_camera_msgs -- -j4 -l4
[0.554s] DEBUG:colcon.colcon_core.event_handler.log_command:Invoking command in '/home/intern/ros2Humble_ws/build/apriltag_ros': CMAKE_PREFIX_PATH=${CMAKE_PREFIX_PATH}:/opt/ros/humble /home/intern/.local/bin/cmake --build /home/intern/ros2Humble_ws/build/apriltag_ros -- -j4 -l4
[0.701s] DEBUG:colcon.colcon_core.event_handler.log_command:Invoked command in '/home/intern/ros2Humble_ws/build/apriltag_ros' returned '0': CMAKE_PREFIX_PATH=${CMAKE_PREFIX_PATH}:/opt/ros/humble /home/intern/.local/bin/cmake --build /home/intern/ros2Humble_ws/build/apriltag_ros -- -j4 -l4
[0.845s] DEBUG:colcon.colcon_core.event_handler.log_command:Invoking command in '/home/intern/ros2Humble_ws/build/apriltag_ros': CMAKE_PREFIX_PATH=${CMAKE_PREFIX_PATH}:/opt/ros/humble /home/intern/.local/bin/cmake --install /home/intern/ros2Humble_ws/build/apriltag_ros
[0.893s] Level 1:colcon.colcon_core.environment:create_environment_scripts_only(apriltag_ros)
[0.896s] DEBUG:colcon.colcon_core.event_handler.log_command:Invoked command in '/home/intern/ros2Humble_ws/build/apriltag_ros' returned '0': CMAKE_PREFIX_PATH=${CMAKE_PREFIX_PATH}:/opt/ros/humble /home/intern/.local/bin/cmake --install /home/intern/ros2Humble_ws/build/apriltag_ros
[0.904s] Level 1:colcon.colcon_core.environment:checking '/home/intern/ros2Humble_ws/install/apriltag_ros' for CMake module files
[0.905s] Level 1:colcon.colcon_core.environment:checking '/home/intern/ros2Humble_ws/install/apriltag_ros' for CMake config files
[0.905s] Level 1:colcon.colcon_core.shell:create_environment_hook('apriltag_ros', 'cmake_prefix_path')
[0.908s] INFO:colcon.colcon_core.shell:Creating environment hook '/home/intern/ros2Humble_ws/install/apriltag_ros/share/apriltag_ros/hook/cmake_prefix_path.ps1'
[0.910s] INFO:colcon.colcon_core.shell:Creating environment descriptor '/home/intern/ros2Humble_ws/install/apriltag_ros/share/apriltag_ros/hook/cmake_prefix_path.dsv'
[0.911s] INFO:colcon.colcon_core.shell:Creating environment hook '/home/intern/ros2Humble_ws/install/apriltag_ros/share/apriltag_ros/hook/cmake_prefix_path.sh'
[0.912s] Level 1:colcon.colcon_core.environment:checking '/home/intern/ros2Humble_ws/install/apriltag_ros/lib'
[0.913s] Level 1:colcon.colcon_core.shell:create_environment_hook('apriltag_ros', 'ld_library_path_lib')
[0.916s] INFO:colcon.colcon_core.shell:Creating environment hook '/home/intern/ros2Humble_ws/install/apriltag_ros/share/apriltag_ros/hook/ld_library_path_lib.ps1'
[0.916s] INFO:colcon.colcon_core.shell:Creating environment descriptor '/home/intern/ros2Humble_ws/install/apriltag_ros/share/apriltag_ros/hook/ld_library_path_lib.dsv'
[0.917s] INFO:colcon.colcon_core.shell:Creating environment hook '/home/intern/ros2Humble_ws/install/apriltag_ros/share/apriltag_ros/hook/ld_library_path_lib.sh'
[0.918s] Level 1:colcon.colcon_core.environment:checking '/home/intern/ros2Humble_ws/install/apriltag_ros/bin'
[0.918s] Level 1:colcon.colcon_core.environment:checking '/home/intern/ros2Humble_ws/install/apriltag_ros/lib/pkgconfig/apriltag_ros.pc'
[0.918s] Level 1:colcon.colcon_core.environment:checking '/home/intern/ros2Humble_ws/install/apriltag_ros/lib/python3.10/site-packages'
[0.919s] Level 1:colcon.colcon_core.environment:checking '/home/intern/ros2Humble_ws/install/apriltag_ros/bin'
[0.922s] INFO:colcon.colcon_core.shell:Creating package script '/home/intern/ros2Humble_ws/install/apriltag_ros/share/apriltag_ros/package.ps1'
[0.924s] INFO:colcon.colcon_core.shell:Creating package descriptor '/home/intern/ros2Humble_ws/install/apriltag_ros/share/apriltag_ros/package.dsv'
[0.926s] INFO:colcon.colcon_core.shell:Creating package script '/home/intern/ros2Humble_ws/install/apriltag_ros/share/apriltag_ros/package.sh'
[0.927s] INFO:colcon.colcon_core.shell:Creating package script '/home/intern/ros2Humble_ws/install/apriltag_ros/share/apriltag_ros/package.bash'
[0.929s] INFO:colcon.colcon_core.shell:Creating package script '/home/intern/ros2Humble_ws/install/apriltag_ros/share/apriltag_ros/package.zsh'
[0.930s] Level 1:colcon.colcon_core.environment:create_file_with_runtime_dependencies(/home/intern/ros2Humble_ws/install/apriltag_ros/share/colcon-core/packages/apriltag_ros)
[1.002s] Level 1:colcon.colcon_core.environment:create_environment_scripts_only(apriltag_ros)
[1.006s] Level 1:colcon.colcon_core.environment:checking '/home/intern/ros2Humble_ws/install/apriltag_ros' for CMake module files
[1.008s] Level 1:colcon.colcon_core.environment:checking '/home/intern/ros2Humble_ws/install/apriltag_ros' for CMake config files
[1.008s] Level 1:colcon.colcon_core.shell:create_environment_hook('apriltag_ros', 'cmake_prefix_path')
[1.011s] INFO:colcon.colcon_core.shell:Creating environment hook '/home/intern/ros2Humble_ws/install/apriltag_ros/share/apriltag_ros/hook/cmake_prefix_path.ps1'
[1.012s] INFO:colcon.colcon_core.shell:Creating environment descriptor '/home/intern/ros2Humble_ws/install/apriltag_ros/share/apriltag_ros/hook/cmake_prefix_path.dsv'
[1.013s] INFO:colcon.colcon_core.shell:Creating environment hook '/home/intern/ros2Humble_ws/install/apriltag_ros/share/apriltag_ros/hook/cmake_prefix_path.sh'
[1.014s] Level 1:colcon.colcon_core.environment:checking '/home/intern/ros2Humble_ws/install/apriltag_ros/lib'
[1.014s] Level 1:colcon.colcon_core.shell:create_environment_hook('apriltag_ros', 'ld_library_path_lib')
[1.017s] INFO:colcon.colcon_core.shell:Creating environment hook '/home/intern/ros2Humble_ws/install/apriltag_ros/share/apriltag_ros/hook/ld_library_path_lib.ps1'
[1.018s] INFO:colcon.colcon_core.shell:Creating environment descriptor '/home/intern/ros2Humble_ws/install/apriltag_ros/share/apriltag_ros/hook/ld_library_path_lib.dsv'
[1.019s] INFO:colcon.colcon_core.shell:Creating environment hook '/home/intern/ros2Humble_ws/install/apriltag_ros/share/apriltag_ros/hook/ld_library_path_lib.sh'
[1.020s] Level 1:colcon.colcon_core.environment:checking '/home/intern/ros2Humble_ws/install/apriltag_ros/bin'
[1.020s] Level 1:colcon.colcon_core.environment:checking '/home/intern/ros2Humble_ws/install/apriltag_ros/lib/pkgconfig/apriltag_ros.pc'
[1.020s] Level 1:colcon.colcon_core.environment:checking '/home/intern/ros2Humble_ws/install/apriltag_ros/lib/python3.10/site-packages'
[1.021s] Level 1:colcon.colcon_core.environment:checking '/home/intern/ros2Humble_ws/install/apriltag_ros/bin'
[1.024s] INFO:colcon.colcon_core.shell:Creating package script '/home/intern/ros2Humble_ws/install/apriltag_ros/share/apriltag_ros/package.ps1'
[1.026s] INFO:colcon.colcon_core.shell:Creating package descriptor '/home/intern/ros2Humble_ws/install/apriltag_ros/share/apriltag_ros/package.dsv'
[1.027s] INFO:colcon.colcon_core.shell:Creating package script '/home/intern/ros2Humble_ws/install/apriltag_ros/share/apriltag_ros/package.sh'
[1.028s] INFO:colcon.colcon_core.shell:Creating package script '/home/intern/ros2Humble_ws/install/apriltag_ros/share/apriltag_ros/package.bash'
[1.029s] INFO:colcon.colcon_core.shell:Creating package script '/home/intern/ros2Humble_ws/install/apriltag_ros/share/apriltag_ros/package.zsh'
[1.030s] Level 1:colcon.colcon_core.environment:create_file_with_runtime_dependencies(/home/intern/ros2Humble_ws/install/apriltag_ros/share/colcon-core/packages/apriltag_ros)
[1.092s] DEBUG:colcon.colcon_core.event_handler.log_command:Invoked command in '/home/intern/ros2Humble_ws/build/realsense2_camera_msgs' returned '0': CMAKE_PREFIX_PATH=${CMAKE_PREFIX_PATH}:/opt/ros/humble /home/intern/.local/bin/cmake --build /home/intern/ros2Humble_ws/build/realsense2_camera_msgs -- -j4 -l4
[1.246s] DEBUG:colcon.colcon_core.event_handler.log_command:Invoking command in '/home/intern/ros2Humble_ws/build/realsense2_camera_msgs': CMAKE_PREFIX_PATH=${CMAKE_PREFIX_PATH}:/opt/ros/humble /home/intern/.local/bin/cmake --install /home/intern/ros2Humble_ws/build/realsense2_camera_msgs
[1.348s] Level 1:colcon.colcon_core.environment:create_environment_scripts_only(realsense2_camera_msgs)
[1.351s] Level 1:colcon.colcon_core.environment:checking '/home/intern/ros2Humble_ws/install/realsense2_camera_msgs' for CMake module files
[1.352s] DEBUG:colcon.colcon_core.event_handler.log_command:Invoked command in '/home/intern/ros2Humble_ws/build/realsense2_camera_msgs' returned '0': CMAKE_PREFIX_PATH=${CMAKE_PREFIX_PATH}:/opt/ros/humble /home/intern/.local/bin/cmake --install /home/intern/ros2Humble_ws/build/realsense2_camera_msgs
[1.353s] Level 1:colcon.colcon_core.environment:checking '/home/intern/ros2Humble_ws/install/realsense2_camera_msgs' for CMake config files
[1.353s] Level 1:colcon.colcon_core.shell:create_environment_hook('realsense2_camera_msgs', 'cmake_prefix_path')
[1.355s] INFO:colcon.colcon_core.shell:Creating environment hook '/home/intern/ros2Humble_ws/install/realsense2_camera_msgs/share/realsense2_camera_msgs/hook/cmake_prefix_path.ps1'
[1.355s] INFO:colcon.colcon_core.shell:Creating environment descriptor '/home/intern/ros2Humble_ws/install/realsense2_camera_msgs/share/realsense2_camera_msgs/hook/cmake_prefix_path.dsv'
[1.356s] INFO:colcon.colcon_core.shell:Creating environment hook '/home/intern/ros2Humble_ws/install/realsense2_camera_msgs/share/realsense2_camera_msgs/hook/cmake_prefix_path.sh'
[1.356s] Level 1:colcon.colcon_core.environment:checking '/home/intern/ros2Humble_ws/install/realsense2_camera_msgs/lib'
[1.357s] Level 1:colcon.colcon_core.shell:create_environment_hook('realsense2_camera_msgs', 'ld_library_path_lib')
[1.358s] INFO:colcon.colcon_core.shell:Creating environment hook '/home/intern/ros2Humble_ws/install/realsense2_camera_msgs/share/realsense2_camera_msgs/hook/ld_library_path_lib.ps1'
[1.359s] INFO:colcon.colcon_core.shell:Creating environment descriptor '/home/intern/ros2Humble_ws/install/realsense2_camera_msgs/share/realsense2_camera_msgs/hook/ld_library_path_lib.dsv'
[1.359s] INFO:colcon.colcon_core.shell:Creating environment hook '/home/intern/ros2Humble_ws/install/realsense2_camera_msgs/share/realsense2_camera_msgs/hook/ld_library_path_lib.sh'
[1.359s] Level 1:colcon.colcon_core.environment:checking '/home/intern/ros2Humble_ws/install/realsense2_camera_msgs/bin'
[1.360s] Level 1:colcon.colcon_core.environment:checking '/home/intern/ros2Humble_ws/install/realsense2_camera_msgs/lib/pkgconfig/realsense2_camera_msgs.pc'
[1.360s] Level 1:colcon.colcon_core.environment:checking '/home/intern/ros2Humble_ws/install/realsense2_camera_msgs/lib/python3.10/site-packages'
[1.360s] Level 1:colcon.colcon_core.environment:checking '/home/intern/ros2Humble_ws/install/realsense2_camera_msgs/bin'
[1.362s] INFO:colcon.colcon_core.shell:Creating package script '/home/intern/ros2Humble_ws/install/realsense2_camera_msgs/share/realsense2_camera_msgs/package.ps1'
[1.362s] INFO:colcon.colcon_core.shell:Creating package descriptor '/home/intern/ros2Humble_ws/install/realsense2_camera_msgs/share/realsense2_camera_msgs/package.dsv'
[1.363s] INFO:colcon.colcon_core.shell:Creating package script '/home/intern/ros2Humble_ws/install/realsense2_camera_msgs/share/realsense2_camera_msgs/package.sh'
[1.363s] INFO:colcon.colcon_core.shell:Creating package script '/home/intern/ros2Humble_ws/install/realsense2_camera_msgs/share/realsense2_camera_msgs/package.bash'
[1.364s] INFO:colcon.colcon_core.shell:Creating package script '/home/intern/ros2Humble_ws/install/realsense2_camera_msgs/share/realsense2_camera_msgs/package.zsh'
[1.364s] Level 1:colcon.colcon_core.environment:create_file_with_runtime_dependencies(/home/intern/ros2Humble_ws/install/realsense2_camera_msgs/share/colcon-core/packages/realsense2_camera_msgs)
[1.520s] Level 1:colcon.colcon_core.environment:create_environment_scripts_only(realsense2_camera_msgs)
[1.522s] Level 1:colcon.colcon_core.environment:checking '/home/intern/ros2Humble_ws/install/realsense2_camera_msgs' for CMake module files
[1.523s] Level 1:colcon.colcon_core.environment:checking '/home/intern/ros2Humble_ws/install/realsense2_camera_msgs' for CMake config files
[1.523s] Level 1:colcon.colcon_core.shell:create_environment_hook('realsense2_camera_msgs', 'cmake_prefix_path')
[1.525s] INFO:colcon.colcon_core.shell:Creating environment hook '/home/intern/ros2Humble_ws/install/realsense2_camera_msgs/share/realsense2_camera_msgs/hook/cmake_prefix_path.ps1'
[1.525s] INFO:colcon.colcon_core.shell:Creating environment descriptor '/home/intern/ros2Humble_ws/install/realsense2_camera_msgs/share/realsense2_camera_msgs/hook/cmake_prefix_path.dsv'
[1.526s] INFO:colcon.colcon_core.shell:Creating environment hook '/home/intern/ros2Humble_ws/install/realsense2_camera_msgs/share/realsense2_camera_msgs/hook/cmake_prefix_path.sh'
[1.527s] Level 1:colcon.colcon_core.environment:checking '/home/intern/ros2Humble_ws/install/realsense2_camera_msgs/lib'
[1.527s] Level 1:colcon.colcon_core.shell:create_environment_hook('realsense2_camera_msgs', 'ld_library_path_lib')
[1.529s] INFO:colcon.colcon_core.shell:Creating environment hook '/home/intern/ros2Humble_ws/install/realsense2_camera_msgs/share/realsense2_camera_msgs/hook/ld_library_path_lib.ps1'
[1.529s] INFO:colcon.colcon_core.shell:Creating environment descriptor '/home/intern/ros2Humble_ws/install/realsense2_camera_msgs/share/realsense2_camera_msgs/hook/ld_library_path_lib.dsv'
[1.530s] INFO:colcon.colcon_core.shell:Creating environment hook '/home/intern/ros2Humble_ws/install/realsense2_camera_msgs/share/realsense2_camera_msgs/hook/ld_library_path_lib.sh'
[1.530s] Level 1:colcon.colcon_core.environment:checking '/home/intern/ros2Humble_ws/install/realsense2_camera_msgs/bin'
[1.530s] Level 1:colcon.colcon_core.environment:checking '/home/intern/ros2Humble_ws/install/realsense2_camera_msgs/lib/pkgconfig/realsense2_camera_msgs.pc'
[1.531s] Level 1:colcon.colcon_core.environment:checking '/home/intern/ros2Humble_ws/install/realsense2_camera_msgs/lib/python3.10/site-packages'
[1.531s] Level 1:colcon.colcon_core.environment:checking '/home/intern/ros2Humble_ws/install/realsense2_camera_msgs/bin'
[1.532s] INFO:colcon.colcon_core.shell:Creating package script '/home/intern/ros2Humble_ws/install/realsense2_camera_msgs/share/realsense2_camera_msgs/package.ps1'
[1.533s] INFO:colcon.colcon_core.shell:Creating package descriptor '/home/intern/ros2Humble_ws/install/realsense2_camera_msgs/share/realsense2_camera_msgs/package.dsv'
[1.534s] INFO:colcon.colcon_core.shell:Creating package script '/home/intern/ros2Humble_ws/install/realsense2_camera_msgs/share/realsense2_camera_msgs/package.sh'
[1.534s] INFO:colcon.colcon_core.shell:Creating package script '/home/intern/ros2Humble_ws/install/realsense2_camera_msgs/share/realsense2_camera_msgs/package.bash'
[1.535s] INFO:colcon.colcon_core.shell:Creating package script '/home/intern/ros2Humble_ws/install/realsense2_camera_msgs/share/realsense2_camera_msgs/package.zsh'
[1.535s] Level 1:colcon.colcon_core.environment:create_file_with_runtime_dependencies(/home/intern/ros2Humble_ws/install/realsense2_camera_msgs/share/colcon-core/packages/realsense2_camera_msgs)
[1.536s] INFO:colcon.colcon_ros.task.ament_cmake.build:Building ROS package in '/home/intern/ros2Humble_ws/src/realsense-ros/realsense2_camera' with build type 'ament_cmake'
[1.536s] INFO:colcon.colcon_cmake.task.cmake.build:Building CMake package in '/home/intern/ros2Humble_ws/src/realsense-ros/realsense2_camera'
[1.538s] INFO:colcon.colcon_core.shell:Skip shell extension 'powershell' for command environment: Not usable outside of PowerShell
[1.538s] DEBUG:colcon.colcon_core.shell:Skip shell extension 'dsv' for command environment
[1.544s] INFO:colcon.colcon_ros.task.ament_cmake.build:Building ROS package in '/home/intern/ros2Humble_ws/src/realsense-ros/realsense2_description' with build type 'ament_cmake'
[1.544s] INFO:colcon.colcon_cmake.task.cmake.build:Building CMake package in '/home/intern/ros2Humble_ws/src/realsense-ros/realsense2_description'
[1.547s] INFO:colcon.colcon_core.shell:Skip shell extension 'powershell' for command environment: Not usable outside of PowerShell
[1.547s] DEBUG:colcon.colcon_core.shell:Skip shell extension 'dsv' for command environment
[1.562s] DEBUG:colcon.colcon_core.event_handler.log_command:Invoking command in '/home/intern/ros2Humble_ws/build/realsense2_camera': CMAKE_PREFIX_PATH=/home/intern/ros2Humble_ws/install/realsense2_camera_msgs:/home/intern/ros2Humble_ws/install/realsense2_description:/home/intern/ros2Humble_ws/install/realsense2_camera:/opt/ros/humble LD_LIBRARY_PATH=/home/intern/ros2Humble_ws/install/realsense2_camera_msgs/lib:/home/intern/ros2Humble_ws/install/realsense2_camera/lib:/opt/ros/humble/opt/rviz_ogre_vendor/lib:/opt/ros/humble/lib/x86_64-linux-gnu:/opt/ros/humble/lib /home/intern/.local/bin/cmake --build /home/intern/ros2Humble_ws/build/realsense2_camera -- -j4 -l4
[1.565s] DEBUG:colcon.colcon_core.event_handler.log_command:Invoking command in '/home/intern/ros2Humble_ws/build/realsense2_description': CMAKE_PREFIX_PATH=/home/intern/ros2Humble_ws/install/realsense2_camera_msgs:/home/intern/ros2Humble_ws/install/realsense2_description:/home/intern/ros2Humble_ws/install/realsense2_camera:/opt/ros/humble LD_LIBRARY_PATH=/home/intern/ros2Humble_ws/install/realsense2_camera_msgs/lib:/home/intern/ros2Humble_ws/install/realsense2_camera/lib:/opt/ros/humble/opt/rviz_ogre_vendor/lib:/opt/ros/humble/lib/x86_64-linux-gnu:/opt/ros/humble/lib /home/intern/.local/bin/cmake --build /home/intern/ros2Humble_ws/build/realsense2_description -- -j4 -l4
[1.627s] DEBUG:colcon.colcon_core.event_handler.log_command:Invoked command in '/home/intern/ros2Humble_ws/build/realsense2_description' returned '0': CMAKE_PREFIX_PATH=/home/intern/ros2Humble_ws/install/realsense2_camera_msgs:/home/intern/ros2Humble_ws/install/realsense2_description:/home/intern/ros2Humble_ws/install/realsense2_camera:/opt/ros/humble LD_LIBRARY_PATH=/home/intern/ros2Humble_ws/install/realsense2_camera_msgs/lib:/home/intern/ros2Humble_ws/install/realsense2_camera/lib:/opt/ros/humble/opt/rviz_ogre_vendor/lib:/opt/ros/humble/lib/x86_64-linux-gnu:/opt/ros/humble/lib /home/intern/.local/bin/cmake --build /home/intern/ros2Humble_ws/build/realsense2_description -- -j4 -l4
[1.676s] DEBUG:colcon.colcon_core.event_handler.log_command:Invoked command in '/home/intern/ros2Humble_ws/build/realsense2_camera' returned '0': CMAKE_PREFIX_PATH=/home/intern/ros2Humble_ws/install/realsense2_camera_msgs:/home/intern/ros2Humble_ws/install/realsense2_description:/home/intern/ros2Humble_ws/install/realsense2_camera:/opt/ros/humble LD_LIBRARY_PATH=/home/intern/ros2Humble_ws/install/realsense2_camera_msgs/lib:/home/intern/ros2Humble_ws/install/realsense2_camera/lib:/opt/ros/humble/opt/rviz_ogre_vendor/lib:/opt/ros/humble/lib/x86_64-linux-gnu:/opt/ros/humble/lib /home/intern/.local/bin/cmake --build /home/intern/ros2Humble_ws/build/realsense2_camera -- -j4 -l4
[1.692s] DEBUG:colcon.colcon_core.event_handler.log_command:Invoking command in '/home/intern/ros2Humble_ws/build/realsense2_description': CMAKE_PREFIX_PATH=/home/intern/ros2Humble_ws/install/realsense2_camera_msgs:/home/intern/ros2Humble_ws/install/realsense2_description:/home/intern/ros2Humble_ws/install/realsense2_camera:/opt/ros/humble LD_LIBRARY_PATH=/home/intern/ros2Humble_ws/install/realsense2_camera_msgs/lib:/home/intern/ros2Humble_ws/install/realsense2_camera/lib:/opt/ros/humble/opt/rviz_ogre_vendor/lib:/opt/ros/humble/lib/x86_64-linux-gnu:/opt/ros/humble/lib /home/intern/.local/bin/cmake --install /home/intern/ros2Humble_ws/build/realsense2_description
[1.742s] Level 1:colcon.colcon_core.environment:create_environment_scripts_only(realsense2_description)
[1.745s] Level 1:colcon.colcon_core.environment:checking '/home/intern/ros2Humble_ws/install/realsense2_description' for CMake module files
[1.746s] DEBUG:colcon.colcon_core.event_handler.log_command:Invoked command in '/home/intern/ros2Humble_ws/build/realsense2_description' returned '0': CMAKE_PREFIX_PATH=/home/intern/ros2Humble_ws/install/realsense2_camera_msgs:/home/intern/ros2Humble_ws/install/realsense2_description:/home/intern/ros2Humble_ws/install/realsense2_camera:/opt/ros/humble LD_LIBRARY_PATH=/home/intern/ros2Humble_ws/install/realsense2_camera_msgs/lib:/home/intern/ros2Humble_ws/install/realsense2_camera/lib:/opt/ros/humble/opt/rviz_ogre_vendor/lib:/opt/ros/humble/lib/x86_64-linux-gnu:/opt/ros/humble/lib /home/intern/.local/bin/cmake --install /home/intern/ros2Humble_ws/build/realsense2_description
[1.746s] Level 1:colcon.colcon_core.environment:checking '/home/intern/ros2Humble_ws/install/realsense2_description' for CMake config files
[1.747s] Level 1:colcon.colcon_core.shell:create_environment_hook('realsense2_description', 'cmake_prefix_path')
[1.749s] INFO:colcon.colcon_core.shell:Creating environment hook '/home/intern/ros2Humble_ws/install/realsense2_description/share/realsense2_description/hook/cmake_prefix_path.ps1'
[1.749s] INFO:colcon.colcon_core.shell:Creating environment descriptor '/home/intern/ros2Humble_ws/install/realsense2_description/share/realsense2_description/hook/cmake_prefix_path.dsv'
[1.750s] INFO:colcon.colcon_core.shell:Creating environment hook '/home/intern/ros2Humble_ws/install/realsense2_description/share/realsense2_description/hook/cmake_prefix_path.sh'
[1.751s] Level 1:colcon.colcon_core.environment:checking '/home/intern/ros2Humble_ws/install/realsense2_description/bin'
[1.751s] Level 1:colcon.colcon_core.environment:checking '/home/intern/ros2Humble_ws/install/realsense2_description/lib/pkgconfig/realsense2_description.pc'
[1.751s] Level 1:colcon.colcon_core.environment:checking '/home/intern/ros2Humble_ws/install/realsense2_description/lib/python3.10/site-packages'
[1.752s] Level 1:colcon.colcon_core.environment:checking '/home/intern/ros2Humble_ws/install/realsense2_description/bin'
[1.753s] INFO:colcon.colcon_core.shell:Creating package script '/home/intern/ros2Humble_ws/install/realsense2_description/share/realsense2_description/package.ps1'
[1.755s] INFO:colcon.colcon_core.shell:Creating package descriptor '/home/intern/ros2Humble_ws/install/realsense2_description/share/realsense2_description/package.dsv'
[1.755s] INFO:colcon.colcon_core.shell:Creating package script '/home/intern/ros2Humble_ws/install/realsense2_description/share/realsense2_description/package.sh'
[1.756s] INFO:colcon.colcon_core.shell:Creating package script '/home/intern/ros2Humble_ws/install/realsense2_description/share/realsense2_description/package.bash'
[1.757s] INFO:colcon.colcon_core.shell:Creating package script '/home/intern/ros2Humble_ws/install/realsense2_description/share/realsense2_description/package.zsh'
[1.758s] Level 1:colcon.colcon_core.environment:create_file_with_runtime_dependencies(/home/intern/ros2Humble_ws/install/realsense2_description/share/colcon-core/packages/realsense2_description)
[1.788s] DEBUG:colcon.colcon_core.event_handler.log_command:Invoking command in '/home/intern/ros2Humble_ws/build/realsense2_camera': CMAKE_PREFIX_PATH=/home/intern/ros2Humble_ws/install/realsense2_camera_msgs:/home/intern/ros2Humble_ws/install/realsense2_description:/home/intern/ros2Humble_ws/install/realsense2_camera:/opt/ros/humble LD_LIBRARY_PATH=/home/intern/ros2Humble_ws/install/realsense2_camera_msgs/lib:/home/intern/ros2Humble_ws/install/realsense2_camera/lib:/opt/ros/humble/opt/rviz_ogre_vendor/lib:/opt/ros/humble/lib/x86_64-linux-gnu:/opt/ros/humble/lib /home/intern/.local/bin/cmake --install /home/intern/ros2Humble_ws/build/realsense2_camera
[1.823s] Level 1:colcon.colcon_core.environment:create_environment_scripts_only(realsense2_description)
[1.826s] Level 1:colcon.colcon_core.environment:checking '/home/intern/ros2Humble_ws/install/realsense2_description' for CMake module files
[1.827s] Level 1:colcon.colcon_core.environment:checking '/home/intern/ros2Humble_ws/install/realsense2_description' for CMake config files
[1.828s] Level 1:colcon.colcon_core.shell:create_environment_hook('realsense2_description', 'cmake_prefix_path')
[1.829s] INFO:colcon.colcon_core.shell:Creating environment hook '/home/intern/ros2Humble_ws/install/realsense2_description/share/realsense2_description/hook/cmake_prefix_path.ps1'
[1.831s] INFO:colcon.colcon_core.shell:Creating environment descriptor '/home/intern/ros2Humble_ws/install/realsense2_description/share/realsense2_description/hook/cmake_prefix_path.dsv'
[1.835s] INFO:colcon.colcon_core.shell:Creating environment hook '/home/intern/ros2Humble_ws/install/realsense2_description/share/realsense2_description/hook/cmake_prefix_path.sh'
[1.837s] Level 1:colcon.colcon_core.environment:checking '/home/intern/ros2Humble_ws/install/realsense2_description/bin'
[1.837s] Level 1:colcon.colcon_core.environment:checking '/home/intern/ros2Humble_ws/install/realsense2_description/lib/pkgconfig/realsense2_description.pc'
[1.837s] Level 1:colcon.colcon_core.environment:checking '/home/intern/ros2Humble_ws/install/realsense2_description/lib/python3.10/site-packages'
[1.838s] Level 1:colcon.colcon_core.environment:checking '/home/intern/ros2Humble_ws/install/realsense2_description/bin'
[1.840s] INFO:colcon.colcon_core.shell:Creating package script '/home/intern/ros2Humble_ws/install/realsense2_description/share/realsense2_description/package.ps1'
[1.841s] INFO:colcon.colcon_core.shell:Creating package descriptor '/home/intern/ros2Humble_ws/install/realsense2_description/share/realsense2_description/package.dsv'
[1.842s] INFO:colcon.colcon_core.shell:Creating package script '/home/intern/ros2Humble_ws/install/realsense2_description/share/realsense2_description/package.sh'
[1.842s] INFO:colcon.colcon_core.shell:Creating package script '/home/intern/ros2Humble_ws/install/realsense2_description/share/realsense2_description/package.bash'
[1.843s] INFO:colcon.colcon_core.shell:Creating package script '/home/intern/ros2Humble_ws/install/realsense2_description/share/realsense2_description/package.zsh'
[1.843s] Level 1:colcon.colcon_core.environment:create_file_with_runtime_dependencies(/home/intern/ros2Humble_ws/install/realsense2_description/share/colcon-core/packages/realsense2_description)
[1.844s] Level 1:colcon.colcon_core.environment:create_environment_scripts_only(realsense2_camera)
[1.847s] Level 1:colcon.colcon_core.environment:checking '/home/intern/ros2Humble_ws/install/realsense2_camera' for CMake module files
[1.848s] DEBUG:colcon.colcon_core.event_handler.log_command:Invoked command in '/home/intern/ros2Humble_ws/build/realsense2_camera' returned '0': CMAKE_PREFIX_PATH=/home/intern/ros2Humble_ws/install/realsense2_camera_msgs:/home/intern/ros2Humble_ws/install/realsense2_description:/home/intern/ros2Humble_ws/install/realsense2_camera:/opt/ros/humble LD_LIBRARY_PATH=/home/intern/ros2Humble_ws/install/realsense2_camera_msgs/lib:/home/intern/ros2Humble_ws/install/realsense2_camera/lib:/opt/ros/humble/opt/rviz_ogre_vendor/lib:/opt/ros/humble/lib/x86_64-linux-gnu:/opt/ros/humble/lib /home/intern/.local/bin/cmake --install /home/intern/ros2Humble_ws/build/realsense2_camera
[1.848s] Level 1:colcon.colcon_core.environment:checking '/home/intern/ros2Humble_ws/install/realsense2_camera' for CMake config files
[1.849s] Level 1:colcon.colcon_core.shell:create_environment_hook('realsense2_camera', 'cmake_prefix_path')
[1.850s] INFO:colcon.colcon_core.shell:Creating environment hook '/home/intern/ros2Humble_ws/install/realsense2_camera/share/realsense2_camera/hook/cmake_prefix_path.ps1'
[1.851s] INFO:colcon.colcon_core.shell:Creating environment descriptor '/home/intern/ros2Humble_ws/install/realsense2_camera/share/realsense2_camera/hook/cmake_prefix_path.dsv'
[1.851s] INFO:colcon.colcon_core.shell:Creating environment hook '/home/intern/ros2Humble_ws/install/realsense2_camera/share/realsense2_camera/hook/cmake_prefix_path.sh'
[1.852s] Level 1:colcon.colcon_core.environment:checking '/home/intern/ros2Humble_ws/install/realsense2_camera/lib'
[1.852s] Level 1:colcon.colcon_core.shell:create_environment_hook('realsense2_camera', 'ld_library_path_lib')
[1.854s] INFO:colcon.colcon_core.shell:Creating environment hook '/home/intern/ros2Humble_ws/install/realsense2_camera/share/realsense2_camera/hook/ld_library_path_lib.ps1'
[1.854s] INFO:colcon.colcon_core.shell:Creating environment descriptor '/home/intern/ros2Humble_ws/install/realsense2_camera/share/realsense2_camera/hook/ld_library_path_lib.dsv'
[1.855s] INFO:colcon.colcon_core.shell:Creating environment hook '/home/intern/ros2Humble_ws/install/realsense2_camera/share/realsense2_camera/hook/ld_library_path_lib.sh'
[1.856s] Level 1:colcon.colcon_core.environment:checking '/home/intern/ros2Humble_ws/install/realsense2_camera/bin'
[1.856s] Level 1:colcon.colcon_core.environment:checking '/home/intern/ros2Humble_ws/install/realsense2_camera/lib/pkgconfig/realsense2_camera.pc'
[1.857s] Level 1:colcon.colcon_core.environment:checking '/home/intern/ros2Humble_ws/install/realsense2_camera/lib/python3.10/site-packages'
[1.857s] Level 1:colcon.colcon_core.environment:checking '/home/intern/ros2Humble_ws/install/realsense2_camera/bin'
[1.859s] INFO:colcon.colcon_core.shell:Creating package script '/home/intern/ros2Humble_ws/install/realsense2_camera/share/realsense2_camera/package.ps1'
[1.859s] INFO:colcon.colcon_core.shell:Creating package descriptor '/home/intern/ros2Humble_ws/install/realsense2_camera/share/realsense2_camera/package.dsv'
[1.860s] INFO:colcon.colcon_core.shell:Creating package script '/home/intern/ros2Humble_ws/install/realsense2_camera/share/realsense2_camera/package.sh'
[1.860s] INFO:colcon.colcon_core.shell:Creating package script '/home/intern/ros2Humble_ws/install/realsense2_camera/share/realsense2_camera/package.bash'
[1.861s] INFO:colcon.colcon_core.shell:Creating package script '/home/intern/ros2Humble_ws/install/realsense2_camera/share/realsense2_camera/package.zsh'
[1.861s] Level 1:colcon.colcon_core.environment:create_file_with_runtime_dependencies(/home/intern/ros2Humble_ws/install/realsense2_camera/share/colcon-core/packages/realsense2_camera)
[1.954s] Level 1:colcon.colcon_core.environment:create_environment_scripts_only(realsense2_camera)
[1.959s] Level 1:colcon.colcon_core.environment:checking '/home/intern/ros2Humble_ws/install/realsense2_camera' for CMake module files
[1.959s] Level 1:colcon.colcon_core.environment:checking '/home/intern/ros2Humble_ws/install/realsense2_camera' for CMake config files
[1.960s] Level 1:colcon.colcon_core.shell:create_environment_hook('realsense2_camera', 'cmake_prefix_path')
[1.962s] INFO:colcon.colcon_core.shell:Creating environment hook '/home/intern/ros2Humble_ws/install/realsense2_camera/share/realsense2_camera/hook/cmake_prefix_path.ps1'
[1.963s] INFO:colcon.colcon_core.shell:Creating environment descriptor '/home/intern/ros2Humble_ws/install/realsense2_camera/share/realsense2_camera/hook/cmake_prefix_path.dsv'
[1.963s] INFO:colcon.colcon_core.shell:Creating environment hook '/home/intern/ros2Humble_ws/install/realsense2_camera/share/realsense2_camera/hook/cmake_prefix_path.sh'
[1.964s] Level 1:colcon.colcon_core.environment:checking '/home/intern/ros2Humble_ws/install/realsense2_camera/lib'
[1.964s] Level 1:colcon.colcon_core.shell:create_environment_hook('realsense2_camera', 'ld_library_path_lib')
[1.965s] INFO:colcon.colcon_core.shell:Creating environment hook '/home/intern/ros2Humble_ws/install/realsense2_camera/share/realsense2_camera/hook/ld_library_path_lib.ps1'
[1.966s] INFO:colcon.colcon_core.shell:Creating environment descriptor '/home/intern/ros2Humble_ws/install/realsense2_camera/share/realsense2_camera/hook/ld_library_path_lib.dsv'
[1.967s] INFO:colcon.colcon_core.shell:Creating environment hook '/home/intern/ros2Humble_ws/install/realsense2_camera/share/realsense2_camera/hook/ld_library_path_lib.sh'
[1.968s] Level 1:colcon.colcon_core.environment:checking '/home/intern/ros2Humble_ws/install/realsense2_camera/bin'
[1.968s] Level 1:colcon.colcon_core.environment:checking '/home/intern/ros2Humble_ws/install/realsense2_camera/lib/pkgconfig/realsense2_camera.pc'
[1.968s] Level 1:colcon.colcon_core.environment:checking '/home/intern/ros2Humble_ws/install/realsense2_camera/lib/python3.10/site-packages'
[1.969s] Level 1:colcon.colcon_core.environment:checking '/home/intern/ros2Humble_ws/install/realsense2_camera/bin'
[1.971s] INFO:colcon.colcon_core.shell:Creating package script '/home/intern/ros2Humble_ws/install/realsense2_camera/share/realsense2_camera/package.ps1'
[1.971s] INFO:colcon.colcon_core.shell:Creating package descriptor '/home/intern/ros2Humble_ws/install/realsense2_camera/share/realsense2_camera/package.dsv'
[1.972s] INFO:colcon.colcon_core.shell:Creating package script '/home/intern/ros2Humble_ws/install/realsense2_camera/share/realsense2_camera/package.sh'
[1.973s] INFO:colcon.colcon_core.shell:Creating package script '/home/intern/ros2Humble_ws/install/realsense2_camera/share/realsense2_camera/package.bash'
[1.973s] INFO:colcon.colcon_core.shell:Creating package script '/home/intern/ros2Humble_ws/install/realsense2_camera/share/realsense2_camera/package.zsh'
[1.974s] Level 1:colcon.colcon_core.environment:create_file_with_runtime_dependencies(/home/intern/ros2Humble_ws/install/realsense2_camera/share/colcon-core/packages/realsense2_camera)
[1.974s] DEBUG:colcon.colcon_parallel_executor.executor.parallel:closing loop
[1.975s] DEBUG:colcon.colcon_parallel_executor.executor.parallel:loop closed
[1.975s] DEBUG:colcon.colcon_parallel_executor.executor.parallel:run_until_complete finished with '0'
[1.975s] DEBUG:colcon.colcon_core.event_reactor:joining thread
[1.982s] INFO:colcon.colcon_core.plugin_system:Skipping extension 'colcon_notification.desktop_notification.terminal_notifier': Not used on non-Darwin systems
[1.982s] INFO:colcon.colcon_core.plugin_system:Skipping extension 'colcon_notification.desktop_notification.win32': Not used on non-Windows systems
[1.982s] INFO:colcon.colcon_notification.desktop_notification:Sending desktop notification using 'notify2'
[1.999s] DEBUG:colcon.colcon_core.event_reactor:joined thread
[2.001s] INFO:colcon.colcon_core.shell:Creating prefix script '/home/intern/ros2Humble_ws/install/local_setup.ps1'
[2.004s] INFO:colcon.colcon_core.shell:Creating prefix util module '/home/intern/ros2Humble_ws/install/_local_setup_util_ps1.py'
[2.006s] INFO:colcon.colcon_core.shell:Creating prefix chain script '/home/intern/ros2Humble_ws/install/setup.ps1'
[2.008s] INFO:colcon.colcon_core.shell:Creating prefix script '/home/intern/ros2Humble_ws/install/local_setup.sh'
[2.009s] INFO:colcon.colcon_core.shell:Creating prefix util module '/home/intern/ros2Humble_ws/install/_local_setup_util_sh.py'
[2.009s] INFO:colcon.colcon_core.shell:Creating prefix chain script '/home/intern/ros2Humble_ws/install/setup.sh'
[2.011s] INFO:colcon.colcon_core.shell:Creating prefix script '/home/intern/ros2Humble_ws/install/local_setup.bash'
[2.012s] INFO:colcon.colcon_core.shell:Creating prefix chain script '/home/intern/ros2Humble_ws/install/setup.bash'
[2.013s] INFO:colcon.colcon_core.shell:Creating prefix script '/home/intern/ros2Humble_ws/install/local_setup.zsh'
[2.014s] INFO:colcon.colcon_core.shell:Creating prefix chain script '/home/intern/ros2Humble_ws/install/setup.zsh'
