[0.021s] Invoking command in '/home/intern/ros2Humble_ws/build/apriltag_ros': CMAKE_PREFIX_PATH=${CMAKE_PREFIX_PATH}:/opt/ros/humble /home/intern/.local/bin/cmake --build /home/intern/ros2Humble_ws/build/apriltag_ros -- -j4 -l4
[0.096s] [ 20%] Built target tags
[0.110s] [ 60%] Built target apriltag_node
[0.150s] [100%] Built target AprilTagNode
[0.169s] Invoked command in '/home/intern/ros2Humble_ws/build/apriltag_ros' returned '0': CMAKE_PREFIX_PATH=${CMAKE_PREFIX_PATH}:/opt/ros/humble /home/intern/.local/bin/cmake --build /home/intern/ros2Humble_ws/build/apriltag_ros -- -j4 -l4
[0.312s] Invoking command in '/home/intern/ros2Humble_ws/build/apriltag_ros': CMAKE_PREFIX_PATH=${CMAKE_PREFIX_PATH}:/opt/ros/humble /home/intern/.local/bin/cmake --install /home/intern/ros2Humble_ws/build/apriltag_ros
[0.347s] -- Install configuration: ""
[0.347s] -- Up-to-date: /home/intern/ros2Humble_ws/install/apriltag_ros/lib/apriltag_ros/apriltag_node
[0.348s] -- Up-to-date: /home/intern/ros2Humble_ws/install/apriltag_ros/share/apriltag_ros/environment/library_path.sh
[0.348s] -- Up-to-date: /home/intern/ros2Humble_ws/install/apriltag_ros/share/apriltag_ros/environment/library_path.dsv
[0.348s] -- Up-to-date: /home/intern/ros2Humble_ws/install/apriltag_ros/lib/libAprilTagNode.so
[0.349s] -- Up-to-date: /home/intern/ros2Humble_ws/install/apriltag_ros/share/apriltag_ros/cfg
[0.349s] -- Up-to-date: /home/intern/ros2Humble_ws/install/apriltag_ros/share/apriltag_ros/cfg/tags_36h11.yaml
[0.350s] -- Up-to-date: /home/intern/ros2Humble_ws/install/apriltag_ros/share/apriltag_ros/launch
[0.350s] -- Up-to-date: /home/intern/ros2Humble_ws/install/apriltag_ros/share/apriltag_ros/launch/v4l2_36h11.launch.yml
[0.351s] -- Up-to-date: /home/intern/ros2Humble_ws/install/apriltag_ros/share/ament_index/resource_index/package_run_dependencies/apriltag_ros
[0.351s] -- Up-to-date: /home/intern/ros2Humble_ws/install/apriltag_ros/share/ament_index/resource_index/parent_prefix_path/apriltag_ros
[0.351s] -- Up-to-date: /home/intern/ros2Humble_ws/install/apriltag_ros/share/apriltag_ros/environment/ament_prefix_path.sh
[0.351s] -- Up-to-date: /home/intern/ros2Humble_ws/install/apriltag_ros/share/apriltag_ros/environment/ament_prefix_path.dsv
[0.351s] -- Up-to-date: /home/intern/ros2Humble_ws/install/apriltag_ros/share/apriltag_ros/environment/path.sh
[0.351s] -- Up-to-date: /home/intern/ros2Humble_ws/install/apriltag_ros/share/apriltag_ros/environment/path.dsv
[0.352s] -- Up-to-date: /home/intern/ros2Humble_ws/install/apriltag_ros/share/apriltag_ros/local_setup.bash
[0.352s] -- Up-to-date: /home/intern/ros2Humble_ws/install/apriltag_ros/share/apriltag_ros/local_setup.sh
[0.352s] -- Up-to-date: /home/intern/ros2Humble_ws/install/apriltag_ros/share/apriltag_ros/local_setup.zsh
[0.352s] -- Up-to-date: /home/intern/ros2Humble_ws/install/apriltag_ros/share/apriltag_ros/local_setup.dsv
[0.352s] -- Installing: /home/intern/ros2Humble_ws/install/apriltag_ros/share/apriltag_ros/package.dsv
[0.352s] -- Up-to-date: /home/intern/ros2Humble_ws/install/apriltag_ros/share/ament_index/resource_index/packages/apriltag_ros
[0.352s] -- Up-to-date: /home/intern/ros2Humble_ws/install/apriltag_ros/share/ament_index/resource_index/rclcpp_components/apriltag_ros
[0.352s] -- Up-to-date: /home/intern/ros2Humble_ws/install/apriltag_ros/share/apriltag_ros/cmake/apriltag_rosConfig.cmake
[0.352s] -- Up-to-date: /home/intern/ros2Humble_ws/install/apriltag_ros/share/apriltag_ros/cmake/apriltag_rosConfig-version.cmake
[0.352s] -- Up-to-date: /home/intern/ros2Humble_ws/install/apriltag_ros/share/apriltag_ros/package.xml
[0.363s] Invoked command in '/home/intern/ros2Humble_ws/build/apriltag_ros' returned '0': CMAKE_PREFIX_PATH=${CMAKE_PREFIX_PATH}:/opt/ros/humble /home/intern/.local/bin/cmake --install /home/intern/ros2Humble_ws/build/apriltag_ros
