running egg_info
writing ../../build/py_launch_aprilsys/py_launch_aprilsys.egg-info/PKG-INFO
writing dependency_links to ../../build/py_launch_aprilsys/py_launch_aprilsys.egg-info/dependency_links.txt
writing requirements to ../../build/py_launch_aprilsys/py_launch_aprilsys.egg-info/requires.txt
writing top-level names to ../../build/py_launch_aprilsys/py_launch_aprilsys.egg-info/top_level.txt
reading manifest file '../../build/py_launch_aprilsys/py_launch_aprilsys.egg-info/SOURCES.txt'
writing manifest file '../../build/py_launch_aprilsys/py_launch_aprilsys.egg-info/SOURCES.txt'
running build
running build_py
running install
/usr/local/lib/python3.10/dist-packages/setuptools/_distutils/cmd.py:66: SetuptoolsDeprecationWarning: setup.py install is deprecated.
!!

        ********************************************************************************
        Please avoid running ``setup.py`` directly.
        Instead, use pypa/build, pypa/installer, pypa/build or
        other standards-based tools.

        See https://blog.ganssle.io/articles/2021/10/setup-py-deprecated.html for details.
        ********************************************************************************

!!
  self.initialize_options()
running install_lib
running install_data
running install_egg_info
removing '/home/intern/ros2Humble_ws/install/py_launch_aprilsys/lib/python3.10/site-packages/py_launch_aprilsys-0.0.0-py3.10.egg-info' (and everything under it)
Copying ../../build/py_launch_aprilsys/py_launch_aprilsys.egg-info to /home/intern/ros2Humble_ws/install/py_launch_aprilsys/lib/python3.10/site-packages/py_launch_aprilsys-0.0.0-py3.10.egg-info
running install_scripts
writing list of installed files to '/home/intern/ros2Humble_ws/build/py_launch_aprilsys/install.log'
