[0.017s] Invoking command in '/home/intern/recursive_ws/build/realsense2_camera': CMAKE_PREFIX_PATH=/home/intern/recursive_ws/install/realsense2_camera_msgs:/home/intern/recursive_ws/install/realsense2_description:/home/intern/recursive_ws/install/realsense2_camera:/home/intern/recursive_ws/install/apriltag_ros:/home/intern/recursive_ws/install/takeImage:/home/intern/recursive_ws/install/py_launch_aprilsys:/opt/ros/humble LD_LIBRARY_PATH=/home/intern/recursive_ws/install/realsense2_camera_msgs/lib:/home/intern/recursive_ws/install/realsense2_camera/lib:/home/intern/recursive_ws/install/apriltag_ros/lib:/opt/ros/humble/opt/rviz_ogre_vendor/lib:/opt/ros/humble/lib/x86_64-linux-gnu:/opt/ros/humble/lib /usr/local/bin/cmake --build /home/intern/recursive_ws/build/realsense2_camera -- -j4 -l4
[0.084s] [ 12%] Built target realsense2_camera_node
[0.202s] [100%] Built target realsense2_camera
[0.207s] Invoked command in '/home/intern/recursive_ws/build/realsense2_camera' returned '0': CMAKE_PREFIX_PATH=/home/intern/recursive_ws/install/realsense2_camera_msgs:/home/intern/recursive_ws/install/realsense2_description:/home/intern/recursive_ws/install/realsense2_camera:/home/intern/recursive_ws/install/apriltag_ros:/home/intern/recursive_ws/install/takeImage:/home/intern/recursive_ws/install/py_launch_aprilsys:/opt/ros/humble LD_LIBRARY_PATH=/home/intern/recursive_ws/install/realsense2_camera_msgs/lib:/home/intern/recursive_ws/install/realsense2_camera/lib:/home/intern/recursive_ws/install/apriltag_ros/lib:/opt/ros/humble/opt/rviz_ogre_vendor/lib:/opt/ros/humble/lib/x86_64-linux-gnu:/opt/ros/humble/lib /usr/local/bin/cmake --build /home/intern/recursive_ws/build/realsense2_camera -- -j4 -l4
[0.267s] Invoking command in '/home/intern/recursive_ws/build/realsense2_camera': CMAKE_PREFIX_PATH=/home/intern/recursive_ws/install/realsense2_camera_msgs:/home/intern/recursive_ws/install/realsense2_description:/home/intern/recursive_ws/install/realsense2_camera:/home/intern/recursive_ws/install/apriltag_ros:/home/intern/recursive_ws/install/takeImage:/home/intern/recursive_ws/install/py_launch_aprilsys:/opt/ros/humble LD_LIBRARY_PATH=/home/intern/recursive_ws/install/realsense2_camera_msgs/lib:/home/intern/recursive_ws/install/realsense2_camera/lib:/home/intern/recursive_ws/install/apriltag_ros/lib:/opt/ros/humble/opt/rviz_ogre_vendor/lib:/opt/ros/humble/lib/x86_64-linux-gnu:/opt/ros/humble/lib /usr/local/bin/cmake --install /home/intern/recursive_ws/build/realsense2_camera
[0.270s] -- Install configuration: "Release"
[0.270s] -- Up-to-date: /home/intern/recursive_ws/install/realsense2_camera/lib/realsense2_camera/realsense2_camera_node
[0.272s] -- Up-to-date: /home/intern/recursive_ws/install/realsense2_camera/lib/librealsense2_camera.so
[0.273s] -- Up-to-date: /home/intern/recursive_ws/install/realsense2_camera/include
[0.273s] -- Up-to-date: /home/intern/recursive_ws/install/realsense2_camera/include/named_filter.h
[0.274s] -- Up-to-date: /home/intern/recursive_ws/install/realsense2_camera/include/dynamic_params.h
[0.274s] -- Up-to-date: /home/intern/recursive_ws/install/realsense2_camera/include/base_realsense_node.h
[0.274s] -- Up-to-date: /home/intern/recursive_ws/install/realsense2_camera/include/profile_manager.h
[0.274s] -- Up-to-date: /home/intern/recursive_ws/install/realsense2_camera/include/ros_sensor.h
[0.274s] -- Up-to-date: /home/intern/recursive_ws/install/realsense2_camera/include/ros_param_backend.h
[0.274s] -- Up-to-date: /home/intern/recursive_ws/install/realsense2_camera/include/sensor_params.h
[0.274s] -- Up-to-date: /home/intern/recursive_ws/install/realsense2_camera/include/ros_utils.h
[0.274s] -- Up-to-date: /home/intern/recursive_ws/install/realsense2_camera/include/realsense_node_factory.h
[0.274s] -- Up-to-date: /home/intern/recursive_ws/install/realsense2_camera/include/constants.h
[0.274s] -- Up-to-date: /home/intern/recursive_ws/install/realsense2_camera/include/image_publisher.h
[0.274s] -- Up-to-date: /home/intern/recursive_ws/install/realsense2_camera/share/realsense2_camera/launch
[0.275s] -- Up-to-date: /home/intern/recursive_ws/install/realsense2_camera/share/realsense2_camera/launch/rs_launch.py
[0.275s] -- Up-to-date: /home/intern/recursive_ws/install/realsense2_camera/share/realsense2_camera/launch/rs_intra_process_demo_launch.py
[0.275s] -- Up-to-date: /home/intern/recursive_ws/install/realsense2_camera/share/realsense2_camera/launch/rs_multi_camera_launch.py
[0.275s] -- Up-to-date: /home/intern/recursive_ws/install/realsense2_camera/share/realsense2_camera/launch/default.rviz
[0.275s] -- Up-to-date: /home/intern/recursive_ws/install/realsense2_camera/share/realsense2_camera/environment/library_path.sh
[0.275s] -- Up-to-date: /home/intern/recursive_ws/install/realsense2_camera/share/realsense2_camera/environment/library_path.dsv
[0.275s] -- Up-to-date: /home/intern/recursive_ws/install/realsense2_camera/share/ament_index/resource_index/package_run_dependencies/realsense2_camera
[0.276s] -- Up-to-date: /home/intern/recursive_ws/install/realsense2_camera/share/ament_index/resource_index/parent_prefix_path/realsense2_camera
[0.276s] -- Up-to-date: /home/intern/recursive_ws/install/realsense2_camera/share/realsense2_camera/environment/ament_prefix_path.sh
[0.276s] -- Up-to-date: /home/intern/recursive_ws/install/realsense2_camera/share/realsense2_camera/environment/ament_prefix_path.dsv
[0.276s] -- Up-to-date: /home/intern/recursive_ws/install/realsense2_camera/share/realsense2_camera/environment/path.sh
[0.276s] -- Up-to-date: /home/intern/recursive_ws/install/realsense2_camera/share/realsense2_camera/environment/path.dsv
[0.276s] -- Up-to-date: /home/intern/recursive_ws/install/realsense2_camera/share/realsense2_camera/local_setup.bash
[0.276s] -- Up-to-date: /home/intern/recursive_ws/install/realsense2_camera/share/realsense2_camera/local_setup.sh
[0.276s] -- Up-to-date: /home/intern/recursive_ws/install/realsense2_camera/share/realsense2_camera/local_setup.zsh
[0.277s] -- Up-to-date: /home/intern/recursive_ws/install/realsense2_camera/share/realsense2_camera/local_setup.dsv
[0.277s] -- Installing: /home/intern/recursive_ws/install/realsense2_camera/share/realsense2_camera/package.dsv
[0.278s] -- Up-to-date: /home/intern/recursive_ws/install/realsense2_camera/share/ament_index/resource_index/packages/realsense2_camera
[0.278s] -- Up-to-date: /home/intern/recursive_ws/install/realsense2_camera/share/ament_index/resource_index/rclcpp_components/realsense2_camera
[0.279s] -- Up-to-date: /home/intern/recursive_ws/install/realsense2_camera/share/realsense2_camera/cmake/ament_cmake_export_include_directories-extras.cmake
[0.280s] -- Up-to-date: /home/intern/recursive_ws/install/realsense2_camera/share/realsense2_camera/cmake/ament_cmake_export_libraries-extras.cmake
[0.280s] -- Up-to-date: /home/intern/recursive_ws/install/realsense2_camera/share/realsense2_camera/cmake/ament_cmake_export_dependencies-extras.cmake
[0.280s] -- Up-to-date: /home/intern/recursive_ws/install/realsense2_camera/share/realsense2_camera/cmake/realsense2_cameraConfig.cmake
[0.280s] -- Up-to-date: /home/intern/recursive_ws/install/realsense2_camera/share/realsense2_camera/cmake/realsense2_cameraConfig-version.cmake
[0.280s] -- Up-to-date: /home/intern/recursive_ws/install/realsense2_camera/share/realsense2_camera/package.xml
[0.283s] Invoked command in '/home/intern/recursive_ws/build/realsense2_camera' returned '0': CMAKE_PREFIX_PATH=/home/intern/recursive_ws/install/realsense2_camera_msgs:/home/intern/recursive_ws/install/realsense2_description:/home/intern/recursive_ws/install/realsense2_camera:/home/intern/recursive_ws/install/apriltag_ros:/home/intern/recursive_ws/install/takeImage:/home/intern/recursive_ws/install/py_launch_aprilsys:/opt/ros/humble LD_LIBRARY_PATH=/home/intern/recursive_ws/install/realsense2_camera_msgs/lib:/home/intern/recursive_ws/install/realsense2_camera/lib:/home/intern/recursive_ws/install/apriltag_ros/lib:/opt/ros/humble/opt/rviz_ogre_vendor/lib:/opt/ros/humble/lib/x86_64-linux-gnu:/opt/ros/humble/lib /usr/local/bin/cmake --install /home/intern/recursive_ws/build/realsense2_camera
