[0.032s] Invoking command in '/home/intern/recursive_ws/build/apriltag_ros': CMAKE_PREFIX_PATH=${CMAKE_PREFIX_PATH}:/home/intern/recursive_ws/install/takeImage:/home/intern/recursive_ws/install/py_launch_aprilsys:/opt/ros/humble /usr/local/bin/cmake --build /home/intern/recursive_ws/build/apriltag_ros -- -j4 -l4
[0.185s] [ 16%] Built target tags
[0.212s] [ 50%] Built target apriltag_node
[0.225s] [ 66%] Built target homography_to_pose
[0.303s] [ 83%] [32mBuilding CXX object CMakeFiles/AprilTagNode.dir/src/AprilTagNode.cpp.o[0m
[7.990s] [100%] [32m[1mLinking CXX shared library libAprilTagNode.so[0m
[8.618s] [100%] Built target AprilTagNode
[8.622s] Invoked command in '/home/intern/recursive_ws/build/apriltag_ros' returned '0': CMAKE_PREFIX_PATH=${CMAKE_PREFIX_PATH}:/home/intern/recursive_ws/install/takeImage:/home/intern/recursive_ws/install/py_launch_aprilsys:/opt/ros/humble /usr/local/bin/cmake --build /home/intern/recursive_ws/build/apriltag_ros -- -j4 -l4
[8.658s] Invoking command in '/home/intern/recursive_ws/build/apriltag_ros': CMAKE_PREFIX_PATH=${CMAKE_PREFIX_PATH}:/home/intern/recursive_ws/install/takeImage:/home/intern/recursive_ws/install/py_launch_aprilsys:/opt/ros/humble /usr/local/bin/cmake --install /home/intern/recursive_ws/build/apriltag_ros
[8.661s] -- Install configuration: ""
[8.662s] -- Up-to-date: /home/intern/recursive_ws/install/apriltag_ros/lib/apriltag_ros/apriltag_node
[8.662s] -- Up-to-date: /home/intern/recursive_ws/install/apriltag_ros/share/apriltag_ros/environment/library_path.sh
[8.662s] -- Up-to-date: /home/intern/recursive_ws/install/apriltag_ros/share/apriltag_ros/environment/library_path.dsv
[8.663s] -- Installing: /home/intern/recursive_ws/install/apriltag_ros/lib/libAprilTagNode.so
[8.668s] -- Set runtime path of "/home/intern/recursive_ws/install/apriltag_ros/lib/libAprilTagNode.so" to ""
[8.668s] -- Up-to-date: /home/intern/recursive_ws/install/apriltag_ros/share/apriltag_ros/cfg
[8.669s] -- Installing: /home/intern/recursive_ws/install/apriltag_ros/share/apriltag_ros/cfg/tags_36h11.yaml
[8.669s] -- Up-to-date: /home/intern/recursive_ws/install/apriltag_ros/share/apriltag_ros/launch
[8.669s] -- Up-to-date: /home/intern/recursive_ws/install/apriltag_ros/share/apriltag_ros/launch/v4l2_36h11.launch.yml
[8.669s] -- Up-to-date: /home/intern/recursive_ws/install/apriltag_ros/share/apriltag_ros/launch/apriltag.launch.py
[8.669s] -- Up-to-date: /home/intern/recursive_ws/install/apriltag_ros/share/ament_index/resource_index/package_run_dependencies/apriltag_ros
[8.669s] -- Up-to-date: /home/intern/recursive_ws/install/apriltag_ros/share/ament_index/resource_index/parent_prefix_path/apriltag_ros
[8.670s] -- Up-to-date: /home/intern/recursive_ws/install/apriltag_ros/share/apriltag_ros/environment/ament_prefix_path.sh
[8.670s] -- Up-to-date: /home/intern/recursive_ws/install/apriltag_ros/share/apriltag_ros/environment/ament_prefix_path.dsv
[8.670s] -- Up-to-date: /home/intern/recursive_ws/install/apriltag_ros/share/apriltag_ros/environment/path.sh
[8.670s] -- Up-to-date: /home/intern/recursive_ws/install/apriltag_ros/share/apriltag_ros/environment/path.dsv
[8.671s] -- Up-to-date: /home/intern/recursive_ws/install/apriltag_ros/share/apriltag_ros/local_setup.bash
[8.671s] -- Up-to-date: /home/intern/recursive_ws/install/apriltag_ros/share/apriltag_ros/local_setup.sh
[8.671s] -- Up-to-date: /home/intern/recursive_ws/install/apriltag_ros/share/apriltag_ros/local_setup.zsh
[8.671s] -- Up-to-date: /home/intern/recursive_ws/install/apriltag_ros/share/apriltag_ros/local_setup.dsv
[8.671s] -- Installing: /home/intern/recursive_ws/install/apriltag_ros/share/apriltag_ros/package.dsv
[8.671s] -- Up-to-date: /home/intern/recursive_ws/install/apriltag_ros/share/ament_index/resource_index/packages/apriltag_ros
[8.672s] -- Up-to-date: /home/intern/recursive_ws/install/apriltag_ros/share/ament_index/resource_index/rclcpp_components/apriltag_ros
[8.672s] -- Up-to-date: /home/intern/recursive_ws/install/apriltag_ros/share/apriltag_ros/cmake/apriltag_rosConfig.cmake
[8.672s] -- Up-to-date: /home/intern/recursive_ws/install/apriltag_ros/share/apriltag_ros/cmake/apriltag_rosConfig-version.cmake
[8.672s] -- Up-to-date: /home/intern/recursive_ws/install/apriltag_ros/share/apriltag_ros/package.xml
[8.675s] Invoked command in '/home/intern/recursive_ws/build/apriltag_ros' returned '0': CMAKE_PREFIX_PATH=${CMAKE_PREFIX_PATH}:/home/intern/recursive_ws/install/takeImage:/home/intern/recursive_ws/install/py_launch_aprilsys:/opt/ros/humble /usr/local/bin/cmake --install /home/intern/recursive_ws/build/apriltag_ros
