[0.873s] DEBUG:colcon:Command line arguments: ['/usr/bin/colcon', 'build']
[0.873s] DEBUG:colcon:Parsed command line arguments: Namespace(log_base=None, log_level=None, verb_name='build', build_base='build', install_base='install', merge_install=False, symlink_install=False, test_result_base=None, continue_on_error=False, executor='parallel', parallel_workers=4, event_handlers=None, ignore_user_meta=False, metas=['./colcon.meta'], base_paths=['.'], packages_ignore=None, packages_ignore_regex=None, paths=None, packages_up_to=None, packages_up_to_regex=None, packages_above=None, packages_above_and_dependencies=None, packages_above_depth=None, packages_select_by_dep=None, packages_skip_by_dep=None, packages_skip_up_to=None, packages_select_build_failed=False, packages_skip_build_finished=False, packages_select_test_failures=False, packages_skip_test_passed=False, packages_select=None, packages_skip=None, packages_select_regex=None, packages_skip_regex=None, packages_start=None, packages_end=None, allow_overriding=[], cmake_args=None, cmake_target=None, cmake_target_skip_unavailable=False, cmake_clean_cache=False, cmake_clean_first=False, cmake_force_configure=False, ament_cmake_args=None, catkin_cmake_args=None, catkin_skip_building_tests=False, verb_parser=<colcon_defaults.argument_parser.defaults.DefaultArgumentsDecorator object at 0x7f0ea9c93e80>, verb_extension=<colcon_core.verb.build.BuildVerb object at 0x7f0eaa53f8e0>, main=<bound method BuildVerb.main of <colcon_core.verb.build.BuildVerb object at 0x7f0eaa53f8e0>>)
[0.933s] Level 1:colcon.colcon_core.package_discovery:discover_packages(colcon_meta) check parameters
[0.933s] Level 1:colcon.colcon_core.package_discovery:discover_packages(recursive) check parameters
[0.933s] Level 1:colcon.colcon_core.package_discovery:discover_packages(ignore) check parameters
[0.934s] Level 1:colcon.colcon_core.package_discovery:discover_packages(path) check parameters
[0.934s] Level 1:colcon.colcon_core.package_discovery:discover_packages(colcon_meta) discover
[0.934s] Level 1:colcon.colcon_core.package_discovery:discover_packages(recursive) discover
[0.934s] INFO:colcon.colcon_core.package_discovery:Crawling recursively for packages in '/home/intern/recursive_ws'
[0.934s] Level 1:colcon.colcon_core.package_identification:_identify(.) by extensions ['ignore', 'ignore_ament_install']
[0.934s] Level 1:colcon.colcon_core.package_identification:_identify(.) by extension 'ignore'
[0.934s] Level 1:colcon.colcon_core.package_identification:_identify(.) by extension 'ignore_ament_install'
[0.934s] Level 1:colcon.colcon_core.package_identification:_identify(.) by extensions ['colcon_pkg']
[0.934s] Level 1:colcon.colcon_core.package_identification:_identify(.) by extension 'colcon_pkg'
[0.934s] Level 1:colcon.colcon_core.package_identification:_identify(.) by extensions ['colcon_meta']
[0.934s] Level 1:colcon.colcon_core.package_identification:_identify(.) by extension 'colcon_meta'
[0.934s] Level 1:colcon.colcon_core.package_identification:_identify(.) by extensions ['ros']
[0.934s] Level 1:colcon.colcon_core.package_identification:_identify(.) by extension 'ros'
[0.953s] Level 1:colcon.colcon_core.package_identification:_identify(.) by extensions ['cmake', 'python']
[0.953s] Level 1:colcon.colcon_core.package_identification:_identify(.) by extension 'cmake'
[0.953s] Level 1:colcon.colcon_core.package_identification:_identify(.) by extension 'python'
[0.953s] Level 1:colcon.colcon_core.package_identification:_identify(.) by extensions ['python_setup_py']
[0.953s] Level 1:colcon.colcon_core.package_identification:_identify(.) by extension 'python_setup_py'
[0.954s] Level 1:colcon.colcon_core.package_identification:_identify(build) by extensions ['ignore', 'ignore_ament_install']
[0.954s] Level 1:colcon.colcon_core.package_identification:_identify(build) by extension 'ignore'
[0.954s] Level 1:colcon.colcon_core.package_identification:_identify(build) ignored
[0.954s] Level 1:colcon.colcon_core.package_identification:_identify(install) by extensions ['ignore', 'ignore_ament_install']
[0.954s] Level 1:colcon.colcon_core.package_identification:_identify(install) by extension 'ignore'
[0.954s] Level 1:colcon.colcon_core.package_identification:_identify(install) ignored
[0.954s] Level 1:colcon.colcon_core.package_identification:_identify(log) by extensions ['ignore', 'ignore_ament_install']
[0.954s] Level 1:colcon.colcon_core.package_identification:_identify(log) by extension 'ignore'
[0.954s] Level 1:colcon.colcon_core.package_identification:_identify(log) ignored
[0.955s] Level 1:colcon.colcon_core.package_identification:_identify(src) by extensions ['ignore', 'ignore_ament_install']
[0.955s] Level 1:colcon.colcon_core.package_identification:_identify(src) by extension 'ignore'
[0.955s] Level 1:colcon.colcon_core.package_identification:_identify(src) by extension 'ignore_ament_install'
[0.955s] Level 1:colcon.colcon_core.package_identification:_identify(src) by extensions ['colcon_pkg']
[0.955s] Level 1:colcon.colcon_core.package_identification:_identify(src) by extension 'colcon_pkg'
[0.955s] Level 1:colcon.colcon_core.package_identification:_identify(src) by extensions ['colcon_meta']
[0.955s] Level 1:colcon.colcon_core.package_identification:_identify(src) by extension 'colcon_meta'
[0.955s] Level 1:colcon.colcon_core.package_identification:_identify(src) by extensions ['ros']
[0.955s] Level 1:colcon.colcon_core.package_identification:_identify(src) by extension 'ros'
[0.955s] Level 1:colcon.colcon_core.package_identification:_identify(src) by extensions ['cmake', 'python']
[0.955s] Level 1:colcon.colcon_core.package_identification:_identify(src) by extension 'cmake'
[0.955s] Level 1:colcon.colcon_core.package_identification:_identify(src) by extension 'python'
[0.955s] Level 1:colcon.colcon_core.package_identification:_identify(src) by extensions ['python_setup_py']
[0.955s] Level 1:colcon.colcon_core.package_identification:_identify(src) by extension 'python_setup_py'
[0.955s] Level 1:colcon.colcon_core.package_identification:_identify(src/apriltag_ros) by extensions ['ignore', 'ignore_ament_install']
[0.956s] Level 1:colcon.colcon_core.package_identification:_identify(src/apriltag_ros) by extension 'ignore'
[0.956s] Level 1:colcon.colcon_core.package_identification:_identify(src/apriltag_ros) by extension 'ignore_ament_install'
[0.956s] Level 1:colcon.colcon_core.package_identification:_identify(src/apriltag_ros) by extensions ['colcon_pkg']
[0.956s] Level 1:colcon.colcon_core.package_identification:_identify(src/apriltag_ros) by extension 'colcon_pkg'
[0.956s] Level 1:colcon.colcon_core.package_identification:_identify(src/apriltag_ros) by extensions ['colcon_meta']
[0.956s] Level 1:colcon.colcon_core.package_identification:_identify(src/apriltag_ros) by extension 'colcon_meta'
[0.956s] Level 1:colcon.colcon_core.package_identification:_identify(src/apriltag_ros) by extensions ['ros']
[0.956s] Level 1:colcon.colcon_core.package_identification:_identify(src/apriltag_ros) by extension 'ros'
[0.961s] DEBUG:colcon.colcon_core.package_identification:Package 'src/apriltag_ros' with type 'ros.ament_cmake' and name 'apriltag_ros'
[0.961s] Level 1:colcon.colcon_core.package_identification:_identify(src/py_launch_aprilsys) by extensions ['ignore', 'ignore_ament_install']
[0.961s] Level 1:colcon.colcon_core.package_identification:_identify(src/py_launch_aprilsys) by extension 'ignore'
[0.961s] Level 1:colcon.colcon_core.package_identification:_identify(src/py_launch_aprilsys) by extension 'ignore_ament_install'
[0.962s] Level 1:colcon.colcon_core.package_identification:_identify(src/py_launch_aprilsys) by extensions ['colcon_pkg']
[0.962s] Level 1:colcon.colcon_core.package_identification:_identify(src/py_launch_aprilsys) by extension 'colcon_pkg'
[0.962s] Level 1:colcon.colcon_core.package_identification:_identify(src/py_launch_aprilsys) by extensions ['colcon_meta']
[0.962s] Level 1:colcon.colcon_core.package_identification:_identify(src/py_launch_aprilsys) by extension 'colcon_meta'
[0.962s] Level 1:colcon.colcon_core.package_identification:_identify(src/py_launch_aprilsys) by extensions ['ros']
[0.962s] Level 1:colcon.colcon_core.package_identification:_identify(src/py_launch_aprilsys) by extension 'ros'
[0.963s] DEBUG:colcon.colcon_core.package_identification:Package 'src/py_launch_aprilsys' with type 'ros.ament_python' and name 'py_launch_aprilsys'
[0.963s] Level 1:colcon.colcon_core.package_identification:_identify(src/realsense-ros) by extensions ['ignore', 'ignore_ament_install']
[0.963s] Level 1:colcon.colcon_core.package_identification:_identify(src/realsense-ros) by extension 'ignore'
[0.963s] Level 1:colcon.colcon_core.package_identification:_identify(src/realsense-ros) by extension 'ignore_ament_install'
[0.963s] Level 1:colcon.colcon_core.package_identification:_identify(src/realsense-ros) by extensions ['colcon_pkg']
[0.963s] Level 1:colcon.colcon_core.package_identification:_identify(src/realsense-ros) by extension 'colcon_pkg'
[0.963s] Level 1:colcon.colcon_core.package_identification:_identify(src/realsense-ros) by extensions ['colcon_meta']
[0.963s] Level 1:colcon.colcon_core.package_identification:_identify(src/realsense-ros) by extension 'colcon_meta'
[0.963s] Level 1:colcon.colcon_core.package_identification:_identify(src/realsense-ros) by extensions ['ros']
[0.963s] Level 1:colcon.colcon_core.package_identification:_identify(src/realsense-ros) by extension 'ros'
[0.963s] Level 1:colcon.colcon_core.package_identification:_identify(src/realsense-ros) by extensions ['cmake', 'python']
[0.963s] Level 1:colcon.colcon_core.package_identification:_identify(src/realsense-ros) by extension 'cmake'
[0.964s] Level 1:colcon.colcon_core.package_identification:_identify(src/realsense-ros) by extension 'python'
[0.964s] Level 1:colcon.colcon_core.package_identification:_identify(src/realsense-ros) by extensions ['python_setup_py']
[0.964s] Level 1:colcon.colcon_core.package_identification:_identify(src/realsense-ros) by extension 'python_setup_py'
[0.964s] Level 1:colcon.colcon_core.package_identification:_identify(src/realsense-ros/realsense2_camera) by extensions ['ignore', 'ignore_ament_install']
[0.964s] Level 1:colcon.colcon_core.package_identification:_identify(src/realsense-ros/realsense2_camera) by extension 'ignore'
[0.964s] Level 1:colcon.colcon_core.package_identification:_identify(src/realsense-ros/realsense2_camera) by extension 'ignore_ament_install'
[0.964s] Level 1:colcon.colcon_core.package_identification:_identify(src/realsense-ros/realsense2_camera) by extensions ['colcon_pkg']
[0.964s] Level 1:colcon.colcon_core.package_identification:_identify(src/realsense-ros/realsense2_camera) by extension 'colcon_pkg'
[0.964s] Level 1:colcon.colcon_core.package_identification:_identify(src/realsense-ros/realsense2_camera) by extensions ['colcon_meta']
[0.964s] Level 1:colcon.colcon_core.package_identification:_identify(src/realsense-ros/realsense2_camera) by extension 'colcon_meta'
[0.964s] Level 1:colcon.colcon_core.package_identification:_identify(src/realsense-ros/realsense2_camera) by extensions ['ros']
[0.964s] Level 1:colcon.colcon_core.package_identification:_identify(src/realsense-ros/realsense2_camera) by extension 'ros'
[0.966s] DEBUG:colcon.colcon_core.package_identification:Package 'src/realsense-ros/realsense2_camera' with type 'ros.ament_cmake' and name 'realsense2_camera'
[0.967s] Level 1:colcon.colcon_core.package_identification:_identify(src/realsense-ros/realsense2_camera_msgs) by extensions ['ignore', 'ignore_ament_install']
[0.967s] Level 1:colcon.colcon_core.package_identification:_identify(src/realsense-ros/realsense2_camera_msgs) by extension 'ignore'
[0.967s] Level 1:colcon.colcon_core.package_identification:_identify(src/realsense-ros/realsense2_camera_msgs) by extension 'ignore_ament_install'
[0.967s] Level 1:colcon.colcon_core.package_identification:_identify(src/realsense-ros/realsense2_camera_msgs) by extensions ['colcon_pkg']
[0.967s] Level 1:colcon.colcon_core.package_identification:_identify(src/realsense-ros/realsense2_camera_msgs) by extension 'colcon_pkg'
[0.967s] Level 1:colcon.colcon_core.package_identification:_identify(src/realsense-ros/realsense2_camera_msgs) by extensions ['colcon_meta']
[0.967s] Level 1:colcon.colcon_core.package_identification:_identify(src/realsense-ros/realsense2_camera_msgs) by extension 'colcon_meta'
[0.967s] Level 1:colcon.colcon_core.package_identification:_identify(src/realsense-ros/realsense2_camera_msgs) by extensions ['ros']
[0.967s] Level 1:colcon.colcon_core.package_identification:_identify(src/realsense-ros/realsense2_camera_msgs) by extension 'ros'
[0.968s] DEBUG:colcon.colcon_core.package_identification:Package 'src/realsense-ros/realsense2_camera_msgs' with type 'ros.ament_cmake' and name 'realsense2_camera_msgs'
[0.968s] Level 1:colcon.colcon_core.package_identification:_identify(src/realsense-ros/realsense2_description) by extensions ['ignore', 'ignore_ament_install']
[0.968s] Level 1:colcon.colcon_core.package_identification:_identify(src/realsense-ros/realsense2_description) by extension 'ignore'
[0.968s] Level 1:colcon.colcon_core.package_identification:_identify(src/realsense-ros/realsense2_description) by extension 'ignore_ament_install'
[0.969s] Level 1:colcon.colcon_core.package_identification:_identify(src/realsense-ros/realsense2_description) by extensions ['colcon_pkg']
[0.969s] Level 1:colcon.colcon_core.package_identification:_identify(src/realsense-ros/realsense2_description) by extension 'colcon_pkg'
[0.969s] Level 1:colcon.colcon_core.package_identification:_identify(src/realsense-ros/realsense2_description) by extensions ['colcon_meta']
[0.969s] Level 1:colcon.colcon_core.package_identification:_identify(src/realsense-ros/realsense2_description) by extension 'colcon_meta'
[0.969s] Level 1:colcon.colcon_core.package_identification:_identify(src/realsense-ros/realsense2_description) by extensions ['ros']
[0.969s] Level 1:colcon.colcon_core.package_identification:_identify(src/realsense-ros/realsense2_description) by extension 'ros'
[0.970s] DEBUG:colcon.colcon_core.package_identification:Package 'src/realsense-ros/realsense2_description' with type 'ros.ament_cmake' and name 'realsense2_description'
[0.970s] Level 1:colcon.colcon_core.package_identification:_identify(src/realsense-ros/scripts) by extensions ['ignore', 'ignore_ament_install']
[0.970s] Level 1:colcon.colcon_core.package_identification:_identify(src/realsense-ros/scripts) by extension 'ignore'
[0.970s] Level 1:colcon.colcon_core.package_identification:_identify(src/realsense-ros/scripts) by extension 'ignore_ament_install'
[0.970s] Level 1:colcon.colcon_core.package_identification:_identify(src/realsense-ros/scripts) by extensions ['colcon_pkg']
[0.970s] Level 1:colcon.colcon_core.package_identification:_identify(src/realsense-ros/scripts) by extension 'colcon_pkg'
[0.971s] Level 1:colcon.colcon_core.package_identification:_identify(src/realsense-ros/scripts) by extensions ['colcon_meta']
[0.971s] Level 1:colcon.colcon_core.package_identification:_identify(src/realsense-ros/scripts) by extension 'colcon_meta'
[0.971s] Level 1:colcon.colcon_core.package_identification:_identify(src/realsense-ros/scripts) by extensions ['ros']
[0.971s] Level 1:colcon.colcon_core.package_identification:_identify(src/realsense-ros/scripts) by extension 'ros'
[0.971s] Level 1:colcon.colcon_core.package_identification:_identify(src/realsense-ros/scripts) by extensions ['cmake', 'python']
[0.971s] Level 1:colcon.colcon_core.package_identification:_identify(src/realsense-ros/scripts) by extension 'cmake'
[0.971s] Level 1:colcon.colcon_core.package_identification:_identify(src/realsense-ros/scripts) by extension 'python'
[0.971s] Level 1:colcon.colcon_core.package_identification:_identify(src/realsense-ros/scripts) by extensions ['python_setup_py']
[0.971s] Level 1:colcon.colcon_core.package_identification:_identify(src/realsense-ros/scripts) by extension 'python_setup_py'
[0.971s] Level 1:colcon.colcon_core.package_identification:_identify(src/takeImage) by extensions ['ignore', 'ignore_ament_install']
[0.971s] Level 1:colcon.colcon_core.package_identification:_identify(src/takeImage) by extension 'ignore'
[0.971s] Level 1:colcon.colcon_core.package_identification:_identify(src/takeImage) by extension 'ignore_ament_install'
[0.972s] Level 1:colcon.colcon_core.package_identification:_identify(src/takeImage) by extensions ['colcon_pkg']
[0.972s] Level 1:colcon.colcon_core.package_identification:_identify(src/takeImage) by extension 'colcon_pkg'
[0.972s] Level 1:colcon.colcon_core.package_identification:_identify(src/takeImage) by extensions ['colcon_meta']
[0.972s] Level 1:colcon.colcon_core.package_identification:_identify(src/takeImage) by extension 'colcon_meta'
[0.972s] Level 1:colcon.colcon_core.package_identification:_identify(src/takeImage) by extensions ['ros']
[0.972s] Level 1:colcon.colcon_core.package_identification:_identify(src/takeImage) by extension 'ros'
[0.973s] DEBUG:colcon.colcon_core.package_identification:Package 'src/takeImage' with type 'ros.ament_python' and name 'takeImage'
[0.973s] Level 1:colcon.colcon_core.package_discovery:discover_packages(recursive) using defaults
[0.973s] Level 1:colcon.colcon_core.package_discovery:discover_packages(ignore) discover
[0.973s] Level 1:colcon.colcon_core.package_discovery:discover_packages(ignore) using defaults
[0.973s] Level 1:colcon.colcon_core.package_discovery:discover_packages(path) discover
[0.973s] Level 1:colcon.colcon_core.package_discovery:discover_packages(path) using defaults
[1.010s] Level 1:colcon.colcon_core.package_discovery:discover_packages(prefix_path) check parameters
[1.010s] Level 1:colcon.colcon_core.package_discovery:discover_packages(prefix_path) discover
[1.020s] DEBUG:colcon.colcon_installed_package_information.package_discovery:Found 6 installed packages in /home/intern/recursive_ws/install
[1.024s] DEBUG:colcon.colcon_installed_package_information.package_discovery:Found 278 installed packages in /opt/ros/humble
[1.025s] Level 1:colcon.colcon_core.package_discovery:discover_packages(prefix_path) using defaults
[1.216s] Level 5:colcon.colcon_core.verb:set package 'apriltag_ros' build argument 'cmake_args' from command line to 'None'
[1.216s] Level 5:colcon.colcon_core.verb:set package 'apriltag_ros' build argument 'cmake_target' from command line to 'None'
[1.216s] Level 5:colcon.colcon_core.verb:set package 'apriltag_ros' build argument 'cmake_target_skip_unavailable' from command line to 'False'
[1.216s] Level 5:colcon.colcon_core.verb:set package 'apriltag_ros' build argument 'cmake_clean_cache' from command line to 'False'
[1.216s] Level 5:colcon.colcon_core.verb:set package 'apriltag_ros' build argument 'cmake_clean_first' from command line to 'False'
[1.216s] Level 5:colcon.colcon_core.verb:set package 'apriltag_ros' build argument 'cmake_force_configure' from command line to 'False'
[1.216s] Level 5:colcon.colcon_core.verb:set package 'apriltag_ros' build argument 'ament_cmake_args' from command line to 'None'
[1.216s] Level 5:colcon.colcon_core.verb:set package 'apriltag_ros' build argument 'catkin_cmake_args' from command line to 'None'
[1.216s] Level 5:colcon.colcon_core.verb:set package 'apriltag_ros' build argument 'catkin_skip_building_tests' from command line to 'False'
[1.216s] DEBUG:colcon.colcon_core.verb:Building package 'apriltag_ros' with the following arguments: {'ament_cmake_args': None, 'build_base': '/home/intern/recursive_ws/build/apriltag_ros', 'catkin_cmake_args': None, 'catkin_skip_building_tests': False, 'cmake_args': None, 'cmake_clean_cache': False, 'cmake_clean_first': False, 'cmake_force_configure': False, 'cmake_target': None, 'cmake_target_skip_unavailable': False, 'install_base': '/home/intern/recursive_ws/install/apriltag_ros', 'merge_install': False, 'path': '/home/intern/recursive_ws/src/apriltag_ros', 'symlink_install': False, 'test_result_base': None}
[1.217s] Level 5:colcon.colcon_core.verb:set package 'realsense2_camera_msgs' build argument 'cmake_args' from command line to 'None'
[1.217s] Level 5:colcon.colcon_core.verb:set package 'realsense2_camera_msgs' build argument 'cmake_target' from command line to 'None'
[1.217s] Level 5:colcon.colcon_core.verb:set package 'realsense2_camera_msgs' build argument 'cmake_target_skip_unavailable' from command line to 'False'
[1.217s] Level 5:colcon.colcon_core.verb:set package 'realsense2_camera_msgs' build argument 'cmake_clean_cache' from command line to 'False'
[1.217s] Level 5:colcon.colcon_core.verb:set package 'realsense2_camera_msgs' build argument 'cmake_clean_first' from command line to 'False'
[1.218s] Level 5:colcon.colcon_core.verb:set package 'realsense2_camera_msgs' build argument 'cmake_force_configure' from command line to 'False'
[1.218s] Level 5:colcon.colcon_core.verb:set package 'realsense2_camera_msgs' build argument 'ament_cmake_args' from command line to 'None'
[1.218s] Level 5:colcon.colcon_core.verb:set package 'realsense2_camera_msgs' build argument 'catkin_cmake_args' from command line to 'None'
[1.218s] Level 5:colcon.colcon_core.verb:set package 'realsense2_camera_msgs' build argument 'catkin_skip_building_tests' from command line to 'False'
[1.218s] DEBUG:colcon.colcon_core.verb:Building package 'realsense2_camera_msgs' with the following arguments: {'ament_cmake_args': None, 'build_base': '/home/intern/recursive_ws/build/realsense2_camera_msgs', 'catkin_cmake_args': None, 'catkin_skip_building_tests': False, 'cmake_args': None, 'cmake_clean_cache': False, 'cmake_clean_first': False, 'cmake_force_configure': False, 'cmake_target': None, 'cmake_target_skip_unavailable': False, 'install_base': '/home/intern/recursive_ws/install/realsense2_camera_msgs', 'merge_install': False, 'path': '/home/intern/recursive_ws/src/realsense-ros/realsense2_camera_msgs', 'symlink_install': False, 'test_result_base': None}
[1.219s] Level 5:colcon.colcon_core.verb:set package 'takeImage' build argument 'cmake_args' from command line to 'None'
[1.219s] Level 5:colcon.colcon_core.verb:set package 'takeImage' build argument 'cmake_target' from command line to 'None'
[1.219s] Level 5:colcon.colcon_core.verb:set package 'takeImage' build argument 'cmake_target_skip_unavailable' from command line to 'False'
[1.219s] Level 5:colcon.colcon_core.verb:set package 'takeImage' build argument 'cmake_clean_cache' from command line to 'False'
[1.219s] Level 5:colcon.colcon_core.verb:set package 'takeImage' build argument 'cmake_clean_first' from command line to 'False'
[1.219s] Level 5:colcon.colcon_core.verb:set package 'takeImage' build argument 'cmake_force_configure' from command line to 'False'
[1.219s] Level 5:colcon.colcon_core.verb:set package 'takeImage' build argument 'ament_cmake_args' from command line to 'None'
[1.219s] Level 5:colcon.colcon_core.verb:set package 'takeImage' build argument 'catkin_cmake_args' from command line to 'None'
[1.219s] Level 5:colcon.colcon_core.verb:set package 'takeImage' build argument 'catkin_skip_building_tests' from command line to 'False'
[1.219s] DEBUG:colcon.colcon_core.verb:Building package 'takeImage' with the following arguments: {'ament_cmake_args': None, 'build_base': '/home/intern/recursive_ws/build/takeImage', 'catkin_cmake_args': None, 'catkin_skip_building_tests': False, 'cmake_args': None, 'cmake_clean_cache': False, 'cmake_clean_first': False, 'cmake_force_configure': False, 'cmake_target': None, 'cmake_target_skip_unavailable': False, 'install_base': '/home/intern/recursive_ws/install/takeImage', 'merge_install': False, 'path': '/home/intern/recursive_ws/src/takeImage', 'symlink_install': False, 'test_result_base': None}
[1.220s] Level 5:colcon.colcon_core.verb:set package 'py_launch_aprilsys' build argument 'cmake_args' from command line to 'None'
[1.220s] Level 5:colcon.colcon_core.verb:set package 'py_launch_aprilsys' build argument 'cmake_target' from command line to 'None'
[1.220s] Level 5:colcon.colcon_core.verb:set package 'py_launch_aprilsys' build argument 'cmake_target_skip_unavailable' from command line to 'False'
[1.220s] Level 5:colcon.colcon_core.verb:set package 'py_launch_aprilsys' build argument 'cmake_clean_cache' from command line to 'False'
[1.220s] Level 5:colcon.colcon_core.verb:set package 'py_launch_aprilsys' build argument 'cmake_clean_first' from command line to 'False'
[1.220s] Level 5:colcon.colcon_core.verb:set package 'py_launch_aprilsys' build argument 'cmake_force_configure' from command line to 'False'
[1.220s] Level 5:colcon.colcon_core.verb:set package 'py_launch_aprilsys' build argument 'ament_cmake_args' from command line to 'None'
[1.220s] Level 5:colcon.colcon_core.verb:set package 'py_launch_aprilsys' build argument 'catkin_cmake_args' from command line to 'None'
[1.220s] Level 5:colcon.colcon_core.verb:set package 'py_launch_aprilsys' build argument 'catkin_skip_building_tests' from command line to 'False'
[1.221s] DEBUG:colcon.colcon_core.verb:Building package 'py_launch_aprilsys' with the following arguments: {'ament_cmake_args': None, 'build_base': '/home/intern/recursive_ws/build/py_launch_aprilsys', 'catkin_cmake_args': None, 'catkin_skip_building_tests': False, 'cmake_args': None, 'cmake_clean_cache': False, 'cmake_clean_first': False, 'cmake_force_configure': False, 'cmake_target': None, 'cmake_target_skip_unavailable': False, 'install_base': '/home/intern/recursive_ws/install/py_launch_aprilsys', 'merge_install': False, 'path': '/home/intern/recursive_ws/src/py_launch_aprilsys', 'symlink_install': False, 'test_result_base': None}
[1.221s] Level 5:colcon.colcon_core.verb:set package 'realsense2_camera' build argument 'cmake_args' from command line to 'None'
[1.221s] Level 5:colcon.colcon_core.verb:set package 'realsense2_camera' build argument 'cmake_target' from command line to 'None'
[1.222s] Level 5:colcon.colcon_core.verb:set package 'realsense2_camera' build argument 'cmake_target_skip_unavailable' from command line to 'False'
[1.222s] Level 5:colcon.colcon_core.verb:set package 'realsense2_camera' build argument 'cmake_clean_cache' from command line to 'False'
[1.222s] Level 5:colcon.colcon_core.verb:set package 'realsense2_camera' build argument 'cmake_clean_first' from command line to 'False'
[1.222s] Level 5:colcon.colcon_core.verb:set package 'realsense2_camera' build argument 'cmake_force_configure' from command line to 'False'
[1.222s] Level 5:colcon.colcon_core.verb:set package 'realsense2_camera' build argument 'ament_cmake_args' from command line to 'None'
[1.222s] Level 5:colcon.colcon_core.verb:set package 'realsense2_camera' build argument 'catkin_cmake_args' from command line to 'None'
[1.222s] Level 5:colcon.colcon_core.verb:set package 'realsense2_camera' build argument 'catkin_skip_building_tests' from command line to 'False'
[1.222s] DEBUG:colcon.colcon_core.verb:Building package 'realsense2_camera' with the following arguments: {'ament_cmake_args': None, 'build_base': '/home/intern/recursive_ws/build/realsense2_camera', 'catkin_cmake_args': None, 'catkin_skip_building_tests': False, 'cmake_args': None, 'cmake_clean_cache': False, 'cmake_clean_first': False, 'cmake_force_configure': False, 'cmake_target': None, 'cmake_target_skip_unavailable': False, 'install_base': '/home/intern/recursive_ws/install/realsense2_camera', 'merge_install': False, 'path': '/home/intern/recursive_ws/src/realsense-ros/realsense2_camera', 'symlink_install': False, 'test_result_base': None}
[1.223s] Level 5:colcon.colcon_core.verb:set package 'realsense2_description' build argument 'cmake_args' from command line to 'None'
[1.223s] Level 5:colcon.colcon_core.verb:set package 'realsense2_description' build argument 'cmake_target' from command line to 'None'
[1.223s] Level 5:colcon.colcon_core.verb:set package 'realsense2_description' build argument 'cmake_target_skip_unavailable' from command line to 'False'
[1.223s] Level 5:colcon.colcon_core.verb:set package 'realsense2_description' build argument 'cmake_clean_cache' from command line to 'False'
[1.223s] Level 5:colcon.colcon_core.verb:set package 'realsense2_description' build argument 'cmake_clean_first' from command line to 'False'
[1.223s] Level 5:colcon.colcon_core.verb:set package 'realsense2_description' build argument 'cmake_force_configure' from command line to 'False'
[1.223s] Level 5:colcon.colcon_core.verb:set package 'realsense2_description' build argument 'ament_cmake_args' from command line to 'None'
[1.223s] Level 5:colcon.colcon_core.verb:set package 'realsense2_description' build argument 'catkin_cmake_args' from command line to 'None'
[1.223s] Level 5:colcon.colcon_core.verb:set package 'realsense2_description' build argument 'catkin_skip_building_tests' from command line to 'False'
[1.223s] DEBUG:colcon.colcon_core.verb:Building package 'realsense2_description' with the following arguments: {'ament_cmake_args': None, 'build_base': '/home/intern/recursive_ws/build/realsense2_description', 'catkin_cmake_args': None, 'catkin_skip_building_tests': False, 'cmake_args': None, 'cmake_clean_cache': False, 'cmake_clean_first': False, 'cmake_force_configure': False, 'cmake_target': None, 'cmake_target_skip_unavailable': False, 'install_base': '/home/intern/recursive_ws/install/realsense2_description', 'merge_install': False, 'path': '/home/intern/recursive_ws/src/realsense-ros/realsense2_description', 'symlink_install': False, 'test_result_base': None}
[1.224s] INFO:colcon.colcon_core.executor:Executing jobs using 'parallel' executor
[1.227s] DEBUG:colcon.colcon_parallel_executor.executor.parallel:run_until_complete
[1.228s] INFO:colcon.colcon_ros.task.ament_cmake.build:Building ROS package in '/home/intern/recursive_ws/src/realsense-ros/realsense2_camera_msgs' with build type 'ament_cmake'
[1.228s] INFO:colcon.colcon_cmake.task.cmake.build:Building CMake package in '/home/intern/recursive_ws/src/realsense-ros/realsense2_camera_msgs'
[1.238s] INFO:colcon.colcon_core.plugin_system:Skipping extension 'colcon_core.shell.bat': Not used on non-Windows systems
[1.239s] INFO:colcon.colcon_core.shell:Skip shell extension 'powershell' for command environment: Not usable outside of PowerShell
[1.239s] DEBUG:colcon.colcon_core.shell:Skip shell extension 'dsv' for command environment
[1.245s] INFO:colcon.colcon_ros.task.ament_cmake.build:Building ROS package in '/home/intern/recursive_ws/src/apriltag_ros' with build type 'ament_cmake'
[1.245s] INFO:colcon.colcon_cmake.task.cmake.build:Building CMake package in '/home/intern/recursive_ws/src/apriltag_ros'
[1.247s] INFO:colcon.colcon_core.shell:Skip shell extension 'powershell' for command environment: Not usable outside of PowerShell
[1.247s] DEBUG:colcon.colcon_core.shell:Skip shell extension 'dsv' for command environment
[1.253s] INFO:colcon.colcon_ros.task.ament_python.build:Building ROS package in '/home/intern/recursive_ws/src/takeImage' with build type 'ament_python'
[1.253s] Level 1:colcon.colcon_core.shell:create_environment_hook('takeImage', 'ament_prefix_path')
[1.254s] INFO:colcon.colcon_core.shell:Creating environment hook '/home/intern/recursive_ws/install/takeImage/share/takeImage/hook/ament_prefix_path.ps1'
[1.256s] INFO:colcon.colcon_core.shell:Creating environment descriptor '/home/intern/recursive_ws/install/takeImage/share/takeImage/hook/ament_prefix_path.dsv'
[1.257s] INFO:colcon.colcon_core.shell:Creating environment hook '/home/intern/recursive_ws/install/takeImage/share/takeImage/hook/ament_prefix_path.sh'
[1.259s] INFO:colcon.colcon_core.shell:Skip shell extension 'powershell' for command environment: Not usable outside of PowerShell
[1.259s] DEBUG:colcon.colcon_core.shell:Skip shell extension 'dsv' for command environment
[1.269s] DEBUG:colcon.colcon_core.event_handler.log_command:Invoking command in '/home/intern/recursive_ws/build/realsense2_camera_msgs': CMAKE_PREFIX_PATH=${CMAKE_PREFIX_PATH}:/home/intern/recursive_ws/install/takeImage:/home/intern/recursive_ws/install/py_launch_aprilsys:/opt/ros/humble /usr/local/bin/cmake --build /home/intern/recursive_ws/build/realsense2_camera_msgs -- -j4 -l4
[1.280s] DEBUG:colcon.colcon_core.event_handler.log_command:Invoking command in '/home/intern/recursive_ws/build/apriltag_ros': CMAKE_PREFIX_PATH=${CMAKE_PREFIX_PATH}:/home/intern/recursive_ws/install/takeImage:/home/intern/recursive_ws/install/py_launch_aprilsys:/opt/ros/humble /usr/local/bin/cmake --build /home/intern/recursive_ws/build/apriltag_ros -- -j4 -l4
[1.655s] INFO:colcon.colcon_core.task.python.build:Building Python package in '/home/intern/recursive_ws/src/takeImage'
[1.657s] INFO:colcon.colcon_core.shell:Skip shell extension 'powershell' for command environment: Not usable outside of PowerShell
[1.657s] DEBUG:colcon.colcon_core.shell:Skip shell extension 'dsv' for command environment
[1.837s] DEBUG:colcon.colcon_core.event_handler.log_command:Invoked command in '/home/intern/recursive_ws/build/realsense2_camera_msgs' returned '0': CMAKE_PREFIX_PATH=${CMAKE_PREFIX_PATH}:/home/intern/recursive_ws/install/takeImage:/home/intern/recursive_ws/install/py_launch_aprilsys:/opt/ros/humble /usr/local/bin/cmake --build /home/intern/recursive_ws/build/realsense2_camera_msgs -- -j4 -l4
[1.993s] DEBUG:colcon.colcon_core.event_handler.log_command:Invoking command in '/home/intern/recursive_ws/build/realsense2_camera_msgs': CMAKE_PREFIX_PATH=${CMAKE_PREFIX_PATH}:/home/intern/recursive_ws/install/takeImage:/home/intern/recursive_ws/install/py_launch_aprilsys:/opt/ros/humble /usr/local/bin/cmake --install /home/intern/recursive_ws/build/realsense2_camera_msgs
[2.099s] Level 1:colcon.colcon_core.environment:create_environment_scripts_only(realsense2_camera_msgs)
[2.100s] DEBUG:colcon.colcon_core.event_handler.log_command:Invoked command in '/home/intern/recursive_ws/build/realsense2_camera_msgs' returned '0': CMAKE_PREFIX_PATH=${CMAKE_PREFIX_PATH}:/home/intern/recursive_ws/install/takeImage:/home/intern/recursive_ws/install/py_launch_aprilsys:/opt/ros/humble /usr/local/bin/cmake --install /home/intern/recursive_ws/build/realsense2_camera_msgs
[2.110s] Level 1:colcon.colcon_core.environment:checking '/home/intern/recursive_ws/install/realsense2_camera_msgs' for CMake module files
[2.111s] Level 1:colcon.colcon_core.environment:checking '/home/intern/recursive_ws/install/realsense2_camera_msgs' for CMake config files
[2.111s] Level 1:colcon.colcon_core.shell:create_environment_hook('realsense2_camera_msgs', 'cmake_prefix_path')
[2.113s] INFO:colcon.colcon_core.shell:Creating environment hook '/home/intern/recursive_ws/install/realsense2_camera_msgs/share/realsense2_camera_msgs/hook/cmake_prefix_path.ps1'
[2.113s] INFO:colcon.colcon_core.shell:Creating environment descriptor '/home/intern/recursive_ws/install/realsense2_camera_msgs/share/realsense2_camera_msgs/hook/cmake_prefix_path.dsv'
[2.114s] INFO:colcon.colcon_core.shell:Creating environment hook '/home/intern/recursive_ws/install/realsense2_camera_msgs/share/realsense2_camera_msgs/hook/cmake_prefix_path.sh'
[2.114s] Level 1:colcon.colcon_core.environment:checking '/home/intern/recursive_ws/install/realsense2_camera_msgs/lib'
[2.115s] Level 1:colcon.colcon_core.shell:create_environment_hook('realsense2_camera_msgs', 'ld_library_path_lib')
[2.116s] INFO:colcon.colcon_core.shell:Creating environment hook '/home/intern/recursive_ws/install/realsense2_camera_msgs/share/realsense2_camera_msgs/hook/ld_library_path_lib.ps1'
[2.117s] INFO:colcon.colcon_core.shell:Creating environment descriptor '/home/intern/recursive_ws/install/realsense2_camera_msgs/share/realsense2_camera_msgs/hook/ld_library_path_lib.dsv'
[2.117s] INFO:colcon.colcon_core.shell:Creating environment hook '/home/intern/recursive_ws/install/realsense2_camera_msgs/share/realsense2_camera_msgs/hook/ld_library_path_lib.sh'
[2.117s] Level 1:colcon.colcon_core.environment:checking '/home/intern/recursive_ws/install/realsense2_camera_msgs/bin'
[2.117s] Level 1:colcon.colcon_core.environment:checking '/home/intern/recursive_ws/install/realsense2_camera_msgs/lib/pkgconfig/realsense2_camera_msgs.pc'
[2.118s] Level 1:colcon.colcon_core.environment:checking '/home/intern/recursive_ws/install/realsense2_camera_msgs/lib/python3.10/site-packages'
[2.118s] Level 1:colcon.colcon_core.environment:checking '/home/intern/recursive_ws/install/realsense2_camera_msgs/bin'
[2.120s] INFO:colcon.colcon_core.shell:Creating package script '/home/intern/recursive_ws/install/realsense2_camera_msgs/share/realsense2_camera_msgs/package.ps1'
[2.121s] INFO:colcon.colcon_core.shell:Creating package descriptor '/home/intern/recursive_ws/install/realsense2_camera_msgs/share/realsense2_camera_msgs/package.dsv'
[2.122s] INFO:colcon.colcon_core.shell:Creating package script '/home/intern/recursive_ws/install/realsense2_camera_msgs/share/realsense2_camera_msgs/package.sh'
[2.123s] INFO:colcon.colcon_core.shell:Creating package script '/home/intern/recursive_ws/install/realsense2_camera_msgs/share/realsense2_camera_msgs/package.bash'
[2.125s] INFO:colcon.colcon_core.shell:Creating package script '/home/intern/recursive_ws/install/realsense2_camera_msgs/share/realsense2_camera_msgs/package.zsh'
[2.126s] Level 1:colcon.colcon_core.environment:create_file_with_runtime_dependencies(/home/intern/recursive_ws/install/realsense2_camera_msgs/share/colcon-core/packages/realsense2_camera_msgs)
[2.129s] DEBUG:colcon.colcon_core.event_handler.log_command:Invoking command in '/home/intern/recursive_ws/src/takeImage': PYTHONPATH=/home/intern/recursive_ws/build/takeImage/prefix_override:/home/intern/recursive_ws/install/takeImage/lib/python3.10/site-packages:${PYTHONPATH} /usr/bin/python3 setup.py egg_info --egg-base ../../build/takeImage build --build-base /home/intern/recursive_ws/build/takeImage/build install --record /home/intern/recursive_ws/build/takeImage/install.log --single-version-externally-managed
[2.280s] Level 1:colcon.colcon_core.environment:create_environment_scripts_only(realsense2_camera_msgs)
[2.281s] Level 1:colcon.colcon_core.environment:checking '/home/intern/recursive_ws/install/realsense2_camera_msgs' for CMake module files
[2.282s] Level 1:colcon.colcon_core.environment:checking '/home/intern/recursive_ws/install/realsense2_camera_msgs' for CMake config files
[2.283s] Level 1:colcon.colcon_core.shell:create_environment_hook('realsense2_camera_msgs', 'cmake_prefix_path')
[2.284s] INFO:colcon.colcon_core.shell:Creating environment hook '/home/intern/recursive_ws/install/realsense2_camera_msgs/share/realsense2_camera_msgs/hook/cmake_prefix_path.ps1'
[2.285s] INFO:colcon.colcon_core.shell:Creating environment descriptor '/home/intern/recursive_ws/install/realsense2_camera_msgs/share/realsense2_camera_msgs/hook/cmake_prefix_path.dsv'
[2.285s] INFO:colcon.colcon_core.shell:Creating environment hook '/home/intern/recursive_ws/install/realsense2_camera_msgs/share/realsense2_camera_msgs/hook/cmake_prefix_path.sh'
[2.286s] Level 1:colcon.colcon_core.environment:checking '/home/intern/recursive_ws/install/realsense2_camera_msgs/lib'
[2.286s] Level 1:colcon.colcon_core.shell:create_environment_hook('realsense2_camera_msgs', 'ld_library_path_lib')
[2.287s] INFO:colcon.colcon_core.shell:Creating environment hook '/home/intern/recursive_ws/install/realsense2_camera_msgs/share/realsense2_camera_msgs/hook/ld_library_path_lib.ps1'
[2.288s] INFO:colcon.colcon_core.shell:Creating environment descriptor '/home/intern/recursive_ws/install/realsense2_camera_msgs/share/realsense2_camera_msgs/hook/ld_library_path_lib.dsv'
[2.288s] INFO:colcon.colcon_core.shell:Creating environment hook '/home/intern/recursive_ws/install/realsense2_camera_msgs/share/realsense2_camera_msgs/hook/ld_library_path_lib.sh'
[2.288s] Level 1:colcon.colcon_core.environment:checking '/home/intern/recursive_ws/install/realsense2_camera_msgs/bin'
[2.289s] Level 1:colcon.colcon_core.environment:checking '/home/intern/recursive_ws/install/realsense2_camera_msgs/lib/pkgconfig/realsense2_camera_msgs.pc'
[2.289s] Level 1:colcon.colcon_core.environment:checking '/home/intern/recursive_ws/install/realsense2_camera_msgs/lib/python3.10/site-packages'
[2.289s] Level 1:colcon.colcon_core.environment:checking '/home/intern/recursive_ws/install/realsense2_camera_msgs/bin'
[2.291s] INFO:colcon.colcon_core.shell:Creating package script '/home/intern/recursive_ws/install/realsense2_camera_msgs/share/realsense2_camera_msgs/package.ps1'
[2.291s] INFO:colcon.colcon_core.shell:Creating package descriptor '/home/intern/recursive_ws/install/realsense2_camera_msgs/share/realsense2_camera_msgs/package.dsv'
[2.292s] INFO:colcon.colcon_core.shell:Creating package script '/home/intern/recursive_ws/install/realsense2_camera_msgs/share/realsense2_camera_msgs/package.sh'
[2.292s] INFO:colcon.colcon_core.shell:Creating package script '/home/intern/recursive_ws/install/realsense2_camera_msgs/share/realsense2_camera_msgs/package.bash'
[2.293s] INFO:colcon.colcon_core.shell:Creating package script '/home/intern/recursive_ws/install/realsense2_camera_msgs/share/realsense2_camera_msgs/package.zsh'
[2.293s] Level 1:colcon.colcon_core.environment:create_file_with_runtime_dependencies(/home/intern/recursive_ws/install/realsense2_camera_msgs/share/colcon-core/packages/realsense2_camera_msgs)
[2.293s] INFO:colcon.colcon_ros.task.ament_cmake.build:Building ROS package in '/home/intern/recursive_ws/src/realsense-ros/realsense2_camera' with build type 'ament_cmake'
[2.294s] INFO:colcon.colcon_cmake.task.cmake.build:Building CMake package in '/home/intern/recursive_ws/src/realsense-ros/realsense2_camera'
[2.295s] INFO:colcon.colcon_core.shell:Skip shell extension 'powershell' for command environment: Not usable outside of PowerShell
[2.295s] DEBUG:colcon.colcon_core.shell:Skip shell extension 'dsv' for command environment
[2.301s] INFO:colcon.colcon_ros.task.ament_cmake.build:Building ROS package in '/home/intern/recursive_ws/src/realsense-ros/realsense2_description' with build type 'ament_cmake'
[2.302s] INFO:colcon.colcon_cmake.task.cmake.build:Building CMake package in '/home/intern/recursive_ws/src/realsense-ros/realsense2_description'
[2.303s] INFO:colcon.colcon_core.shell:Skip shell extension 'powershell' for command environment: Not usable outside of PowerShell
[2.303s] DEBUG:colcon.colcon_core.shell:Skip shell extension 'dsv' for command environment
[2.313s] DEBUG:colcon.colcon_core.event_handler.log_command:Invoking command in '/home/intern/recursive_ws/build/realsense2_camera': CMAKE_PREFIX_PATH=/home/intern/recursive_ws/install/realsense2_camera_msgs:/home/intern/recursive_ws/install/realsense2_description:/home/intern/recursive_ws/install/realsense2_camera:/home/intern/recursive_ws/install/apriltag_ros:/home/intern/recursive_ws/install/takeImage:/home/intern/recursive_ws/install/py_launch_aprilsys:/opt/ros/humble LD_LIBRARY_PATH=/home/intern/recursive_ws/install/realsense2_camera_msgs/lib:/home/intern/recursive_ws/install/realsense2_camera/lib:/home/intern/recursive_ws/install/apriltag_ros/lib:/opt/ros/humble/opt/rviz_ogre_vendor/lib:/opt/ros/humble/lib/x86_64-linux-gnu:/opt/ros/humble/lib /usr/local/bin/cmake --build /home/intern/recursive_ws/build/realsense2_camera -- -j4 -l4
[2.321s] DEBUG:colcon.colcon_core.event_handler.log_command:Invoking command in '/home/intern/recursive_ws/build/realsense2_description': CMAKE_PREFIX_PATH=/home/intern/recursive_ws/install/realsense2_camera_msgs:/home/intern/recursive_ws/install/realsense2_description:/home/intern/recursive_ws/install/realsense2_camera:/home/intern/recursive_ws/install/apriltag_ros:/home/intern/recursive_ws/install/takeImage:/home/intern/recursive_ws/install/py_launch_aprilsys:/opt/ros/humble LD_LIBRARY_PATH=/home/intern/recursive_ws/install/realsense2_camera_msgs/lib:/home/intern/recursive_ws/install/realsense2_camera/lib:/home/intern/recursive_ws/install/apriltag_ros/lib:/opt/ros/humble/opt/rviz_ogre_vendor/lib:/opt/ros/humble/lib/x86_64-linux-gnu:/opt/ros/humble/lib /usr/local/bin/cmake --build /home/intern/recursive_ws/build/realsense2_description -- -j4 -l4
[2.344s] DEBUG:colcon.colcon_core.event_handler.log_command:Invoked command in '/home/intern/recursive_ws/build/realsense2_description' returned '0': CMAKE_PREFIX_PATH=/home/intern/recursive_ws/install/realsense2_camera_msgs:/home/intern/recursive_ws/install/realsense2_description:/home/intern/recursive_ws/install/realsense2_camera:/home/intern/recursive_ws/install/apriltag_ros:/home/intern/recursive_ws/install/takeImage:/home/intern/recursive_ws/install/py_launch_aprilsys:/opt/ros/humble LD_LIBRARY_PATH=/home/intern/recursive_ws/install/realsense2_camera_msgs/lib:/home/intern/recursive_ws/install/realsense2_camera/lib:/home/intern/recursive_ws/install/apriltag_ros/lib:/opt/ros/humble/opt/rviz_ogre_vendor/lib:/opt/ros/humble/lib/x86_64-linux-gnu:/opt/ros/humble/lib /usr/local/bin/cmake --build /home/intern/recursive_ws/build/realsense2_description -- -j4 -l4
[2.382s] DEBUG:colcon.colcon_core.event_handler.log_command:Invoking command in '/home/intern/recursive_ws/build/realsense2_description': CMAKE_PREFIX_PATH=/home/intern/recursive_ws/install/realsense2_camera_msgs:/home/intern/recursive_ws/install/realsense2_description:/home/intern/recursive_ws/install/realsense2_camera:/home/intern/recursive_ws/install/apriltag_ros:/home/intern/recursive_ws/install/takeImage:/home/intern/recursive_ws/install/py_launch_aprilsys:/opt/ros/humble LD_LIBRARY_PATH=/home/intern/recursive_ws/install/realsense2_camera_msgs/lib:/home/intern/recursive_ws/install/realsense2_camera/lib:/home/intern/recursive_ws/install/apriltag_ros/lib:/opt/ros/humble/opt/rviz_ogre_vendor/lib:/opt/ros/humble/lib/x86_64-linux-gnu:/opt/ros/humble/lib /usr/local/bin/cmake --install /home/intern/recursive_ws/build/realsense2_description
[2.393s] Level 1:colcon.colcon_core.environment:create_environment_scripts_only(realsense2_description)
[2.395s] Level 1:colcon.colcon_core.environment:checking '/home/intern/recursive_ws/install/realsense2_description' for CMake module files
[2.396s] Level 1:colcon.colcon_core.environment:checking '/home/intern/recursive_ws/install/realsense2_description' for CMake config files
[2.396s] Level 1:colcon.colcon_core.shell:create_environment_hook('realsense2_description', 'cmake_prefix_path')
[2.397s] INFO:colcon.colcon_core.shell:Creating environment hook '/home/intern/recursive_ws/install/realsense2_description/share/realsense2_description/hook/cmake_prefix_path.ps1'
[2.398s] DEBUG:colcon.colcon_core.event_handler.log_command:Invoked command in '/home/intern/recursive_ws/build/realsense2_description' returned '0': CMAKE_PREFIX_PATH=/home/intern/recursive_ws/install/realsense2_camera_msgs:/home/intern/recursive_ws/install/realsense2_description:/home/intern/recursive_ws/install/realsense2_camera:/home/intern/recursive_ws/install/apriltag_ros:/home/intern/recursive_ws/install/takeImage:/home/intern/recursive_ws/install/py_launch_aprilsys:/opt/ros/humble LD_LIBRARY_PATH=/home/intern/recursive_ws/install/realsense2_camera_msgs/lib:/home/intern/recursive_ws/install/realsense2_camera/lib:/home/intern/recursive_ws/install/apriltag_ros/lib:/opt/ros/humble/opt/rviz_ogre_vendor/lib:/opt/ros/humble/lib/x86_64-linux-gnu:/opt/ros/humble/lib /usr/local/bin/cmake --install /home/intern/recursive_ws/build/realsense2_description
[2.398s] INFO:colcon.colcon_core.shell:Creating environment descriptor '/home/intern/recursive_ws/install/realsense2_description/share/realsense2_description/hook/cmake_prefix_path.dsv'
[2.399s] INFO:colcon.colcon_core.shell:Creating environment hook '/home/intern/recursive_ws/install/realsense2_description/share/realsense2_description/hook/cmake_prefix_path.sh'
[2.399s] Level 1:colcon.colcon_core.environment:checking '/home/intern/recursive_ws/install/realsense2_description/bin'
[2.399s] Level 1:colcon.colcon_core.environment:checking '/home/intern/recursive_ws/install/realsense2_description/lib/pkgconfig/realsense2_description.pc'
[2.399s] Level 1:colcon.colcon_core.environment:checking '/home/intern/recursive_ws/install/realsense2_description/lib/python3.10/site-packages'
[2.400s] Level 1:colcon.colcon_core.environment:checking '/home/intern/recursive_ws/install/realsense2_description/bin'
[2.401s] INFO:colcon.colcon_core.shell:Creating package script '/home/intern/recursive_ws/install/realsense2_description/share/realsense2_description/package.ps1'
[2.402s] INFO:colcon.colcon_core.shell:Creating package descriptor '/home/intern/recursive_ws/install/realsense2_description/share/realsense2_description/package.dsv'
[2.402s] INFO:colcon.colcon_core.shell:Creating package script '/home/intern/recursive_ws/install/realsense2_description/share/realsense2_description/package.sh'
[2.403s] INFO:colcon.colcon_core.shell:Creating package script '/home/intern/recursive_ws/install/realsense2_description/share/realsense2_description/package.bash'
[2.403s] INFO:colcon.colcon_core.shell:Creating package script '/home/intern/recursive_ws/install/realsense2_description/share/realsense2_description/package.zsh'
[2.403s] Level 1:colcon.colcon_core.environment:create_file_with_runtime_dependencies(/home/intern/recursive_ws/install/realsense2_description/share/colcon-core/packages/realsense2_description)
[2.424s] Level 1:colcon.colcon_core.environment:create_environment_scripts_only(realsense2_description)
[2.426s] Level 1:colcon.colcon_core.environment:checking '/home/intern/recursive_ws/install/realsense2_description' for CMake module files
[2.427s] Level 1:colcon.colcon_core.environment:checking '/home/intern/recursive_ws/install/realsense2_description' for CMake config files
[2.427s] Level 1:colcon.colcon_core.shell:create_environment_hook('realsense2_description', 'cmake_prefix_path')
[2.428s] INFO:colcon.colcon_core.shell:Creating environment hook '/home/intern/recursive_ws/install/realsense2_description/share/realsense2_description/hook/cmake_prefix_path.ps1'
[2.429s] INFO:colcon.colcon_core.shell:Creating environment descriptor '/home/intern/recursive_ws/install/realsense2_description/share/realsense2_description/hook/cmake_prefix_path.dsv'
[2.429s] INFO:colcon.colcon_core.shell:Creating environment hook '/home/intern/recursive_ws/install/realsense2_description/share/realsense2_description/hook/cmake_prefix_path.sh'
[2.431s] Level 1:colcon.colcon_core.environment:checking '/home/intern/recursive_ws/install/realsense2_description/bin'
[2.431s] Level 1:colcon.colcon_core.environment:checking '/home/intern/recursive_ws/install/realsense2_description/lib/pkgconfig/realsense2_description.pc'
[2.431s] Level 1:colcon.colcon_core.environment:checking '/home/intern/recursive_ws/install/realsense2_description/lib/python3.10/site-packages'
[2.431s] Level 1:colcon.colcon_core.environment:checking '/home/intern/recursive_ws/install/realsense2_description/bin'
[2.433s] INFO:colcon.colcon_core.shell:Creating package script '/home/intern/recursive_ws/install/realsense2_description/share/realsense2_description/package.ps1'
[2.435s] INFO:colcon.colcon_core.shell:Creating package descriptor '/home/intern/recursive_ws/install/realsense2_description/share/realsense2_description/package.dsv'
[2.435s] INFO:colcon.colcon_core.shell:Creating package script '/home/intern/recursive_ws/install/realsense2_description/share/realsense2_description/package.sh'
[2.436s] INFO:colcon.colcon_core.shell:Creating package script '/home/intern/recursive_ws/install/realsense2_description/share/realsense2_description/package.bash'
[2.436s] INFO:colcon.colcon_core.shell:Creating package script '/home/intern/recursive_ws/install/realsense2_description/share/realsense2_description/package.zsh'
[2.437s] Level 1:colcon.colcon_core.environment:create_file_with_runtime_dependencies(/home/intern/recursive_ws/install/realsense2_description/share/colcon-core/packages/realsense2_description)
[2.490s] Level 1:colcon.colcon_core.environment:checking '/home/intern/recursive_ws/install/takeImage' for CMake module files
[2.491s] DEBUG:colcon.colcon_core.event_handler.log_command:Invoked command in '/home/intern/recursive_ws/src/takeImage' returned '0': PYTHONPATH=/home/intern/recursive_ws/build/takeImage/prefix_override:/home/intern/recursive_ws/install/takeImage/lib/python3.10/site-packages:${PYTHONPATH} /usr/bin/python3 setup.py egg_info --egg-base ../../build/takeImage build --build-base /home/intern/recursive_ws/build/takeImage/build install --record /home/intern/recursive_ws/build/takeImage/install.log --single-version-externally-managed
[2.491s] Level 1:colcon.colcon_core.environment:checking '/home/intern/recursive_ws/install/takeImage' for CMake config files
[2.492s] Level 1:colcon.colcon_core.environment:checking '/home/intern/recursive_ws/install/takeImage/lib'
[2.492s] Level 1:colcon.colcon_core.environment:checking '/home/intern/recursive_ws/install/takeImage/bin'
[2.492s] Level 1:colcon.colcon_core.environment:checking '/home/intern/recursive_ws/install/takeImage/lib/pkgconfig/takeImage.pc'
[2.493s] Level 1:colcon.colcon_core.environment:checking '/home/intern/recursive_ws/install/takeImage/lib/python3.10/site-packages'
[2.493s] Level 1:colcon.colcon_core.shell:create_environment_hook('takeImage', 'pythonpath')
[2.494s] INFO:colcon.colcon_core.shell:Creating environment hook '/home/intern/recursive_ws/install/takeImage/share/takeImage/hook/pythonpath.ps1'
[2.495s] INFO:colcon.colcon_core.shell:Creating environment descriptor '/home/intern/recursive_ws/install/takeImage/share/takeImage/hook/pythonpath.dsv'
[2.495s] INFO:colcon.colcon_core.shell:Creating environment hook '/home/intern/recursive_ws/install/takeImage/share/takeImage/hook/pythonpath.sh'
[2.496s] Level 1:colcon.colcon_core.environment:checking '/home/intern/recursive_ws/install/takeImage/bin'
[2.496s] Level 1:colcon.colcon_core.environment:create_environment_scripts_only(takeImage)
[2.497s] INFO:colcon.colcon_core.shell:Creating package script '/home/intern/recursive_ws/install/takeImage/share/takeImage/package.ps1'
[2.498s] INFO:colcon.colcon_core.shell:Creating package descriptor '/home/intern/recursive_ws/install/takeImage/share/takeImage/package.dsv'
[2.498s] INFO:colcon.colcon_core.shell:Creating package script '/home/intern/recursive_ws/install/takeImage/share/takeImage/package.sh'
[2.499s] INFO:colcon.colcon_core.shell:Creating package script '/home/intern/recursive_ws/install/takeImage/share/takeImage/package.bash'
[2.499s] INFO:colcon.colcon_core.shell:Creating package script '/home/intern/recursive_ws/install/takeImage/share/takeImage/package.zsh'
[2.500s] Level 1:colcon.colcon_core.environment:create_file_with_runtime_dependencies(/home/intern/recursive_ws/install/takeImage/share/colcon-core/packages/takeImage)
[2.503s] DEBUG:colcon.colcon_core.event_handler.log_command:Invoked command in '/home/intern/recursive_ws/build/realsense2_camera' returned '0': CMAKE_PREFIX_PATH=/home/intern/recursive_ws/install/realsense2_camera_msgs:/home/intern/recursive_ws/install/realsense2_description:/home/intern/recursive_ws/install/realsense2_camera:/home/intern/recursive_ws/install/apriltag_ros:/home/intern/recursive_ws/install/takeImage:/home/intern/recursive_ws/install/py_launch_aprilsys:/opt/ros/humble LD_LIBRARY_PATH=/home/intern/recursive_ws/install/realsense2_camera_msgs/lib:/home/intern/recursive_ws/install/realsense2_camera/lib:/home/intern/recursive_ws/install/apriltag_ros/lib:/opt/ros/humble/opt/rviz_ogre_vendor/lib:/opt/ros/humble/lib/x86_64-linux-gnu:/opt/ros/humble/lib /usr/local/bin/cmake --build /home/intern/recursive_ws/build/realsense2_camera -- -j4 -l4
[2.563s] DEBUG:colcon.colcon_core.event_handler.log_command:Invoking command in '/home/intern/recursive_ws/build/realsense2_camera': CMAKE_PREFIX_PATH=/home/intern/recursive_ws/install/realsense2_camera_msgs:/home/intern/recursive_ws/install/realsense2_description:/home/intern/recursive_ws/install/realsense2_camera:/home/intern/recursive_ws/install/apriltag_ros:/home/intern/recursive_ws/install/takeImage:/home/intern/recursive_ws/install/py_launch_aprilsys:/opt/ros/humble LD_LIBRARY_PATH=/home/intern/recursive_ws/install/realsense2_camera_msgs/lib:/home/intern/recursive_ws/install/realsense2_camera/lib:/home/intern/recursive_ws/install/apriltag_ros/lib:/opt/ros/humble/opt/rviz_ogre_vendor/lib:/opt/ros/humble/lib/x86_64-linux-gnu:/opt/ros/humble/lib /usr/local/bin/cmake --install /home/intern/recursive_ws/build/realsense2_camera
[2.576s] Level 1:colcon.colcon_core.environment:create_environment_scripts_only(realsense2_camera)
[2.578s] Level 1:colcon.colcon_core.environment:checking '/home/intern/recursive_ws/install/realsense2_camera' for CMake module files
[2.579s] DEBUG:colcon.colcon_core.event_handler.log_command:Invoked command in '/home/intern/recursive_ws/build/realsense2_camera' returned '0': CMAKE_PREFIX_PATH=/home/intern/recursive_ws/install/realsense2_camera_msgs:/home/intern/recursive_ws/install/realsense2_description:/home/intern/recursive_ws/install/realsense2_camera:/home/intern/recursive_ws/install/apriltag_ros:/home/intern/recursive_ws/install/takeImage:/home/intern/recursive_ws/install/py_launch_aprilsys:/opt/ros/humble LD_LIBRARY_PATH=/home/intern/recursive_ws/install/realsense2_camera_msgs/lib:/home/intern/recursive_ws/install/realsense2_camera/lib:/home/intern/recursive_ws/install/apriltag_ros/lib:/opt/ros/humble/opt/rviz_ogre_vendor/lib:/opt/ros/humble/lib/x86_64-linux-gnu:/opt/ros/humble/lib /usr/local/bin/cmake --install /home/intern/recursive_ws/build/realsense2_camera
[2.580s] Level 1:colcon.colcon_core.environment:checking '/home/intern/recursive_ws/install/realsense2_camera' for CMake config files
[2.580s] Level 1:colcon.colcon_core.shell:create_environment_hook('realsense2_camera', 'cmake_prefix_path')
[2.581s] INFO:colcon.colcon_core.shell:Creating environment hook '/home/intern/recursive_ws/install/realsense2_camera/share/realsense2_camera/hook/cmake_prefix_path.ps1'
[2.582s] INFO:colcon.colcon_core.shell:Creating environment descriptor '/home/intern/recursive_ws/install/realsense2_camera/share/realsense2_camera/hook/cmake_prefix_path.dsv'
[2.582s] INFO:colcon.colcon_core.shell:Creating environment hook '/home/intern/recursive_ws/install/realsense2_camera/share/realsense2_camera/hook/cmake_prefix_path.sh'
[2.583s] Level 1:colcon.colcon_core.environment:checking '/home/intern/recursive_ws/install/realsense2_camera/lib'
[2.583s] Level 1:colcon.colcon_core.shell:create_environment_hook('realsense2_camera', 'ld_library_path_lib')
[2.584s] INFO:colcon.colcon_core.shell:Creating environment hook '/home/intern/recursive_ws/install/realsense2_camera/share/realsense2_camera/hook/ld_library_path_lib.ps1'
[2.585s] INFO:colcon.colcon_core.shell:Creating environment descriptor '/home/intern/recursive_ws/install/realsense2_camera/share/realsense2_camera/hook/ld_library_path_lib.dsv'
[2.585s] INFO:colcon.colcon_core.shell:Creating environment hook '/home/intern/recursive_ws/install/realsense2_camera/share/realsense2_camera/hook/ld_library_path_lib.sh'
[2.585s] Level 1:colcon.colcon_core.environment:checking '/home/intern/recursive_ws/install/realsense2_camera/bin'
[2.585s] Level 1:colcon.colcon_core.environment:checking '/home/intern/recursive_ws/install/realsense2_camera/lib/pkgconfig/realsense2_camera.pc'
[2.586s] Level 1:colcon.colcon_core.environment:checking '/home/intern/recursive_ws/install/realsense2_camera/lib/python3.10/site-packages'
[2.586s] Level 1:colcon.colcon_core.environment:checking '/home/intern/recursive_ws/install/realsense2_camera/bin'
[2.587s] INFO:colcon.colcon_core.shell:Creating package script '/home/intern/recursive_ws/install/realsense2_camera/share/realsense2_camera/package.ps1'
[2.588s] INFO:colcon.colcon_core.shell:Creating package descriptor '/home/intern/recursive_ws/install/realsense2_camera/share/realsense2_camera/package.dsv'
[2.588s] INFO:colcon.colcon_core.shell:Creating package script '/home/intern/recursive_ws/install/realsense2_camera/share/realsense2_camera/package.sh'
[2.589s] INFO:colcon.colcon_core.shell:Creating package script '/home/intern/recursive_ws/install/realsense2_camera/share/realsense2_camera/package.bash'
[2.589s] INFO:colcon.colcon_core.shell:Creating package script '/home/intern/recursive_ws/install/realsense2_camera/share/realsense2_camera/package.zsh'
[2.589s] Level 1:colcon.colcon_core.environment:create_file_with_runtime_dependencies(/home/intern/recursive_ws/install/realsense2_camera/share/colcon-core/packages/realsense2_camera)
[2.648s] Level 1:colcon.colcon_core.environment:create_environment_scripts_only(realsense2_camera)
[2.649s] Level 1:colcon.colcon_core.environment:checking '/home/intern/recursive_ws/install/realsense2_camera' for CMake module files
[2.650s] Level 1:colcon.colcon_core.environment:checking '/home/intern/recursive_ws/install/realsense2_camera' for CMake config files
[2.650s] Level 1:colcon.colcon_core.shell:create_environment_hook('realsense2_camera', 'cmake_prefix_path')
[2.652s] INFO:colcon.colcon_core.shell:Creating environment hook '/home/intern/recursive_ws/install/realsense2_camera/share/realsense2_camera/hook/cmake_prefix_path.ps1'
[2.652s] INFO:colcon.colcon_core.shell:Creating environment descriptor '/home/intern/recursive_ws/install/realsense2_camera/share/realsense2_camera/hook/cmake_prefix_path.dsv'
[2.652s] INFO:colcon.colcon_core.shell:Creating environment hook '/home/intern/recursive_ws/install/realsense2_camera/share/realsense2_camera/hook/cmake_prefix_path.sh'
[2.653s] Level 1:colcon.colcon_core.environment:checking '/home/intern/recursive_ws/install/realsense2_camera/lib'
[2.653s] Level 1:colcon.colcon_core.shell:create_environment_hook('realsense2_camera', 'ld_library_path_lib')
[2.654s] INFO:colcon.colcon_core.shell:Creating environment hook '/home/intern/recursive_ws/install/realsense2_camera/share/realsense2_camera/hook/ld_library_path_lib.ps1'
[2.655s] INFO:colcon.colcon_core.shell:Creating environment descriptor '/home/intern/recursive_ws/install/realsense2_camera/share/realsense2_camera/hook/ld_library_path_lib.dsv'
[2.655s] INFO:colcon.colcon_core.shell:Creating environment hook '/home/intern/recursive_ws/install/realsense2_camera/share/realsense2_camera/hook/ld_library_path_lib.sh'
[2.655s] Level 1:colcon.colcon_core.environment:checking '/home/intern/recursive_ws/install/realsense2_camera/bin'
[2.656s] Level 1:colcon.colcon_core.environment:checking '/home/intern/recursive_ws/install/realsense2_camera/lib/pkgconfig/realsense2_camera.pc'
[2.656s] Level 1:colcon.colcon_core.environment:checking '/home/intern/recursive_ws/install/realsense2_camera/lib/python3.10/site-packages'
[2.656s] Level 1:colcon.colcon_core.environment:checking '/home/intern/recursive_ws/install/realsense2_camera/bin'
[2.657s] INFO:colcon.colcon_core.shell:Creating package script '/home/intern/recursive_ws/install/realsense2_camera/share/realsense2_camera/package.ps1'
[2.659s] INFO:colcon.colcon_core.shell:Creating package descriptor '/home/intern/recursive_ws/install/realsense2_camera/share/realsense2_camera/package.dsv'
[2.659s] INFO:colcon.colcon_core.shell:Creating package script '/home/intern/recursive_ws/install/realsense2_camera/share/realsense2_camera/package.sh'
[2.660s] INFO:colcon.colcon_core.shell:Creating package script '/home/intern/recursive_ws/install/realsense2_camera/share/realsense2_camera/package.bash'
[2.660s] INFO:colcon.colcon_core.shell:Creating package script '/home/intern/recursive_ws/install/realsense2_camera/share/realsense2_camera/package.zsh'
[2.660s] Level 1:colcon.colcon_core.environment:create_file_with_runtime_dependencies(/home/intern/recursive_ws/install/realsense2_camera/share/colcon-core/packages/realsense2_camera)
[9.870s] DEBUG:colcon.colcon_core.event_handler.log_command:Invoked command in '/home/intern/recursive_ws/build/apriltag_ros' returned '0': CMAKE_PREFIX_PATH=${CMAKE_PREFIX_PATH}:/home/intern/recursive_ws/install/takeImage:/home/intern/recursive_ws/install/py_launch_aprilsys:/opt/ros/humble /usr/local/bin/cmake --build /home/intern/recursive_ws/build/apriltag_ros -- -j4 -l4
[9.906s] DEBUG:colcon.colcon_core.event_handler.log_command:Invoking command in '/home/intern/recursive_ws/build/apriltag_ros': CMAKE_PREFIX_PATH=${CMAKE_PREFIX_PATH}:/home/intern/recursive_ws/install/takeImage:/home/intern/recursive_ws/install/py_launch_aprilsys:/opt/ros/humble /usr/local/bin/cmake --install /home/intern/recursive_ws/build/apriltag_ros
[9.920s] Level 1:colcon.colcon_core.environment:create_environment_scripts_only(apriltag_ros)
[9.922s] Level 1:colcon.colcon_core.environment:checking '/home/intern/recursive_ws/install/apriltag_ros' for CMake module files
[9.923s] DEBUG:colcon.colcon_core.event_handler.log_command:Invoked command in '/home/intern/recursive_ws/build/apriltag_ros' returned '0': CMAKE_PREFIX_PATH=${CMAKE_PREFIX_PATH}:/home/intern/recursive_ws/install/takeImage:/home/intern/recursive_ws/install/py_launch_aprilsys:/opt/ros/humble /usr/local/bin/cmake --install /home/intern/recursive_ws/build/apriltag_ros
[9.923s] Level 1:colcon.colcon_core.environment:checking '/home/intern/recursive_ws/install/apriltag_ros' for CMake config files
[9.924s] Level 1:colcon.colcon_core.shell:create_environment_hook('apriltag_ros', 'cmake_prefix_path')
[9.925s] INFO:colcon.colcon_core.shell:Creating environment hook '/home/intern/recursive_ws/install/apriltag_ros/share/apriltag_ros/hook/cmake_prefix_path.ps1'
[9.926s] INFO:colcon.colcon_core.shell:Creating environment descriptor '/home/intern/recursive_ws/install/apriltag_ros/share/apriltag_ros/hook/cmake_prefix_path.dsv'
[9.926s] INFO:colcon.colcon_core.shell:Creating environment hook '/home/intern/recursive_ws/install/apriltag_ros/share/apriltag_ros/hook/cmake_prefix_path.sh'
[9.927s] Level 1:colcon.colcon_core.environment:checking '/home/intern/recursive_ws/install/apriltag_ros/lib'
[9.927s] Level 1:colcon.colcon_core.shell:create_environment_hook('apriltag_ros', 'ld_library_path_lib')
[9.928s] INFO:colcon.colcon_core.shell:Creating environment hook '/home/intern/recursive_ws/install/apriltag_ros/share/apriltag_ros/hook/ld_library_path_lib.ps1'
[9.929s] INFO:colcon.colcon_core.shell:Creating environment descriptor '/home/intern/recursive_ws/install/apriltag_ros/share/apriltag_ros/hook/ld_library_path_lib.dsv'
[9.929s] INFO:colcon.colcon_core.shell:Creating environment hook '/home/intern/recursive_ws/install/apriltag_ros/share/apriltag_ros/hook/ld_library_path_lib.sh'
[9.930s] Level 1:colcon.colcon_core.environment:checking '/home/intern/recursive_ws/install/apriltag_ros/bin'
[9.930s] Level 1:colcon.colcon_core.environment:checking '/home/intern/recursive_ws/install/apriltag_ros/lib/pkgconfig/apriltag_ros.pc'
[9.930s] Level 1:colcon.colcon_core.environment:checking '/home/intern/recursive_ws/install/apriltag_ros/lib/python3.10/site-packages'
[9.930s] Level 1:colcon.colcon_core.environment:checking '/home/intern/recursive_ws/install/apriltag_ros/bin'
[9.932s] INFO:colcon.colcon_core.shell:Creating package script '/home/intern/recursive_ws/install/apriltag_ros/share/apriltag_ros/package.ps1'
[9.932s] INFO:colcon.colcon_core.shell:Creating package descriptor '/home/intern/recursive_ws/install/apriltag_ros/share/apriltag_ros/package.dsv'
[9.933s] INFO:colcon.colcon_core.shell:Creating package script '/home/intern/recursive_ws/install/apriltag_ros/share/apriltag_ros/package.sh'
[9.933s] INFO:colcon.colcon_core.shell:Creating package script '/home/intern/recursive_ws/install/apriltag_ros/share/apriltag_ros/package.bash'
[9.934s] INFO:colcon.colcon_core.shell:Creating package script '/home/intern/recursive_ws/install/apriltag_ros/share/apriltag_ros/package.zsh'
[9.934s] Level 1:colcon.colcon_core.environment:create_file_with_runtime_dependencies(/home/intern/recursive_ws/install/apriltag_ros/share/colcon-core/packages/apriltag_ros)
[9.968s] Level 1:colcon.colcon_core.environment:create_environment_scripts_only(apriltag_ros)
[9.970s] Level 1:colcon.colcon_core.environment:checking '/home/intern/recursive_ws/install/apriltag_ros' for CMake module files
[9.971s] Level 1:colcon.colcon_core.environment:checking '/home/intern/recursive_ws/install/apriltag_ros' for CMake config files
[9.971s] Level 1:colcon.colcon_core.shell:create_environment_hook('apriltag_ros', 'cmake_prefix_path')
[9.972s] INFO:colcon.colcon_core.shell:Creating environment hook '/home/intern/recursive_ws/install/apriltag_ros/share/apriltag_ros/hook/cmake_prefix_path.ps1'
[9.973s] INFO:colcon.colcon_core.shell:Creating environment descriptor '/home/intern/recursive_ws/install/apriltag_ros/share/apriltag_ros/hook/cmake_prefix_path.dsv'
[9.973s] INFO:colcon.colcon_core.shell:Creating environment hook '/home/intern/recursive_ws/install/apriltag_ros/share/apriltag_ros/hook/cmake_prefix_path.sh'
[9.973s] Level 1:colcon.colcon_core.environment:checking '/home/intern/recursive_ws/install/apriltag_ros/lib'
[9.974s] Level 1:colcon.colcon_core.shell:create_environment_hook('apriltag_ros', 'ld_library_path_lib')
[9.975s] INFO:colcon.colcon_core.shell:Creating environment hook '/home/intern/recursive_ws/install/apriltag_ros/share/apriltag_ros/hook/ld_library_path_lib.ps1'
[9.975s] INFO:colcon.colcon_core.shell:Creating environment descriptor '/home/intern/recursive_ws/install/apriltag_ros/share/apriltag_ros/hook/ld_library_path_lib.dsv'
[9.976s] INFO:colcon.colcon_core.shell:Creating environment hook '/home/intern/recursive_ws/install/apriltag_ros/share/apriltag_ros/hook/ld_library_path_lib.sh'
[9.976s] Level 1:colcon.colcon_core.environment:checking '/home/intern/recursive_ws/install/apriltag_ros/bin'
[9.976s] Level 1:colcon.colcon_core.environment:checking '/home/intern/recursive_ws/install/apriltag_ros/lib/pkgconfig/apriltag_ros.pc'
[9.976s] Level 1:colcon.colcon_core.environment:checking '/home/intern/recursive_ws/install/apriltag_ros/lib/python3.10/site-packages'
[9.977s] Level 1:colcon.colcon_core.environment:checking '/home/intern/recursive_ws/install/apriltag_ros/bin'
[9.978s] INFO:colcon.colcon_core.shell:Creating package script '/home/intern/recursive_ws/install/apriltag_ros/share/apriltag_ros/package.ps1'
[9.979s] INFO:colcon.colcon_core.shell:Creating package descriptor '/home/intern/recursive_ws/install/apriltag_ros/share/apriltag_ros/package.dsv'
[9.979s] INFO:colcon.colcon_core.shell:Creating package script '/home/intern/recursive_ws/install/apriltag_ros/share/apriltag_ros/package.sh'
[9.980s] INFO:colcon.colcon_core.shell:Creating package script '/home/intern/recursive_ws/install/apriltag_ros/share/apriltag_ros/package.bash'
[9.980s] INFO:colcon.colcon_core.shell:Creating package script '/home/intern/recursive_ws/install/apriltag_ros/share/apriltag_ros/package.zsh'
[9.980s] Level 1:colcon.colcon_core.environment:create_file_with_runtime_dependencies(/home/intern/recursive_ws/install/apriltag_ros/share/colcon-core/packages/apriltag_ros)
[9.981s] INFO:colcon.colcon_ros.task.ament_python.build:Building ROS package in '/home/intern/recursive_ws/src/py_launch_aprilsys' with build type 'ament_python'
[9.981s] Level 1:colcon.colcon_core.shell:create_environment_hook('py_launch_aprilsys', 'ament_prefix_path')
[9.982s] INFO:colcon.colcon_core.shell:Creating environment hook '/home/intern/recursive_ws/install/py_launch_aprilsys/share/py_launch_aprilsys/hook/ament_prefix_path.ps1'
[9.983s] INFO:colcon.colcon_core.shell:Creating environment descriptor '/home/intern/recursive_ws/install/py_launch_aprilsys/share/py_launch_aprilsys/hook/ament_prefix_path.dsv'
[9.984s] INFO:colcon.colcon_core.shell:Creating environment hook '/home/intern/recursive_ws/install/py_launch_aprilsys/share/py_launch_aprilsys/hook/ament_prefix_path.sh'
[9.986s] INFO:colcon.colcon_core.shell:Skip shell extension 'powershell' for command environment: Not usable outside of PowerShell
[9.986s] DEBUG:colcon.colcon_core.shell:Skip shell extension 'dsv' for command environment
[10.287s] INFO:colcon.colcon_core.task.python.build:Building Python package in '/home/intern/recursive_ws/src/py_launch_aprilsys'
[10.288s] INFO:colcon.colcon_core.shell:Skip shell extension 'powershell' for command environment: Not usable outside of PowerShell
[10.288s] DEBUG:colcon.colcon_core.shell:Skip shell extension 'dsv' for command environment
[10.659s] DEBUG:colcon.colcon_core.event_handler.log_command:Invoking command in '/home/intern/recursive_ws/src/py_launch_aprilsys': CMAKE_PREFIX_PATH=/home/intern/recursive_ws/install/apriltag_ros:/home/intern/recursive_ws/install/realsense2_description:/home/intern/recursive_ws/install/realsense2_camera:/home/intern/recursive_ws/install/realsense2_camera_msgs LD_LIBRARY_PATH=/home/intern/recursive_ws/install/apriltag_ros/lib:/home/intern/recursive_ws/install/realsense2_camera/lib:/home/intern/recursive_ws/install/realsense2_camera_msgs/lib:/opt/ros/humble/opt/rviz_ogre_vendor/lib:/opt/ros/humble/lib/x86_64-linux-gnu:/opt/ros/humble/lib PYTHONPATH=/home/intern/recursive_ws/build/py_launch_aprilsys/prefix_override:/home/intern/recursive_ws/install/py_launch_aprilsys/lib/python3.10/site-packages:${PYTHONPATH} /usr/bin/python3 setup.py egg_info --egg-base ../../build/py_launch_aprilsys build --build-base /home/intern/recursive_ws/build/py_launch_aprilsys/build install --record /home/intern/recursive_ws/build/py_launch_aprilsys/install.log --single-version-externally-managed
[10.996s] Level 1:colcon.colcon_core.environment:checking '/home/intern/recursive_ws/install/py_launch_aprilsys' for CMake module files
[10.997s] DEBUG:colcon.colcon_core.event_handler.log_command:Invoked command in '/home/intern/recursive_ws/src/py_launch_aprilsys' returned '0': CMAKE_PREFIX_PATH=/home/intern/recursive_ws/install/apriltag_ros:/home/intern/recursive_ws/install/realsense2_description:/home/intern/recursive_ws/install/realsense2_camera:/home/intern/recursive_ws/install/realsense2_camera_msgs LD_LIBRARY_PATH=/home/intern/recursive_ws/install/apriltag_ros/lib:/home/intern/recursive_ws/install/realsense2_camera/lib:/home/intern/recursive_ws/install/realsense2_camera_msgs/lib:/opt/ros/humble/opt/rviz_ogre_vendor/lib:/opt/ros/humble/lib/x86_64-linux-gnu:/opt/ros/humble/lib PYTHONPATH=/home/intern/recursive_ws/build/py_launch_aprilsys/prefix_override:/home/intern/recursive_ws/install/py_launch_aprilsys/lib/python3.10/site-packages:${PYTHONPATH} /usr/bin/python3 setup.py egg_info --egg-base ../../build/py_launch_aprilsys build --build-base /home/intern/recursive_ws/build/py_launch_aprilsys/build install --record /home/intern/recursive_ws/build/py_launch_aprilsys/install.log --single-version-externally-managed
[10.997s] Level 1:colcon.colcon_core.environment:checking '/home/intern/recursive_ws/install/py_launch_aprilsys' for CMake config files
[10.998s] Level 1:colcon.colcon_core.environment:checking '/home/intern/recursive_ws/install/py_launch_aprilsys/lib'
[10.998s] Level 1:colcon.colcon_core.environment:checking '/home/intern/recursive_ws/install/py_launch_aprilsys/bin'
[10.998s] Level 1:colcon.colcon_core.environment:checking '/home/intern/recursive_ws/install/py_launch_aprilsys/lib/pkgconfig/py_launch_aprilsys.pc'
[10.999s] Level 1:colcon.colcon_core.environment:checking '/home/intern/recursive_ws/install/py_launch_aprilsys/lib/python3.10/site-packages'
[10.999s] Level 1:colcon.colcon_core.shell:create_environment_hook('py_launch_aprilsys', 'pythonpath')
[11.000s] INFO:colcon.colcon_core.shell:Creating environment hook '/home/intern/recursive_ws/install/py_launch_aprilsys/share/py_launch_aprilsys/hook/pythonpath.ps1'
[11.001s] INFO:colcon.colcon_core.shell:Creating environment descriptor '/home/intern/recursive_ws/install/py_launch_aprilsys/share/py_launch_aprilsys/hook/pythonpath.dsv'
[11.001s] INFO:colcon.colcon_core.shell:Creating environment hook '/home/intern/recursive_ws/install/py_launch_aprilsys/share/py_launch_aprilsys/hook/pythonpath.sh'
[11.002s] Level 1:colcon.colcon_core.environment:checking '/home/intern/recursive_ws/install/py_launch_aprilsys/bin'
[11.002s] Level 1:colcon.colcon_core.environment:create_environment_scripts_only(py_launch_aprilsys)
[11.003s] INFO:colcon.colcon_core.shell:Creating package script '/home/intern/recursive_ws/install/py_launch_aprilsys/share/py_launch_aprilsys/package.ps1'
[11.004s] INFO:colcon.colcon_core.shell:Creating package descriptor '/home/intern/recursive_ws/install/py_launch_aprilsys/share/py_launch_aprilsys/package.dsv'
[11.004s] INFO:colcon.colcon_core.shell:Creating package script '/home/intern/recursive_ws/install/py_launch_aprilsys/share/py_launch_aprilsys/package.sh'
[11.005s] INFO:colcon.colcon_core.shell:Creating package script '/home/intern/recursive_ws/install/py_launch_aprilsys/share/py_launch_aprilsys/package.bash'
[11.005s] INFO:colcon.colcon_core.shell:Creating package script '/home/intern/recursive_ws/install/py_launch_aprilsys/share/py_launch_aprilsys/package.zsh'
[11.005s] Level 1:colcon.colcon_core.environment:create_file_with_runtime_dependencies(/home/intern/recursive_ws/install/py_launch_aprilsys/share/colcon-core/packages/py_launch_aprilsys)
[11.006s] DEBUG:colcon.colcon_parallel_executor.executor.parallel:closing loop
[11.006s] DEBUG:colcon.colcon_parallel_executor.executor.parallel:loop closed
[11.006s] DEBUG:colcon.colcon_parallel_executor.executor.parallel:run_until_complete finished with '0'
[11.006s] DEBUG:colcon.colcon_core.event_reactor:joining thread
[11.031s] INFO:colcon.colcon_core.plugin_system:Skipping extension 'colcon_notification.desktop_notification.terminal_notifier': Not used on non-Darwin systems
[11.032s] INFO:colcon.colcon_core.plugin_system:Skipping extension 'colcon_notification.desktop_notification.win32': Not used on non-Windows systems
[11.032s] INFO:colcon.colcon_notification.desktop_notification:Sending desktop notification using 'notify2'
[11.078s] DEBUG:colcon.colcon_core.event_reactor:joined thread
[11.083s] INFO:colcon.colcon_core.shell:Creating prefix script '/home/intern/recursive_ws/install/local_setup.ps1'
[11.087s] INFO:colcon.colcon_core.shell:Creating prefix util module '/home/intern/recursive_ws/install/_local_setup_util_ps1.py'
[11.093s] INFO:colcon.colcon_core.shell:Creating prefix chain script '/home/intern/recursive_ws/install/setup.ps1'
[11.098s] INFO:colcon.colcon_core.shell:Creating prefix script '/home/intern/recursive_ws/install/local_setup.sh'
[11.100s] INFO:colcon.colcon_core.shell:Creating prefix util module '/home/intern/recursive_ws/install/_local_setup_util_sh.py'
[11.101s] INFO:colcon.colcon_core.shell:Creating prefix chain script '/home/intern/recursive_ws/install/setup.sh'
[11.105s] INFO:colcon.colcon_core.shell:Creating prefix script '/home/intern/recursive_ws/install/local_setup.bash'
[11.106s] INFO:colcon.colcon_core.shell:Creating prefix chain script '/home/intern/recursive_ws/install/setup.bash'
[11.110s] INFO:colcon.colcon_core.shell:Creating prefix script '/home/intern/recursive_ws/install/local_setup.zsh'
[11.111s] INFO:colcon.colcon_core.shell:Creating prefix chain script '/home/intern/recursive_ws/install/setup.zsh'
