[0.020s] Invoking command in '/home/intern/ros2Humble_ws/build/apriltag_ros': CMAKE_PREFIX_PATH=${CMAKE_PREFIX_PATH}:/opt/ros/humble /home/intern/.local/bin/cmake /home/intern/ros2Humble_ws/src/apriltag_ros -DCMAKE_INSTALL_PREFIX=/home/intern/ros2Humble_ws/install/apriltag_ros
[0.063s] -- Found rclcpp: 16.0.4 (/opt/ros/humble/share/rclcpp/cmake)
[0.329s] -- Found rosidl_generator_c: 3.1.4 (/opt/ros/humble/share/rosidl_generator_c/cmake)
[0.334s] -- Found rosidl_adapter: 3.1.4 (/opt/ros/humble/share/rosidl_adapter/cmake)
[0.345s] -- Found rosidl_generator_cpp: 3.1.4 (/opt/ros/humble/share/rosidl_generator_cpp/cmake)
[0.366s] -- Using all available rosidl_typesupport_c: rosidl_typesupport_fastrtps_c;rosidl_typesupport_introspection_c
[0.394s] -- Using all available rosidl_typesupport_cpp: rosidl_typesupport_fastrtps_cpp;rosidl_typesupport_introspection_cpp
[0.497s] -- Found rmw_implementation_cmake: 6.1.1 (/opt/ros/humble/share/rmw_implementation_cmake/cmake)
[0.500s] -- Found rmw_fastrtps_cpp: 6.2.2 (/opt/ros/humble/share/rmw_fastrtps_cpp/cmake)
[0.696s] -- Using RMW implementation 'rmw_fastrtps_cpp' as default
[1.010s] -- Found rclcpp_components: 16.0.4 (/opt/ros/humble/share/rclcpp_components/cmake)
[1.124s] -- Found sensor_msgs: 4.2.3 (/opt/ros/humble/share/sensor_msgs/cmake)
[1.442s] -- Found apriltag_msgs: 2.0.1 (/opt/ros/humble/share/apriltag_msgs/cmake)
[1.515s] -- Found tf2_ros: 0.25.2 (/opt/ros/humble/share/tf2_ros/cmake)
[1.945s] -- Found image_transport: 3.1.5 (/opt/ros/humble/share/image_transport/cmake)
[1.982s] -- Found cv_bridge: 3.2.1 (/opt/ros/humble/share/cv_bridge/cmake)
[2.031s] -- Found ament_lint_auto: 0.12.6 (/opt/ros/humble/share/ament_lint_auto/cmake)
[2.125s] -- Added test 'clang_format' to check C / C++ code style
[2.129s] -- Added test 'cppcheck' to perform static code analysis on C / C++ code
[2.130s] -- Configured cppcheck include dirs: 
[2.130s] -- Configured cppcheck exclude dirs and/or files: 
[2.132s] -- Configuring done (2.1s)
[2.159s] -- Generating done (0.0s)
[2.162s] -- Build files have been written to: /home/intern/ros2Humble_ws/build/apriltag_ros
[2.178s] Invoked command in '/home/intern/ros2Humble_ws/build/apriltag_ros' returned '0': CMAKE_PREFIX_PATH=${CMAKE_PREFIX_PATH}:/opt/ros/humble /home/intern/.local/bin/cmake /home/intern/ros2Humble_ws/src/apriltag_ros -DCMAKE_INSTALL_PREFIX=/home/intern/ros2Humble_ws/install/apriltag_ros
[2.179s] Invoking command in '/home/intern/ros2Humble_ws/build/apriltag_ros': CMAKE_PREFIX_PATH=${CMAKE_PREFIX_PATH}:/opt/ros/humble /home/intern/.local/bin/cmake --build /home/intern/ros2Humble_ws/build/apriltag_ros -- -j4 -l4
[2.248s] [ 20%] [32mBuilding CXX object CMakeFiles/tags.dir/src/tag_functions.cpp.o[0m
[2.250s] [ 40%] [32mBuilding CXX object CMakeFiles/apriltag_node.dir/rclcpp_components/node_main_apriltag_node.cpp.o[0m
[2.693s] [ 40%] Built target tags
[2.705s] [ 60%] [32mBuilding CXX object CMakeFiles/AprilTagNode.dir/src/AprilTagNode.cpp.o[0m
[6.670s] [ 80%] [32m[1mLinking CXX executable apriltag_node[0m
[6.840s] [ 80%] Built target apriltag_node
[12.321s] [100%] [32m[1mLinking CXX shared library libAprilTagNode.so[0m
[12.775s] [100%] Built target AprilTagNode
[12.786s] Invoked command in '/home/intern/ros2Humble_ws/build/apriltag_ros' returned '0': CMAKE_PREFIX_PATH=${CMAKE_PREFIX_PATH}:/opt/ros/humble /home/intern/.local/bin/cmake --build /home/intern/ros2Humble_ws/build/apriltag_ros -- -j4 -l4
[12.848s] Invoking command in '/home/intern/ros2Humble_ws/build/apriltag_ros': CMAKE_PREFIX_PATH=${CMAKE_PREFIX_PATH}:/opt/ros/humble /home/intern/.local/bin/cmake --install /home/intern/ros2Humble_ws/build/apriltag_ros
[12.882s] -- Install configuration: ""
[12.882s] -- Installing: /home/intern/ros2Humble_ws/install/apriltag_ros/lib/apriltag_ros/apriltag_node
[12.883s] -- Set runtime path of "/home/intern/ros2Humble_ws/install/apriltag_ros/lib/apriltag_ros/apriltag_node" to ""
[12.883s] -- Installing: /home/intern/ros2Humble_ws/install/apriltag_ros/share/apriltag_ros/environment/library_path.sh
[12.883s] -- Installing: /home/intern/ros2Humble_ws/install/apriltag_ros/share/apriltag_ros/environment/library_path.dsv
[12.884s] -- Installing: /home/intern/ros2Humble_ws/install/apriltag_ros/lib/libAprilTagNode.so
[12.888s] -- Set runtime path of "/home/intern/ros2Humble_ws/install/apriltag_ros/lib/libAprilTagNode.so" to ""
[12.888s] -- Installing: /home/intern/ros2Humble_ws/install/apriltag_ros/share/apriltag_ros/cfg
[12.888s] -- Installing: /home/intern/ros2Humble_ws/install/apriltag_ros/share/apriltag_ros/cfg/tags_36h11.yaml
[12.888s] -- Installing: /home/intern/ros2Humble_ws/install/apriltag_ros/share/apriltag_ros/launch
[12.888s] -- Installing: /home/intern/ros2Humble_ws/install/apriltag_ros/share/apriltag_ros/launch/v4l2_36h11.launch.yml
[12.888s] -- Installing: /home/intern/ros2Humble_ws/install/apriltag_ros/share/ament_index/resource_index/package_run_dependencies/apriltag_ros
[12.889s] -- Installing: /home/intern/ros2Humble_ws/install/apriltag_ros/share/ament_index/resource_index/parent_prefix_path/apriltag_ros
[12.889s] -- Installing: /home/intern/ros2Humble_ws/install/apriltag_ros/share/apriltag_ros/environment/ament_prefix_path.sh
[12.889s] -- Installing: /home/intern/ros2Humble_ws/install/apriltag_ros/share/apriltag_ros/environment/ament_prefix_path.dsv
[12.889s] -- Installing: /home/intern/ros2Humble_ws/install/apriltag_ros/share/apriltag_ros/environment/path.sh
[12.889s] -- Installing: /home/intern/ros2Humble_ws/install/apriltag_ros/share/apriltag_ros/environment/path.dsv
[12.889s] -- Installing: /home/intern/ros2Humble_ws/install/apriltag_ros/share/apriltag_ros/local_setup.bash
[12.890s] -- Installing: /home/intern/ros2Humble_ws/install/apriltag_ros/share/apriltag_ros/local_setup.sh
[12.890s] -- Installing: /home/intern/ros2Humble_ws/install/apriltag_ros/share/apriltag_ros/local_setup.zsh
[12.890s] -- Installing: /home/intern/ros2Humble_ws/install/apriltag_ros/share/apriltag_ros/local_setup.dsv
[12.890s] -- Installing: /home/intern/ros2Humble_ws/install/apriltag_ros/share/apriltag_ros/package.dsv
[12.890s] -- Installing: /home/intern/ros2Humble_ws/install/apriltag_ros/share/ament_index/resource_index/packages/apriltag_ros
[12.891s] -- Installing: /home/intern/ros2Humble_ws/install/apriltag_ros/share/ament_index/resource_index/rclcpp_components/apriltag_ros
[12.891s] -- Installing: /home/intern/ros2Humble_ws/install/apriltag_ros/share/apriltag_ros/cmake/apriltag_rosConfig.cmake
[12.891s] -- Installing: /home/intern/ros2Humble_ws/install/apriltag_ros/share/apriltag_ros/cmake/apriltag_rosConfig-version.cmake
[12.891s] -- Installing: /home/intern/ros2Humble_ws/install/apriltag_ros/share/apriltag_ros/package.xml
[12.898s] Invoked command in '/home/intern/ros2Humble_ws/build/apriltag_ros' returned '0': CMAKE_PREFIX_PATH=${CMAKE_PREFIX_PATH}:/opt/ros/humble /home/intern/.local/bin/cmake --install /home/intern/ros2Humble_ws/build/apriltag_ros
