running egg_info
writing ../../build/py_launch_aprilsys/py_launch_aprilsys.egg-info/PKG-INFO
writing dependency_links to ../../build/py_launch_aprilsys/py_launch_aprilsys.egg-info/dependency_links.txt
writing entry points to ../../build/py_launch_aprilsys/py_launch_aprilsys.egg-info/entry_points.txt
writing requirements to ../../build/py_launch_aprilsys/py_launch_aprilsys.egg-info/requires.txt
writing top-level names to ../../build/py_launch_aprilsys/py_launch_aprilsys.egg-info/top_level.txt
reading manifest file '../../build/py_launch_aprilsys/py_launch_aprilsys.egg-info/SOURCES.txt'
writing manifest file '../../build/py_launch_aprilsys/py_launch_aprilsys.egg-info/SOURCES.txt'
running build
running build_py
running install
/usr/lib/python3/dist-packages/setuptools/command/install.py:34: SetuptoolsDeprecationWarning: setup.py install is deprecated. Use build and pip and other standards-based tools.
  warnings.warn(
running install_lib
running install_data
running install_egg_info
removing '/home/intern/recursive_ws/install/py_launch_aprilsys/lib/python3.10/site-packages/py_launch_aprilsys-0.0.0-py3.10.egg-info' (and everything under it)
Copying ../../build/py_launch_aprilsys/py_launch_aprilsys.egg-info to /home/intern/recursive_ws/install/py_launch_aprilsys/lib/python3.10/site-packages/py_launch_aprilsys-0.0.0-py3.10.egg-info
running install_scripts
Installing saveCSV script to /home/intern/recursive_ws/install/py_launch_aprilsys/lib/py_launch_aprilsys
writing list of installed files to '/home/intern/recursive_ws/build/py_launch_aprilsys/install.log'
