[0.676s] Invoking command in '/home/intern/recursive_ws/src/py_launch_aprilsys': CMAKE_PREFIX_PATH=/home/intern/recursive_ws/install/apriltag_ros:/home/intern/recursive_ws/install/realsense2_description:/home/intern/recursive_ws/install/realsense2_camera:/home/intern/recursive_ws/install/realsense2_camera_msgs LD_LIBRARY_PATH=/home/intern/recursive_ws/install/apriltag_ros/lib:/home/intern/recursive_ws/install/realsense2_camera/lib:/home/intern/recursive_ws/install/realsense2_camera_msgs/lib:/opt/ros/humble/opt/rviz_ogre_vendor/lib:/opt/ros/humble/lib/x86_64-linux-gnu:/opt/ros/humble/lib PYTHONPATH=/home/intern/recursive_ws/build/py_launch_aprilsys/prefix_override:/home/intern/recursive_ws/install/py_launch_aprilsys/lib/python3.10/site-packages:${PYTHONPATH} /usr/bin/python3 setup.py egg_info --egg-base ../../build/py_launch_aprilsys build --build-base /home/intern/recursive_ws/build/py_launch_aprilsys/build install --record /home/intern/recursive_ws/build/py_launch_aprilsys/install.log --single-version-externally-managed
[0.946s] running egg_info
[0.946s] writing ../../build/py_launch_aprilsys/py_launch_aprilsys.egg-info/PKG-INFO
[0.947s] writing dependency_links to ../../build/py_launch_aprilsys/py_launch_aprilsys.egg-info/dependency_links.txt
[0.947s] writing entry points to ../../build/py_launch_aprilsys/py_launch_aprilsys.egg-info/entry_points.txt
[0.947s] writing requirements to ../../build/py_launch_aprilsys/py_launch_aprilsys.egg-info/requires.txt
[0.947s] writing top-level names to ../../build/py_launch_aprilsys/py_launch_aprilsys.egg-info/top_level.txt
[0.949s] reading manifest file '../../build/py_launch_aprilsys/py_launch_aprilsys.egg-info/SOURCES.txt'
[0.951s] writing manifest file '../../build/py_launch_aprilsys/py_launch_aprilsys.egg-info/SOURCES.txt'
[0.951s] running build
[0.951s] running build_py
[0.952s] running install
[0.952s] /usr/lib/python3/dist-packages/setuptools/command/install.py:34: SetuptoolsDeprecationWarning: setup.py install is deprecated. Use build and pip and other standards-based tools.
[0.952s]   warnings.warn(
[0.952s] running install_lib
[0.954s] running install_data
[0.955s] running install_egg_info
[0.957s] removing '/home/intern/recursive_ws/install/py_launch_aprilsys/lib/python3.10/site-packages/py_launch_aprilsys-0.0.0-py3.10.egg-info' (and everything under it)
[0.957s] Copying ../../build/py_launch_aprilsys/py_launch_aprilsys.egg-info to /home/intern/recursive_ws/install/py_launch_aprilsys/lib/python3.10/site-packages/py_launch_aprilsys-0.0.0-py3.10.egg-info
[0.958s] running install_scripts
[0.984s] Installing saveCSV script to /home/intern/recursive_ws/install/py_launch_aprilsys/lib/py_launch_aprilsys
[0.984s] writing list of installed files to '/home/intern/recursive_ws/build/py_launch_aprilsys/install.log'
[1.014s] Invoked command in '/home/intern/recursive_ws/src/py_launch_aprilsys' returned '0': CMAKE_PREFIX_PATH=/home/intern/recursive_ws/install/apriltag_ros:/home/intern/recursive_ws/install/realsense2_description:/home/intern/recursive_ws/install/realsense2_camera:/home/intern/recursive_ws/install/realsense2_camera_msgs LD_LIBRARY_PATH=/home/intern/recursive_ws/install/apriltag_ros/lib:/home/intern/recursive_ws/install/realsense2_camera/lib:/home/intern/recursive_ws/install/realsense2_camera_msgs/lib:/opt/ros/humble/opt/rviz_ogre_vendor/lib:/opt/ros/humble/lib/x86_64-linux-gnu:/opt/ros/humble/lib PYTHONPATH=/home/intern/recursive_ws/build/py_launch_aprilsys/prefix_override:/home/intern/recursive_ws/install/py_launch_aprilsys/lib/python3.10/site-packages:${PYTHONPATH} /usr/bin/python3 setup.py egg_info --egg-base ../../build/py_launch_aprilsys build --build-base /home/intern/recursive_ws/build/py_launch_aprilsys/build install --record /home/intern/recursive_ws/build/py_launch_aprilsys/install.log --single-version-externally-managed
